2026-01-21 14:26:53,609 [INFO] Activator:176 - 


2026-01-21 14:26:53,614 [INFO] Activator:177 - !SESSION log4j initialized
2026-01-21 14:27:01,821 [INFO] LogOutputStream:77 - [STDOUT_REDIRECT] 
2026-01-21 14:27:03,216 [INFO] ApplicationProperties:184 - Using Application install path: C:\ST\STM32CubeIDE_1.19.0\STM32CubeIDE\plugins\com.st.stm32cube.common.mx_6.15.0.202507011659
2026-01-21 14:27:03,256 [INFO] DbMcusXml:78 - Set database path to: C:\ST\STM32CubeIDE_1.19.0\STM32CubeIDE\plugins\com.st.stm32cube.common.mx_6.15.0.202507011659\\db\/mcu/
2026-01-21 14:27:03,256 [INFO] ApiDb:274 - Set plugin database path to: C:\ST\STM32CubeIDE_1.19.0\STM32CubeIDE\plugins\com.st.stm32cube.common.mx_6.15.0.202507011659\\db\/plugins/boardmanager/
2026-01-21 14:27:03,257 [WARN] ApiDb:259 - Overriding images path with different value:  => C:\ST\STM32CubeIDE_1.19.0\STM32CubeIDE\plugins\com.st.stm32cube.common.mx_6.15.0.202507011659\\db\/plugins/mcufinder/images/
2026-01-21 14:27:03,272 [INFO] ApiDb:250 - Set database path to: C:\Users\User\.stmcufinder\plugins\mcufinder//mcu/
2026-01-21 14:27:03,275 [INFO] DbMcusAds:125 - Set database path to: C:\Users\User\.stmcufinder\plugins\mcufinder//mcu/
2026-01-21 14:27:03,279 [INFO] CrossReferenceDbSqlite:203 - Set database path to: C:\Users\User\.stmcufinder\plugins\mcufinder//mcu/cs/
2026-01-21 14:27:03,462 [INFO] RulesReader:64 - Compatibility file has been processed (317 Rules)
2026-01-21 14:27:03,585 [INFO] DbMcusXml:78 - Set database path to: C:\ST\STM32CubeIDE_1.19.0\STM32CubeIDE\plugins\com.st.stm32cube.common.mx_6.15.0.202507011659\\db\/mcu/
2026-01-21 14:27:03,585 [INFO] ApiDb:274 - Set plugin database path to: C:\ST\STM32CubeIDE_1.19.0\STM32CubeIDE\plugins\com.st.stm32cube.common.mx_6.15.0.202507011659\\db\/plugins/boardmanager/
2026-01-21 14:27:03,585 [INFO] ApiDb:261 - Set plugin images path to: C:\ST\STM32CubeIDE_1.19.0\STM32CubeIDE\plugins\com.st.stm32cube.common.mx_6.15.0.202507011659\\db\/plugins/mcufinder/images/
2026-01-21 14:27:03,586 [WARN] DbFile:41 - Overriding database path with different value: C:\Users\User\.stmcufinder\plugins\mcufinder/ => C:\Users\User\.stmcufinder\plugins\mcufinder
2026-01-21 14:27:03,586 [INFO] ApiDb:250 - Set database path to: C:\Users\User\.stmcufinder\plugins\mcufinder//mcu/
2026-01-21 14:27:03,586 [WARN] DbFile:41 - Overriding database path with different value: C:\Users\User\.stmcufinder\plugins\mcufinder/ => C:\Users\User\.stmcufinder\plugins\mcufinder
2026-01-21 14:27:03,586 [INFO] DbMcusAds:125 - Set database path to: C:\Users\User\.stmcufinder\plugins\mcufinder//mcu/
2026-01-21 14:27:03,586 [WARN] DbFile:41 - Overriding database path with different value: C:\Users\User\.stmcufinder\plugins\mcufinder/ => C:\Users\User\.stmcufinder\plugins\mcufinder
2026-01-21 14:27:03,586 [WARN] DbFile:41 - Overriding database path with different value: C:\Users\User\.stmcufinder\plugins\mcufinder/ => C:\Users\User\.stmcufinder\plugins\mcufinder
2026-01-21 14:27:03,586 [INFO] CrossReferenceDbSqlite:203 - Set database path to: C:\Users\User\.stmcufinder\plugins\mcufinder//mcu/cs/
2026-01-21 14:27:03,850 [INFO] MainPanel:274 - HeapMemory: 268435456
2026-01-21 14:27:04,200 [INFO] DbMcusXml:78 - Set database path to: C:\ST\STM32CubeIDE_1.19.0\STM32CubeIDE\plugins\com.st.stm32cube.common.mx_6.15.0.202507011659\\db\/mcu/
2026-01-21 14:27:04,201 [INFO] ApiDb:274 - Set plugin database path to: C:\ST\STM32CubeIDE_1.19.0\STM32CubeIDE\plugins\com.st.stm32cube.common.mx_6.15.0.202507011659\\db\/plugins/boardmanager/
2026-01-21 14:27:04,201 [INFO] ApiDb:261 - Set plugin images path to: C:\ST\STM32CubeIDE_1.19.0\STM32CubeIDE\plugins\com.st.stm32cube.common.mx_6.15.0.202507011659\\db\/plugins/mcufinder/images/
2026-01-21 14:27:04,202 [WARN] DbFile:41 - Overriding database path with different value: C:\Users\User\.stmcufinder\plugins\mcufinder/ => C:\Users\User\.stmcufinder\plugins\mcufinder
2026-01-21 14:27:04,202 [INFO] ApiDb:250 - Set database path to: C:\Users\User\.stmcufinder\plugins\mcufinder//mcu/
2026-01-21 14:27:04,202 [WARN] DbFile:41 - Overriding database path with different value: C:\Users\User\.stmcufinder\plugins\mcufinder/ => C:\Users\User\.stmcufinder\plugins\mcufinder
2026-01-21 14:27:04,203 [INFO] DbMcusAds:125 - Set database path to: C:\Users\User\.stmcufinder\plugins\mcufinder//mcu/
2026-01-21 14:27:04,203 [WARN] DbFile:41 - Overriding database path with different value: C:\Users\User\.stmcufinder\plugins\mcufinder/ => C:\Users\User\.stmcufinder\plugins\mcufinder
2026-01-21 14:27:04,203 [WARN] DbFile:41 - Overriding database path with different value: C:\Users\User\.stmcufinder\plugins\mcufinder/ => C:\Users\User\.stmcufinder\plugins\mcufinder
2026-01-21 14:27:04,203 [INFO] CrossReferenceDbSqlite:203 - Set database path to: C:\Users\User\.stmcufinder\plugins\mcufinder//mcu/cs/
2026-01-21 14:27:04,270 [INFO] ApplicationProperties:184 - Using Application install path: C:\ST\STM32CubeIDE_1.19.0\STM32CubeIDE\plugins\com.st.stm32cube.common.mx_6.15.0.202507011659
2026-01-21 14:27:04,279 [INFO] PluginManage:196 - Search for loadable plugins [exclusion list=, ]
2026-01-21 14:27:04,289 [INFO] PluginManage:310 - Check plugin analytics
2026-01-21 14:27:05,057 [INFO] AnalyticsPlugin:253 - Accepted Software Licenses: 
2026-01-21 14:27:05,058 [INFO] AnalyticsPlugin:255 - Accepted CMSIS Pack Licenses: 
2026-01-21 14:27:05,058 [INFO] AnalyticsPlugin:257 - Accepted Firmware Licenses: FW.WL.1.3.0,FW.H7.1.12.0,FW.F4.1.28.0,FW.WBA.1.7.0,FW.L4.1.18.0
2026-01-21 14:27:05,063 [INFO] PluginManage:359 - Loaded plugin analytics (category:tool,tabindex:-1)
2026-01-21 14:27:05,063 [INFO] PluginManage:310 - Check plugin cadmodel
2026-01-21 14:27:05,073 [INFO] CADModel:105 - Init CAD model plugin
2026-01-21 14:27:05,074 [INFO] PluginManage:359 - Loaded plugin cadmodel (category:power,tabindex:5)
2026-01-21 14:27:05,074 [INFO] PluginManage:310 - Check plugin clock
2026-01-21 14:27:05,094 [INFO] PluginManage:359 - Loaded plugin clock (category:base,tabindex:2)
2026-01-21 14:27:05,094 [INFO] PluginManage:310 - Check plugin ddr
2026-01-21 14:27:05,098 [INFO] PluginManage:359 - Loaded plugin ddr (category:tool,tabindex:6)
2026-01-21 14:27:05,099 [INFO] PluginManage:310 - Check plugin filemanager
2026-01-21 14:27:05,659 [INFO] PluginManage:359 - Loaded plugin filemanager (category:base,tabindex:10)
2026-01-21 14:27:05,660 [INFO] PluginManage:310 - Check plugin ipmanager
2026-01-21 14:27:05,675 [INFO] PluginManage:359 - Loaded plugin ipmanager (category:base,tabindex:5)
2026-01-21 14:27:05,676 [INFO] PluginManage:310 - Check plugin lpbam
2026-01-21 14:27:05,694 [INFO] PluginManage:359 - Loaded plugin lpbam (category:base,tabindex:0)
2026-01-21 14:27:05,694 [INFO] PluginManage:310 - Check plugin memorymap
2026-01-21 14:27:05,744 [INFO] PluginManage:359 - Loaded plugin memorymap (category:base,tabindex:4)
2026-01-21 14:27:05,744 [INFO] PluginManage:310 - Check plugin pinoutandconfiguration
2026-01-21 14:27:05,782 [INFO] PluginManage:359 - Loaded plugin pinoutandconfiguration (category:base,tabindex:1)
2026-01-21 14:27:05,782 [INFO] PluginManage:310 - Check plugin pinoutconfig
2026-01-21 14:27:06,023 [WARN] SupportedApi:132 - Cannot load RTOS API schema: s4s-elt-must-match.1: The content of 'definitions' must match (annotation?, (simpleType | complexType)?, (unique | key | keyref)*)). A problem was found starting at: attribute.
2026-01-21 14:27:06,295 [INFO] PluginManage:359 - Loaded plugin pinoutconfig (category:base,tabindex:0)
2026-01-21 14:27:06,296 [INFO] PluginManage:310 - Check plugin power
2026-01-21 14:27:06,317 [INFO] PluginManage:359 - Loaded plugin power (category:power,tabindex:4)
2026-01-21 14:27:06,317 [INFO] PluginManage:310 - Check plugin projectmanager
2026-01-21 14:27:06,342 [INFO] PluginManage:359 - Loaded plugin projectmanager (category:projectmanager,tabindex:4)
2026-01-21 14:27:06,342 [INFO] PluginManage:310 - Check plugin rif
2026-01-21 14:27:06,366 [INFO] PluginManage:359 - Loaded plugin rif (category:base,tabindex:3)
2026-01-21 14:27:06,366 [INFO] PluginManage:310 - Check plugin thirdparty
2026-01-21 14:27:06,685 [INFO] PluginManage:359 - Loaded plugin thirdparty (category:base,tabindex:-1)
2026-01-21 14:27:06,686 [INFO] PluginManage:310 - Check plugin tools
2026-01-21 14:27:06,686 [WARN] IntegrityCheckThread:84 - waiting for thirdparty lock release [integrity check]
2026-01-21 14:27:06,686 [INFO] IntegrityCheckThread:86 - entering critical section [integrity check]
2026-01-21 14:27:06,687 [INFO] ThirdPartyUpdaterWithRetryManager:70 - Updater plugin not ready yet. [1/15]
2026-01-21 14:27:06,690 [INFO] PluginManage:359 - Loaded plugin tools (category:base,tabindex:7)
2026-01-21 14:27:06,690 [INFO] PluginManage:310 - Check plugin tutovideos
2026-01-21 14:27:07,392 [INFO] PluginManage:359 - Loaded plugin tutovideos (category:base,tabindex:-1)
2026-01-21 14:27:07,393 [INFO] PluginManage:310 - Check plugin updater
2026-01-21 14:27:07,447 [INFO] PluginManage:359 - Loaded plugin updater (category:base,tabindex:12)
2026-01-21 14:27:07,448 [INFO] PluginManage:310 - Check plugin userauth
2026-01-21 14:27:07,457 [INFO] UserAuth:118 - Init User Auth plugin
2026-01-21 14:27:07,460 [INFO] PluginManage:359 - Loaded plugin userauth (category:base,tabindex:14)
2026-01-21 14:27:07,461 [INFO] PluginManage:283 - PluginManage : Loaded plugins [18]
2026-01-21 14:27:08,191 [INFO] PinOutPanel:1589 - setPackage(No Configuration,No Configuration)
2026-01-21 14:27:08,431 [INFO] CADModel:165 - CPN selected for project level
2026-01-21 14:27:08,431 [INFO] CADModel:114 - Register for checkConnection events
2026-01-21 14:27:08,500 [INFO] IPUIPlugin:80 - create IPUIPlugin
2026-01-21 14:27:08,501 [INFO] PluginManager:220 - loadIPPluginJar : add adc
2026-01-21 14:27:08,508 [INFO] IPUIPlugin:80 - create IPUIPlugin
2026-01-21 14:27:08,508 [INFO] PluginManager:220 - loadIPPluginJar : add aes
2026-01-21 14:27:08,515 [INFO] IPUIPlugin:80 - create IPUIPlugin
2026-01-21 14:27:08,515 [INFO] PluginManager:220 - loadIPPluginJar : add can
2026-01-21 14:27:08,519 [INFO] IPUIPlugin:80 - create IPUIPlugin
2026-01-21 14:27:08,520 [INFO] PluginManager:220 - loadIPPluginJar : add comp
2026-01-21 14:27:08,529 [INFO] IPUIPlugin:80 - create IPUIPlugin
2026-01-21 14:27:08,530 [INFO] PluginManager:220 - loadIPPluginJar : add cryp
2026-01-21 14:27:08,544 [INFO] IPUIPlugin:80 - create IPUIPlugin
2026-01-21 14:27:08,544 [INFO] PluginManager:220 - loadIPPluginJar : add ddr_ctrl_phy
2026-01-21 14:27:08,551 [INFO] IPUIPlugin:80 - create IPUIPlugin
2026-01-21 14:27:08,551 [INFO] PluginManager:220 - loadIPPluginJar : add dfsdm
2026-01-21 14:27:08,572 [INFO] IPUIPlugin:80 - create IPUIPlugin
2026-01-21 14:27:08,576 [INFO] PluginManager:220 - loadIPPluginJar : add dma
2026-01-21 14:27:08,589 [INFO] IPUIPlugin:80 - create IPUIPlugin
2026-01-21 14:27:08,590 [INFO] PluginManager:220 - loadIPPluginJar : add dma3
2026-01-21 14:27:08,602 [INFO] IPUIPlugin:80 - create IPUIPlugin
2026-01-21 14:27:08,603 [INFO] PluginManager:220 - loadIPPluginJar : add extmemmanager
2026-01-21 14:27:08,606 [INFO] IPUIPlugin:80 - create IPUIPlugin
2026-01-21 14:27:08,606 [INFO] PluginManager:220 - loadIPPluginJar : add fatfs
2026-01-21 14:27:08,614 [INFO] IPUIPlugin:80 - create IPUIPlugin
2026-01-21 14:27:08,615 [INFO] PluginManager:220 - loadIPPluginJar : add fmc
2026-01-21 14:27:08,635 [INFO] IPUIPlugin:80 - create IPUIPlugin
2026-01-21 14:27:08,635 [INFO] PluginManager:220 - loadIPPluginJar : add freertos
2026-01-21 14:27:08,639 [INFO] IPUIPlugin:80 - create IPUIPlugin
2026-01-21 14:27:08,639 [INFO] PluginManager:220 - loadIPPluginJar : add genericplugin
2026-01-21 14:27:08,645 [INFO] IPUIPlugin:80 - create IPUIPlugin
2026-01-21 14:27:08,645 [INFO] PluginManager:220 - loadIPPluginJar : add gfxmmu
2026-01-21 14:27:08,655 [INFO] IPUIPlugin:80 - create IPUIPlugin
2026-01-21 14:27:08,656 [INFO] PluginManager:220 - loadIPPluginJar : add gic
2026-01-21 14:27:08,678 [INFO] IPUIPlugin:80 - create IPUIPlugin
2026-01-21 14:27:08,679 [INFO] PluginManager:220 - loadIPPluginJar : add gpio
2026-01-21 14:27:08,694 [INFO] IPUIPlugin:80 - create IPUIPlugin
2026-01-21 14:27:08,695 [INFO] PluginManager:220 - loadIPPluginJar : add gtzc
2026-01-21 14:27:08,706 [INFO] IPUIPlugin:80 - create IPUIPlugin
2026-01-21 14:27:08,706 [INFO] PluginManager:220 - loadIPPluginJar : add hash
2026-01-21 14:27:08,716 [INFO] IPUIPlugin:80 - create IPUIPlugin
2026-01-21 14:27:08,717 [INFO] PluginManager:220 - loadIPPluginJar : add i2c
2026-01-21 14:27:08,726 [INFO] IPUIPlugin:80 - create IPUIPlugin
2026-01-21 14:27:08,727 [INFO] PluginManager:220 - loadIPPluginJar : add i2s
2026-01-21 14:27:08,738 [INFO] IPUIPlugin:80 - create IPUIPlugin
2026-01-21 14:27:08,738 [INFO] PluginManager:220 - loadIPPluginJar : add i3c
2026-01-21 14:27:08,753 [INFO] IPUIPlugin:80 - create IPUIPlugin
2026-01-21 14:27:08,754 [INFO] PluginManager:220 - loadIPPluginJar : add ipddr
2026-01-21 14:27:08,788 [INFO] IPUIPlugin:80 - create IPUIPlugin
2026-01-21 14:27:08,788 [INFO] PluginManager:220 - loadIPPluginJar : add linkedlist
2026-01-21 14:27:08,799 [INFO] IPUIPlugin:80 - create IPUIPlugin
2026-01-21 14:27:08,800 [INFO] PluginManager:220 - loadIPPluginJar : add lorawan
2026-01-21 14:27:08,806 [INFO] IPUIPlugin:80 - create IPUIPlugin
2026-01-21 14:27:08,806 [INFO] PluginManager:220 - loadIPPluginJar : add ltdc
2026-01-21 14:27:08,821 [INFO] IPUIPlugin:80 - create IPUIPlugin
2026-01-21 14:27:08,822 [INFO] PluginManager:220 - loadIPPluginJar : add mdma
2026-01-21 14:27:08,828 [INFO] IPUIPlugin:80 - create IPUIPlugin
2026-01-21 14:27:08,829 [INFO] PluginManager:220 - loadIPPluginJar : add nvic
2026-01-21 14:27:08,834 [INFO] IPUIPlugin:80 - create IPUIPlugin
2026-01-21 14:27:08,835 [INFO] PluginManager:220 - loadIPPluginJar : add opamp
2026-01-21 14:27:08,845 [INFO] IPUIPlugin:80 - create IPUIPlugin
2026-01-21 14:27:08,846 [INFO] PluginManager:220 - loadIPPluginJar : add openamp
2026-01-21 14:27:08,860 [INFO] IPUIPlugin:80 - create IPUIPlugin
2026-01-21 14:27:08,861 [INFO] PluginManager:220 - loadIPPluginJar : add pdm2pcm
2026-01-21 14:27:08,888 [INFO] IPUIPlugin:80 - create IPUIPlugin
2026-01-21 14:27:08,897 [INFO] PluginManager:220 - loadIPPluginJar : add plateformsettings
2026-01-21 14:27:08,904 [INFO] IPUIPlugin:80 - create IPUIPlugin
2026-01-21 14:27:08,904 [INFO] PluginManager:220 - loadIPPluginJar : add quadspi
2026-01-21 14:27:08,910 [INFO] IPUIPlugin:80 - create IPUIPlugin
2026-01-21 14:27:08,912 [INFO] PluginManager:220 - loadIPPluginJar : add radio
2026-01-21 14:27:08,923 [INFO] IPUIPlugin:80 - create IPUIPlugin
2026-01-21 14:27:08,924 [INFO] PluginManager:220 - loadIPPluginJar : add resmgrutility
2026-01-21 14:27:08,932 [INFO] IPUIPlugin:80 - create IPUIPlugin
2026-01-21 14:27:08,932 [INFO] PluginManager:220 - loadIPPluginJar : add sai
2026-01-21 14:27:08,938 [INFO] IPUIPlugin:80 - create IPUIPlugin
2026-01-21 14:27:08,938 [INFO] PluginManager:220 - loadIPPluginJar : add spi
2026-01-21 14:27:08,951 [INFO] IPUIPlugin:80 - create IPUIPlugin
2026-01-21 14:27:08,952 [INFO] PluginManager:220 - loadIPPluginJar : add stm32_wpan
2026-01-21 14:27:08,956 [INFO] IPUIPlugin:80 - create IPUIPlugin
2026-01-21 14:27:08,957 [INFO] PluginManager:220 - loadIPPluginJar : add tim
2026-01-21 14:27:08,965 [INFO] IPUIPlugin:80 - create IPUIPlugin
2026-01-21 14:27:08,965 [INFO] PluginManager:220 - loadIPPluginJar : add touchsensing
2026-01-21 14:27:08,972 [INFO] IPUIPlugin:80 - create IPUIPlugin
2026-01-21 14:27:08,972 [INFO] PluginManager:220 - loadIPPluginJar : add tracer_emb
2026-01-21 14:27:08,979 [INFO] IPUIPlugin:80 - create IPUIPlugin
2026-01-21 14:27:08,979 [INFO] PluginManager:220 - loadIPPluginJar : add ts
2026-01-21 14:27:08,983 [INFO] IPUIPlugin:80 - create IPUIPlugin
2026-01-21 14:27:08,985 [INFO] PluginManager:220 - loadIPPluginJar : add tsc
2026-01-21 14:27:08,991 [INFO] IPUIPlugin:80 - create IPUIPlugin
2026-01-21 14:27:08,992 [INFO] PluginManager:220 - loadIPPluginJar : add ucpd
2026-01-21 14:27:09,000 [INFO] IPUIPlugin:80 - create IPUIPlugin
2026-01-21 14:27:09,001 [INFO] PluginManager:220 - loadIPPluginJar : add usart
2026-01-21 14:27:09,012 [INFO] IPUIPlugin:80 - create IPUIPlugin
2026-01-21 14:27:09,012 [INFO] PluginManager:220 - loadIPPluginJar : add usbx
2026-01-21 14:27:09,204 [FATAL] Updater:351 - Updater called before beeing initialized
2026-01-21 14:27:09,267 [INFO] RulesReader:64 - Compatibility file has been processed (317 Rules)
2026-01-21 14:27:09,283 [INFO] RulesReader:64 - Compatibility file has been processed (317 Rules)
2026-01-21 14:27:09,296 [INFO] CADModel:165 - CPN selected for project level
2026-01-21 14:27:09,296 [INFO] CADModel:114 - Register for checkConnection events
2026-01-21 14:27:09,296 [FATAL] Updater:351 - Updater called before beeing initialized
2026-01-21 14:27:09,297 [ERROR] CADModel:125 - Updater not yet initialized, retry later 
2026-01-21 14:27:09,577 [FATAL] Updater:351 - Updater called before beeing initialized
2026-01-21 14:27:09,581 [INFO] CADModel:165 - CPN selected for project level
2026-01-21 14:27:09,582 [INFO] CADModel:114 - Register for checkConnection events
2026-01-21 14:27:09,582 [FATAL] Updater:351 - Updater called before beeing initialized
2026-01-21 14:27:09,582 [ERROR] CADModel:125 - Updater not yet initialized, retry later 
2026-01-21 14:27:09,588 [FATAL] Updater:351 - Updater called before beeing initialized
2026-01-21 14:27:09,688 [INFO] ThirdPartyUpdaterWithRetryManager:70 - Updater plugin not ready yet. [2/15]
2026-01-21 14:27:09,824 [FATAL] Updater:351 - Updater called before beeing initialized
2026-01-21 14:27:09,831 [INFO] DbMcusAds:53 - JSON generation date=Thu Jan 08 21:26:32 IST 2026 (1767887792457)
2026-01-21 14:27:09,832 [FATAL] Updater:351 - Updater called before beeing initialized
2026-01-21 14:27:09,928 [WARN] DetailPanel:346 - Failed to get advertising image, set to default
2026-01-21 14:27:10,060 [FATAL] Updater:351 - Updater called before beeing initialized
2026-01-21 14:27:10,062 [FATAL] Updater:351 - Updater called before beeing initialized
2026-01-21 14:27:10,062 [FATAL] Updater:351 - Updater called before beeing initialized
2026-01-21 14:27:10,062 [WARN] DetailPanel:346 - Failed to get advertising image, set to default
2026-01-21 14:27:10,063 [FATAL] Updater:351 - Updater called before beeing initialized
2026-01-21 14:27:10,234 [ERROR] Updater:1198 - MainUpdater not yet initialized. External WinMGr cannot be set.
2026-01-21 14:27:10,243 [INFO] Updater:1134 - Updater Version found : 6.15.0
2026-01-21 14:27:10,338 [INFO] ApplicationProperties:184 - Using Application install path: C:\ST\STM32CubeIDE_1.19.0\STM32CubeIDE\plugins\com.st.stm32cube.common.mx_6.15.0.202507011659
2026-01-21 14:27:11,982 [ERROR] LogOutputStream:75 - [STDERR_REDIRECT] Jan 21, 2026 2:27:11 PM java.util.prefs.WindowsPreferences <init>
2026-01-21 14:27:11,994 [ERROR] LogOutputStream:75 - [STDERR_REDIRECT] WARNING: Could not open/create prefs root node Software\JavaSoft\Prefs at root 0xffffffff80000002. Windows RegCreateKeyEx(...) returned error code 5.
2026-01-21 14:27:11,996 [ERROR] LogOutputStream:75 - [STDERR_REDIRECT] 
2026-01-21 14:27:12,689 [FATAL] Updater:351 - Updater called before beeing initialized
2026-01-21 14:27:12,689 [ERROR] IntegrityCheckThread:130 - Cannot retrieve database content from updater: error 21
2026-01-21 14:27:12,690 [INFO] ThirdParty:978 - Integrity check success = false
2026-01-21 14:27:12,690 [INFO] IntegrityCheckThread:100 - exiting critical section [integrity check]
2026-01-21 14:27:12,690 [INFO] IntegrityCheckThread:103 - End integrity checks thread
2026-01-21 14:27:13,032 [INFO] MainUpdater:2872 - connection check result : 10
2026-01-21 14:27:13,036 [INFO] MainUpdater:289 - Updater Check For Update Now.
2026-01-21 14:27:13,037 [INFO] MicroXplorer:498 - Change Database Version : DB.6.0.150
2026-01-21 14:27:13,082 [INFO] McuFinderGlobals:63 - Set McuFinder mode to 2 (CubeIDE integrated)
2026-01-21 14:27:13,085 [INFO] UserAuth:487 - Internet connection configuration mode: 1
2026-01-21 14:27:13,174 [INFO] JxBrowserEngine:152 - Initiate JxBrowser Engine with user profile folder
2026-01-21 14:27:13,345 [INFO] CheckServerUpdateThread:120 - End of CheckServer Thread
2026-01-21 14:27:16,950 [INFO] WebApp:169 - Instantiating new browser for Auth
2026-01-21 14:27:19,716 [INFO] WebApp:463 - Apply proxy settings
2026-01-21 14:27:19,717 [INFO] WebApp:548 - Chromium requires no authentication
2026-01-21 14:27:19,738 [INFO] WebApp:491 - Direct internet connection detected
2026-01-21 14:27:19,799 [INFO] WebApp:900 - Register for checkConnection events
2026-01-21 14:27:19,799 [INFO] WebApp:463 - Apply proxy settings
2026-01-21 14:27:19,799 [INFO] WebApp:548 - Chromium requires no authentication
2026-01-21 14:27:19,800 [INFO] WebApp:491 - Direct internet connection detected
2026-01-21 14:27:20,339 [INFO] WebApp:225 - Starting web application
2026-01-21 14:27:20,340 [INFO] WebApp:593 - Web application path used C:\ST\STM32CubeIDE_1.19.0\STM32CubeIDE\plugins\com.st.stm32cube.common.mx_6.15.0.202507011659\db\plugins\mcufinder\reactClient1\index.html
2026-01-21 14:27:20,566 [INFO] UserAuth:487 - Internet connection configuration mode: 1
2026-01-21 14:27:20,972 [INFO] WebApp:191 - Connection restablished
2026-01-21 19:04:24,367 [ERROR] LogOutputStream:75 - [STDERR_REDIRECT] 
2026-01-21 19:04:24,370 [ERROR] LogOutputStream:75 - [STDERR_REDIRECT] 
