2025-12-02 13:54:43,825 [INFO] Activator:176 - 


2025-12-02 13:54:43,828 [INFO] Activator:177 - !SESSION log4j initialized
2025-12-02 13:54:48,704 [INFO] LogOutputStream:77 - [STDOUT_REDIRECT] 
2025-12-02 13:54:49,707 [INFO] ApplicationProperties:184 - Using Application install path: C:\ST\STM32CubeIDE_1.19.0\STM32CubeIDE\plugins\com.st.stm32cube.common.mx_6.15.0.202507011659
2025-12-02 13:54:49,732 [INFO] DbMcusXml:78 - Set database path to: C:\ST\STM32CubeIDE_1.19.0\STM32CubeIDE\plugins\com.st.stm32cube.common.mx_6.15.0.202507011659\\db\/mcu/
2025-12-02 13:54:49,732 [INFO] ApiDb:274 - Set plugin database path to: C:\ST\STM32CubeIDE_1.19.0\STM32CubeIDE\plugins\com.st.stm32cube.common.mx_6.15.0.202507011659\\db\/plugins/boardmanager/
2025-12-02 13:54:49,732 [WARN] ApiDb:259 - Overriding images path with different value:  => C:\ST\STM32CubeIDE_1.19.0\STM32CubeIDE\plugins\com.st.stm32cube.common.mx_6.15.0.202507011659\\db\/plugins/mcufinder/images/
2025-12-02 13:54:49,739 [INFO] ApiDb:250 - Set database path to: C:\Users\User\.stmcufinder\plugins\mcufinder//mcu/
2025-12-02 13:54:49,740 [INFO] DbMcusAds:125 - Set database path to: C:\Users\User\.stmcufinder\plugins\mcufinder//mcu/
2025-12-02 13:54:49,742 [INFO] CrossReferenceDbSqlite:203 - Set database path to: C:\Users\User\.stmcufinder\plugins\mcufinder//mcu/cs/
2025-12-02 13:54:49,860 [INFO] RulesReader:64 - Compatibility file has been processed (317 Rules)
2025-12-02 13:54:49,929 [INFO] DbMcusXml:78 - Set database path to: C:\ST\STM32CubeIDE_1.19.0\STM32CubeIDE\plugins\com.st.stm32cube.common.mx_6.15.0.202507011659\\db\/mcu/
2025-12-02 13:54:49,929 [INFO] ApiDb:274 - Set plugin database path to: C:\ST\STM32CubeIDE_1.19.0\STM32CubeIDE\plugins\com.st.stm32cube.common.mx_6.15.0.202507011659\\db\/plugins/boardmanager/
2025-12-02 13:54:49,929 [INFO] ApiDb:261 - Set plugin images path to: C:\ST\STM32CubeIDE_1.19.0\STM32CubeIDE\plugins\com.st.stm32cube.common.mx_6.15.0.202507011659\\db\/plugins/mcufinder/images/
2025-12-02 13:54:49,929 [WARN] DbFile:41 - Overriding database path with different value: C:\Users\User\.stmcufinder\plugins\mcufinder/ => C:\Users\User\.stmcufinder\plugins\mcufinder
2025-12-02 13:54:49,929 [INFO] ApiDb:250 - Set database path to: C:\Users\User\.stmcufinder\plugins\mcufinder//mcu/
2025-12-02 13:54:49,929 [WARN] DbFile:41 - Overriding database path with different value: C:\Users\User\.stmcufinder\plugins\mcufinder/ => C:\Users\User\.stmcufinder\plugins\mcufinder
2025-12-02 13:54:49,929 [INFO] DbMcusAds:125 - Set database path to: C:\Users\User\.stmcufinder\plugins\mcufinder//mcu/
2025-12-02 13:54:49,931 [WARN] DbFile:41 - Overriding database path with different value: C:\Users\User\.stmcufinder\plugins\mcufinder/ => C:\Users\User\.stmcufinder\plugins\mcufinder
2025-12-02 13:54:49,931 [WARN] DbFile:41 - Overriding database path with different value: C:\Users\User\.stmcufinder\plugins\mcufinder/ => C:\Users\User\.stmcufinder\plugins\mcufinder
2025-12-02 13:54:49,931 [INFO] CrossReferenceDbSqlite:203 - Set database path to: C:\Users\User\.stmcufinder\plugins\mcufinder//mcu/cs/
2025-12-02 13:54:50,052 [INFO] MainPanel:274 - HeapMemory: 268435456
2025-12-02 13:54:50,184 [INFO] DbMcusXml:78 - Set database path to: C:\ST\STM32CubeIDE_1.19.0\STM32CubeIDE\plugins\com.st.stm32cube.common.mx_6.15.0.202507011659\\db\/mcu/
2025-12-02 13:54:50,184 [INFO] ApiDb:274 - Set plugin database path to: C:\ST\STM32CubeIDE_1.19.0\STM32CubeIDE\plugins\com.st.stm32cube.common.mx_6.15.0.202507011659\\db\/plugins/boardmanager/
2025-12-02 13:54:50,184 [INFO] ApiDb:261 - Set plugin images path to: C:\ST\STM32CubeIDE_1.19.0\STM32CubeIDE\plugins\com.st.stm32cube.common.mx_6.15.0.202507011659\\db\/plugins/mcufinder/images/
2025-12-02 13:54:50,185 [WARN] DbFile:41 - Overriding database path with different value: C:\Users\User\.stmcufinder\plugins\mcufinder/ => C:\Users\User\.stmcufinder\plugins\mcufinder
2025-12-02 13:54:50,185 [INFO] ApiDb:250 - Set database path to: C:\Users\User\.stmcufinder\plugins\mcufinder//mcu/
2025-12-02 13:54:50,185 [WARN] DbFile:41 - Overriding database path with different value: C:\Users\User\.stmcufinder\plugins\mcufinder/ => C:\Users\User\.stmcufinder\plugins\mcufinder
2025-12-02 13:54:50,185 [INFO] DbMcusAds:125 - Set database path to: C:\Users\User\.stmcufinder\plugins\mcufinder//mcu/
2025-12-02 13:54:50,185 [WARN] DbFile:41 - Overriding database path with different value: C:\Users\User\.stmcufinder\plugins\mcufinder/ => C:\Users\User\.stmcufinder\plugins\mcufinder
2025-12-02 13:54:50,185 [WARN] DbFile:41 - Overriding database path with different value: C:\Users\User\.stmcufinder\plugins\mcufinder/ => C:\Users\User\.stmcufinder\plugins\mcufinder
2025-12-02 13:54:50,185 [INFO] CrossReferenceDbSqlite:203 - Set database path to: C:\Users\User\.stmcufinder\plugins\mcufinder//mcu/cs/
2025-12-02 13:54:50,205 [INFO] ApplicationProperties:184 - Using Application install path: C:\ST\STM32CubeIDE_1.19.0\STM32CubeIDE\plugins\com.st.stm32cube.common.mx_6.15.0.202507011659
2025-12-02 13:54:50,206 [INFO] PluginManage:196 - Search for loadable plugins [exclusion list=, ]
2025-12-02 13:54:50,208 [INFO] PluginManage:310 - Check plugin analytics
2025-12-02 13:54:50,353 [INFO] AnalyticsPlugin:253 - Accepted Software Licenses: 
2025-12-02 13:54:50,353 [INFO] AnalyticsPlugin:255 - Accepted CMSIS Pack Licenses: 
2025-12-02 13:54:50,353 [INFO] AnalyticsPlugin:257 - Accepted Firmware Licenses: FW.WL.1.3.0,FW.H7.1.12.0,FW.F4.1.28.0
2025-12-02 13:54:50,354 [INFO] PluginManage:359 - Loaded plugin analytics (category:tool,tabindex:-1)
2025-12-02 13:54:50,354 [INFO] PluginManage:310 - Check plugin cadmodel
2025-12-02 13:54:50,358 [INFO] CADModel:105 - Init CAD model plugin
2025-12-02 13:54:50,358 [INFO] PluginManage:359 - Loaded plugin cadmodel (category:power,tabindex:5)
2025-12-02 13:54:50,358 [INFO] PluginManage:310 - Check plugin clock
2025-12-02 13:54:50,365 [INFO] PluginManage:359 - Loaded plugin clock (category:base,tabindex:2)
2025-12-02 13:54:50,365 [INFO] PluginManage:310 - Check plugin ddr
2025-12-02 13:54:50,370 [INFO] PluginManage:359 - Loaded plugin ddr (category:tool,tabindex:6)
2025-12-02 13:54:50,370 [INFO] PluginManage:310 - Check plugin filemanager
2025-12-02 13:54:50,534 [INFO] PluginManage:359 - Loaded plugin filemanager (category:base,tabindex:10)
2025-12-02 13:54:50,534 [INFO] PluginManage:310 - Check plugin ipmanager
2025-12-02 13:54:50,541 [INFO] PluginManage:359 - Loaded plugin ipmanager (category:base,tabindex:5)
2025-12-02 13:54:50,541 [INFO] PluginManage:310 - Check plugin lpbam
2025-12-02 13:54:50,552 [INFO] PluginManage:359 - Loaded plugin lpbam (category:base,tabindex:0)
2025-12-02 13:54:50,552 [INFO] PluginManage:310 - Check plugin memorymap
2025-12-02 13:54:50,568 [INFO] PluginManage:359 - Loaded plugin memorymap (category:base,tabindex:4)
2025-12-02 13:54:50,568 [INFO] PluginManage:310 - Check plugin pinoutandconfiguration
2025-12-02 13:54:50,577 [INFO] PluginManage:359 - Loaded plugin pinoutandconfiguration (category:base,tabindex:1)
2025-12-02 13:54:50,577 [INFO] PluginManage:310 - Check plugin pinoutconfig
2025-12-02 13:54:50,651 [WARN] SupportedApi:132 - Cannot load RTOS API schema: s4s-elt-must-match.1: The content of 'definitions' must match (annotation?, (simpleType | complexType)?, (unique | key | keyref)*)). A problem was found starting at: attribute.
2025-12-02 13:54:50,793 [INFO] PluginManage:359 - Loaded plugin pinoutconfig (category:base,tabindex:0)
2025-12-02 13:54:50,793 [INFO] PluginManage:310 - Check plugin power
2025-12-02 13:54:50,800 [INFO] PluginManage:359 - Loaded plugin power (category:power,tabindex:4)
2025-12-02 13:54:50,800 [INFO] PluginManage:310 - Check plugin projectmanager
2025-12-02 13:54:50,812 [INFO] PluginManage:359 - Loaded plugin projectmanager (category:projectmanager,tabindex:4)
2025-12-02 13:54:50,812 [INFO] PluginManage:310 - Check plugin rif
2025-12-02 13:54:50,824 [INFO] PluginManage:359 - Loaded plugin rif (category:base,tabindex:3)
2025-12-02 13:54:50,824 [INFO] PluginManage:310 - Check plugin thirdparty
2025-12-02 13:54:50,958 [WARN] IntegrityCheckThread:84 - waiting for thirdparty lock release [integrity check]
2025-12-02 13:54:50,958 [INFO] PluginManage:359 - Loaded plugin thirdparty (category:base,tabindex:-1)
2025-12-02 13:54:50,958 [INFO] IntegrityCheckThread:86 - entering critical section [integrity check]
2025-12-02 13:54:50,958 [INFO] PluginManage:310 - Check plugin tools
2025-12-02 13:54:50,958 [INFO] ThirdPartyUpdaterWithRetryManager:70 - Updater plugin not ready yet. [1/15]
2025-12-02 13:54:50,960 [INFO] PluginManage:359 - Loaded plugin tools (category:base,tabindex:7)
2025-12-02 13:54:50,960 [INFO] PluginManage:310 - Check plugin tutovideos
2025-12-02 13:54:51,210 [INFO] PluginManage:359 - Loaded plugin tutovideos (category:base,tabindex:-1)
2025-12-02 13:54:51,210 [INFO] PluginManage:310 - Check plugin updater
2025-12-02 13:54:51,225 [INFO] PluginManage:359 - Loaded plugin updater (category:base,tabindex:12)
2025-12-02 13:54:51,225 [INFO] PluginManage:310 - Check plugin userauth
2025-12-02 13:54:51,230 [INFO] UserAuth:118 - Init User Auth plugin
2025-12-02 13:54:51,231 [INFO] PluginManage:359 - Loaded plugin userauth (category:base,tabindex:14)
2025-12-02 13:54:51,231 [INFO] PluginManage:283 - PluginManage : Loaded plugins [18]
2025-12-02 13:54:51,457 [INFO] PinOutPanel:1589 - setPackage(No Configuration,No Configuration)
2025-12-02 13:54:51,533 [INFO] CADModel:165 - CPN selected for project level
2025-12-02 13:54:51,533 [INFO] CADModel:114 - Register for checkConnection events
2025-12-02 13:54:51,550 [INFO] IPUIPlugin:80 - create IPUIPlugin
2025-12-02 13:54:51,550 [INFO] PluginManager:220 - loadIPPluginJar : add adc
2025-12-02 13:54:51,552 [INFO] IPUIPlugin:80 - create IPUIPlugin
2025-12-02 13:54:51,552 [INFO] PluginManager:220 - loadIPPluginJar : add aes
2025-12-02 13:54:51,554 [INFO] IPUIPlugin:80 - create IPUIPlugin
2025-12-02 13:54:51,554 [INFO] PluginManager:220 - loadIPPluginJar : add can
2025-12-02 13:54:51,555 [INFO] IPUIPlugin:80 - create IPUIPlugin
2025-12-02 13:54:51,555 [INFO] PluginManager:220 - loadIPPluginJar : add comp
2025-12-02 13:54:51,557 [INFO] IPUIPlugin:80 - create IPUIPlugin
2025-12-02 13:54:51,557 [INFO] PluginManager:220 - loadIPPluginJar : add cryp
2025-12-02 13:54:51,560 [INFO] IPUIPlugin:80 - create IPUIPlugin
2025-12-02 13:54:51,560 [INFO] PluginManager:220 - loadIPPluginJar : add ddr_ctrl_phy
2025-12-02 13:54:51,562 [INFO] IPUIPlugin:80 - create IPUIPlugin
2025-12-02 13:54:51,562 [INFO] PluginManager:220 - loadIPPluginJar : add dfsdm
2025-12-02 13:54:51,567 [INFO] IPUIPlugin:80 - create IPUIPlugin
2025-12-02 13:54:51,567 [INFO] PluginManager:220 - loadIPPluginJar : add dma
2025-12-02 13:54:51,569 [INFO] IPUIPlugin:80 - create IPUIPlugin
2025-12-02 13:54:51,569 [INFO] PluginManager:220 - loadIPPluginJar : add dma3
2025-12-02 13:54:51,572 [INFO] IPUIPlugin:80 - create IPUIPlugin
2025-12-02 13:54:51,572 [INFO] PluginManager:220 - loadIPPluginJar : add extmemmanager
2025-12-02 13:54:51,573 [INFO] IPUIPlugin:80 - create IPUIPlugin
2025-12-02 13:54:51,573 [INFO] PluginManager:220 - loadIPPluginJar : add fatfs
2025-12-02 13:54:51,576 [INFO] IPUIPlugin:80 - create IPUIPlugin
2025-12-02 13:54:51,576 [INFO] PluginManager:220 - loadIPPluginJar : add fmc
2025-12-02 13:54:51,581 [INFO] IPUIPlugin:80 - create IPUIPlugin
2025-12-02 13:54:51,581 [INFO] PluginManager:220 - loadIPPluginJar : add freertos
2025-12-02 13:54:51,582 [INFO] IPUIPlugin:80 - create IPUIPlugin
2025-12-02 13:54:51,582 [INFO] PluginManager:220 - loadIPPluginJar : add genericplugin
2025-12-02 13:54:51,583 [INFO] IPUIPlugin:80 - create IPUIPlugin
2025-12-02 13:54:51,584 [INFO] PluginManager:220 - loadIPPluginJar : add gfxmmu
2025-12-02 13:54:51,587 [INFO] IPUIPlugin:80 - create IPUIPlugin
2025-12-02 13:54:51,588 [INFO] PluginManager:220 - loadIPPluginJar : add gic
2025-12-02 13:54:51,590 [INFO] IPUIPlugin:80 - create IPUIPlugin
2025-12-02 13:54:51,591 [INFO] PluginManager:220 - loadIPPluginJar : add gpio
2025-12-02 13:54:51,593 [INFO] IPUIPlugin:80 - create IPUIPlugin
2025-12-02 13:54:51,593 [INFO] PluginManager:220 - loadIPPluginJar : add gtzc
2025-12-02 13:54:51,594 [INFO] IPUIPlugin:80 - create IPUIPlugin
2025-12-02 13:54:51,594 [INFO] PluginManager:220 - loadIPPluginJar : add hash
2025-12-02 13:54:51,596 [INFO] IPUIPlugin:80 - create IPUIPlugin
2025-12-02 13:54:51,596 [INFO] PluginManager:220 - loadIPPluginJar : add i2c
2025-12-02 13:54:51,598 [INFO] IPUIPlugin:80 - create IPUIPlugin
2025-12-02 13:54:51,598 [INFO] PluginManager:220 - loadIPPluginJar : add i2s
2025-12-02 13:54:51,601 [INFO] IPUIPlugin:80 - create IPUIPlugin
2025-12-02 13:54:51,601 [INFO] PluginManager:220 - loadIPPluginJar : add i3c
2025-12-02 13:54:51,607 [INFO] IPUIPlugin:80 - create IPUIPlugin
2025-12-02 13:54:51,607 [INFO] PluginManager:220 - loadIPPluginJar : add ipddr
2025-12-02 13:54:51,613 [INFO] IPUIPlugin:80 - create IPUIPlugin
2025-12-02 13:54:51,613 [INFO] PluginManager:220 - loadIPPluginJar : add linkedlist
2025-12-02 13:54:51,615 [INFO] IPUIPlugin:80 - create IPUIPlugin
2025-12-02 13:54:51,616 [INFO] PluginManager:220 - loadIPPluginJar : add lorawan
2025-12-02 13:54:51,618 [INFO] IPUIPlugin:80 - create IPUIPlugin
2025-12-02 13:54:51,618 [INFO] PluginManager:220 - loadIPPluginJar : add ltdc
2025-12-02 13:54:51,626 [INFO] IPUIPlugin:80 - create IPUIPlugin
2025-12-02 13:54:51,626 [INFO] PluginManager:220 - loadIPPluginJar : add mdma
2025-12-02 13:54:51,632 [INFO] IPUIPlugin:80 - create IPUIPlugin
2025-12-02 13:54:51,632 [INFO] PluginManager:220 - loadIPPluginJar : add nvic
2025-12-02 13:54:51,634 [INFO] IPUIPlugin:80 - create IPUIPlugin
2025-12-02 13:54:51,635 [INFO] PluginManager:220 - loadIPPluginJar : add opamp
2025-12-02 13:54:51,636 [INFO] IPUIPlugin:80 - create IPUIPlugin
2025-12-02 13:54:51,637 [INFO] PluginManager:220 - loadIPPluginJar : add openamp
2025-12-02 13:54:51,639 [INFO] IPUIPlugin:80 - create IPUIPlugin
2025-12-02 13:54:51,639 [INFO] PluginManager:220 - loadIPPluginJar : add pdm2pcm
2025-12-02 13:54:51,645 [INFO] IPUIPlugin:80 - create IPUIPlugin
2025-12-02 13:54:51,647 [INFO] PluginManager:220 - loadIPPluginJar : add plateformsettings
2025-12-02 13:54:51,649 [INFO] IPUIPlugin:80 - create IPUIPlugin
2025-12-02 13:54:51,649 [INFO] PluginManager:220 - loadIPPluginJar : add quadspi
2025-12-02 13:54:51,650 [INFO] IPUIPlugin:80 - create IPUIPlugin
2025-12-02 13:54:51,651 [INFO] PluginManager:220 - loadIPPluginJar : add radio
2025-12-02 13:54:51,655 [INFO] IPUIPlugin:80 - create IPUIPlugin
2025-12-02 13:54:51,656 [INFO] PluginManager:220 - loadIPPluginJar : add resmgrutility
2025-12-02 13:54:51,659 [INFO] IPUIPlugin:80 - create IPUIPlugin
2025-12-02 13:54:51,660 [INFO] PluginManager:220 - loadIPPluginJar : add sai
2025-12-02 13:54:51,662 [INFO] IPUIPlugin:80 - create IPUIPlugin
2025-12-02 13:54:51,662 [INFO] PluginManager:220 - loadIPPluginJar : add spi
2025-12-02 13:54:51,667 [INFO] IPUIPlugin:80 - create IPUIPlugin
2025-12-02 13:54:51,667 [INFO] PluginManager:220 - loadIPPluginJar : add stm32_wpan
2025-12-02 13:54:51,668 [INFO] IPUIPlugin:80 - create IPUIPlugin
2025-12-02 13:54:51,668 [INFO] PluginManager:220 - loadIPPluginJar : add tim
2025-12-02 13:54:51,671 [INFO] IPUIPlugin:80 - create IPUIPlugin
2025-12-02 13:54:51,672 [INFO] PluginManager:220 - loadIPPluginJar : add touchsensing
2025-12-02 13:54:51,673 [INFO] IPUIPlugin:80 - create IPUIPlugin
2025-12-02 13:54:51,675 [INFO] PluginManager:220 - loadIPPluginJar : add tracer_emb
2025-12-02 13:54:51,675 [INFO] IPUIPlugin:80 - create IPUIPlugin
2025-12-02 13:54:51,677 [INFO] PluginManager:220 - loadIPPluginJar : add ts
2025-12-02 13:54:51,678 [INFO] IPUIPlugin:80 - create IPUIPlugin
2025-12-02 13:54:51,678 [INFO] PluginManager:220 - loadIPPluginJar : add tsc
2025-12-02 13:54:51,680 [INFO] IPUIPlugin:80 - create IPUIPlugin
2025-12-02 13:54:51,680 [INFO] PluginManager:220 - loadIPPluginJar : add ucpd
2025-12-02 13:54:51,682 [INFO] IPUIPlugin:80 - create IPUIPlugin
2025-12-02 13:54:51,682 [INFO] PluginManager:220 - loadIPPluginJar : add usart
2025-12-02 13:54:51,685 [INFO] IPUIPlugin:80 - create IPUIPlugin
2025-12-02 13:54:51,685 [INFO] PluginManager:220 - loadIPPluginJar : add usbx
2025-12-02 13:54:51,814 [FATAL] Updater:351 - Updater called before beeing initialized
2025-12-02 13:54:51,835 [INFO] RulesReader:64 - Compatibility file has been processed (317 Rules)
2025-12-02 13:54:51,840 [INFO] RulesReader:64 - Compatibility file has been processed (317 Rules)
2025-12-02 13:54:51,849 [INFO] CADModel:165 - CPN selected for project level
2025-12-02 13:54:51,849 [INFO] CADModel:114 - Register for checkConnection events
2025-12-02 13:54:51,850 [FATAL] Updater:351 - Updater called before beeing initialized
2025-12-02 13:54:51,850 [ERROR] CADModel:125 - Updater not yet initialized, retry later 
2025-12-02 13:54:51,977 [FATAL] Updater:351 - Updater called before beeing initialized
2025-12-02 13:54:51,979 [INFO] CADModel:165 - CPN selected for project level
2025-12-02 13:54:51,979 [INFO] CADModel:114 - Register for checkConnection events
2025-12-02 13:54:51,979 [FATAL] Updater:351 - Updater called before beeing initialized
2025-12-02 13:54:51,979 [ERROR] CADModel:125 - Updater not yet initialized, retry later 
2025-12-02 13:54:51,982 [FATAL] Updater:351 - Updater called before beeing initialized
2025-12-02 13:54:52,061 [FATAL] Updater:351 - Updater called before beeing initialized
2025-12-02 13:54:52,065 [INFO] DbMcusAds:53 - JSON generation date=Mon Nov 10 16:13:01 IST 2025 (1762771381061)
2025-12-02 13:54:52,065 [FATAL] Updater:351 - Updater called before beeing initialized
2025-12-02 13:54:52,091 [WARN] DetailPanel:346 - Failed to get advertising image, set to default
2025-12-02 13:54:52,153 [FATAL] Updater:351 - Updater called before beeing initialized
2025-12-02 13:54:52,155 [FATAL] Updater:351 - Updater called before beeing initialized
2025-12-02 13:54:52,155 [FATAL] Updater:351 - Updater called before beeing initialized
2025-12-02 13:54:52,155 [WARN] DetailPanel:346 - Failed to get advertising image, set to default
2025-12-02 13:54:52,156 [FATAL] Updater:351 - Updater called before beeing initialized
2025-12-02 13:54:52,198 [ERROR] Updater:1198 - MainUpdater not yet initialized. External WinMGr cannot be set.
2025-12-02 13:54:52,200 [INFO] Updater:1134 - Updater Version found : 6.15.0
2025-12-02 13:54:52,218 [INFO] ApplicationProperties:184 - Using Application install path: C:\ST\STM32CubeIDE_1.19.0\STM32CubeIDE\plugins\com.st.stm32cube.common.mx_6.15.0.202507011659
2025-12-02 13:54:53,802 [ERROR] LogOutputStream:75 - [STDERR_REDIRECT] Dec 02, 2025 1:54:53 PM java.util.prefs.WindowsPreferences <init>
2025-12-02 13:54:53,806 [ERROR] LogOutputStream:75 - [STDERR_REDIRECT] WARNING: Could not open/create prefs root node Software\JavaSoft\Prefs at root 0xffffffff80000002. Windows RegCreateKeyEx(...) returned error code 5.
2025-12-02 13:54:53,807 [ERROR] LogOutputStream:75 - [STDERR_REDIRECT] 
2025-12-02 13:54:53,966 [INFO] ThirdPartyUpdaterWithRetryManager:70 - Updater plugin not ready yet. [2/15]
2025-12-02 13:54:54,194 [INFO] MainUpdater:2872 - connection check result : 10
2025-12-02 13:54:54,195 [INFO] MainUpdater:289 - Updater Check For Update Now.
2025-12-02 13:54:54,195 [INFO] MicroXplorer:498 - Change Database Version : DB.6.0.150
2025-12-02 13:54:54,203 [INFO] McuFinderGlobals:63 - Set McuFinder mode to 2 (CubeIDE integrated)
2025-12-02 13:54:54,204 [INFO] UserAuth:487 - Internet connection configuration mode: 1
2025-12-02 13:54:54,233 [INFO] JxBrowserEngine:152 - Initiate JxBrowser Engine with user profile folder
2025-12-02 13:54:54,356 [INFO] CheckServerUpdateThread:120 - End of CheckServer Thread
2025-12-02 13:54:54,947 [INFO] WebApp:169 - Instantiating new browser for Auth
2025-12-02 13:54:55,636 [INFO] WebApp:463 - Apply proxy settings
2025-12-02 13:54:55,637 [INFO] WebApp:548 - Chromium requires no authentication
2025-12-02 13:54:55,647 [INFO] WebApp:491 - Direct internet connection detected
2025-12-02 13:54:55,669 [INFO] WebApp:900 - Register for checkConnection events
2025-12-02 13:54:55,670 [INFO] WebApp:463 - Apply proxy settings
2025-12-02 13:54:55,670 [INFO] WebApp:548 - Chromium requires no authentication
2025-12-02 13:54:55,670 [INFO] WebApp:491 - Direct internet connection detected
2025-12-02 13:54:55,873 [INFO] WebApp:225 - Starting web application
2025-12-02 13:54:55,873 [INFO] WebApp:593 - Web application path used C:\ST\STM32CubeIDE_1.19.0\STM32CubeIDE\plugins\com.st.stm32cube.common.mx_6.15.0.202507011659\db\plugins\mcufinder\reactClient1\index.html
2025-12-02 13:54:55,942 [INFO] UserAuth:487 - Internet connection configuration mode: 1
2025-12-02 13:54:56,106 [INFO] WebApp:191 - Connection restablished
2025-12-02 13:54:57,163 [WARN] PackLoader:240 - Cannot read IP mode file for STMicroelectronics.FP-SNS-MOTENVWB1.1.4.0
2025-12-02 13:54:57,172 [WARN] PackLoader:240 - Cannot read IP mode file for STMicroelectronics.FP-ATR-ASTRA1.2.0.2
2025-12-02 13:54:57,184 [WARN] PackLoader:240 - Cannot read IP mode file for STMicroelectronics.X-CUBE-SMBUS.2.1.0
2025-12-02 13:54:57,189 [WARN] PackLoader:240 - Cannot read IP mode file for STMicroelectronics.X-CUBE-ST60.1.0.0
2025-12-02 13:54:57,212 [WARN] PackLoader:240 - Cannot read IP mode file for STMicroelectronics.X-CUBE-AZRTOS-F7.1.1.0
2025-12-02 13:54:57,221 [WARN] PackLoader:240 - Cannot read IP mode file for STMicroelectronics.FP-SNS-MOTENV1.5.1.0
2025-12-02 13:54:57,243 [WARN] PackLoader:240 - Cannot read IP mode file for Infineon.AIROC-Wi-Fi-Bluetooth-STM32.1.7.1
2025-12-02 13:54:57,273 [WARN] PackLoader:240 - Cannot read IP mode file for STMicroelectronics.X-CUBE-AZRTOS-H7.3.4.0
2025-12-02 13:54:57,284 [WARN] PackLoader:240 - Cannot read IP mode file for STMicroelectronics.X-CUBE-DISPLAY.3.0.0
2025-12-02 13:54:57,294 [WARN] PackLoader:240 - Cannot read IP mode file for STMicroelectronics.X-CUBE-NFC10.1.0.0
2025-12-02 13:54:57,300 [WARN] PackLoader:240 - Cannot read IP mode file for STMicroelectronics.X-CUBE-ST60.1.1.0
2025-12-02 13:54:57,305 [WARN] PackLoader:240 - Cannot read IP mode file for emotas.I-CUBE-CANOPEN.1.3.0
2025-12-02 13:54:57,310 [WARN] PackLoader:240 - Cannot read IP mode file for STMicroelectronics.X-CUBE-GNSS1.7.1.0
2025-12-02 13:54:57,317 [WARN] PackLoader:240 - Cannot read IP mode file for STMicroelectronics.FP-SNS-STBOX1.2.1.0
2025-12-02 13:54:57,323 [WARN] PackLoader:240 - Cannot read IP mode file for STMicroelectronics.FP-SNS-SMARTAG2.1.2.0
2025-12-02 13:54:57,328 [WARN] PackLoader:240 - Cannot read IP mode file for STMicroelectronics.FP-SNS-FLIGHT1.5.1.0
2025-12-02 13:54:57,335 [INFO] LogOutputStream:77 - [STDOUT_REDIRECT] 1 : Invalid condition id : UX_CORESTACK_Condition cause : null
2025-12-02 13:54:57,335 [INFO] LogOutputStream:77 - [STDOUT_REDIRECT] 1 : Invalid condition id : UX_CORESTACK_Condition cause : null
2025-12-02 13:54:57,336 [INFO] LogOutputStream:77 - [STDOUT_REDIRECT] 1 : Invalid condition id : UX_CORESTACK_Condition cause : null
2025-12-02 13:54:57,338 [INFO] LogOutputStream:77 - [STDOUT_REDIRECT] 1 : Invalid condition id : UX_CORESTACK_Condition cause : null
2025-12-02 13:54:57,339 [INFO] LogOutputStream:77 - [STDOUT_REDIRECT] 1 : Invalid condition id : UX_CORESTACK_Condition cause : null
2025-12-02 13:54:57,340 [WARN] PackLoader:240 - Cannot read IP mode file for STMicroelectronics.X-CUBE-AZRTOS-WL.2.0.0
2025-12-02 13:54:57,344 [WARN] PackLoader:240 - Cannot read IP mode file for STMicroelectronics.FP-SNS-MOTENV1.5.0.0
2025-12-02 13:54:57,360 [WARN] PackLoader:240 - Cannot read IP mode file for STMicroelectronics.X-CUBE-AZRTOS-H7RS.1.2.0
2025-12-02 13:54:57,369 [WARN] PackLoader:240 - Cannot read IP mode file for WES.I-CUBE-Cesium.1.3.0
2025-12-02 13:54:57,376 [WARN] PackLoader:240 - Cannot read IP mode file for STMicroelectronics.X-CUBE-BLE2.3.3.0
2025-12-02 13:54:57,395 [WARN] PackLoader:240 - Cannot read IP mode file for STMicroelectronics.X-CUBE-NFC9.1.0.0
2025-12-02 13:54:57,400 [WARN] PackLoader:240 - Cannot read IP mode file for wolfSSL.I-CUBE-wolfSSL.5.8.0
2025-12-02 13:54:57,407 [WARN] PackLoader:240 - Cannot read IP mode file for STMicroelectronics.X-CUBE-BLE1.7.1.0
2025-12-02 13:54:57,410 [WARN] PackLoader:240 - Cannot read IP mode file for wolfSSL.I-CUBE-wolfMQTT.1.19.2
2025-12-02 13:54:57,416 [WARN] PackLoader:240 - Cannot read IP mode file for STMicroelectronics.X-CUBE-FREERTOS.1.4.0
2025-12-02 13:54:57,421 [WARN] PackLoader:240 - Cannot read IP mode file for STMicroelectronics.X-CUBE-EEPRMA1.5.2.0
2025-12-02 13:54:57,427 [WARN] PackLoader:240 - Cannot read IP mode file for STMicroelectronics.X-CUBE-ST67W61.1.1.0
2025-12-02 13:54:57,432 [WARN] PackLoader:240 - Cannot read IP mode file for STMicroelectronics.X-CUBE-AI.10.1.0
2025-12-02 13:54:57,469 [WARN] PackLoader:240 - Cannot read IP mode file for STMicroelectronics.X-CUBE-MEMS1.12.0.0
2025-12-02 13:54:57,627 [WARN] PackLoader:240 - Cannot read IP mode file for STMicroelectronics.X-CUBE-AZRTOS-G0.1.1.0
2025-12-02 13:54:57,636 [WARN] PackLoader:240 - Cannot read IP mode file for STMicroelectronics.X-CUBE-SAFEA1.1.2.2
2025-12-02 13:54:57,641 [WARN] PackLoader:240 - Cannot read IP mode file for STMicroelectronics.X-CUBE-NFC4.3.0.0
2025-12-02 13:54:57,648 [WARN] PackLoader:240 - Cannot read IP mode file for EmbeddedOffice.I-CUBE-FS-RTOS.1.0.1
2025-12-02 13:54:57,654 [WARN] PackLoader:240 - Cannot read IP mode file for STMicroelectronics.X-CUBE-WB05N.2.0.0
2025-12-02 13:54:57,658 [WARN] PackLoader:240 - Cannot read IP mode file for wolfSSL.I-CUBE-wolfTPM.3.8.0
2025-12-02 13:54:57,664 [WARN] PackLoader:240 - Cannot read IP mode file for STMicroelectronics.X-CUBE-TCPP.4.2.0
2025-12-02 13:54:57,670 [WARN] PackLoader:240 - Cannot read IP mode file for RealThread.X-CUBE-RT-Thread_Nano.4.1.1
2025-12-02 13:54:57,675 [WARN] PackLoader:240 - Cannot read IP mode file for STMicroelectronics.FP-ATR-SIGFOX1.3.2.0
2025-12-02 13:54:57,680 [WARN] PackLoader:240 - Cannot read IP mode file for ITTIA_DB.I-CUBE-ITTIADB.8.9.0
2025-12-02 13:54:57,686 [WARN] PackLoader:240 - Cannot read IP mode file for STMicroelectronics.X-CUBE-ST67W61.1.0.0
2025-12-02 13:54:57,691 [WARN] PackLoader:240 - Cannot read IP mode file for STMicroelectronics.X-CUBE-AI.10.2.0
2025-12-02 13:54:57,712 [WARN] PackLoader:240 - Cannot read IP mode file for SEGGER.I-CUBE-embOS.1.3.1
2025-12-02 13:54:57,745 [WARN] PackLoader:240 - Cannot read IP mode file for STMicroelectronics.X-CUBE-ALGOBUILD.1.4.0
2025-12-02 13:54:57,771 [WARN] PackLoader:240 - Cannot read IP mode file for STMicroelectronics.X-CUBE-MEMS1.11.3.0
2025-12-02 13:54:57,832 [WARN] PackLoader:240 - Cannot read IP mode file for STMicroelectronics.X-CUBE-PM33A1.1.0.0
2025-12-02 13:54:57,843 [WARN] PackLoader:240 - Cannot read IP mode file for STMicroelectronics.X-CUBE-AZRTOS-F4.1.1.0
2025-12-02 13:54:57,846 [WARN] PackLoader:240 - Cannot read IP mode file for Avnet-IotConnect.X-CUBE-IoTC-DA16k-PMOD.1.0.0
2025-12-02 13:54:57,851 [WARN] PackLoader:240 - Cannot read IP mode file for STMicroelectronics.X-CUBE-ISPU.2.1.0
2025-12-02 13:54:57,865 [WARN] PackLoader:240 - Cannot read IP mode file for STMicroelectronics.X-CUBE-IPS.3.2.0
2025-12-02 13:54:57,873 [WARN] PackLoader:240 - Cannot read IP mode file for STMicroelectronics.X-CUBE-NFC12.1.0.0
2025-12-02 13:54:57,883 [WARN] PackLoader:240 - Cannot read IP mode file for STMicroelectronics.X-CUBE-AZRTOS-L5.2.0.0
2025-12-02 13:54:57,889 [WARN] PackLoader:240 - Cannot read IP mode file for STMicroelectronics.X-CUBE-NFC6.3.1.0
2025-12-02 13:54:57,894 [WARN] PackLoader:240 - Cannot read IP mode file for STMicroelectronics.X-CUBE-FREERTOS.1.3.1
2025-12-02 13:54:57,899 [WARN] PackLoader:240 - Cannot read IP mode file for STMicroelectronics.X-CUBE-TOUCHGFX.4.26.0
2025-12-02 13:54:57,976 [WARN] PackLoader:240 - Cannot read IP mode file for STMicroelectronics.FP-SNS-STAIOTCFT.1.0.0
2025-12-02 13:54:58,463 [WARN] PackLoader:240 - Cannot read IP mode file for STMicroelectronics.X-CUBE-DPower.1.3.0
2025-12-02 13:54:58,627 [WARN] ConditionMgr:438 - getConditionDescription Invalid condition id : LAN8742 Phy interface Condition cause : null
2025-12-02 13:54:58,630 [WARN] PackLoader:240 - Cannot read IP mode file for STMicroelectronics.X-CUBE-AZRTOS-L4.2.0.0
2025-12-02 13:54:58,635 [WARN] ConditionMgr:1044 - genDependencies : Invalid condition id : LAN8742 Phy interface Condition cause : null
2025-12-02 13:54:58,636 [WARN] ConditionMgr:1044 - genDependencies : Invalid condition id : LAN8742 Phy interface Condition cause : null
2025-12-02 13:54:58,636 [WARN] ConditionMgr:1044 - genDependencies : Invalid condition id : LAN8742 Phy interface Condition cause : null
2025-12-02 13:54:58,654 [WARN] PackLoader:240 - Cannot read IP mode file for STMicroelectronics.X-CUBE-SFXS2LP1.4.0.0
2025-12-02 13:54:58,684 [WARN] PackLoader:240 - Cannot read IP mode file for STMicroelectronics.X-CUBE-BLEMGR.4.1.0
2025-12-02 13:54:58,803 [WARN] ConditionMgr:438 - getConditionDescription Invalid condition id : UX DEVICE CLASS RTOS Condition cause : null
2025-12-02 13:54:58,804 [WARN] ConditionMgr:438 - getConditionDescription Invalid condition id : UX DEVICE CLASS RTOS Condition cause : null
2025-12-02 13:54:58,824 [WARN] PackLoader:240 - Cannot read IP mode file for STMicroelectronics.X-CUBE-AZRTOS-WB.2.0.0
2025-12-02 13:54:58,921 [WARN] ConditionMgr:1044 - genDependencies : Invalid condition id : UX DEVICE CLASS RTOS Condition cause : null
2025-12-02 13:54:58,934 [WARN] ConditionMgr:1044 - genDependencies : Invalid condition id : UX DEVICE CLASS RTOS Condition cause : null
2025-12-02 13:54:58,983 [WARN] ConditionMgr:1044 - genDependencies : Invalid condition id : UX DEVICE CLASS RTOS Condition cause : null
2025-12-02 13:54:58,983 [WARN] ConditionMgr:1044 - genDependencies : Invalid condition id : UX DEVICE CLASS RTOS Condition cause : null
2025-12-02 13:54:58,983 [WARN] ConditionMgr:1044 - genDependencies : Invalid condition id : UX DEVICE CLASS RTOS Condition cause : null
2025-12-02 13:54:59,016 [WARN] PackLoader:240 - Cannot read IP mode file for STMicroelectronics.X-CUBE-GNSS1.7.0.1
2025-12-02 13:54:59,038 [WARN] PackLoader:240 - Cannot read IP mode file for STMicroelectronics.X-CUBE-TOUCHGFX.4.25.0
2025-12-02 13:54:59,067 [WARN] PackLoader:240 - Cannot read IP mode file for STMicroelectronics.FP-SNS-STBOX1.2.0.0
2025-12-02 13:54:59,130 [WARN] ConditionMgr:438 - getConditionDescription Invalid condition id : Cortex-A Device cause : null
2025-12-02 13:54:59,234 [WARN] ConditionMgr:1044 - genDependencies : Invalid condition id : Cortex-A Device cause : null
2025-12-02 13:54:59,254 [WARN] ConditionMgr:1044 - genDependencies : Invalid condition id : Cortex-A Device cause : null
2025-12-02 13:54:59,255 [WARN] ConditionMgr:1044 - genDependencies : Invalid condition id : Cortex-A Device cause : null
2025-12-02 13:54:59,308 [WARN] PackLoader:240 - Cannot read IP mode file for STMicroelectronics.X-CUBE-SUBG2.5.0.0
2025-12-02 13:54:59,405 [WARN] PackLoader:240 - Cannot read IP mode file for STMicroelectronics.X-CUBE-AZRTOS-H7RS.1.1.0
2025-12-02 13:54:59,642 [WARN] PackLoader:240 - Cannot read IP mode file for Cesanta.I-CUBE-Mongoose.7.13.0
2025-12-02 13:54:59,671 [WARN] PackLoader:240 - Cannot read IP mode file for STMicroelectronics.X-CUBE-AZRTOS-G4.2.0.0
2025-12-02 13:54:59,717 [WARN] PackLoader:240 - Cannot read IP mode file for wolfSSL.I-CUBE-wolfSSH.1.4.20
2025-12-02 13:54:59,737 [WARN] PackLoader:240 - Cannot read IP mode file for STMicroelectronics.X-CUBE-NFC7.2.0.0
2025-12-02 13:54:59,761 [WARN] PackLoader:240 - Cannot read IP mode file for STMicroelectronics.X-CUBE-IPS.3.1.0
2025-12-02 13:54:59,828 [WARN] PackLoader:240 - Cannot read IP mode file for STMicroelectronics.X-CUBE-ALS.1.0.2
2025-12-02 13:55:00,199 [WARN] PackLoader:240 - Cannot read IP mode file for STMicroelectronics.X-CUBE-STSE01.1.0.0
2025-12-02 13:55:00,245 [WARN] PackLoader:240 - Cannot read IP mode file for portGmbH.I-Cube-SoM-uGOAL.1.1.0
2025-12-02 13:55:00,360 [WARN] PackLoader:240 - Cannot read IP mode file for STMicroelectronics.X-CUBE-TOF1.3.4.3
2025-12-02 13:55:00,463 [INFO] ThirdParty:978 - Integrity check success = true
2025-12-02 13:55:00,463 [INFO] IntegrityCheckThread:100 - exiting critical section [integrity check]
2025-12-02 13:55:00,463 [INFO] IntegrityCheckThread:103 - End integrity checks thread
2025-12-02 15:56:22,497 [INFO] WebApp:194 - Connection lost
2025-12-02 15:56:22,940 [INFO] WebApp:191 - Connection restablished
2025-12-02 16:56:20,584 [INFO] WebApp:194 - Connection lost
2025-12-02 17:10:29,530 [INFO] WebApp:191 - Connection restablished
2025-12-02 17:10:34,241 [INFO] WebApp:194 - Connection lost
2025-12-02 17:10:35,052 [INFO] WebApp:191 - Connection restablished
2025-12-02 17:18:44,843 [ERROR] LogOutputStream:75 - [STDERR_REDIRECT] 
