2025-07-18 08:53:13,277 [INFO] Activator:176 - 


2025-07-18 08:53:13,285 [INFO] Activator:177 - !SESSION log4j initialized
2025-07-18 08:53:27,591 [INFO] LogOutputStream:77 - [STDOUT_REDIRECT] 
2025-07-18 08:53:29,306 [INFO] ApplicationProperties:184 - Using Application install path: C:\ST\STM32CubeIDE_1.16.0\STM32CubeIDE\plugins\com.st.stm32cube.common.mx_6.14.0.202502271554
2025-07-18 08:53:29,367 [INFO] DbMcusXml:78 - Set database path to: C:\ST\STM32CubeIDE_1.16.0\STM32CubeIDE\plugins\com.st.stm32cube.common.mx_6.14.0.202502271554\\db\/mcu/
2025-07-18 08:53:29,369 [INFO] ApiDb:274 - Set plugin database path to: C:\ST\STM32CubeIDE_1.16.0\STM32CubeIDE\plugins\com.st.stm32cube.common.mx_6.14.0.202502271554\\db\/plugins/boardmanager/
2025-07-18 08:53:29,371 [WARN] ApiDb:259 - Overriding images path with different value:  => C:\ST\STM32CubeIDE_1.16.0\STM32CubeIDE\plugins\com.st.stm32cube.common.mx_6.14.0.202502271554\\db\/plugins/mcufinder/images/
2025-07-18 08:53:29,394 [INFO] ApiDb:250 - Set database path to: C:\Users\hashara\.stmcufinder\plugins\mcufinder//mcu/
2025-07-18 08:53:29,400 [INFO] DbMcusAds:125 - Set database path to: C:\Users\hashara\.stmcufinder\plugins\mcufinder//mcu/
2025-07-18 08:53:29,412 [INFO] CrossReferenceDbSqlite:203 - Set database path to: C:\Users\hashara\.stmcufinder\plugins\mcufinder//mcu/cs/
2025-07-18 08:53:29,738 [INFO] RulesReader:64 - Compatibility file has been processed (301 Rules)
2025-07-18 08:53:29,907 [INFO] DbMcusXml:78 - Set database path to: C:\ST\STM32CubeIDE_1.16.0\STM32CubeIDE\plugins\com.st.stm32cube.common.mx_6.14.0.202502271554\\db\/mcu/
2025-07-18 08:53:29,908 [INFO] ApiDb:274 - Set plugin database path to: C:\ST\STM32CubeIDE_1.16.0\STM32CubeIDE\plugins\com.st.stm32cube.common.mx_6.14.0.202502271554\\db\/plugins/boardmanager/
2025-07-18 08:53:29,908 [INFO] ApiDb:261 - Set plugin images path to: C:\ST\STM32CubeIDE_1.16.0\STM32CubeIDE\plugins\com.st.stm32cube.common.mx_6.14.0.202502271554\\db\/plugins/mcufinder/images/
2025-07-18 08:53:29,908 [WARN] DbFile:41 - Overriding database path with different value: C:\Users\hashara\.stmcufinder\plugins\mcufinder/ => C:\Users\hashara\.stmcufinder\plugins\mcufinder
2025-07-18 08:53:29,909 [INFO] ApiDb:250 - Set database path to: C:\Users\hashara\.stmcufinder\plugins\mcufinder//mcu/
2025-07-18 08:53:29,909 [WARN] DbFile:41 - Overriding database path with different value: C:\Users\hashara\.stmcufinder\plugins\mcufinder/ => C:\Users\hashara\.stmcufinder\plugins\mcufinder
2025-07-18 08:53:29,909 [INFO] DbMcusAds:125 - Set database path to: C:\Users\hashara\.stmcufinder\plugins\mcufinder//mcu/
2025-07-18 08:53:29,909 [WARN] DbFile:41 - Overriding database path with different value: C:\Users\hashara\.stmcufinder\plugins\mcufinder/ => C:\Users\hashara\.stmcufinder\plugins\mcufinder
2025-07-18 08:53:29,909 [WARN] DbFile:41 - Overriding database path with different value: C:\Users\hashara\.stmcufinder\plugins\mcufinder/ => C:\Users\hashara\.stmcufinder\plugins\mcufinder
2025-07-18 08:53:29,909 [INFO] CrossReferenceDbSqlite:203 - Set database path to: C:\Users\hashara\.stmcufinder\plugins\mcufinder//mcu/cs/
2025-07-18 08:53:30,035 [INFO] MainPanel:272 - HeapMemory: 268435456
2025-07-18 08:53:30,156 [INFO] DbMcusXml:78 - Set database path to: C:\ST\STM32CubeIDE_1.16.0\STM32CubeIDE\plugins\com.st.stm32cube.common.mx_6.14.0.202502271554\\db\/mcu/
2025-07-18 08:53:30,156 [INFO] ApiDb:274 - Set plugin database path to: C:\ST\STM32CubeIDE_1.16.0\STM32CubeIDE\plugins\com.st.stm32cube.common.mx_6.14.0.202502271554\\db\/plugins/boardmanager/
2025-07-18 08:53:30,156 [INFO] ApiDb:261 - Set plugin images path to: C:\ST\STM32CubeIDE_1.16.0\STM32CubeIDE\plugins\com.st.stm32cube.common.mx_6.14.0.202502271554\\db\/plugins/mcufinder/images/
2025-07-18 08:53:30,157 [WARN] DbFile:41 - Overriding database path with different value: C:\Users\hashara\.stmcufinder\plugins\mcufinder/ => C:\Users\hashara\.stmcufinder\plugins\mcufinder
2025-07-18 08:53:30,157 [INFO] ApiDb:250 - Set database path to: C:\Users\hashara\.stmcufinder\plugins\mcufinder//mcu/
2025-07-18 08:53:30,157 [WARN] DbFile:41 - Overriding database path with different value: C:\Users\hashara\.stmcufinder\plugins\mcufinder/ => C:\Users\hashara\.stmcufinder\plugins\mcufinder
2025-07-18 08:53:30,157 [INFO] DbMcusAds:125 - Set database path to: C:\Users\hashara\.stmcufinder\plugins\mcufinder//mcu/
2025-07-18 08:53:30,158 [WARN] DbFile:41 - Overriding database path with different value: C:\Users\hashara\.stmcufinder\plugins\mcufinder/ => C:\Users\hashara\.stmcufinder\plugins\mcufinder
2025-07-18 08:53:30,158 [WARN] DbFile:41 - Overriding database path with different value: C:\Users\hashara\.stmcufinder\plugins\mcufinder/ => C:\Users\hashara\.stmcufinder\plugins\mcufinder
2025-07-18 08:53:30,158 [INFO] CrossReferenceDbSqlite:203 - Set database path to: C:\Users\hashara\.stmcufinder\plugins\mcufinder//mcu/cs/
2025-07-18 08:53:30,187 [INFO] ApplicationProperties:184 - Using Application install path: C:\ST\STM32CubeIDE_1.16.0\STM32CubeIDE\plugins\com.st.stm32cube.common.mx_6.14.0.202502271554
2025-07-18 08:53:30,189 [INFO] PluginManage:196 - Search for loadable plugins [exclusion list=, ]
2025-07-18 08:53:30,192 [INFO] PluginManage:310 - Check plugin analytics
2025-07-18 08:53:30,651 [INFO] AnalyticsPlugin:253 - Accepted Software Licenses: 
2025-07-18 08:53:30,652 [INFO] AnalyticsPlugin:255 - Accepted CMSIS Pack Licenses: 
2025-07-18 08:53:30,652 [INFO] AnalyticsPlugin:257 - Accepted Firmware Licenses: FW.F4.1.28.0,FW.L5.1.5.0,FW.H7.1.11.0,FW.WB.1.21.0,FW.WL.1.3.0
2025-07-18 08:53:30,664 [INFO] PluginManage:359 - Loaded plugin analytics (category:tool,tabindex:-1)
2025-07-18 08:53:30,665 [INFO] PluginManage:310 - Check plugin cadmodel
2025-07-18 08:53:30,675 [INFO] CADModel:105 - Init CAD model plugin
2025-07-18 08:53:30,675 [INFO] PluginManage:359 - Loaded plugin cadmodel (category:power,tabindex:5)
2025-07-18 08:53:30,676 [INFO] PluginManage:310 - Check plugin clock
2025-07-18 08:53:30,695 [INFO] PluginManage:359 - Loaded plugin clock (category:base,tabindex:2)
2025-07-18 08:53:30,696 [INFO] PluginManage:310 - Check plugin ddr
2025-07-18 08:53:30,700 [INFO] PluginManage:359 - Loaded plugin ddr (category:tool,tabindex:6)
2025-07-18 08:53:30,700 [INFO] PluginManage:310 - Check plugin filemanager
2025-07-18 08:53:30,980 [INFO] PluginManage:359 - Loaded plugin filemanager (category:base,tabindex:10)
2025-07-18 08:53:30,980 [INFO] PluginManage:310 - Check plugin ipmanager
2025-07-18 08:53:30,990 [INFO] PluginManage:359 - Loaded plugin ipmanager (category:base,tabindex:5)
2025-07-18 08:53:30,990 [INFO] PluginManage:310 - Check plugin lpbam
2025-07-18 08:53:31,002 [INFO] PluginManage:359 - Loaded plugin lpbam (category:base,tabindex:0)
2025-07-18 08:53:31,002 [INFO] PluginManage:310 - Check plugin memorymap
2025-07-18 08:53:31,018 [INFO] PluginManage:359 - Loaded plugin memorymap (category:base,tabindex:4)
2025-07-18 08:53:31,018 [INFO] PluginManage:310 - Check plugin pinoutandconfiguration
2025-07-18 08:53:31,033 [INFO] PluginManage:359 - Loaded plugin pinoutandconfiguration (category:base,tabindex:1)
2025-07-18 08:53:31,033 [INFO] PluginManage:310 - Check plugin pinoutconfig
2025-07-18 08:53:31,232 [WARN] SupportedApi:132 - Cannot load RTOS API schema: s4s-elt-must-match.1: The content of 'definitions' must match (annotation?, (simpleType | complexType)?, (unique | key | keyref)*)). A problem was found starting at: attribute.
2025-07-18 08:53:31,464 [INFO] PluginManage:359 - Loaded plugin pinoutconfig (category:base,tabindex:0)
2025-07-18 08:53:31,465 [INFO] PluginManage:310 - Check plugin power
2025-07-18 08:53:31,482 [INFO] PluginManage:359 - Loaded plugin power (category:power,tabindex:4)
2025-07-18 08:53:31,482 [INFO] PluginManage:310 - Check plugin projectmanager
2025-07-18 08:53:31,517 [INFO] PluginManage:359 - Loaded plugin projectmanager (category:projectmanager,tabindex:4)
2025-07-18 08:53:31,517 [INFO] PluginManage:310 - Check plugin rif
2025-07-18 08:53:31,542 [INFO] PluginManage:359 - Loaded plugin rif (category:base,tabindex:3)
2025-07-18 08:53:31,543 [INFO] PluginManage:310 - Check plugin thirdparty
2025-07-18 08:53:31,846 [WARN] IntegrityCheckThread:84 - waiting for thirdparty lock release [integrity check]
2025-07-18 08:53:31,847 [INFO] IntegrityCheckThread:86 - entering critical section [integrity check]
2025-07-18 08:53:31,847 [INFO] PluginManage:359 - Loaded plugin thirdparty (category:base,tabindex:-1)
2025-07-18 08:53:31,847 [INFO] PluginManage:310 - Check plugin tools
2025-07-18 08:53:31,847 [INFO] ThirdPartyUpdaterWithRetryManager:70 - Updater plugin not ready yet. [1/15]
2025-07-18 08:53:31,855 [INFO] PluginManage:359 - Loaded plugin tools (category:base,tabindex:7)
2025-07-18 08:53:31,856 [INFO] PluginManage:310 - Check plugin tutovideos
2025-07-18 08:53:32,115 [INFO] PluginManage:359 - Loaded plugin tutovideos (category:base,tabindex:-1)
2025-07-18 08:53:32,115 [INFO] PluginManage:310 - Check plugin updater
2025-07-18 08:53:32,149 [INFO] PluginManage:359 - Loaded plugin updater (category:base,tabindex:12)
2025-07-18 08:53:32,149 [INFO] PluginManage:310 - Check plugin userauth
2025-07-18 08:53:32,161 [INFO] UserAuth:118 - Init User Auth plugin
2025-07-18 08:53:32,165 [INFO] PluginManage:359 - Loaded plugin userauth (category:base,tabindex:14)
2025-07-18 08:53:32,167 [INFO] PluginManage:283 - PluginManage : Loaded plugins [18]
2025-07-18 08:53:32,496 [INFO] PinOutPanel:1589 - setPackage(No Configuration,No Configuration)
2025-07-18 08:53:32,638 [INFO] CADModel:165 - CPN selected for project level
2025-07-18 08:53:32,639 [INFO] CADModel:114 - Register for checkConnection events
2025-07-18 08:53:32,666 [INFO] IPUIPlugin:80 - create IPUIPlugin
2025-07-18 08:53:32,667 [INFO] PluginManager:220 - loadIPPluginJar : add adc
2025-07-18 08:53:32,670 [INFO] IPUIPlugin:80 - create IPUIPlugin
2025-07-18 08:53:32,670 [INFO] PluginManager:220 - loadIPPluginJar : add aes
2025-07-18 08:53:32,674 [INFO] IPUIPlugin:80 - create IPUIPlugin
2025-07-18 08:53:32,674 [INFO] PluginManager:220 - loadIPPluginJar : add can
2025-07-18 08:53:32,678 [INFO] IPUIPlugin:80 - create IPUIPlugin
2025-07-18 08:53:32,678 [INFO] PluginManager:220 - loadIPPluginJar : add comp
2025-07-18 08:53:32,681 [INFO] IPUIPlugin:80 - create IPUIPlugin
2025-07-18 08:53:32,681 [INFO] PluginManager:220 - loadIPPluginJar : add cryp
2025-07-18 08:53:32,686 [INFO] IPUIPlugin:80 - create IPUIPlugin
2025-07-18 08:53:32,686 [INFO] PluginManager:220 - loadIPPluginJar : add ddr_ctrl_phy
2025-07-18 08:53:32,690 [INFO] IPUIPlugin:80 - create IPUIPlugin
2025-07-18 08:53:32,690 [INFO] PluginManager:220 - loadIPPluginJar : add dfsdm
2025-07-18 08:53:32,699 [INFO] IPUIPlugin:80 - create IPUIPlugin
2025-07-18 08:53:32,700 [INFO] PluginManager:220 - loadIPPluginJar : add dma
2025-07-18 08:53:32,705 [INFO] IPUIPlugin:80 - create IPUIPlugin
2025-07-18 08:53:32,705 [INFO] PluginManager:220 - loadIPPluginJar : add dma3
2025-07-18 08:53:32,709 [INFO] IPUIPlugin:80 - create IPUIPlugin
2025-07-18 08:53:32,710 [INFO] PluginManager:220 - loadIPPluginJar : add extmemmanager
2025-07-18 08:53:32,713 [INFO] IPUIPlugin:80 - create IPUIPlugin
2025-07-18 08:53:32,713 [INFO] PluginManager:220 - loadIPPluginJar : add fatfs
2025-07-18 08:53:32,719 [INFO] IPUIPlugin:80 - create IPUIPlugin
2025-07-18 08:53:32,719 [INFO] PluginManager:220 - loadIPPluginJar : add fmc
2025-07-18 08:53:32,726 [INFO] IPUIPlugin:80 - create IPUIPlugin
2025-07-18 08:53:32,727 [INFO] PluginManager:220 - loadIPPluginJar : add freertos
2025-07-18 08:53:32,730 [INFO] IPUIPlugin:80 - create IPUIPlugin
2025-07-18 08:53:32,730 [INFO] PluginManager:220 - loadIPPluginJar : add genericplugin
2025-07-18 08:53:32,733 [INFO] IPUIPlugin:80 - create IPUIPlugin
2025-07-18 08:53:32,733 [INFO] PluginManager:220 - loadIPPluginJar : add gfxmmu
2025-07-18 08:53:32,739 [INFO] IPUIPlugin:80 - create IPUIPlugin
2025-07-18 08:53:32,739 [INFO] PluginManager:220 - loadIPPluginJar : add gic
2025-07-18 08:53:32,746 [INFO] IPUIPlugin:80 - create IPUIPlugin
2025-07-18 08:53:32,746 [INFO] PluginManager:220 - loadIPPluginJar : add gpio
2025-07-18 08:53:32,751 [INFO] IPUIPlugin:80 - create IPUIPlugin
2025-07-18 08:53:32,751 [INFO] PluginManager:220 - loadIPPluginJar : add gtzc
2025-07-18 08:53:32,755 [INFO] IPUIPlugin:80 - create IPUIPlugin
2025-07-18 08:53:32,756 [INFO] PluginManager:220 - loadIPPluginJar : add hash
2025-07-18 08:53:32,761 [INFO] IPUIPlugin:80 - create IPUIPlugin
2025-07-18 08:53:32,761 [INFO] PluginManager:220 - loadIPPluginJar : add i2c
2025-07-18 08:53:32,765 [INFO] IPUIPlugin:80 - create IPUIPlugin
2025-07-18 08:53:32,765 [INFO] PluginManager:220 - loadIPPluginJar : add i2s
2025-07-18 08:53:32,769 [INFO] IPUIPlugin:80 - create IPUIPlugin
2025-07-18 08:53:32,770 [INFO] PluginManager:220 - loadIPPluginJar : add i3c
2025-07-18 08:53:32,774 [INFO] IPUIPlugin:80 - create IPUIPlugin
2025-07-18 08:53:32,774 [INFO] PluginManager:220 - loadIPPluginJar : add ipddr
2025-07-18 08:53:32,785 [INFO] IPUIPlugin:80 - create IPUIPlugin
2025-07-18 08:53:32,786 [INFO] PluginManager:220 - loadIPPluginJar : add linkedlist
2025-07-18 08:53:32,792 [INFO] IPUIPlugin:80 - create IPUIPlugin
2025-07-18 08:53:32,792 [INFO] PluginManager:220 - loadIPPluginJar : add lorawan
2025-07-18 08:53:32,796 [INFO] IPUIPlugin:80 - create IPUIPlugin
2025-07-18 08:53:32,796 [INFO] PluginManager:220 - loadIPPluginJar : add ltdc
2025-07-18 08:53:32,808 [INFO] IPUIPlugin:80 - create IPUIPlugin
2025-07-18 08:53:32,808 [INFO] PluginManager:220 - loadIPPluginJar : add mdma
2025-07-18 08:53:32,814 [INFO] IPUIPlugin:80 - create IPUIPlugin
2025-07-18 08:53:32,814 [INFO] PluginManager:220 - loadIPPluginJar : add nvic
2025-07-18 08:53:32,819 [INFO] IPUIPlugin:80 - create IPUIPlugin
2025-07-18 08:53:32,820 [INFO] PluginManager:220 - loadIPPluginJar : add opamp
2025-07-18 08:53:32,826 [INFO] IPUIPlugin:80 - create IPUIPlugin
2025-07-18 08:53:32,826 [INFO] PluginManager:220 - loadIPPluginJar : add openamp
2025-07-18 08:53:32,831 [INFO] IPUIPlugin:80 - create IPUIPlugin
2025-07-18 08:53:32,831 [INFO] PluginManager:220 - loadIPPluginJar : add pdm2pcm
2025-07-18 08:53:32,839 [INFO] IPUIPlugin:80 - create IPUIPlugin
2025-07-18 08:53:32,844 [INFO] PluginManager:220 - loadIPPluginJar : add plateformsettings
2025-07-18 08:53:32,847 [INFO] IPUIPlugin:80 - create IPUIPlugin
2025-07-18 08:53:32,847 [INFO] PluginManager:220 - loadIPPluginJar : add quadspi
2025-07-18 08:53:32,850 [INFO] IPUIPlugin:80 - create IPUIPlugin
2025-07-18 08:53:32,851 [INFO] PluginManager:220 - loadIPPluginJar : add radio
2025-07-18 08:53:32,857 [INFO] IPUIPlugin:80 - create IPUIPlugin
2025-07-18 08:53:32,857 [INFO] PluginManager:220 - loadIPPluginJar : add resmgrutility
2025-07-18 08:53:32,867 [INFO] IPUIPlugin:80 - create IPUIPlugin
2025-07-18 08:53:32,867 [INFO] PluginManager:220 - loadIPPluginJar : add sai
2025-07-18 08:53:32,872 [INFO] IPUIPlugin:80 - create IPUIPlugin
2025-07-18 08:53:32,873 [INFO] PluginManager:220 - loadIPPluginJar : add spi
2025-07-18 08:53:32,886 [INFO] IPUIPlugin:80 - create IPUIPlugin
2025-07-18 08:53:32,886 [INFO] PluginManager:220 - loadIPPluginJar : add stm32_wpan
2025-07-18 08:53:32,890 [INFO] IPUIPlugin:80 - create IPUIPlugin
2025-07-18 08:53:32,890 [INFO] PluginManager:220 - loadIPPluginJar : add tim
2025-07-18 08:53:32,897 [INFO] IPUIPlugin:80 - create IPUIPlugin
2025-07-18 08:53:32,897 [INFO] PluginManager:220 - loadIPPluginJar : add touchsensing
2025-07-18 08:53:32,902 [INFO] IPUIPlugin:80 - create IPUIPlugin
2025-07-18 08:53:32,902 [INFO] PluginManager:220 - loadIPPluginJar : add tracer_emb
2025-07-18 08:53:32,905 [INFO] IPUIPlugin:80 - create IPUIPlugin
2025-07-18 08:53:32,905 [INFO] PluginManager:220 - loadIPPluginJar : add ts
2025-07-18 08:53:32,908 [INFO] IPUIPlugin:80 - create IPUIPlugin
2025-07-18 08:53:32,908 [INFO] PluginManager:220 - loadIPPluginJar : add tsc
2025-07-18 08:53:32,912 [INFO] IPUIPlugin:80 - create IPUIPlugin
2025-07-18 08:53:32,912 [INFO] PluginManager:220 - loadIPPluginJar : add ucpd
2025-07-18 08:53:32,916 [INFO] IPUIPlugin:80 - create IPUIPlugin
2025-07-18 08:53:32,917 [INFO] PluginManager:220 - loadIPPluginJar : add usart
2025-07-18 08:53:32,923 [INFO] IPUIPlugin:80 - create IPUIPlugin
2025-07-18 08:53:32,923 [INFO] PluginManager:220 - loadIPPluginJar : add usbx
2025-07-18 08:53:33,123 [FATAL] Updater:351 - Updater called before beeing initialized
2025-07-18 08:53:33,202 [INFO] RulesReader:64 - Compatibility file has been processed (301 Rules)
2025-07-18 08:53:33,217 [INFO] RulesReader:64 - Compatibility file has been processed (301 Rules)
2025-07-18 08:53:33,233 [INFO] CADModel:165 - CPN selected for project level
2025-07-18 08:53:33,233 [INFO] CADModel:114 - Register for checkConnection events
2025-07-18 08:53:33,233 [FATAL] Updater:351 - Updater called before beeing initialized
2025-07-18 08:53:33,233 [ERROR] CADModel:125 - Updater not yet initialized, retry later 
2025-07-18 08:53:33,523 [FATAL] Updater:351 - Updater called before beeing initialized
2025-07-18 08:53:33,527 [INFO] CADModel:165 - CPN selected for project level
2025-07-18 08:53:33,528 [INFO] CADModel:114 - Register for checkConnection events
2025-07-18 08:53:33,528 [FATAL] Updater:351 - Updater called before beeing initialized
2025-07-18 08:53:33,528 [ERROR] CADModel:125 - Updater not yet initialized, retry later 
2025-07-18 08:53:33,533 [FATAL] Updater:351 - Updater called before beeing initialized
2025-07-18 08:53:33,746 [FATAL] Updater:351 - Updater called before beeing initialized
2025-07-18 08:53:33,753 [INFO] DbMcusAds:53 - JSON generation date=Thu Jun 19 14:02:37 IST 2025 (1750321957418)
2025-07-18 08:53:33,753 [FATAL] Updater:351 - Updater called before beeing initialized
2025-07-18 08:53:33,807 [WARN] DetailPanel:346 - Failed to get advertising image, set to default
2025-07-18 08:53:34,252 [FATAL] Updater:351 - Updater called before beeing initialized
2025-07-18 08:53:34,254 [FATAL] Updater:351 - Updater called before beeing initialized
2025-07-18 08:53:34,254 [FATAL] Updater:351 - Updater called before beeing initialized
2025-07-18 08:53:34,254 [WARN] DetailPanel:346 - Failed to get advertising image, set to default
2025-07-18 08:53:34,255 [FATAL] Updater:351 - Updater called before beeing initialized
2025-07-18 08:53:34,336 [ERROR] Updater:1198 - MainUpdater not yet initialized. External WinMGr cannot be set.
2025-07-18 08:53:34,339 [INFO] Updater:1134 - Updater Version found : 6.14.0
2025-07-18 08:53:34,373 [INFO] ApplicationProperties:184 - Using Application install path: C:\ST\STM32CubeIDE_1.16.0\STM32CubeIDE\plugins\com.st.stm32cube.common.mx_6.14.0.202502271554
2025-07-18 08:53:34,849 [INFO] ThirdPartyUpdaterWithRetryManager:70 - Updater plugin not ready yet. [2/15]
2025-07-18 08:53:35,964 [ERROR] LogOutputStream:75 - [STDERR_REDIRECT] Jul 18, 2025 8:53:35 AM java.util.prefs.WindowsPreferences <init>
2025-07-18 08:53:35,966 [ERROR] LogOutputStream:75 - [STDERR_REDIRECT] WARNING: Could not open/create prefs root node Software\JavaSoft\Prefs at root 0xffffffff80000002. Windows RegCreateKeyEx(...) returned error code 5.
2025-07-18 08:53:35,966 [ERROR] LogOutputStream:75 - [STDERR_REDIRECT] 
2025-07-18 08:53:36,828 [INFO] MainUpdater:2872 - connection check result : 10
2025-07-18 08:53:36,829 [INFO] MainUpdater:289 - Updater Check For Update Now.
2025-07-18 08:53:36,829 [INFO] MicroXplorer:498 - Change Database Version : DB.6.0.140
2025-07-18 08:53:36,841 [INFO] McuFinderGlobals:63 - Set McuFinder mode to 2 (CubeIDE integrated)
2025-07-18 08:53:36,842 [INFO] UserAuth:486 - Internet connection configuration mode: 1
2025-07-18 08:53:36,890 [INFO] JxBrowserEngine:152 - Initiate JxBrowser Engine with user profile folder
2025-07-18 08:53:37,103 [INFO] CheckServerUpdateThread:120 - End of CheckServer Thread
2025-07-18 08:53:38,634 [INFO] WebApp:169 - Instantiating new browser for Auth
2025-07-18 08:53:39,163 [WARN] PackLoader:240 - Cannot read IP mode file for STMicroelectronics.FP-SNS-MOTENVWB1.1.4.0
2025-07-18 08:53:39,228 [WARN] PackLoader:240 - Cannot read IP mode file for STMicroelectronics.FP-ATR-ASTRA1.2.0.2
2025-07-18 08:53:39,266 [WARN] PackLoader:240 - Cannot read IP mode file for STMicroelectronics.FP-ATR-ASTRA1.2.0.1
2025-07-18 08:53:39,329 [WARN] PackLoader:240 - Cannot read IP mode file for STMicroelectronics.X-CUBE-SMBUS.2.1.0
2025-07-18 08:53:39,367 [WARN] PackLoader:240 - Cannot read IP mode file for STMicroelectronics.X-CUBE-WB05N.1.1.0
2025-07-18 08:53:39,402 [WARN] PackLoader:240 - Cannot read IP mode file for STMicroelectronics.X-CUBE-ST60.1.0.0
2025-07-18 08:53:39,504 [WARN] PackLoader:240 - Cannot read IP mode file for STMicroelectronics.X-CUBE-AZRTOS-F7.1.1.0
2025-07-18 08:53:39,731 [WARN] PackLoader:240 - Cannot read IP mode file for STMicroelectronics.X-CUBE-MEMS1.11.0.0
2025-07-18 08:53:40,317 [WARN] PackLoader:240 - Cannot read IP mode file for STMicroelectronics.FP-SNS-FLIGHT1.5.0.2
2025-07-18 08:53:40,440 [WARN] PackLoader:240 - Cannot read IP mode file for STMicroelectronics.X-CUBE-AZRTOS-H7.3.4.0
2025-07-18 08:53:40,502 [WARN] PackLoader:240 - Cannot read IP mode file for STMicroelectronics.X-CUBE-DISPLAY.3.0.0
2025-07-18 08:53:40,553 [WARN] PackLoader:240 - Cannot read IP mode file for STMicroelectronics.X-CUBE-BLE1.7.0.0
2025-07-18 08:53:40,602 [WARN] PackLoader:240 - Cannot read IP mode file for STMicroelectronics.X-CUBE-NFC10.1.0.0
2025-07-18 08:53:40,671 [WARN] PackLoader:240 - Cannot read IP mode file for STMicroelectronics.X-CUBE-BLEMGR.4.0.0
2025-07-18 08:53:40,771 [WARN] PackLoader:240 - Cannot read IP mode file for emotas.I-CUBE-CANOPEN.1.3.0
2025-07-18 08:53:40,840 [WARN] PackLoader:240 - Cannot read IP mode file for STMicroelectronics.X-CUBE-BLEMGR.3.1.0
2025-07-18 08:53:40,898 [WARN] PackLoader:240 - Cannot read IP mode file for STMicroelectronics.X-CUBE-AI.10.0.0
2025-07-18 08:53:40,946 [WARN] PackLoader:240 - Cannot read IP mode file for STMicroelectronics.FP-SNS-SMARTAG2.1.2.0
2025-07-18 08:53:40,987 [WARN] PackLoader:240 - Cannot read IP mode file for STMicroelectronics.FP-SNS-FLIGHT1.5.1.0
2025-07-18 08:53:41,203 [WARN] PackLoader:240 - Cannot read IP mode file for STMicroelectronics.X-CUBE-MEMS1.11.1.0
2025-07-18 08:53:41,631 [INFO] LogOutputStream:77 - [STDOUT_REDIRECT] 1 : Invalid condition id : UX_CORESTACK_Condition cause : null
2025-07-18 08:53:41,635 [INFO] LogOutputStream:77 - [STDOUT_REDIRECT] 1 : Invalid condition id : UX_CORESTACK_Condition cause : null
2025-07-18 08:53:41,640 [INFO] LogOutputStream:77 - [STDOUT_REDIRECT] 1 : Invalid condition id : UX_CORESTACK_Condition cause : null
2025-07-18 08:53:41,649 [INFO] LogOutputStream:77 - [STDOUT_REDIRECT] 1 : Invalid condition id : UX_CORESTACK_Condition cause : null
2025-07-18 08:53:41,655 [INFO] LogOutputStream:77 - [STDOUT_REDIRECT] 1 : Invalid condition id : UX_CORESTACK_Condition cause : null
2025-07-18 08:53:41,667 [WARN] PackLoader:240 - Cannot read IP mode file for STMicroelectronics.X-CUBE-AZRTOS-WL.2.0.0
2025-07-18 08:53:41,773 [WARN] PackLoader:240 - Cannot read IP mode file for STMicroelectronics.FP-SNS-MOTENV1.5.0.0
2025-07-18 08:53:41,826 [WARN] PackLoader:240 - Cannot read IP mode file for wolfSSL.I-CUBE-wolfMQTT.1.19.0
2025-07-18 08:53:41,890 [WARN] PackLoader:240 - Cannot read IP mode file for WES.I-CUBE-Cesium.1.3.0
2025-07-18 08:53:41,944 [WARN] PackLoader:240 - Cannot read IP mode file for STMicroelectronics.X-CUBE-BLE2.3.3.0
2025-07-18 08:53:42,000 [WARN] PackLoader:240 - Cannot read IP mode file for STMicroelectronics.X-CUBE-NFC9.1.0.0
2025-07-18 08:53:42,049 [WARN] PackLoader:240 - Cannot read IP mode file for STMicroelectronics.X-CUBE-BLE1.7.1.0
2025-07-18 08:53:42,100 [WARN] PackLoader:240 - Cannot read IP mode file for STMicroelectronics.X-CUBE-TCPP.4.1.0
2025-07-18 08:53:42,166 [WARN] PackLoader:240 - Cannot read IP mode file for STMicroelectronics.X-CUBE-EEPRMA1.5.2.0
2025-07-18 08:53:42,212 [WARN] PackLoader:240 - Cannot read IP mode file for STMicroelectronics.X-CUBE-AI.10.1.0
2025-07-18 08:53:42,464 [WARN] PackLoader:240 - Cannot read IP mode file for STMicroelectronics.X-CUBE-MEMS1.11.2.0
2025-07-18 08:53:43,017 [WARN] PackLoader:240 - Cannot read IP mode file for STMicroelectronics.X-CUBE-AZRTOS-G0.1.1.0
2025-07-18 08:53:43,089 [WARN] PackLoader:240 - Cannot read IP mode file for STMicroelectronics.X-CUBE-SAFEA1.1.2.2
2025-07-18 08:53:43,152 [WARN] PackLoader:240 - Cannot read IP mode file for STMicroelectronics.X-CUBE-NFC4.3.0.0
2025-07-18 08:53:43,222 [WARN] PackLoader:240 - Cannot read IP mode file for EmbeddedOffice.I-CUBE-FS-RTOS.1.0.1
2025-07-18 08:53:43,279 [WARN] PackLoader:240 - Cannot read IP mode file for STMicroelectronics.X-CUBE-WB05N.2.0.0
2025-07-18 08:53:43,338 [WARN] PackLoader:240 - Cannot read IP mode file for STMicroelectronics.X-CUBE-TCPP.4.2.0
2025-07-18 08:53:43,396 [WARN] PackLoader:240 - Cannot read IP mode file for RealThread.X-CUBE-RT-Thread_Nano.4.1.1
2025-07-18 08:53:43,448 [WARN] PackLoader:240 - Cannot read IP mode file for STMicroelectronics.FP-ATR-SIGFOX1.3.2.0
2025-07-18 08:53:43,488 [INFO] WebApp:463 - Apply proxy settings
2025-07-18 08:53:43,489 [INFO] WebApp:548 - Chromium requires no authentication
2025-07-18 08:53:43,505 [WARN] PackLoader:240 - Cannot read IP mode file for wolfSSL.I-CUBE-wolfSSL.5.7.2
2025-07-18 08:53:43,558 [WARN] ConditionMgr:438 - getConditionDescription Invalid condition id : Cortex-A Device cause : null
2025-07-18 08:53:43,568 [INFO] WebApp:491 - Direct internet connection detected
2025-07-18 08:53:43,723 [WARN] ConditionMgr:1044 - genDependencies : Invalid condition id : Cortex-A Device cause : null
2025-07-18 08:53:43,723 [WARN] ConditionMgr:1044 - genDependencies : Invalid condition id : Cortex-A Device cause : null
2025-07-18 08:53:43,724 [WARN] ConditionMgr:1044 - genDependencies : Invalid condition id : Cortex-A Device cause : null
2025-07-18 08:53:43,773 [WARN] PackLoader:240 - Cannot read IP mode file for STMicroelectronics.X-CUBE-EEPRMA1.5.1.0
2025-07-18 08:53:43,844 [WARN] PackLoader:240 - Cannot read IP mode file for ITTIA_DB.I-CUBE-ITTIADB.8.9.0
2025-07-18 08:53:43,892 [INFO] WebApp:894 - Register for checkConnection events
2025-07-18 08:53:43,893 [INFO] WebApp:463 - Apply proxy settings
2025-07-18 08:53:43,894 [INFO] WebApp:548 - Chromium requires no authentication
2025-07-18 08:53:43,896 [INFO] WebApp:491 - Direct internet connection detected
2025-07-18 08:53:43,903 [WARN] PackLoader:240 - Cannot read IP mode file for STMicroelectronics.X-CUBE-ST67W61.1.0.0
2025-07-18 08:53:44,041 [WARN] PackLoader:240 - Cannot read IP mode file for SEGGER.I-CUBE-embOS.1.3.1
2025-07-18 08:53:44,215 [WARN] PackLoader:240 - Cannot read IP mode file for STMicroelectronics.X-CUBE-ALGOBUILD.1.4.0
2025-07-18 08:53:44,421 [WARN] PackLoader:240 - Cannot read IP mode file for STMicroelectronics.X-CUBE-MEMS1.11.3.0
2025-07-18 08:53:44,843 [WARN] PackLoader:240 - Cannot read IP mode file for STMicroelectronics.X-CUBE-AI.9.1.0
2025-07-18 08:53:44,897 [WARN] PackLoader:240 - Cannot read IP mode file for STMicroelectronics.X-CUBE-PM33A1.1.0.0
2025-07-18 08:53:45,052 [WARN] PackLoader:240 - Cannot read IP mode file for STMicroelectronics.X-CUBE-GNSS1.6.0.0
2025-07-18 08:53:45,466 [WARN] PackLoader:240 - Cannot read IP mode file for STMicroelectronics.X-CUBE-AZRTOS-F4.1.1.0
2025-07-18 08:53:45,525 [WARN] PackLoader:240 - Cannot read IP mode file for Avnet-IotConnect.X-CUBE-IoTC-DA16k-PMOD.1.0.0
2025-07-18 08:53:45,571 [WARN] PackLoader:240 - Cannot read IP mode file for STMicroelectronics.X-CUBE-ISPU.2.1.0
2025-07-18 08:53:45,572 [INFO] WebApp:225 - Starting web application
2025-07-18 08:53:45,572 [INFO] WebApp:593 - Web application path used C:\ST\STM32CubeIDE_1.16.0\STM32CubeIDE\plugins\com.st.stm32cube.common.mx_6.14.0.202502271554\db\plugins\mcufinder\reactClient1\index.html
2025-07-18 08:53:45,620 [WARN] PackLoader:240 - Cannot read IP mode file for STMicroelectronics.X-CUBE-FREERTOS.1.2.0
2025-07-18 08:53:45,683 [WARN] PackLoader:240 - Cannot read IP mode file for STMicroelectronics.X-CUBE-NFC12.1.0.0
2025-07-18 08:53:45,744 [INFO] WebApp:191 - Connection restablished
2025-07-18 08:53:45,799 [WARN] PackLoader:240 - Cannot read IP mode file for STMicroelectronics.X-CUBE-AZRTOS-L5.2.0.0
2025-07-18 08:53:45,883 [WARN] PackLoader:240 - Cannot read IP mode file for STMicroelectronics.X-CUBE-NFC6.3.1.0
2025-07-18 08:53:45,937 [WARN] PackLoader:240 - Cannot read IP mode file for STMicroelectronics.X-CUBE-DPower.1.2.0
2025-07-18 08:53:45,987 [WARN] PackLoader:240 - Cannot read IP mode file for STMicroelectronics.X-CUBE-AI.9.0.0
2025-07-18 08:53:46,044 [WARN] PackLoader:240 - Cannot read IP mode file for STMicroelectronics.X-CUBE-FREERTOS.1.3.1
2025-07-18 08:53:46,087 [WARN] PackLoader:240 - Cannot read IP mode file for STMicroelectronics.X-CUBE-FREERTOS.1.3.0
2025-07-18 08:53:46,131 [WARN] PackLoader:240 - Cannot read IP mode file for STMicroelectronics.X-CUBE-NFC7.1.0.1
2025-07-18 08:53:46,179 [WARN] PackLoader:240 - Cannot read IP mode file for wolfSSL.I-CUBE-wolfTPM.3.2.0
2025-07-18 08:53:46,228 [WARN] PackLoader:240 - Cannot read IP mode file for STMicroelectronics.FP-SNS-STAIOTCFT.1.0.0
2025-07-18 08:53:46,276 [WARN] PackLoader:240 - Cannot read IP mode file for STMicroelectronics.X-CUBE-DPower.1.3.0
2025-07-18 08:53:46,386 [WARN] ConditionMgr:438 - getConditionDescription Invalid condition id : LAN8742 Phy interface Condition cause : null
2025-07-18 08:53:46,388 [WARN] PackLoader:240 - Cannot read IP mode file for STMicroelectronics.X-CUBE-AZRTOS-L4.2.0.0
2025-07-18 08:53:46,392 [WARN] ConditionMgr:1044 - genDependencies : Invalid condition id : LAN8742 Phy interface Condition cause : null
2025-07-18 08:53:46,393 [WARN] ConditionMgr:1044 - genDependencies : Invalid condition id : LAN8742 Phy interface Condition cause : null
2025-07-18 08:53:46,394 [WARN] ConditionMgr:1044 - genDependencies : Invalid condition id : LAN8742 Phy interface Condition cause : null
2025-07-18 08:53:46,471 [WARN] PackLoader:240 - Cannot read IP mode file for STMicroelectronics.X-CUBE-SFXS2LP1.4.0.0
2025-07-18 08:53:46,472 [INFO] UserAuth:486 - Internet connection configuration mode: 1
2025-07-18 08:53:46,621 [WARN] PackLoader:240 - Cannot read IP mode file for STMicroelectronics.X-CUBE-AZRTOS-H7.3.3.0
2025-07-18 08:53:46,707 [WARN] PackLoader:240 - Cannot read IP mode file for STMicroelectronics.X-CUBE-IPS.3.0.0
2025-07-18 08:53:46,806 [WARN] ConditionMgr:438 - getConditionDescription Invalid condition id : UX DEVICE CLASS RTOS Condition cause : null
2025-07-18 08:53:46,806 [WARN] ConditionMgr:438 - getConditionDescription Invalid condition id : UX DEVICE CLASS RTOS Condition cause : null
2025-07-18 08:53:46,814 [WARN] PackLoader:240 - Cannot read IP mode file for STMicroelectronics.X-CUBE-AZRTOS-WB.2.0.0
2025-07-18 08:53:46,816 [WARN] ConditionMgr:1044 - genDependencies : Invalid condition id : UX DEVICE CLASS RTOS Condition cause : null
2025-07-18 08:53:46,816 [WARN] ConditionMgr:1044 - genDependencies : Invalid condition id : UX DEVICE CLASS RTOS Condition cause : null
2025-07-18 08:53:46,818 [WARN] ConditionMgr:1044 - genDependencies : Invalid condition id : UX DEVICE CLASS RTOS Condition cause : null
2025-07-18 08:53:46,819 [WARN] ConditionMgr:1044 - genDependencies : Invalid condition id : UX DEVICE CLASS RTOS Condition cause : null
2025-07-18 08:53:46,820 [WARN] ConditionMgr:1044 - genDependencies : Invalid condition id : UX DEVICE CLASS RTOS Condition cause : null
2025-07-18 08:53:46,873 [WARN] PackLoader:240 - Cannot read IP mode file for STMicroelectronics.X-CUBE-GNSS1.7.0.0
2025-07-18 08:53:46,934 [WARN] PackLoader:240 - Cannot read IP mode file for STMicroelectronics.X-CUBE-GNSS1.7.0.1
2025-07-18 08:53:46,984 [WARN] PackLoader:240 - Cannot read IP mode file for STMicroelectronics.X-CUBE-TOUCHGFX.4.25.0
2025-07-18 08:53:47,038 [WARN] PackLoader:240 - Cannot read IP mode file for STMicroelectronics.FP-SNS-STBOX1.2.0.0
2025-07-18 08:53:47,122 [WARN] PackLoader:240 - Cannot read IP mode file for STMicroelectronics.X-CUBE-SUBG2.5.0.0
2025-07-18 08:53:47,241 [WARN] PackLoader:240 - Cannot read IP mode file for STMicroelectronics.X-CUBE-AZRTOS-H7RS.1.1.0
2025-07-18 08:53:47,298 [WARN] PackLoader:240 - Cannot read IP mode file for Cesanta.I-CUBE-Mongoose.7.13.0
2025-07-18 08:53:47,390 [WARN] PackLoader:240 - Cannot read IP mode file for STMicroelectronics.X-CUBE-AZRTOS-G4.2.0.0
2025-07-18 08:53:47,445 [WARN] PackLoader:240 - Cannot read IP mode file for STMicroelectronics.X-CUBE-NFC7.2.0.0
2025-07-18 08:53:47,489 [WARN] PackLoader:240 - Cannot read IP mode file for STMicroelectronics.X-CUBE-ISPU.2.0.0
2025-07-18 08:53:47,528 [WARN] PackLoader:240 - Cannot read IP mode file for STMicroelectronics.X-CUBE-IPS.3.1.0
2025-07-18 08:53:47,568 [WARN] PackLoader:240 - Cannot read IP mode file for STMicroelectronics.X-CUBE-ALS.1.0.2
2025-07-18 08:53:47,686 [WARN] PackLoader:240 - Cannot read IP mode file for STMicroelectronics.X-CUBE-MEMS1.10.0.0
2025-07-18 08:53:47,979 [WARN] PackLoader:240 - Cannot read IP mode file for STMicroelectronics.X-CUBE-TOUCHGFX.4.24.0
2025-07-18 08:53:48,036 [WARN] PackLoader:240 - Cannot read IP mode file for STMicroelectronics.X-CUBE-TOUCHGFX.4.24.2
2025-07-18 08:53:48,095 [WARN] PackLoader:240 - Cannot read IP mode file for STMicroelectronics.X-CUBE-TOUCHGFX.4.24.1
2025-07-18 08:53:48,155 [WARN] PackLoader:240 - Cannot read IP mode file for portGmbH.I-Cube-SoM-uGOAL.1.1.0
2025-07-18 08:53:48,288 [WARN] PackLoader:240 - Cannot read IP mode file for STMicroelectronics.X-CUBE-AZRTOS-H7RS.1.0.0
2025-07-18 08:53:48,353 [WARN] PackLoader:240 - Cannot read IP mode file for STMicroelectronics.FP-ATR-ASTRA1.2.0.0
2025-07-18 08:53:48,440 [WARN] PackLoader:240 - Cannot read IP mode file for STMicroelectronics.X-CUBE-TOF1.3.4.2
2025-07-18 08:53:48,531 [WARN] PackLoader:240 - Cannot read IP mode file for STMicroelectronics.X-CUBE-TOF1.3.4.3
2025-07-18 08:53:48,666 [WARN] PackLoader:240 - Cannot read IP mode file for STMicroelectronics.X-CUBE-AZRTOS-H7.3.2.0
2025-07-18 08:53:48,753 [WARN] PackLoader:240 - Cannot read IP mode file for Infineon.AIROC-Wi-Fi-Bluetooth-STM32.1.6.0
2025-07-18 08:53:48,805 [WARN] PackLoader:240 - Cannot read IP mode file for wolfSSL.I-CUBE-wolfSSH.1.4.17
2025-07-18 08:53:48,807 [INFO] ThirdParty:978 - Integrity check success = true
2025-07-18 08:53:48,807 [INFO] IntegrityCheckThread:100 - exiting critical section [integrity check]
2025-07-18 08:53:48,809 [INFO] IntegrityCheckThread:103 - End integrity checks thread
2025-07-18 09:45:28,993 [INFO] WebApp:194 - Connection lost
2025-07-18 09:45:30,178 [INFO] WebApp:191 - Connection restablished
2025-07-18 09:45:33,311 [INFO] WebApp:194 - Connection lost
2025-07-18 09:45:33,589 [INFO] WebApp:191 - Connection restablished
2025-07-18 09:48:34,145 [INFO] WebApp:194 - Connection lost
2025-07-18 09:48:48,108 [INFO] WebApp:191 - Connection restablished
2025-07-18 10:25:09,542 [INFO] WebApp:194 - Connection lost
2025-07-18 10:25:10,007 [INFO] WebApp:191 - Connection restablished
2025-07-18 10:25:13,841 [INFO] WebApp:194 - Connection lost
2025-07-18 10:25:14,129 [INFO] WebApp:191 - Connection restablished
2025-07-18 12:11:15,111 [INFO] WebApp:194 - Connection lost
2025-07-18 12:11:15,947 [INFO] WebApp:191 - Connection restablished
2025-07-18 12:11:21,291 [INFO] WebApp:194 - Connection lost
2025-07-18 12:11:21,763 [INFO] WebApp:191 - Connection restablished
2025-07-18 12:18:00,598 [INFO] WebApp:194 - Connection lost
2025-07-18 12:18:05,504 [INFO] WebApp:191 - Connection restablished
2025-07-18 13:08:31,003 [INFO] WebApp:194 - Connection lost
2025-07-18 13:08:33,629 [INFO] WebApp:191 - Connection restablished
2025-07-18 13:08:37,298 [INFO] WebApp:194 - Connection lost
2025-07-18 13:08:38,328 [INFO] WebApp:191 - Connection restablished
2025-07-18 13:47:03,804 [INFO] WebApp:194 - Connection lost
2025-07-18 13:47:04,367 [INFO] WebApp:191 - Connection restablished
2025-07-18 13:47:07,833 [INFO] WebApp:194 - Connection lost
2025-07-18 13:47:08,200 [INFO] WebApp:191 - Connection restablished
2025-07-18 16:11:07,905 [INFO] WebApp:194 - Connection lost
2025-07-18 16:11:29,868 [INFO] WebApp:191 - Connection restablished
2025-07-18 16:11:31,316 [INFO] WebApp:194 - Connection lost
2025-07-18 16:11:31,545 [INFO] WebApp:191 - Connection restablished
2025-07-18 16:11:34,297 [INFO] WebApp:194 - Connection lost
2025-07-18 16:11:34,497 [INFO] WebApp:191 - Connection restablished
2025-07-18 16:13:20,298 [INFO] WebApp:194 - Connection lost
2025-07-18 16:13:20,710 [INFO] WebApp:191 - Connection restablished
2025-07-18 16:14:32,835 [INFO] WebApp:194 - Connection lost
2025-07-18 16:14:33,185 [INFO] WebApp:191 - Connection restablished
2025-07-18 17:58:15,079 [ERROR] LogOutputStream:75 - [STDERR_REDIRECT] 
2025-07-18 17:58:15,079 [ERROR] LogOutputStream:75 - [STDERR_REDIRECT] 
2025-07-18 17:59:19,528 [INFO] Activator:176 - 


2025-07-18 17:59:19,532 [INFO] Activator:177 - !SESSION log4j initialized
2025-07-18 17:59:31,187 [INFO] LogOutputStream:77 - [STDOUT_REDIRECT] 
2025-07-18 17:59:33,161 [INFO] ApplicationProperties:184 - Using Application install path: C:\ST\STM32CubeIDE_1.16.0\STM32CubeIDE\plugins\com.st.stm32cube.common.mx_6.14.0.202502271554
2025-07-18 17:59:33,221 [INFO] DbMcusXml:78 - Set database path to: C:\ST\STM32CubeIDE_1.16.0\STM32CubeIDE\plugins\com.st.stm32cube.common.mx_6.14.0.202502271554\\db\/mcu/
2025-07-18 17:59:33,222 [INFO] ApiDb:274 - Set plugin database path to: C:\ST\STM32CubeIDE_1.16.0\STM32CubeIDE\plugins\com.st.stm32cube.common.mx_6.14.0.202502271554\\db\/plugins/boardmanager/
2025-07-18 17:59:33,222 [WARN] ApiDb:259 - Overriding images path with different value:  => C:\ST\STM32CubeIDE_1.16.0\STM32CubeIDE\plugins\com.st.stm32cube.common.mx_6.14.0.202502271554\\db\/plugins/mcufinder/images/
2025-07-18 17:59:33,246 [INFO] ApiDb:250 - Set database path to: C:\Users\hashara\.stmcufinder\plugins\mcufinder//mcu/
2025-07-18 17:59:33,249 [INFO] DbMcusAds:125 - Set database path to: C:\Users\hashara\.stmcufinder\plugins\mcufinder//mcu/
2025-07-18 17:59:33,258 [INFO] CrossReferenceDbSqlite:203 - Set database path to: C:\Users\hashara\.stmcufinder\plugins\mcufinder//mcu/cs/
2025-07-18 17:59:33,522 [INFO] RulesReader:64 - Compatibility file has been processed (301 Rules)
2025-07-18 17:59:33,731 [INFO] DbMcusXml:78 - Set database path to: C:\ST\STM32CubeIDE_1.16.0\STM32CubeIDE\plugins\com.st.stm32cube.common.mx_6.14.0.202502271554\\db\/mcu/
2025-07-18 17:59:33,731 [INFO] ApiDb:274 - Set plugin database path to: C:\ST\STM32CubeIDE_1.16.0\STM32CubeIDE\plugins\com.st.stm32cube.common.mx_6.14.0.202502271554\\db\/plugins/boardmanager/
2025-07-18 17:59:33,731 [INFO] ApiDb:261 - Set plugin images path to: C:\ST\STM32CubeIDE_1.16.0\STM32CubeIDE\plugins\com.st.stm32cube.common.mx_6.14.0.202502271554\\db\/plugins/mcufinder/images/
2025-07-18 17:59:33,731 [WARN] DbFile:41 - Overriding database path with different value: C:\Users\hashara\.stmcufinder\plugins\mcufinder/ => C:\Users\hashara\.stmcufinder\plugins\mcufinder
2025-07-18 17:59:33,732 [INFO] ApiDb:250 - Set database path to: C:\Users\hashara\.stmcufinder\plugins\mcufinder//mcu/
2025-07-18 17:59:33,733 [WARN] DbFile:41 - Overriding database path with different value: C:\Users\hashara\.stmcufinder\plugins\mcufinder/ => C:\Users\hashara\.stmcufinder\plugins\mcufinder
2025-07-18 17:59:33,733 [INFO] DbMcusAds:125 - Set database path to: C:\Users\hashara\.stmcufinder\plugins\mcufinder//mcu/
2025-07-18 17:59:33,733 [WARN] DbFile:41 - Overriding database path with different value: C:\Users\hashara\.stmcufinder\plugins\mcufinder/ => C:\Users\hashara\.stmcufinder\plugins\mcufinder
2025-07-18 17:59:33,733 [WARN] DbFile:41 - Overriding database path with different value: C:\Users\hashara\.stmcufinder\plugins\mcufinder/ => C:\Users\hashara\.stmcufinder\plugins\mcufinder
2025-07-18 17:59:33,733 [INFO] CrossReferenceDbSqlite:203 - Set database path to: C:\Users\hashara\.stmcufinder\plugins\mcufinder//mcu/cs/
2025-07-18 17:59:33,948 [INFO] MainPanel:272 - HeapMemory: 268435456
2025-07-18 17:59:34,194 [INFO] DbMcusXml:78 - Set database path to: C:\ST\STM32CubeIDE_1.16.0\STM32CubeIDE\plugins\com.st.stm32cube.common.mx_6.14.0.202502271554\\db\/mcu/
2025-07-18 17:59:34,194 [INFO] ApiDb:274 - Set plugin database path to: C:\ST\STM32CubeIDE_1.16.0\STM32CubeIDE\plugins\com.st.stm32cube.common.mx_6.14.0.202502271554\\db\/plugins/boardmanager/
2025-07-18 17:59:34,195 [INFO] ApiDb:261 - Set plugin images path to: C:\ST\STM32CubeIDE_1.16.0\STM32CubeIDE\plugins\com.st.stm32cube.common.mx_6.14.0.202502271554\\db\/plugins/mcufinder/images/
2025-07-18 17:59:34,196 [WARN] DbFile:41 - Overriding database path with different value: C:\Users\hashara\.stmcufinder\plugins\mcufinder/ => C:\Users\hashara\.stmcufinder\plugins\mcufinder
2025-07-18 17:59:34,196 [INFO] ApiDb:250 - Set database path to: C:\Users\hashara\.stmcufinder\plugins\mcufinder//mcu/
2025-07-18 17:59:34,196 [WARN] DbFile:41 - Overriding database path with different value: C:\Users\hashara\.stmcufinder\plugins\mcufinder/ => C:\Users\hashara\.stmcufinder\plugins\mcufinder
2025-07-18 17:59:34,196 [INFO] DbMcusAds:125 - Set database path to: C:\Users\hashara\.stmcufinder\plugins\mcufinder//mcu/
2025-07-18 17:59:34,197 [WARN] DbFile:41 - Overriding database path with different value: C:\Users\hashara\.stmcufinder\plugins\mcufinder/ => C:\Users\hashara\.stmcufinder\plugins\mcufinder
2025-07-18 17:59:34,197 [WARN] DbFile:41 - Overriding database path with different value: C:\Users\hashara\.stmcufinder\plugins\mcufinder/ => C:\Users\hashara\.stmcufinder\plugins\mcufinder
2025-07-18 17:59:34,197 [INFO] CrossReferenceDbSqlite:203 - Set database path to: C:\Users\hashara\.stmcufinder\plugins\mcufinder//mcu/cs/
2025-07-18 17:59:34,233 [INFO] ApplicationProperties:184 - Using Application install path: C:\ST\STM32CubeIDE_1.16.0\STM32CubeIDE\plugins\com.st.stm32cube.common.mx_6.14.0.202502271554
2025-07-18 17:59:34,235 [INFO] PluginManage:196 - Search for loadable plugins [exclusion list=, ]
2025-07-18 17:59:34,237 [INFO] PluginManage:310 - Check plugin analytics
2025-07-18 17:59:34,649 [INFO] AnalyticsPlugin:253 - Accepted Software Licenses: 
2025-07-18 17:59:34,649 [INFO] AnalyticsPlugin:255 - Accepted CMSIS Pack Licenses: 
2025-07-18 17:59:34,650 [INFO] AnalyticsPlugin:257 - Accepted Firmware Licenses: FW.F4.1.28.0,FW.L5.1.5.0,FW.H7.1.11.0,FW.WB.1.21.0,FW.WL.1.3.0
2025-07-18 17:59:34,659 [INFO] PluginManage:359 - Loaded plugin analytics (category:tool,tabindex:-1)
2025-07-18 17:59:34,660 [INFO] PluginManage:310 - Check plugin cadmodel
2025-07-18 17:59:34,671 [INFO] CADModel:105 - Init CAD model plugin
2025-07-18 17:59:34,671 [INFO] PluginManage:359 - Loaded plugin cadmodel (category:power,tabindex:5)
2025-07-18 17:59:34,672 [INFO] PluginManage:310 - Check plugin clock
2025-07-18 17:59:34,689 [INFO] PluginManage:359 - Loaded plugin clock (category:base,tabindex:2)
2025-07-18 17:59:34,689 [INFO] PluginManage:310 - Check plugin ddr
2025-07-18 17:59:34,696 [INFO] PluginManage:359 - Loaded plugin ddr (category:tool,tabindex:6)
2025-07-18 17:59:34,696 [INFO] PluginManage:310 - Check plugin filemanager
2025-07-18 17:59:34,974 [INFO] PluginManage:359 - Loaded plugin filemanager (category:base,tabindex:10)
2025-07-18 17:59:34,974 [INFO] PluginManage:310 - Check plugin ipmanager
2025-07-18 17:59:34,988 [INFO] PluginManage:359 - Loaded plugin ipmanager (category:base,tabindex:5)
2025-07-18 17:59:34,988 [INFO] PluginManage:310 - Check plugin lpbam
2025-07-18 17:59:35,001 [INFO] PluginManage:359 - Loaded plugin lpbam (category:base,tabindex:0)
2025-07-18 17:59:35,002 [INFO] PluginManage:310 - Check plugin memorymap
2025-07-18 17:59:35,024 [INFO] PluginManage:359 - Loaded plugin memorymap (category:base,tabindex:4)
2025-07-18 17:59:35,025 [INFO] PluginManage:310 - Check plugin pinoutandconfiguration
2025-07-18 17:59:35,038 [INFO] PluginManage:359 - Loaded plugin pinoutandconfiguration (category:base,tabindex:1)
2025-07-18 17:59:35,039 [INFO] PluginManage:310 - Check plugin pinoutconfig
2025-07-18 17:59:35,291 [WARN] SupportedApi:132 - Cannot load RTOS API schema: s4s-elt-must-match.1: The content of 'definitions' must match (annotation?, (simpleType | complexType)?, (unique | key | keyref)*)). A problem was found starting at: attribute.
2025-07-18 17:59:35,683 [INFO] PluginManage:359 - Loaded plugin pinoutconfig (category:base,tabindex:0)
2025-07-18 17:59:35,684 [INFO] PluginManage:310 - Check plugin power
2025-07-18 17:59:35,716 [INFO] PluginManage:359 - Loaded plugin power (category:power,tabindex:4)
2025-07-18 17:59:35,716 [INFO] PluginManage:310 - Check plugin projectmanager
2025-07-18 17:59:35,756 [INFO] PluginManage:359 - Loaded plugin projectmanager (category:projectmanager,tabindex:4)
2025-07-18 17:59:35,757 [INFO] PluginManage:310 - Check plugin rif
2025-07-18 17:59:35,773 [INFO] PluginManage:359 - Loaded plugin rif (category:base,tabindex:3)
2025-07-18 17:59:35,773 [INFO] PluginManage:310 - Check plugin thirdparty
2025-07-18 17:59:36,085 [WARN] IntegrityCheckThread:84 - waiting for thirdparty lock release [integrity check]
2025-07-18 17:59:36,086 [INFO] IntegrityCheckThread:86 - entering critical section [integrity check]
2025-07-18 17:59:36,087 [INFO] ThirdPartyUpdaterWithRetryManager:70 - Updater plugin not ready yet. [1/15]
2025-07-18 17:59:36,087 [INFO] PluginManage:359 - Loaded plugin thirdparty (category:base,tabindex:-1)
2025-07-18 17:59:36,087 [INFO] PluginManage:310 - Check plugin tools
2025-07-18 17:59:36,095 [INFO] PluginManage:359 - Loaded plugin tools (category:base,tabindex:7)
2025-07-18 17:59:36,096 [INFO] PluginManage:310 - Check plugin tutovideos
2025-07-18 17:59:36,381 [INFO] PluginManage:359 - Loaded plugin tutovideos (category:base,tabindex:-1)
2025-07-18 17:59:36,381 [INFO] PluginManage:310 - Check plugin updater
2025-07-18 17:59:36,413 [INFO] PluginManage:359 - Loaded plugin updater (category:base,tabindex:12)
2025-07-18 17:59:36,413 [INFO] PluginManage:310 - Check plugin userauth
2025-07-18 17:59:36,419 [INFO] UserAuth:118 - Init User Auth plugin
2025-07-18 17:59:36,421 [INFO] PluginManage:359 - Loaded plugin userauth (category:base,tabindex:14)
2025-07-18 17:59:36,422 [INFO] PluginManage:283 - PluginManage : Loaded plugins [18]
2025-07-18 17:59:36,746 [INFO] PinOutPanel:1589 - setPackage(No Configuration,No Configuration)
2025-07-18 17:59:36,886 [INFO] CADModel:165 - CPN selected for project level
2025-07-18 17:59:36,886 [INFO] CADModel:114 - Register for checkConnection events
2025-07-18 17:59:36,921 [INFO] IPUIPlugin:80 - create IPUIPlugin
2025-07-18 17:59:36,922 [INFO] PluginManager:220 - loadIPPluginJar : add adc
2025-07-18 17:59:36,929 [INFO] IPUIPlugin:80 - create IPUIPlugin
2025-07-18 17:59:36,929 [INFO] PluginManager:220 - loadIPPluginJar : add aes
2025-07-18 17:59:36,935 [INFO] IPUIPlugin:80 - create IPUIPlugin
2025-07-18 17:59:36,935 [INFO] PluginManager:220 - loadIPPluginJar : add can
2025-07-18 17:59:36,938 [INFO] IPUIPlugin:80 - create IPUIPlugin
2025-07-18 17:59:36,938 [INFO] PluginManager:220 - loadIPPluginJar : add comp
2025-07-18 17:59:36,943 [INFO] IPUIPlugin:80 - create IPUIPlugin
2025-07-18 17:59:36,943 [INFO] PluginManager:220 - loadIPPluginJar : add cryp
2025-07-18 17:59:36,951 [INFO] IPUIPlugin:80 - create IPUIPlugin
2025-07-18 17:59:36,951 [INFO] PluginManager:220 - loadIPPluginJar : add ddr_ctrl_phy
2025-07-18 17:59:36,956 [INFO] IPUIPlugin:80 - create IPUIPlugin
2025-07-18 17:59:36,956 [INFO] PluginManager:220 - loadIPPluginJar : add dfsdm
2025-07-18 17:59:36,969 [INFO] IPUIPlugin:80 - create IPUIPlugin
2025-07-18 17:59:36,971 [INFO] PluginManager:220 - loadIPPluginJar : add dma
2025-07-18 17:59:36,980 [INFO] IPUIPlugin:80 - create IPUIPlugin
2025-07-18 17:59:36,980 [INFO] PluginManager:220 - loadIPPluginJar : add dma3
2025-07-18 17:59:36,986 [INFO] IPUIPlugin:80 - create IPUIPlugin
2025-07-18 17:59:36,986 [INFO] PluginManager:220 - loadIPPluginJar : add extmemmanager
2025-07-18 17:59:36,990 [INFO] IPUIPlugin:80 - create IPUIPlugin
2025-07-18 17:59:36,990 [INFO] PluginManager:220 - loadIPPluginJar : add fatfs
2025-07-18 17:59:36,998 [INFO] IPUIPlugin:80 - create IPUIPlugin
2025-07-18 17:59:36,999 [INFO] PluginManager:220 - loadIPPluginJar : add fmc
2025-07-18 17:59:37,013 [INFO] IPUIPlugin:80 - create IPUIPlugin
2025-07-18 17:59:37,013 [INFO] PluginManager:220 - loadIPPluginJar : add freertos
2025-07-18 17:59:37,016 [INFO] IPUIPlugin:80 - create IPUIPlugin
2025-07-18 17:59:37,016 [INFO] PluginManager:220 - loadIPPluginJar : add genericplugin
2025-07-18 17:59:37,020 [INFO] IPUIPlugin:80 - create IPUIPlugin
2025-07-18 17:59:37,020 [INFO] PluginManager:220 - loadIPPluginJar : add gfxmmu
2025-07-18 17:59:37,029 [INFO] IPUIPlugin:80 - create IPUIPlugin
2025-07-18 17:59:37,029 [INFO] PluginManager:220 - loadIPPluginJar : add gic
2025-07-18 17:59:37,035 [INFO] IPUIPlugin:80 - create IPUIPlugin
2025-07-18 17:59:37,036 [INFO] PluginManager:220 - loadIPPluginJar : add gpio
2025-07-18 17:59:37,041 [INFO] IPUIPlugin:80 - create IPUIPlugin
2025-07-18 17:59:37,041 [INFO] PluginManager:220 - loadIPPluginJar : add gtzc
2025-07-18 17:59:37,047 [INFO] IPUIPlugin:80 - create IPUIPlugin
2025-07-18 17:59:37,047 [INFO] PluginManager:220 - loadIPPluginJar : add hash
2025-07-18 17:59:37,051 [INFO] IPUIPlugin:80 - create IPUIPlugin
2025-07-18 17:59:37,052 [INFO] PluginManager:220 - loadIPPluginJar : add i2c
2025-07-18 17:59:37,056 [INFO] IPUIPlugin:80 - create IPUIPlugin
2025-07-18 17:59:37,056 [INFO] PluginManager:220 - loadIPPluginJar : add i2s
2025-07-18 17:59:37,062 [INFO] IPUIPlugin:80 - create IPUIPlugin
2025-07-18 17:59:37,063 [INFO] PluginManager:220 - loadIPPluginJar : add i3c
2025-07-18 17:59:37,068 [INFO] IPUIPlugin:80 - create IPUIPlugin
2025-07-18 17:59:37,068 [INFO] PluginManager:220 - loadIPPluginJar : add ipddr
2025-07-18 17:59:37,081 [INFO] IPUIPlugin:80 - create IPUIPlugin
2025-07-18 17:59:37,081 [INFO] PluginManager:220 - loadIPPluginJar : add linkedlist
2025-07-18 17:59:37,086 [INFO] IPUIPlugin:80 - create IPUIPlugin
2025-07-18 17:59:37,086 [INFO] PluginManager:220 - loadIPPluginJar : add lorawan
2025-07-18 17:59:37,089 [INFO] IPUIPlugin:80 - create IPUIPlugin
2025-07-18 17:59:37,090 [INFO] PluginManager:220 - loadIPPluginJar : add ltdc
2025-07-18 17:59:37,100 [INFO] IPUIPlugin:80 - create IPUIPlugin
2025-07-18 17:59:37,100 [INFO] PluginManager:220 - loadIPPluginJar : add mdma
2025-07-18 17:59:37,106 [INFO] IPUIPlugin:80 - create IPUIPlugin
2025-07-18 17:59:37,106 [INFO] PluginManager:220 - loadIPPluginJar : add nvic
2025-07-18 17:59:37,111 [INFO] IPUIPlugin:80 - create IPUIPlugin
2025-07-18 17:59:37,111 [INFO] PluginManager:220 - loadIPPluginJar : add opamp
2025-07-18 17:59:37,120 [INFO] IPUIPlugin:80 - create IPUIPlugin
2025-07-18 17:59:37,120 [INFO] PluginManager:220 - loadIPPluginJar : add openamp
2025-07-18 17:59:37,128 [INFO] IPUIPlugin:80 - create IPUIPlugin
2025-07-18 17:59:37,128 [INFO] PluginManager:220 - loadIPPluginJar : add pdm2pcm
2025-07-18 17:59:37,140 [INFO] IPUIPlugin:80 - create IPUIPlugin
2025-07-18 17:59:37,146 [INFO] PluginManager:220 - loadIPPluginJar : add plateformsettings
2025-07-18 17:59:37,148 [INFO] IPUIPlugin:80 - create IPUIPlugin
2025-07-18 17:59:37,148 [INFO] PluginManager:220 - loadIPPluginJar : add quadspi
2025-07-18 17:59:37,152 [INFO] IPUIPlugin:80 - create IPUIPlugin
2025-07-18 17:59:37,154 [INFO] PluginManager:220 - loadIPPluginJar : add radio
2025-07-18 17:59:37,164 [INFO] IPUIPlugin:80 - create IPUIPlugin
2025-07-18 17:59:37,164 [INFO] PluginManager:220 - loadIPPluginJar : add resmgrutility
2025-07-18 17:59:37,172 [INFO] IPUIPlugin:80 - create IPUIPlugin
2025-07-18 17:59:37,172 [INFO] PluginManager:220 - loadIPPluginJar : add sai
2025-07-18 17:59:37,178 [INFO] IPUIPlugin:80 - create IPUIPlugin
2025-07-18 17:59:37,178 [INFO] PluginManager:220 - loadIPPluginJar : add spi
2025-07-18 17:59:37,188 [INFO] IPUIPlugin:80 - create IPUIPlugin
2025-07-18 17:59:37,188 [INFO] PluginManager:220 - loadIPPluginJar : add stm32_wpan
2025-07-18 17:59:37,193 [INFO] IPUIPlugin:80 - create IPUIPlugin
2025-07-18 17:59:37,193 [INFO] PluginManager:220 - loadIPPluginJar : add tim
2025-07-18 17:59:37,199 [INFO] IPUIPlugin:80 - create IPUIPlugin
2025-07-18 17:59:37,200 [INFO] PluginManager:220 - loadIPPluginJar : add touchsensing
2025-07-18 17:59:37,203 [INFO] IPUIPlugin:80 - create IPUIPlugin
2025-07-18 17:59:37,203 [INFO] PluginManager:220 - loadIPPluginJar : add tracer_emb
2025-07-18 17:59:37,207 [INFO] IPUIPlugin:80 - create IPUIPlugin
2025-07-18 17:59:37,207 [INFO] PluginManager:220 - loadIPPluginJar : add ts
2025-07-18 17:59:37,211 [INFO] IPUIPlugin:80 - create IPUIPlugin
2025-07-18 17:59:37,211 [INFO] PluginManager:220 - loadIPPluginJar : add tsc
2025-07-18 17:59:37,215 [INFO] IPUIPlugin:80 - create IPUIPlugin
2025-07-18 17:59:37,215 [INFO] PluginManager:220 - loadIPPluginJar : add ucpd
2025-07-18 17:59:37,219 [INFO] IPUIPlugin:80 - create IPUIPlugin
2025-07-18 17:59:37,220 [INFO] PluginManager:220 - loadIPPluginJar : add usart
2025-07-18 17:59:37,227 [INFO] IPUIPlugin:80 - create IPUIPlugin
2025-07-18 17:59:37,227 [INFO] PluginManager:220 - loadIPPluginJar : add usbx
2025-07-18 17:59:37,413 [FATAL] Updater:351 - Updater called before beeing initialized
2025-07-18 17:59:37,478 [INFO] RulesReader:64 - Compatibility file has been processed (301 Rules)
2025-07-18 17:59:37,490 [INFO] RulesReader:64 - Compatibility file has been processed (301 Rules)
2025-07-18 17:59:37,506 [INFO] CADModel:165 - CPN selected for project level
2025-07-18 17:59:37,507 [INFO] CADModel:114 - Register for checkConnection events
2025-07-18 17:59:37,507 [FATAL] Updater:351 - Updater called before beeing initialized
2025-07-18 17:59:37,507 [ERROR] CADModel:125 - Updater not yet initialized, retry later 
2025-07-18 17:59:37,805 [FATAL] Updater:351 - Updater called before beeing initialized
2025-07-18 17:59:37,809 [INFO] CADModel:165 - CPN selected for project level
2025-07-18 17:59:37,809 [INFO] CADModel:114 - Register for checkConnection events
2025-07-18 17:59:37,809 [FATAL] Updater:351 - Updater called before beeing initialized
2025-07-18 17:59:37,809 [ERROR] CADModel:125 - Updater not yet initialized, retry later 
2025-07-18 17:59:37,816 [FATAL] Updater:351 - Updater called before beeing initialized
2025-07-18 17:59:38,051 [FATAL] Updater:351 - Updater called before beeing initialized
2025-07-18 17:59:38,058 [INFO] DbMcusAds:53 - JSON generation date=Thu Jun 19 14:02:37 IST 2025 (1750321957418)
2025-07-18 17:59:38,058 [FATAL] Updater:351 - Updater called before beeing initialized
2025-07-18 17:59:38,113 [WARN] DetailPanel:346 - Failed to get advertising image, set to default
2025-07-18 17:59:38,533 [FATAL] Updater:351 - Updater called before beeing initialized
2025-07-18 17:59:38,535 [FATAL] Updater:351 - Updater called before beeing initialized
2025-07-18 17:59:38,536 [FATAL] Updater:351 - Updater called before beeing initialized
2025-07-18 17:59:38,536 [WARN] DetailPanel:346 - Failed to get advertising image, set to default
2025-07-18 17:59:38,537 [FATAL] Updater:351 - Updater called before beeing initialized
2025-07-18 17:59:38,619 [ERROR] Updater:1198 - MainUpdater not yet initialized. External WinMGr cannot be set.
2025-07-18 17:59:38,621 [INFO] Updater:1134 - Updater Version found : 6.14.0
2025-07-18 17:59:38,651 [INFO] ApplicationProperties:184 - Using Application install path: C:\ST\STM32CubeIDE_1.16.0\STM32CubeIDE\plugins\com.st.stm32cube.common.mx_6.14.0.202502271554
2025-07-18 17:59:39,088 [INFO] ThirdPartyUpdaterWithRetryManager:70 - Updater plugin not ready yet. [2/15]
2025-07-18 17:59:40,266 [ERROR] LogOutputStream:75 - [STDERR_REDIRECT] Jul 18, 2025 5:59:40 PM java.util.prefs.WindowsPreferences <init>
2025-07-18 17:59:40,270 [ERROR] LogOutputStream:75 - [STDERR_REDIRECT] WARNING: Could not open/create prefs root node Software\JavaSoft\Prefs at root 0xffffffff80000002. Windows RegCreateKeyEx(...) returned error code 5.
2025-07-18 17:59:40,271 [ERROR] LogOutputStream:75 - [STDERR_REDIRECT] 
2025-07-18 17:59:41,186 [INFO] MainUpdater:2872 - connection check result : 10
2025-07-18 17:59:41,186 [INFO] MainUpdater:289 - Updater Check For Update Now.
2025-07-18 17:59:41,187 [INFO] MicroXplorer:498 - Change Database Version : DB.6.0.140
2025-07-18 17:59:41,196 [INFO] McuFinderGlobals:63 - Set McuFinder mode to 2 (CubeIDE integrated)
2025-07-18 17:59:41,198 [INFO] UserAuth:486 - Internet connection configuration mode: 1
2025-07-18 17:59:41,263 [INFO] JxBrowserEngine:152 - Initiate JxBrowser Engine with user profile folder
2025-07-18 17:59:41,482 [INFO] CheckServerUpdateThread:120 - End of CheckServer Thread
2025-07-18 17:59:43,126 [WARN] PackLoader:240 - Cannot read IP mode file for STMicroelectronics.FP-SNS-MOTENVWB1.1.4.0
2025-07-18 17:59:43,195 [WARN] PackLoader:240 - Cannot read IP mode file for STMicroelectronics.FP-ATR-ASTRA1.2.0.2
2025-07-18 17:59:43,236 [WARN] PackLoader:240 - Cannot read IP mode file for STMicroelectronics.FP-ATR-ASTRA1.2.0.1
2025-07-18 17:59:43,307 [WARN] PackLoader:240 - Cannot read IP mode file for STMicroelectronics.X-CUBE-SMBUS.2.1.0
2025-07-18 17:59:43,349 [WARN] PackLoader:240 - Cannot read IP mode file for STMicroelectronics.X-CUBE-WB05N.1.1.0
2025-07-18 17:59:43,380 [WARN] PackLoader:240 - Cannot read IP mode file for STMicroelectronics.X-CUBE-ST60.1.0.0
2025-07-18 17:59:43,512 [WARN] PackLoader:240 - Cannot read IP mode file for STMicroelectronics.X-CUBE-AZRTOS-F7.1.1.0
2025-07-18 17:59:43,703 [WARN] PackLoader:240 - Cannot read IP mode file for STMicroelectronics.X-CUBE-MEMS1.11.0.0
2025-07-18 17:59:43,740 [INFO] WebApp:169 - Instantiating new browser for Auth
2025-07-18 17:59:44,405 [WARN] PackLoader:240 - Cannot read IP mode file for STMicroelectronics.FP-SNS-FLIGHT1.5.0.2
2025-07-18 17:59:44,495 [WARN] PackLoader:240 - Cannot read IP mode file for STMicroelectronics.X-CUBE-AZRTOS-H7.3.4.0
2025-07-18 17:59:44,540 [WARN] PackLoader:240 - Cannot read IP mode file for STMicroelectronics.X-CUBE-DISPLAY.3.0.0
2025-07-18 17:59:44,574 [WARN] PackLoader:240 - Cannot read IP mode file for STMicroelectronics.X-CUBE-BLE1.7.0.0
2025-07-18 17:59:44,605 [WARN] PackLoader:240 - Cannot read IP mode file for STMicroelectronics.X-CUBE-NFC10.1.0.0
2025-07-18 17:59:44,651 [WARN] PackLoader:240 - Cannot read IP mode file for STMicroelectronics.X-CUBE-BLEMGR.4.0.0
2025-07-18 17:59:44,686 [WARN] PackLoader:240 - Cannot read IP mode file for emotas.I-CUBE-CANOPEN.1.3.0
2025-07-18 17:59:44,717 [WARN] PackLoader:240 - Cannot read IP mode file for STMicroelectronics.X-CUBE-BLEMGR.3.1.0
2025-07-18 17:59:44,742 [WARN] PackLoader:240 - Cannot read IP mode file for STMicroelectronics.X-CUBE-AI.10.0.0
2025-07-18 17:59:44,771 [WARN] PackLoader:240 - Cannot read IP mode file for STMicroelectronics.FP-SNS-SMARTAG2.1.2.0
2025-07-18 17:59:44,795 [WARN] PackLoader:240 - Cannot read IP mode file for STMicroelectronics.FP-SNS-FLIGHT1.5.1.0
2025-07-18 17:59:44,953 [WARN] PackLoader:240 - Cannot read IP mode file for STMicroelectronics.X-CUBE-MEMS1.11.1.0
2025-07-18 17:59:45,229 [INFO] LogOutputStream:77 - [STDOUT_REDIRECT] 1 : Invalid condition id : UX_CORESTACK_Condition cause : null
2025-07-18 17:59:45,231 [INFO] LogOutputStream:77 - [STDOUT_REDIRECT] 1 : Invalid condition id : UX_CORESTACK_Condition cause : null
2025-07-18 17:59:45,234 [INFO] LogOutputStream:77 - [STDOUT_REDIRECT] 1 : Invalid condition id : UX_CORESTACK_Condition cause : null
2025-07-18 17:59:45,238 [INFO] LogOutputStream:77 - [STDOUT_REDIRECT] 1 : Invalid condition id : UX_CORESTACK_Condition cause : null
2025-07-18 17:59:45,242 [INFO] LogOutputStream:77 - [STDOUT_REDIRECT] 1 : Invalid condition id : UX_CORESTACK_Condition cause : null
2025-07-18 17:59:45,249 [WARN] PackLoader:240 - Cannot read IP mode file for STMicroelectronics.X-CUBE-AZRTOS-WL.2.0.0
2025-07-18 17:59:45,282 [WARN] PackLoader:240 - Cannot read IP mode file for STMicroelectronics.FP-SNS-MOTENV1.5.0.0
2025-07-18 17:59:45,310 [WARN] PackLoader:240 - Cannot read IP mode file for wolfSSL.I-CUBE-wolfMQTT.1.19.0
2025-07-18 17:59:45,358 [WARN] PackLoader:240 - Cannot read IP mode file for WES.I-CUBE-Cesium.1.3.0
2025-07-18 17:59:45,389 [WARN] PackLoader:240 - Cannot read IP mode file for STMicroelectronics.X-CUBE-BLE2.3.3.0
2025-07-18 17:59:45,416 [WARN] PackLoader:240 - Cannot read IP mode file for STMicroelectronics.X-CUBE-NFC9.1.0.0
2025-07-18 17:59:45,445 [WARN] PackLoader:240 - Cannot read IP mode file for STMicroelectronics.X-CUBE-BLE1.7.1.0
2025-07-18 17:59:45,472 [WARN] PackLoader:240 - Cannot read IP mode file for STMicroelectronics.X-CUBE-TCPP.4.1.0
2025-07-18 17:59:45,523 [WARN] PackLoader:240 - Cannot read IP mode file for STMicroelectronics.X-CUBE-EEPRMA1.5.2.0
2025-07-18 17:59:45,568 [WARN] PackLoader:240 - Cannot read IP mode file for STMicroelectronics.X-CUBE-AI.10.1.0
2025-07-18 17:59:45,741 [WARN] PackLoader:240 - Cannot read IP mode file for STMicroelectronics.X-CUBE-MEMS1.11.2.0
2025-07-18 17:59:46,090 [WARN] PackLoader:240 - Cannot read IP mode file for STMicroelectronics.X-CUBE-AZRTOS-G0.1.1.0
2025-07-18 17:59:46,149 [WARN] PackLoader:240 - Cannot read IP mode file for STMicroelectronics.X-CUBE-SAFEA1.1.2.2
2025-07-18 17:59:46,203 [WARN] PackLoader:240 - Cannot read IP mode file for STMicroelectronics.X-CUBE-NFC4.3.0.0
2025-07-18 17:59:46,315 [WARN] PackLoader:240 - Cannot read IP mode file for EmbeddedOffice.I-CUBE-FS-RTOS.1.0.1
2025-07-18 17:59:46,369 [WARN] PackLoader:240 - Cannot read IP mode file for STMicroelectronics.X-CUBE-WB05N.2.0.0
2025-07-18 17:59:46,418 [WARN] PackLoader:240 - Cannot read IP mode file for STMicroelectronics.X-CUBE-TCPP.4.2.0
2025-07-18 17:59:46,471 [WARN] PackLoader:240 - Cannot read IP mode file for RealThread.X-CUBE-RT-Thread_Nano.4.1.1
2025-07-18 17:59:46,510 [WARN] PackLoader:240 - Cannot read IP mode file for STMicroelectronics.FP-ATR-SIGFOX1.3.2.0
2025-07-18 17:59:46,549 [WARN] PackLoader:240 - Cannot read IP mode file for wolfSSL.I-CUBE-wolfSSL.5.7.2
2025-07-18 17:59:46,569 [WARN] ConditionMgr:438 - getConditionDescription Invalid condition id : Cortex-A Device cause : null
2025-07-18 17:59:46,679 [WARN] ConditionMgr:1044 - genDependencies : Invalid condition id : Cortex-A Device cause : null
2025-07-18 17:59:46,682 [WARN] ConditionMgr:1044 - genDependencies : Invalid condition id : Cortex-A Device cause : null
2025-07-18 17:59:46,683 [WARN] ConditionMgr:1044 - genDependencies : Invalid condition id : Cortex-A Device cause : null
2025-07-18 17:59:46,762 [WARN] PackLoader:240 - Cannot read IP mode file for STMicroelectronics.X-CUBE-EEPRMA1.5.1.0
2025-07-18 17:59:46,818 [WARN] PackLoader:240 - Cannot read IP mode file for ITTIA_DB.I-CUBE-ITTIADB.8.9.0
2025-07-18 17:59:46,880 [WARN] PackLoader:240 - Cannot read IP mode file for STMicroelectronics.X-CUBE-ST67W61.1.0.0
2025-07-18 17:59:47,035 [WARN] PackLoader:240 - Cannot read IP mode file for SEGGER.I-CUBE-embOS.1.3.1
2025-07-18 17:59:47,205 [WARN] PackLoader:240 - Cannot read IP mode file for STMicroelectronics.X-CUBE-ALGOBUILD.1.4.0
2025-07-18 17:59:47,339 [INFO] WebApp:463 - Apply proxy settings
2025-07-18 17:59:47,340 [INFO] WebApp:548 - Chromium requires no authentication
2025-07-18 17:59:47,386 [INFO] WebApp:491 - Direct internet connection detected
2025-07-18 17:59:47,416 [WARN] PackLoader:240 - Cannot read IP mode file for STMicroelectronics.X-CUBE-MEMS1.11.3.0
2025-07-18 17:59:47,484 [INFO] WebApp:894 - Register for checkConnection events
2025-07-18 17:59:47,485 [INFO] WebApp:463 - Apply proxy settings
2025-07-18 17:59:47,485 [INFO] WebApp:548 - Chromium requires no authentication
2025-07-18 17:59:47,487 [INFO] WebApp:491 - Direct internet connection detected
2025-07-18 17:59:47,673 [WARN] PackLoader:240 - Cannot read IP mode file for STMicroelectronics.X-CUBE-AI.9.1.0
2025-07-18 17:59:47,701 [WARN] PackLoader:240 - Cannot read IP mode file for STMicroelectronics.X-CUBE-PM33A1.1.0.0
2025-07-18 17:59:47,733 [WARN] PackLoader:240 - Cannot read IP mode file for STMicroelectronics.X-CUBE-GNSS1.6.0.0
2025-07-18 17:59:47,801 [WARN] PackLoader:240 - Cannot read IP mode file for STMicroelectronics.X-CUBE-AZRTOS-F4.1.1.0
2025-07-18 17:59:47,814 [WARN] PackLoader:240 - Cannot read IP mode file for Avnet-IotConnect.X-CUBE-IoTC-DA16k-PMOD.1.0.0
2025-07-18 17:59:47,840 [WARN] PackLoader:240 - Cannot read IP mode file for STMicroelectronics.X-CUBE-ISPU.2.1.0
2025-07-18 17:59:47,885 [WARN] PackLoader:240 - Cannot read IP mode file for STMicroelectronics.X-CUBE-FREERTOS.1.2.0
2025-07-18 17:59:47,919 [WARN] PackLoader:240 - Cannot read IP mode file for STMicroelectronics.X-CUBE-NFC12.1.0.0
2025-07-18 17:59:47,986 [WARN] PackLoader:240 - Cannot read IP mode file for STMicroelectronics.X-CUBE-AZRTOS-L5.2.0.0
2025-07-18 17:59:48,028 [WARN] PackLoader:240 - Cannot read IP mode file for STMicroelectronics.X-CUBE-NFC6.3.1.0
2025-07-18 17:59:48,069 [WARN] PackLoader:240 - Cannot read IP mode file for STMicroelectronics.X-CUBE-DPower.1.2.0
2025-07-18 17:59:48,106 [WARN] PackLoader:240 - Cannot read IP mode file for STMicroelectronics.X-CUBE-AI.9.0.0
2025-07-18 17:59:48,140 [WARN] PackLoader:240 - Cannot read IP mode file for STMicroelectronics.X-CUBE-FREERTOS.1.3.1
2025-07-18 17:59:48,180 [WARN] PackLoader:240 - Cannot read IP mode file for STMicroelectronics.X-CUBE-FREERTOS.1.3.0
2025-07-18 17:59:48,224 [WARN] PackLoader:240 - Cannot read IP mode file for STMicroelectronics.X-CUBE-NFC7.1.0.1
2025-07-18 17:59:48,267 [WARN] PackLoader:240 - Cannot read IP mode file for wolfSSL.I-CUBE-wolfTPM.3.2.0
2025-07-18 17:59:48,313 [WARN] PackLoader:240 - Cannot read IP mode file for STMicroelectronics.FP-SNS-STAIOTCFT.1.0.0
2025-07-18 17:59:48,349 [WARN] PackLoader:240 - Cannot read IP mode file for STMicroelectronics.X-CUBE-DPower.1.3.0
2025-07-18 17:59:48,362 [INFO] WebApp:225 - Starting web application
2025-07-18 17:59:48,362 [INFO] WebApp:593 - Web application path used C:\ST\STM32CubeIDE_1.16.0\STM32CubeIDE\plugins\com.st.stm32cube.common.mx_6.14.0.202502271554\db\plugins\mcufinder\reactClient1\index.html
2025-07-18 17:59:48,445 [WARN] ConditionMgr:438 - getConditionDescription Invalid condition id : LAN8742 Phy interface Condition cause : null
2025-07-18 17:59:48,448 [WARN] PackLoader:240 - Cannot read IP mode file for STMicroelectronics.X-CUBE-AZRTOS-L4.2.0.0
2025-07-18 17:59:48,451 [WARN] ConditionMgr:1044 - genDependencies : Invalid condition id : LAN8742 Phy interface Condition cause : null
2025-07-18 17:59:48,452 [WARN] ConditionMgr:1044 - genDependencies : Invalid condition id : LAN8742 Phy interface Condition cause : null
2025-07-18 17:59:48,453 [WARN] ConditionMgr:1044 - genDependencies : Invalid condition id : LAN8742 Phy interface Condition cause : null
2025-07-18 17:59:48,498 [WARN] PackLoader:240 - Cannot read IP mode file for STMicroelectronics.X-CUBE-SFXS2LP1.4.0.0
2025-07-18 17:59:48,590 [WARN] PackLoader:240 - Cannot read IP mode file for STMicroelectronics.X-CUBE-AZRTOS-H7.3.3.0
2025-07-18 17:59:48,651 [WARN] PackLoader:240 - Cannot read IP mode file for STMicroelectronics.X-CUBE-IPS.3.0.0
2025-07-18 17:59:48,696 [INFO] UserAuth:486 - Internet connection configuration mode: 1
2025-07-18 17:59:48,729 [WARN] ConditionMgr:438 - getConditionDescription Invalid condition id : UX DEVICE CLASS RTOS Condition cause : null
2025-07-18 17:59:48,729 [WARN] ConditionMgr:438 - getConditionDescription Invalid condition id : UX DEVICE CLASS RTOS Condition cause : null
2025-07-18 17:59:48,734 [WARN] PackLoader:240 - Cannot read IP mode file for STMicroelectronics.X-CUBE-AZRTOS-WB.2.0.0
2025-07-18 17:59:48,735 [WARN] ConditionMgr:1044 - genDependencies : Invalid condition id : UX DEVICE CLASS RTOS Condition cause : null
2025-07-18 17:59:48,736 [WARN] ConditionMgr:1044 - genDependencies : Invalid condition id : UX DEVICE CLASS RTOS Condition cause : null
2025-07-18 17:59:48,736 [WARN] ConditionMgr:1044 - genDependencies : Invalid condition id : UX DEVICE CLASS RTOS Condition cause : null
2025-07-18 17:59:48,737 [WARN] ConditionMgr:1044 - genDependencies : Invalid condition id : UX DEVICE CLASS RTOS Condition cause : null
2025-07-18 17:59:48,737 [WARN] ConditionMgr:1044 - genDependencies : Invalid condition id : UX DEVICE CLASS RTOS Condition cause : null
2025-07-18 17:59:48,778 [WARN] PackLoader:240 - Cannot read IP mode file for STMicroelectronics.X-CUBE-GNSS1.7.0.0
2025-07-18 17:59:48,826 [WARN] PackLoader:240 - Cannot read IP mode file for STMicroelectronics.X-CUBE-GNSS1.7.0.1
2025-07-18 17:59:48,883 [WARN] PackLoader:240 - Cannot read IP mode file for STMicroelectronics.X-CUBE-TOUCHGFX.4.25.0
2025-07-18 17:59:48,938 [WARN] PackLoader:240 - Cannot read IP mode file for STMicroelectronics.FP-SNS-STBOX1.2.0.0
2025-07-18 17:59:49,010 [WARN] PackLoader:240 - Cannot read IP mode file for STMicroelectronics.X-CUBE-SUBG2.5.0.0
2025-07-18 17:59:49,112 [WARN] PackLoader:240 - Cannot read IP mode file for STMicroelectronics.X-CUBE-AZRTOS-H7RS.1.1.0
2025-07-18 17:59:49,172 [WARN] PackLoader:240 - Cannot read IP mode file for Cesanta.I-CUBE-Mongoose.7.13.0
2025-07-18 17:59:49,227 [INFO] WebApp:191 - Connection restablished
2025-07-18 17:59:49,259 [WARN] PackLoader:240 - Cannot read IP mode file for STMicroelectronics.X-CUBE-AZRTOS-G4.2.0.0
2025-07-18 17:59:49,330 [WARN] PackLoader:240 - Cannot read IP mode file for STMicroelectronics.X-CUBE-NFC7.2.0.0
2025-07-18 17:59:49,392 [WARN] PackLoader:240 - Cannot read IP mode file for STMicroelectronics.X-CUBE-ISPU.2.0.0
2025-07-18 17:59:49,518 [WARN] PackLoader:240 - Cannot read IP mode file for STMicroelectronics.X-CUBE-IPS.3.1.0
2025-07-18 17:59:49,586 [WARN] PackLoader:240 - Cannot read IP mode file for STMicroelectronics.X-CUBE-ALS.1.0.2
2025-07-18 17:59:49,781 [WARN] PackLoader:240 - Cannot read IP mode file for STMicroelectronics.X-CUBE-MEMS1.10.0.0
2025-07-18 17:59:50,099 [WARN] PackLoader:240 - Cannot read IP mode file for STMicroelectronics.X-CUBE-TOUCHGFX.4.24.0
2025-07-18 17:59:50,144 [WARN] PackLoader:240 - Cannot read IP mode file for STMicroelectronics.X-CUBE-TOUCHGFX.4.24.2
2025-07-18 17:59:50,198 [WARN] PackLoader:240 - Cannot read IP mode file for STMicroelectronics.X-CUBE-TOUCHGFX.4.24.1
2025-07-18 17:59:50,251 [WARN] PackLoader:240 - Cannot read IP mode file for portGmbH.I-Cube-SoM-uGOAL.1.1.0
2025-07-18 17:59:50,329 [WARN] PackLoader:240 - Cannot read IP mode file for STMicroelectronics.X-CUBE-AZRTOS-H7RS.1.0.0
2025-07-18 17:59:50,367 [WARN] PackLoader:240 - Cannot read IP mode file for STMicroelectronics.FP-ATR-ASTRA1.2.0.0
2025-07-18 17:59:50,428 [WARN] PackLoader:240 - Cannot read IP mode file for STMicroelectronics.X-CUBE-TOF1.3.4.2
2025-07-18 17:59:50,510 [WARN] PackLoader:240 - Cannot read IP mode file for STMicroelectronics.X-CUBE-TOF1.3.4.3
2025-07-18 17:59:50,638 [WARN] PackLoader:240 - Cannot read IP mode file for STMicroelectronics.X-CUBE-AZRTOS-H7.3.2.0
2025-07-18 17:59:50,717 [WARN] PackLoader:240 - Cannot read IP mode file for Infineon.AIROC-Wi-Fi-Bluetooth-STM32.1.6.0
2025-07-18 17:59:50,765 [WARN] PackLoader:240 - Cannot read IP mode file for wolfSSL.I-CUBE-wolfSSH.1.4.17
2025-07-18 17:59:50,768 [INFO] ThirdParty:978 - Integrity check success = true
2025-07-18 17:59:50,768 [INFO] IntegrityCheckThread:100 - exiting critical section [integrity check]
2025-07-18 17:59:50,769 [INFO] IntegrityCheckThread:103 - End integrity checks thread
2025-07-18 18:03:00,797 [INFO] WebApp:194 - Connection lost
2025-07-18 18:03:02,182 [INFO] WebApp:191 - Connection restablished
2025-07-18 18:03:02,310 [INFO] WebApp:194 - Connection lost
2025-07-18 18:03:02,612 [INFO] WebApp:191 - Connection restablished
2025-07-18 18:03:05,539 [INFO] WebApp:194 - Connection lost
2025-07-18 18:03:05,882 [INFO] WebApp:191 - Connection restablished
2025-07-18 19:46:54,556 [ERROR] LogOutputStream:75 - [STDERR_REDIRECT] 
