2026-03-11 15:16:30,707 [INFO] Activator:176 - 


2026-03-11 15:16:30,709 [INFO] Activator:177 - !SESSION log4j initialized
2026-03-11 15:16:34,433 [INFO] LogOutputStream:77 - [STDOUT_REDIRECT] 
2026-03-11 15:16:35,304 [INFO] ApplicationProperties:184 - Using Application install path: C:\ST\STM32CubeIDE_1.19.0\STM32CubeIDE\plugins\com.st.stm32cube.common.mx_6.15.0.202507011659
2026-03-11 15:16:35,319 [INFO] DbMcusXml:78 - Set database path to: C:\ST\STM32CubeIDE_1.19.0\STM32CubeIDE\plugins\com.st.stm32cube.common.mx_6.15.0.202507011659\\db\/mcu/
2026-03-11 15:16:35,319 [INFO] ApiDb:274 - Set plugin database path to: C:\ST\STM32CubeIDE_1.19.0\STM32CubeIDE\plugins\com.st.stm32cube.common.mx_6.15.0.202507011659\\db\/plugins/boardmanager/
2026-03-11 15:16:35,320 [WARN] ApiDb:259 - Overriding images path with different value:  => C:\ST\STM32CubeIDE_1.19.0\STM32CubeIDE\plugins\com.st.stm32cube.common.mx_6.15.0.202507011659\\db\/plugins/mcufinder/images/
2026-03-11 15:16:35,324 [INFO] ApiDb:250 - Set database path to: C:\Users\User\.stmcufinder\plugins\mcufinder//mcu/
2026-03-11 15:16:35,325 [INFO] DbMcusAds:125 - Set database path to: C:\Users\User\.stmcufinder\plugins\mcufinder//mcu/
2026-03-11 15:16:35,327 [INFO] CrossReferenceDbSqlite:203 - Set database path to: C:\Users\User\.stmcufinder\plugins\mcufinder//mcu/cs/
2026-03-11 15:16:35,415 [INFO] RulesReader:64 - Compatibility file has been processed (317 Rules)
2026-03-11 15:16:35,461 [INFO] DbMcusXml:78 - Set database path to: C:\ST\STM32CubeIDE_1.19.0\STM32CubeIDE\plugins\com.st.stm32cube.common.mx_6.15.0.202507011659\\db\/mcu/
2026-03-11 15:16:35,461 [INFO] ApiDb:274 - Set plugin database path to: C:\ST\STM32CubeIDE_1.19.0\STM32CubeIDE\plugins\com.st.stm32cube.common.mx_6.15.0.202507011659\\db\/plugins/boardmanager/
2026-03-11 15:16:35,461 [INFO] ApiDb:261 - Set plugin images path to: C:\ST\STM32CubeIDE_1.19.0\STM32CubeIDE\plugins\com.st.stm32cube.common.mx_6.15.0.202507011659\\db\/plugins/mcufinder/images/
2026-03-11 15:16:35,461 [WARN] DbFile:41 - Overriding database path with different value: C:\Users\User\.stmcufinder\plugins\mcufinder/ => C:\Users\User\.stmcufinder\plugins\mcufinder
2026-03-11 15:16:35,461 [INFO] ApiDb:250 - Set database path to: C:\Users\User\.stmcufinder\plugins\mcufinder//mcu/
2026-03-11 15:16:35,461 [WARN] DbFile:41 - Overriding database path with different value: C:\Users\User\.stmcufinder\plugins\mcufinder/ => C:\Users\User\.stmcufinder\plugins\mcufinder
2026-03-11 15:16:35,461 [INFO] DbMcusAds:125 - Set database path to: C:\Users\User\.stmcufinder\plugins\mcufinder//mcu/
2026-03-11 15:16:35,461 [WARN] DbFile:41 - Overriding database path with different value: C:\Users\User\.stmcufinder\plugins\mcufinder/ => C:\Users\User\.stmcufinder\plugins\mcufinder
2026-03-11 15:16:35,461 [WARN] DbFile:41 - Overriding database path with different value: C:\Users\User\.stmcufinder\plugins\mcufinder/ => C:\Users\User\.stmcufinder\plugins\mcufinder
2026-03-11 15:16:35,462 [INFO] CrossReferenceDbSqlite:203 - Set database path to: C:\Users\User\.stmcufinder\plugins\mcufinder//mcu/cs/
2026-03-11 15:16:35,514 [INFO] MainPanel:274 - HeapMemory: 290455552
2026-03-11 15:16:35,574 [INFO] DbMcusXml:78 - Set database path to: C:\ST\STM32CubeIDE_1.19.0\STM32CubeIDE\plugins\com.st.stm32cube.common.mx_6.15.0.202507011659\\db\/mcu/
2026-03-11 15:16:35,574 [INFO] ApiDb:274 - Set plugin database path to: C:\ST\STM32CubeIDE_1.19.0\STM32CubeIDE\plugins\com.st.stm32cube.common.mx_6.15.0.202507011659\\db\/plugins/boardmanager/
2026-03-11 15:16:35,574 [INFO] ApiDb:261 - Set plugin images path to: C:\ST\STM32CubeIDE_1.19.0\STM32CubeIDE\plugins\com.st.stm32cube.common.mx_6.15.0.202507011659\\db\/plugins/mcufinder/images/
2026-03-11 15:16:35,574 [WARN] DbFile:41 - Overriding database path with different value: C:\Users\User\.stmcufinder\plugins\mcufinder/ => C:\Users\User\.stmcufinder\plugins\mcufinder
2026-03-11 15:16:35,575 [INFO] ApiDb:250 - Set database path to: C:\Users\User\.stmcufinder\plugins\mcufinder//mcu/
2026-03-11 15:16:35,575 [WARN] DbFile:41 - Overriding database path with different value: C:\Users\User\.stmcufinder\plugins\mcufinder/ => C:\Users\User\.stmcufinder\plugins\mcufinder
2026-03-11 15:16:35,575 [INFO] DbMcusAds:125 - Set database path to: C:\Users\User\.stmcufinder\plugins\mcufinder//mcu/
2026-03-11 15:16:35,575 [WARN] DbFile:41 - Overriding database path with different value: C:\Users\User\.stmcufinder\plugins\mcufinder/ => C:\Users\User\.stmcufinder\plugins\mcufinder
2026-03-11 15:16:35,575 [WARN] DbFile:41 - Overriding database path with different value: C:\Users\User\.stmcufinder\plugins\mcufinder/ => C:\Users\User\.stmcufinder\plugins\mcufinder
2026-03-11 15:16:35,575 [INFO] CrossReferenceDbSqlite:203 - Set database path to: C:\Users\User\.stmcufinder\plugins\mcufinder//mcu/cs/
2026-03-11 15:16:35,588 [INFO] ApplicationProperties:184 - Using Application install path: C:\ST\STM32CubeIDE_1.19.0\STM32CubeIDE\plugins\com.st.stm32cube.common.mx_6.15.0.202507011659
2026-03-11 15:16:35,589 [INFO] PluginManage:196 - Search for loadable plugins [exclusion list=, ]
2026-03-11 15:16:35,590 [INFO] PluginManage:310 - Check plugin analytics
2026-03-11 15:16:35,706 [INFO] AnalyticsPlugin:253 - Accepted Software Licenses: 
2026-03-11 15:16:35,706 [INFO] AnalyticsPlugin:255 - Accepted CMSIS Pack Licenses: 
2026-03-11 15:16:35,706 [INFO] AnalyticsPlugin:257 - Accepted Firmware Licenses: FW.WL.1.3.0,FW.H7.1.12.0,FW.F4.1.28.0,FW.WBA.1.7.0,FW.L4.1.18.0,FW.U5.1.8.0
2026-03-11 15:16:35,708 [INFO] PluginManage:359 - Loaded plugin analytics (category:tool,tabindex:-1)
2026-03-11 15:16:35,708 [INFO] PluginManage:310 - Check plugin cadmodel
2026-03-11 15:16:35,710 [INFO] CADModel:105 - Init CAD model plugin
2026-03-11 15:16:35,710 [INFO] PluginManage:359 - Loaded plugin cadmodel (category:power,tabindex:5)
2026-03-11 15:16:35,710 [INFO] PluginManage:310 - Check plugin clock
2026-03-11 15:16:35,717 [INFO] PluginManage:359 - Loaded plugin clock (category:base,tabindex:2)
2026-03-11 15:16:35,717 [INFO] PluginManage:310 - Check plugin ddr
2026-03-11 15:16:35,719 [INFO] PluginManage:359 - Loaded plugin ddr (category:tool,tabindex:6)
2026-03-11 15:16:35,719 [INFO] PluginManage:310 - Check plugin filemanager
2026-03-11 15:16:35,825 [INFO] PluginManage:359 - Loaded plugin filemanager (category:base,tabindex:10)
2026-03-11 15:16:35,825 [INFO] PluginManage:310 - Check plugin ipmanager
2026-03-11 15:16:35,830 [INFO] PluginManage:359 - Loaded plugin ipmanager (category:base,tabindex:5)
2026-03-11 15:16:35,830 [INFO] PluginManage:310 - Check plugin lpbam
2026-03-11 15:16:35,836 [INFO] PluginManage:359 - Loaded plugin lpbam (category:base,tabindex:0)
2026-03-11 15:16:35,837 [INFO] PluginManage:310 - Check plugin memorymap
2026-03-11 15:16:35,846 [INFO] PluginManage:359 - Loaded plugin memorymap (category:base,tabindex:4)
2026-03-11 15:16:35,846 [INFO] PluginManage:310 - Check plugin pinoutandconfiguration
2026-03-11 15:16:35,851 [INFO] PluginManage:359 - Loaded plugin pinoutandconfiguration (category:base,tabindex:1)
2026-03-11 15:16:35,852 [INFO] PluginManage:310 - Check plugin pinoutconfig
2026-03-11 15:16:35,915 [WARN] SupportedApi:132 - Cannot load RTOS API schema: s4s-elt-must-match.1: The content of 'definitions' must match (annotation?, (simpleType | complexType)?, (unique | key | keyref)*)). A problem was found starting at: attribute.
2026-03-11 15:16:36,025 [INFO] PluginManage:359 - Loaded plugin pinoutconfig (category:base,tabindex:0)
2026-03-11 15:16:36,025 [INFO] PluginManage:310 - Check plugin power
2026-03-11 15:16:36,032 [INFO] PluginManage:359 - Loaded plugin power (category:power,tabindex:4)
2026-03-11 15:16:36,032 [INFO] PluginManage:310 - Check plugin projectmanager
2026-03-11 15:16:36,044 [INFO] PluginManage:359 - Loaded plugin projectmanager (category:projectmanager,tabindex:4)
2026-03-11 15:16:36,044 [INFO] PluginManage:310 - Check plugin rif
2026-03-11 15:16:36,055 [INFO] PluginManage:359 - Loaded plugin rif (category:base,tabindex:3)
2026-03-11 15:16:36,055 [INFO] PluginManage:310 - Check plugin thirdparty
2026-03-11 15:16:36,157 [WARN] IntegrityCheckThread:84 - waiting for thirdparty lock release [integrity check]
2026-03-11 15:16:36,157 [INFO] PluginManage:359 - Loaded plugin thirdparty (category:base,tabindex:-1)
2026-03-11 15:16:36,157 [INFO] IntegrityCheckThread:86 - entering critical section [integrity check]
2026-03-11 15:16:36,157 [INFO] PluginManage:310 - Check plugin tools
2026-03-11 15:16:36,157 [INFO] ThirdPartyUpdaterWithRetryManager:70 - Updater plugin not ready yet. [1/15]
2026-03-11 15:16:36,160 [INFO] PluginManage:359 - Loaded plugin tools (category:base,tabindex:7)
2026-03-11 15:16:36,160 [INFO] PluginManage:310 - Check plugin tutovideos
2026-03-11 15:16:36,316 [INFO] PluginManage:359 - Loaded plugin tutovideos (category:base,tabindex:-1)
2026-03-11 15:16:36,316 [INFO] PluginManage:310 - Check plugin updater
2026-03-11 15:16:36,333 [INFO] PluginManage:359 - Loaded plugin updater (category:base,tabindex:12)
2026-03-11 15:16:36,333 [INFO] PluginManage:310 - Check plugin userauth
2026-03-11 15:16:36,337 [INFO] UserAuth:118 - Init User Auth plugin
2026-03-11 15:16:36,338 [INFO] PluginManage:359 - Loaded plugin userauth (category:base,tabindex:14)
2026-03-11 15:16:36,338 [INFO] PluginManage:283 - PluginManage : Loaded plugins [18]
2026-03-11 15:16:36,499 [INFO] PinOutPanel:1589 - setPackage(No Configuration,No Configuration)
2026-03-11 15:16:36,566 [INFO] CADModel:165 - CPN selected for project level
2026-03-11 15:16:36,566 [INFO] CADModel:114 - Register for checkConnection events
2026-03-11 15:16:36,581 [INFO] IPUIPlugin:80 - create IPUIPlugin
2026-03-11 15:16:36,581 [INFO] PluginManager:220 - loadIPPluginJar : add adc
2026-03-11 15:16:36,583 [INFO] IPUIPlugin:80 - create IPUIPlugin
2026-03-11 15:16:36,584 [INFO] PluginManager:220 - loadIPPluginJar : add aes
2026-03-11 15:16:36,585 [INFO] IPUIPlugin:80 - create IPUIPlugin
2026-03-11 15:16:36,585 [INFO] PluginManager:220 - loadIPPluginJar : add can
2026-03-11 15:16:36,586 [INFO] IPUIPlugin:80 - create IPUIPlugin
2026-03-11 15:16:36,586 [INFO] PluginManager:220 - loadIPPluginJar : add comp
2026-03-11 15:16:36,589 [INFO] IPUIPlugin:80 - create IPUIPlugin
2026-03-11 15:16:36,589 [INFO] PluginManager:220 - loadIPPluginJar : add cryp
2026-03-11 15:16:36,590 [INFO] IPUIPlugin:80 - create IPUIPlugin
2026-03-11 15:16:36,591 [INFO] PluginManager:220 - loadIPPluginJar : add ddr_ctrl_phy
2026-03-11 15:16:36,592 [INFO] IPUIPlugin:80 - create IPUIPlugin
2026-03-11 15:16:36,592 [INFO] PluginManager:220 - loadIPPluginJar : add dfsdm
2026-03-11 15:16:36,597 [INFO] IPUIPlugin:80 - create IPUIPlugin
2026-03-11 15:16:36,597 [INFO] PluginManager:220 - loadIPPluginJar : add dma
2026-03-11 15:16:36,599 [INFO] IPUIPlugin:80 - create IPUIPlugin
2026-03-11 15:16:36,599 [INFO] PluginManager:220 - loadIPPluginJar : add dma3
2026-03-11 15:16:36,601 [INFO] IPUIPlugin:80 - create IPUIPlugin
2026-03-11 15:16:36,601 [INFO] PluginManager:220 - loadIPPluginJar : add extmemmanager
2026-03-11 15:16:36,602 [INFO] IPUIPlugin:80 - create IPUIPlugin
2026-03-11 15:16:36,602 [INFO] PluginManager:220 - loadIPPluginJar : add fatfs
2026-03-11 15:16:36,605 [INFO] IPUIPlugin:80 - create IPUIPlugin
2026-03-11 15:16:36,605 [INFO] PluginManager:220 - loadIPPluginJar : add fmc
2026-03-11 15:16:36,609 [INFO] IPUIPlugin:80 - create IPUIPlugin
2026-03-11 15:16:36,609 [INFO] PluginManager:220 - loadIPPluginJar : add freertos
2026-03-11 15:16:36,610 [INFO] IPUIPlugin:80 - create IPUIPlugin
2026-03-11 15:16:36,610 [INFO] PluginManager:220 - loadIPPluginJar : add genericplugin
2026-03-11 15:16:36,611 [INFO] IPUIPlugin:80 - create IPUIPlugin
2026-03-11 15:16:36,611 [INFO] PluginManager:220 - loadIPPluginJar : add gfxmmu
2026-03-11 15:16:36,615 [INFO] IPUIPlugin:80 - create IPUIPlugin
2026-03-11 15:16:36,615 [INFO] PluginManager:220 - loadIPPluginJar : add gic
2026-03-11 15:16:36,618 [INFO] IPUIPlugin:80 - create IPUIPlugin
2026-03-11 15:16:36,618 [INFO] PluginManager:220 - loadIPPluginJar : add gpio
2026-03-11 15:16:36,620 [INFO] IPUIPlugin:80 - create IPUIPlugin
2026-03-11 15:16:36,620 [INFO] PluginManager:220 - loadIPPluginJar : add gtzc
2026-03-11 15:16:36,622 [INFO] IPUIPlugin:80 - create IPUIPlugin
2026-03-11 15:16:36,622 [INFO] PluginManager:220 - loadIPPluginJar : add hash
2026-03-11 15:16:36,624 [INFO] IPUIPlugin:80 - create IPUIPlugin
2026-03-11 15:16:36,624 [INFO] PluginManager:220 - loadIPPluginJar : add i2c
2026-03-11 15:16:36,625 [INFO] IPUIPlugin:80 - create IPUIPlugin
2026-03-11 15:16:36,625 [INFO] PluginManager:220 - loadIPPluginJar : add i2s
2026-03-11 15:16:36,627 [INFO] IPUIPlugin:80 - create IPUIPlugin
2026-03-11 15:16:36,627 [INFO] PluginManager:220 - loadIPPluginJar : add i3c
2026-03-11 15:16:36,630 [INFO] IPUIPlugin:80 - create IPUIPlugin
2026-03-11 15:16:36,630 [INFO] PluginManager:220 - loadIPPluginJar : add ipddr
2026-03-11 15:16:36,637 [INFO] IPUIPlugin:80 - create IPUIPlugin
2026-03-11 15:16:36,637 [INFO] PluginManager:220 - loadIPPluginJar : add linkedlist
2026-03-11 15:16:36,639 [INFO] IPUIPlugin:80 - create IPUIPlugin
2026-03-11 15:16:36,639 [INFO] PluginManager:220 - loadIPPluginJar : add lorawan
2026-03-11 15:16:36,640 [INFO] IPUIPlugin:80 - create IPUIPlugin
2026-03-11 15:16:36,640 [INFO] PluginManager:220 - loadIPPluginJar : add ltdc
2026-03-11 15:16:36,644 [INFO] IPUIPlugin:80 - create IPUIPlugin
2026-03-11 15:16:36,644 [INFO] PluginManager:220 - loadIPPluginJar : add mdma
2026-03-11 15:16:36,646 [INFO] IPUIPlugin:80 - create IPUIPlugin
2026-03-11 15:16:36,646 [INFO] PluginManager:220 - loadIPPluginJar : add nvic
2026-03-11 15:16:36,648 [INFO] IPUIPlugin:80 - create IPUIPlugin
2026-03-11 15:16:36,648 [INFO] PluginManager:220 - loadIPPluginJar : add opamp
2026-03-11 15:16:36,650 [INFO] IPUIPlugin:80 - create IPUIPlugin
2026-03-11 15:16:36,650 [INFO] PluginManager:220 - loadIPPluginJar : add openamp
2026-03-11 15:16:36,652 [INFO] IPUIPlugin:80 - create IPUIPlugin
2026-03-11 15:16:36,652 [INFO] PluginManager:220 - loadIPPluginJar : add pdm2pcm
2026-03-11 15:16:36,657 [INFO] IPUIPlugin:80 - create IPUIPlugin
2026-03-11 15:16:36,659 [INFO] PluginManager:220 - loadIPPluginJar : add plateformsettings
2026-03-11 15:16:36,660 [INFO] IPUIPlugin:80 - create IPUIPlugin
2026-03-11 15:16:36,660 [INFO] PluginManager:220 - loadIPPluginJar : add quadspi
2026-03-11 15:16:36,661 [INFO] IPUIPlugin:80 - create IPUIPlugin
2026-03-11 15:16:36,661 [INFO] PluginManager:220 - loadIPPluginJar : add radio
2026-03-11 15:16:36,663 [INFO] IPUIPlugin:80 - create IPUIPlugin
2026-03-11 15:16:36,663 [INFO] PluginManager:220 - loadIPPluginJar : add resmgrutility
2026-03-11 15:16:36,665 [INFO] IPUIPlugin:80 - create IPUIPlugin
2026-03-11 15:16:36,665 [INFO] PluginManager:220 - loadIPPluginJar : add sai
2026-03-11 15:16:36,667 [INFO] IPUIPlugin:80 - create IPUIPlugin
2026-03-11 15:16:36,667 [INFO] PluginManager:220 - loadIPPluginJar : add spi
2026-03-11 15:16:36,671 [INFO] IPUIPlugin:80 - create IPUIPlugin
2026-03-11 15:16:36,671 [INFO] PluginManager:220 - loadIPPluginJar : add stm32_wpan
2026-03-11 15:16:36,672 [INFO] IPUIPlugin:80 - create IPUIPlugin
2026-03-11 15:16:36,672 [INFO] PluginManager:220 - loadIPPluginJar : add tim
2026-03-11 15:16:36,674 [INFO] IPUIPlugin:80 - create IPUIPlugin
2026-03-11 15:16:36,674 [INFO] PluginManager:220 - loadIPPluginJar : add touchsensing
2026-03-11 15:16:36,675 [INFO] IPUIPlugin:80 - create IPUIPlugin
2026-03-11 15:16:36,676 [INFO] PluginManager:220 - loadIPPluginJar : add tracer_emb
2026-03-11 15:16:36,677 [INFO] IPUIPlugin:80 - create IPUIPlugin
2026-03-11 15:16:36,677 [INFO] PluginManager:220 - loadIPPluginJar : add ts
2026-03-11 15:16:36,678 [INFO] IPUIPlugin:80 - create IPUIPlugin
2026-03-11 15:16:36,678 [INFO] PluginManager:220 - loadIPPluginJar : add tsc
2026-03-11 15:16:36,679 [INFO] IPUIPlugin:80 - create IPUIPlugin
2026-03-11 15:16:36,679 [INFO] PluginManager:220 - loadIPPluginJar : add ucpd
2026-03-11 15:16:36,681 [INFO] IPUIPlugin:80 - create IPUIPlugin
2026-03-11 15:16:36,681 [INFO] PluginManager:220 - loadIPPluginJar : add usart
2026-03-11 15:16:36,683 [INFO] IPUIPlugin:80 - create IPUIPlugin
2026-03-11 15:16:36,684 [INFO] PluginManager:220 - loadIPPluginJar : add usbx
2026-03-11 15:16:36,794 [FATAL] Updater:351 - Updater called before beeing initialized
2026-03-11 15:16:36,824 [INFO] RulesReader:64 - Compatibility file has been processed (317 Rules)
2026-03-11 15:16:36,836 [INFO] RulesReader:64 - Compatibility file has been processed (317 Rules)
2026-03-11 15:16:36,844 [INFO] CADModel:165 - CPN selected for project level
2026-03-11 15:16:36,844 [INFO] CADModel:114 - Register for checkConnection events
2026-03-11 15:16:36,844 [FATAL] Updater:351 - Updater called before beeing initialized
2026-03-11 15:16:36,844 [ERROR] CADModel:125 - Updater not yet initialized, retry later 
2026-03-11 15:16:36,951 [FATAL] Updater:351 - Updater called before beeing initialized
2026-03-11 15:16:36,952 [INFO] CADModel:165 - CPN selected for project level
2026-03-11 15:16:36,952 [INFO] CADModel:114 - Register for checkConnection events
2026-03-11 15:16:36,952 [FATAL] Updater:351 - Updater called before beeing initialized
2026-03-11 15:16:36,952 [ERROR] CADModel:125 - Updater not yet initialized, retry later 
2026-03-11 15:16:36,955 [FATAL] Updater:351 - Updater called before beeing initialized
2026-03-11 15:16:37,033 [FATAL] Updater:351 - Updater called before beeing initialized
2026-03-11 15:16:37,036 [INFO] DbMcusAds:53 - JSON generation date=Wed Feb 18 20:02:49 IST 2026 (1771425169371)
2026-03-11 15:16:37,036 [FATAL] Updater:351 - Updater called before beeing initialized
2026-03-11 15:16:37,063 [WARN] DetailPanel:346 - Failed to get advertising image, set to default
2026-03-11 15:16:37,131 [FATAL] Updater:351 - Updater called before beeing initialized
2026-03-11 15:16:37,133 [FATAL] Updater:351 - Updater called before beeing initialized
2026-03-11 15:16:37,133 [FATAL] Updater:351 - Updater called before beeing initialized
2026-03-11 15:16:37,133 [WARN] DetailPanel:346 - Failed to get advertising image, set to default
2026-03-11 15:16:37,134 [FATAL] Updater:351 - Updater called before beeing initialized
2026-03-11 15:16:37,165 [ERROR] Updater:1198 - MainUpdater not yet initialized. External WinMGr cannot be set.
2026-03-11 15:16:37,166 [INFO] Updater:1134 - Updater Version found : 6.15.0
2026-03-11 15:16:37,183 [INFO] ApplicationProperties:184 - Using Application install path: C:\ST\STM32CubeIDE_1.19.0\STM32CubeIDE\plugins\com.st.stm32cube.common.mx_6.15.0.202507011659
2026-03-11 15:16:38,755 [ERROR] LogOutputStream:75 - [STDERR_REDIRECT] Mar 11, 2026 3:16:38 PM java.util.prefs.WindowsPreferences <init>
2026-03-11 15:16:38,759 [ERROR] LogOutputStream:75 - [STDERR_REDIRECT] WARNING: Could not open/create prefs root node Software\JavaSoft\Prefs at root 0xffffffff80000002. Windows RegCreateKeyEx(...) returned error code 5.
2026-03-11 15:16:38,759 [ERROR] LogOutputStream:75 - [STDERR_REDIRECT] 
2026-03-11 15:16:39,082 [INFO] MainUpdater:2872 - connection check result : 10
2026-03-11 15:16:39,082 [INFO] MainUpdater:289 - Updater Check For Update Now.
2026-03-11 15:16:39,082 [INFO] MicroXplorer:498 - Change Database Version : DB.6.0.150
2026-03-11 15:16:39,088 [INFO] McuFinderGlobals:63 - Set McuFinder mode to 2 (CubeIDE integrated)
2026-03-11 15:16:39,088 [INFO] UserAuth:487 - Internet connection configuration mode: 1
2026-03-11 15:16:39,104 [INFO] JxBrowserEngine:152 - Initiate JxBrowser Engine with user profile folder
2026-03-11 15:16:39,159 [WARN] MainUpdater:1193 - Updater busy. Cannot search thirdparties
2026-03-11 15:16:39,159 [INFO] ThirdPartyUpdaterWithRetryManager:96 - Updater plugin is busy. [1/15]
2026-03-11 15:16:39,241 [INFO] CheckServerUpdateThread:120 - End of CheckServer Thread
2026-03-11 15:16:39,618 [INFO] WebApp:169 - Instantiating new browser for Auth
2026-03-11 15:16:40,131 [INFO] WebApp:463 - Apply proxy settings
2026-03-11 15:16:40,131 [INFO] WebApp:548 - Chromium requires no authentication
2026-03-11 15:16:40,137 [INFO] WebApp:491 - Direct internet connection detected
2026-03-11 15:16:40,153 [INFO] WebApp:900 - Register for checkConnection events
2026-03-11 15:16:40,153 [INFO] WebApp:463 - Apply proxy settings
2026-03-11 15:16:40,153 [INFO] WebApp:548 - Chromium requires no authentication
2026-03-11 15:16:40,154 [INFO] WebApp:491 - Direct internet connection detected
2026-03-11 15:16:40,283 [INFO] WebApp:225 - Starting web application
2026-03-11 15:16:40,283 [INFO] WebApp:593 - Web application path used C:\ST\STM32CubeIDE_1.19.0\STM32CubeIDE\plugins\com.st.stm32cube.common.mx_6.15.0.202507011659\db\plugins\mcufinder\reactClient1\index.html
2026-03-11 15:16:40,343 [INFO] UserAuth:487 - Internet connection configuration mode: 1
2026-03-11 15:16:40,492 [INFO] WebApp:191 - Connection restablished
2026-03-11 15:16:42,332 [WARN] PackLoader:240 - Cannot read IP mode file for STMicroelectronics.FP-SNS-MOTENVWB1.1.4.0
2026-03-11 15:16:42,344 [WARN] PackLoader:240 - Cannot read IP mode file for STMicroelectronics.FP-ATR-ASTRA1.2.0.2
2026-03-11 15:16:42,352 [WARN] PackLoader:240 - Cannot read IP mode file for STMicroelectronics.X-CUBE-SMBUS.2.1.0
2026-03-11 15:16:42,357 [WARN] PackLoader:240 - Cannot read IP mode file for STMicroelectronics.X-CUBE-ST60.1.0.0
2026-03-11 15:16:42,377 [WARN] PackLoader:240 - Cannot read IP mode file for STMicroelectronics.X-CUBE-AZRTOS-F7.1.1.0
2026-03-11 15:16:42,383 [WARN] PackLoader:240 - Cannot read IP mode file for STMicroelectronics.FP-SNS-MOTENV1.5.1.0
2026-03-11 15:16:42,408 [WARN] PackLoader:240 - Cannot read IP mode file for Infineon.AIROC-Wi-Fi-Bluetooth-STM32.1.7.1
2026-03-11 15:16:42,437 [WARN] PackLoader:240 - Cannot read IP mode file for STMicroelectronics.X-CUBE-AZRTOS-H7.3.4.0
2026-03-11 15:16:42,446 [WARN] PackLoader:240 - Cannot read IP mode file for STMicroelectronics.X-CUBE-DISPLAY.3.0.0
2026-03-11 15:16:42,479 [WARN] PackLoader:240 - Cannot read IP mode file for STMicroelectronics.X-CUBE-NFC10.1.0.0
2026-03-11 15:16:42,485 [WARN] PackLoader:240 - Cannot read IP mode file for STMicroelectronics.X-CUBE-ST60.1.1.0
2026-03-11 15:16:42,490 [WARN] PackLoader:240 - Cannot read IP mode file for emotas.I-CUBE-CANOPEN.1.3.0
2026-03-11 15:16:42,498 [WARN] PackLoader:240 - Cannot read IP mode file for STMicroelectronics.X-CUBE-GNSS1.7.1.0
2026-03-11 15:16:42,504 [WARN] PackLoader:240 - Cannot read IP mode file for STMicroelectronics.FP-SNS-STBOX1.2.1.0
2026-03-11 15:16:42,509 [WARN] PackLoader:240 - Cannot read IP mode file for STMicroelectronics.FP-SNS-SMARTAG2.1.2.0
2026-03-11 15:16:42,514 [WARN] PackLoader:240 - Cannot read IP mode file for STMicroelectronics.FP-SNS-FLIGHT1.5.1.0
2026-03-11 15:16:42,519 [INFO] LogOutputStream:77 - [STDOUT_REDIRECT] 1 : Invalid condition id : UX_CORESTACK_Condition cause : null
2026-03-11 15:16:42,520 [INFO] LogOutputStream:77 - [STDOUT_REDIRECT] 1 : Invalid condition id : UX_CORESTACK_Condition cause : null
2026-03-11 15:16:42,520 [INFO] LogOutputStream:77 - [STDOUT_REDIRECT] 1 : Invalid condition id : UX_CORESTACK_Condition cause : null
2026-03-11 15:16:42,521 [INFO] LogOutputStream:77 - [STDOUT_REDIRECT] 1 : Invalid condition id : UX_CORESTACK_Condition cause : null
2026-03-11 15:16:42,521 [INFO] LogOutputStream:77 - [STDOUT_REDIRECT] 1 : Invalid condition id : UX_CORESTACK_Condition cause : null
2026-03-11 15:16:42,522 [WARN] PackLoader:240 - Cannot read IP mode file for STMicroelectronics.X-CUBE-AZRTOS-WL.2.0.0
2026-03-11 15:16:42,527 [WARN] PackLoader:240 - Cannot read IP mode file for STMicroelectronics.FP-SNS-MOTENV1.5.0.0
2026-03-11 15:16:42,541 [WARN] PackLoader:240 - Cannot read IP mode file for STMicroelectronics.X-CUBE-AZRTOS-H7RS.1.2.0
2026-03-11 15:16:42,552 [WARN] PackLoader:240 - Cannot read IP mode file for WES.I-CUBE-Cesium.1.3.0
2026-03-11 15:16:42,556 [WARN] PackLoader:240 - Cannot read IP mode file for STMicroelectronics.X-CUBE-BLE2.3.3.0
2026-03-11 15:16:42,571 [WARN] PackLoader:240 - Cannot read IP mode file for STMicroelectronics.X-CUBE-NFC9.1.0.0
2026-03-11 15:16:42,575 [WARN] PackLoader:240 - Cannot read IP mode file for wolfSSL.I-CUBE-wolfSSL.5.8.0
2026-03-11 15:16:42,577 [WARN] PackLoader:240 - Cannot read IP mode file for STMicroelectronics.X-CUBE-BLE1.7.1.0
2026-03-11 15:16:42,580 [WARN] PackLoader:240 - Cannot read IP mode file for wolfSSL.I-CUBE-wolfMQTT.1.19.2
2026-03-11 15:16:42,583 [WARN] PackLoader:240 - Cannot read IP mode file for STMicroelectronics.X-CUBE-FREERTOS.1.4.0
2026-03-11 15:16:42,589 [WARN] PackLoader:240 - Cannot read IP mode file for STMicroelectronics.X-CUBE-EEPRMA1.5.2.0
2026-03-11 15:16:42,594 [WARN] PackLoader:240 - Cannot read IP mode file for STMicroelectronics.X-CUBE-ST67W61.1.1.0
2026-03-11 15:16:42,597 [WARN] PackLoader:240 - Cannot read IP mode file for STMicroelectronics.X-CUBE-AI.10.1.0
2026-03-11 15:16:42,623 [WARN] PackLoader:240 - Cannot read IP mode file for STMicroelectronics.X-CUBE-MEMS1.12.0.0
2026-03-11 15:16:42,674 [WARN] PackLoader:240 - Cannot read IP mode file for STMicroelectronics.X-CUBE-AZRTOS-G0.1.1.0
2026-03-11 15:16:42,679 [WARN] PackLoader:240 - Cannot read IP mode file for STMicroelectronics.X-CUBE-SAFEA1.1.2.2
2026-03-11 15:16:42,683 [WARN] PackLoader:240 - Cannot read IP mode file for STMicroelectronics.X-CUBE-NFC4.3.0.0
2026-03-11 15:16:42,688 [WARN] PackLoader:240 - Cannot read IP mode file for EmbeddedOffice.I-CUBE-FS-RTOS.1.0.1
2026-03-11 15:16:42,691 [WARN] PackLoader:240 - Cannot read IP mode file for STMicroelectronics.X-CUBE-WB05N.2.0.0
2026-03-11 15:16:42,694 [WARN] PackLoader:240 - Cannot read IP mode file for wolfSSL.I-CUBE-wolfTPM.3.8.0
2026-03-11 15:16:42,697 [WARN] PackLoader:240 - Cannot read IP mode file for STMicroelectronics.X-CUBE-TCPP.4.2.0
2026-03-11 15:16:42,700 [WARN] PackLoader:240 - Cannot read IP mode file for RealThread.X-CUBE-RT-Thread_Nano.4.1.1
2026-03-11 15:16:42,702 [WARN] PackLoader:240 - Cannot read IP mode file for STMicroelectronics.FP-ATR-SIGFOX1.3.2.0
2026-03-11 15:16:42,707 [WARN] PackLoader:240 - Cannot read IP mode file for ITTIA_DB.I-CUBE-ITTIADB.8.9.0
2026-03-11 15:16:42,711 [WARN] PackLoader:240 - Cannot read IP mode file for STMicroelectronics.X-CUBE-NFC6.3.2.0
2026-03-11 15:16:42,716 [WARN] PackLoader:240 - Cannot read IP mode file for STMicroelectronics.X-CUBE-ST67W61.1.0.0
2026-03-11 15:16:42,720 [WARN] PackLoader:240 - Cannot read IP mode file for STMicroelectronics.X-CUBE-AI.10.2.0
2026-03-11 15:16:42,731 [WARN] PackLoader:240 - Cannot read IP mode file for SEGGER.I-CUBE-embOS.1.3.1
2026-03-11 15:16:42,759 [WARN] PackLoader:240 - Cannot read IP mode file for STMicroelectronics.X-CUBE-ALGOBUILD.1.4.0
2026-03-11 15:16:42,777 [WARN] PackLoader:240 - Cannot read IP mode file for STMicroelectronics.X-CUBE-MEMS1.11.3.0
2026-03-11 15:16:42,842 [WARN] PackLoader:240 - Cannot read IP mode file for STMicroelectronics.X-CUBE-PM33A1.1.0.0
2026-03-11 15:16:42,850 [WARN] PackLoader:240 - Cannot read IP mode file for STMicroelectronics.X-CUBE-AZRTOS-F4.1.1.0
2026-03-11 15:16:42,853 [WARN] PackLoader:240 - Cannot read IP mode file for Avnet-IotConnect.X-CUBE-IoTC-DA16k-PMOD.1.0.0
2026-03-11 15:16:42,855 [WARN] PackLoader:240 - Cannot read IP mode file for STMicroelectronics.X-CUBE-ISPU.2.1.0
2026-03-11 15:16:42,862 [WARN] PackLoader:240 - Cannot read IP mode file for STMicroelectronics.X-CUBE-IPS.3.2.0
2026-03-11 15:16:42,881 [WARN] PackLoader:240 - Cannot read IP mode file for STMicroelectronics.X-CUBE-NFC12.1.0.0
2026-03-11 15:16:42,889 [WARN] PackLoader:240 - Cannot read IP mode file for STMicroelectronics.X-CUBE-AZRTOS-L5.2.0.0
2026-03-11 15:16:42,894 [WARN] PackLoader:240 - Cannot read IP mode file for STMicroelectronics.X-CUBE-NFC6.3.1.0
2026-03-11 15:16:42,899 [WARN] PackLoader:240 - Cannot read IP mode file for STMicroelectronics.X-CUBE-FREERTOS.1.3.1
2026-03-11 15:16:42,903 [WARN] PackLoader:240 - Cannot read IP mode file for STMicroelectronics.X-CUBE-TOUCHGFX.4.26.0
2026-03-11 15:16:42,906 [WARN] PackLoader:240 - Cannot read IP mode file for STMicroelectronics.X-CUBE-TOUCHGFX.4.26.1
2026-03-11 15:16:42,921 [WARN] PackLoader:240 - Cannot read IP mode file for STMicroelectronics.FP-SNS-STAIOTCFT.1.0.0
2026-03-11 15:16:42,925 [WARN] PackLoader:240 - Cannot read IP mode file for STMicroelectronics.X-CUBE-DPower.1.3.0
2026-03-11 15:16:42,937 [WARN] ConditionMgr:438 - getConditionDescription Invalid condition id : LAN8742 Phy interface Condition cause : null
2026-03-11 15:16:42,938 [WARN] PackLoader:240 - Cannot read IP mode file for STMicroelectronics.X-CUBE-AZRTOS-L4.2.0.0
2026-03-11 15:16:42,938 [WARN] ConditionMgr:1044 - genDependencies : Invalid condition id : LAN8742 Phy interface Condition cause : null
2026-03-11 15:16:42,939 [WARN] ConditionMgr:1044 - genDependencies : Invalid condition id : LAN8742 Phy interface Condition cause : null
2026-03-11 15:16:42,939 [WARN] ConditionMgr:1044 - genDependencies : Invalid condition id : LAN8742 Phy interface Condition cause : null
2026-03-11 15:16:42,944 [WARN] PackLoader:240 - Cannot read IP mode file for STMicroelectronics.X-CUBE-SFXS2LP1.4.0.0
2026-03-11 15:16:42,948 [WARN] PackLoader:240 - Cannot read IP mode file for STMicroelectronics.X-CUBE-ST67W61.1.2.0
2026-03-11 15:16:42,954 [WARN] PackLoader:240 - Cannot read IP mode file for STMicroelectronics.X-CUBE-BLEMGR.4.1.0
2026-03-11 15:16:42,961 [WARN] ConditionMgr:438 - getConditionDescription Invalid condition id : UX DEVICE CLASS RTOS Condition cause : null
2026-03-11 15:16:42,961 [WARN] ConditionMgr:438 - getConditionDescription Invalid condition id : UX DEVICE CLASS RTOS Condition cause : null
2026-03-11 15:16:42,962 [WARN] PackLoader:240 - Cannot read IP mode file for STMicroelectronics.X-CUBE-AZRTOS-WB.2.0.0
2026-03-11 15:16:42,962 [WARN] ConditionMgr:1044 - genDependencies : Invalid condition id : UX DEVICE CLASS RTOS Condition cause : null
2026-03-11 15:16:42,963 [WARN] ConditionMgr:1044 - genDependencies : Invalid condition id : UX DEVICE CLASS RTOS Condition cause : null
2026-03-11 15:16:42,963 [WARN] ConditionMgr:1044 - genDependencies : Invalid condition id : UX DEVICE CLASS RTOS Condition cause : null
2026-03-11 15:16:42,963 [WARN] ConditionMgr:1044 - genDependencies : Invalid condition id : UX DEVICE CLASS RTOS Condition cause : null
2026-03-11 15:16:42,963 [WARN] ConditionMgr:1044 - genDependencies : Invalid condition id : UX DEVICE CLASS RTOS Condition cause : null
2026-03-11 15:16:42,965 [WARN] PackLoader:240 - Cannot read IP mode file for STMicroelectronics.X-CUBE-GNSS1.7.0.1
2026-03-11 15:16:42,967 [WARN] PackLoader:240 - Cannot read IP mode file for STMicroelectronics.X-CUBE-TOUCHGFX.4.25.0
2026-03-11 15:16:42,970 [WARN] PackLoader:240 - Cannot read IP mode file for STMicroelectronics.FP-SNS-STBOX1.2.0.0
2026-03-11 15:16:42,973 [WARN] ConditionMgr:438 - getConditionDescription Invalid condition id : Cortex-A Device cause : null
2026-03-11 15:16:42,979 [WARN] ConditionMgr:1044 - genDependencies : Invalid condition id : Cortex-A Device cause : null
2026-03-11 15:16:42,980 [WARN] ConditionMgr:1044 - genDependencies : Invalid condition id : Cortex-A Device cause : null
2026-03-11 15:16:42,980 [WARN] ConditionMgr:1044 - genDependencies : Invalid condition id : Cortex-A Device cause : null
2026-03-11 15:16:42,983 [WARN] PackLoader:240 - Cannot read IP mode file for STMicroelectronics.X-CUBE-STSE01.2.0.0
2026-03-11 15:16:42,988 [WARN] PackLoader:240 - Cannot read IP mode file for STMicroelectronics.X-CUBE-SUBG2.5.0.0
2026-03-11 15:16:42,996 [WARN] PackLoader:240 - Cannot read IP mode file for STMicroelectronics.X-CUBE-AZRTOS-H7RS.1.1.0
2026-03-11 15:16:42,999 [WARN] PackLoader:240 - Cannot read IP mode file for Cesanta.I-CUBE-Mongoose.7.13.0
2026-03-11 15:16:43,005 [WARN] PackLoader:240 - Cannot read IP mode file for STMicroelectronics.X-CUBE-AZRTOS-G4.2.0.0
2026-03-11 15:16:43,008 [WARN] PackLoader:240 - Cannot read IP mode file for wolfSSL.I-CUBE-wolfSSH.1.4.20
2026-03-11 15:16:43,010 [WARN] PackLoader:240 - Cannot read IP mode file for STMicroelectronics.X-CUBE-NFC7.2.0.0
2026-03-11 15:16:43,014 [WARN] PackLoader:240 - Cannot read IP mode file for STMicroelectronics.X-CUBE-IPS.3.1.0
2026-03-11 15:16:43,019 [WARN] PackLoader:240 - Cannot read IP mode file for STMicroelectronics.X-CUBE-ALS.1.0.2
2026-03-11 15:16:43,022 [WARN] PackLoader:240 - Cannot read IP mode file for STMicroelectronics.X-CUBE-STSE01.1.0.0
2026-03-11 15:16:43,026 [WARN] PackLoader:240 - Cannot read IP mode file for portGmbH.I-Cube-SoM-uGOAL.1.1.0
2026-03-11 15:16:43,030 [WARN] PackLoader:240 - Cannot read IP mode file for STMicroelectronics.X-CUBE-TOF1.3.4.3
2026-03-11 15:16:43,034 [INFO] ThirdParty:978 - Integrity check success = true
2026-03-11 15:16:43,034 [INFO] IntegrityCheckThread:100 - exiting critical section [integrity check]
2026-03-11 15:16:43,034 [INFO] IntegrityCheckThread:103 - End integrity checks thread
2026-03-11 15:57:50,612 [INFO] WebApp:194 - Connection lost
2026-03-11 15:57:51,112 [INFO] WebApp:191 - Connection restablished
2026-03-11 15:57:52,599 [INFO] WebApp:194 - Connection lost
2026-03-11 15:57:53,096 [INFO] WebApp:191 - Connection restablished
2026-03-11 16:02:47,459 [INFO] WebApp:194 - Connection lost
2026-03-11 16:02:47,759 [INFO] WebApp:191 - Connection restablished
2026-03-11 16:02:53,841 [INFO] WebApp:194 - Connection lost
2026-03-11 16:02:54,188 [INFO] WebApp:191 - Connection restablished
2026-03-11 22:07:38,740 [INFO] WebApp:403 - JxBrowser engine has been closed 
