2026-03-16 09:11:29,124 [INFO] Activator:176 - 


2026-03-16 09:11:29,128 [INFO] Activator:177 - !SESSION log4j initialized
2026-03-16 09:11:33,272 [INFO] LogOutputStream:77 - [STDOUT_REDIRECT] 
2026-03-16 09:11:34,135 [INFO] ApplicationProperties:184 - Using Application install path: C:\ST\STM32CubeIDE_1.19.0\STM32CubeIDE\plugins\com.st.stm32cube.common.mx_6.15.0.202507011659
2026-03-16 09:11:34,158 [INFO] DbMcusXml:78 - Set database path to: C:\ST\STM32CubeIDE_1.19.0\STM32CubeIDE\plugins\com.st.stm32cube.common.mx_6.15.0.202507011659\\db\/mcu/
2026-03-16 09:11:34,158 [INFO] ApiDb:274 - Set plugin database path to: C:\ST\STM32CubeIDE_1.19.0\STM32CubeIDE\plugins\com.st.stm32cube.common.mx_6.15.0.202507011659\\db\/plugins/boardmanager/
2026-03-16 09:11:34,159 [WARN] ApiDb:259 - Overriding images path with different value:  => C:\ST\STM32CubeIDE_1.19.0\STM32CubeIDE\plugins\com.st.stm32cube.common.mx_6.15.0.202507011659\\db\/plugins/mcufinder/images/
2026-03-16 09:11:34,163 [INFO] ApiDb:250 - Set database path to: C:\Users\User\.stmcufinder\plugins\mcufinder//mcu/
2026-03-16 09:11:34,164 [INFO] DbMcusAds:125 - Set database path to: C:\Users\User\.stmcufinder\plugins\mcufinder//mcu/
2026-03-16 09:11:34,166 [INFO] CrossReferenceDbSqlite:203 - Set database path to: C:\Users\User\.stmcufinder\plugins\mcufinder//mcu/cs/
2026-03-16 09:11:34,292 [INFO] RulesReader:64 - Compatibility file has been processed (317 Rules)
2026-03-16 09:11:34,341 [INFO] DbMcusXml:78 - Set database path to: C:\ST\STM32CubeIDE_1.19.0\STM32CubeIDE\plugins\com.st.stm32cube.common.mx_6.15.0.202507011659\\db\/mcu/
2026-03-16 09:11:34,341 [INFO] ApiDb:274 - Set plugin database path to: C:\ST\STM32CubeIDE_1.19.0\STM32CubeIDE\plugins\com.st.stm32cube.common.mx_6.15.0.202507011659\\db\/plugins/boardmanager/
2026-03-16 09:11:34,341 [INFO] ApiDb:261 - Set plugin images path to: C:\ST\STM32CubeIDE_1.19.0\STM32CubeIDE\plugins\com.st.stm32cube.common.mx_6.15.0.202507011659\\db\/plugins/mcufinder/images/
2026-03-16 09:11:34,341 [WARN] DbFile:41 - Overriding database path with different value: C:\Users\User\.stmcufinder\plugins\mcufinder/ => C:\Users\User\.stmcufinder\plugins\mcufinder
2026-03-16 09:11:34,341 [INFO] ApiDb:250 - Set database path to: C:\Users\User\.stmcufinder\plugins\mcufinder//mcu/
2026-03-16 09:11:34,343 [WARN] DbFile:41 - Overriding database path with different value: C:\Users\User\.stmcufinder\plugins\mcufinder/ => C:\Users\User\.stmcufinder\plugins\mcufinder
2026-03-16 09:11:34,343 [INFO] DbMcusAds:125 - Set database path to: C:\Users\User\.stmcufinder\plugins\mcufinder//mcu/
2026-03-16 09:11:34,343 [WARN] DbFile:41 - Overriding database path with different value: C:\Users\User\.stmcufinder\plugins\mcufinder/ => C:\Users\User\.stmcufinder\plugins\mcufinder
2026-03-16 09:11:34,343 [WARN] DbFile:41 - Overriding database path with different value: C:\Users\User\.stmcufinder\plugins\mcufinder/ => C:\Users\User\.stmcufinder\plugins\mcufinder
2026-03-16 09:11:34,343 [INFO] CrossReferenceDbSqlite:203 - Set database path to: C:\Users\User\.stmcufinder\plugins\mcufinder//mcu/cs/
2026-03-16 09:11:34,402 [INFO] MainPanel:274 - HeapMemory: 276824064
2026-03-16 09:11:34,464 [INFO] DbMcusXml:78 - Set database path to: C:\ST\STM32CubeIDE_1.19.0\STM32CubeIDE\plugins\com.st.stm32cube.common.mx_6.15.0.202507011659\\db\/mcu/
2026-03-16 09:11:34,464 [INFO] ApiDb:274 - Set plugin database path to: C:\ST\STM32CubeIDE_1.19.0\STM32CubeIDE\plugins\com.st.stm32cube.common.mx_6.15.0.202507011659\\db\/plugins/boardmanager/
2026-03-16 09:11:34,464 [INFO] ApiDb:261 - Set plugin images path to: C:\ST\STM32CubeIDE_1.19.0\STM32CubeIDE\plugins\com.st.stm32cube.common.mx_6.15.0.202507011659\\db\/plugins/mcufinder/images/
2026-03-16 09:11:34,464 [WARN] DbFile:41 - Overriding database path with different value: C:\Users\User\.stmcufinder\plugins\mcufinder/ => C:\Users\User\.stmcufinder\plugins\mcufinder
2026-03-16 09:11:34,465 [INFO] ApiDb:250 - Set database path to: C:\Users\User\.stmcufinder\plugins\mcufinder//mcu/
2026-03-16 09:11:34,465 [WARN] DbFile:41 - Overriding database path with different value: C:\Users\User\.stmcufinder\plugins\mcufinder/ => C:\Users\User\.stmcufinder\plugins\mcufinder
2026-03-16 09:11:34,465 [INFO] DbMcusAds:125 - Set database path to: C:\Users\User\.stmcufinder\plugins\mcufinder//mcu/
2026-03-16 09:11:34,465 [WARN] DbFile:41 - Overriding database path with different value: C:\Users\User\.stmcufinder\plugins\mcufinder/ => C:\Users\User\.stmcufinder\plugins\mcufinder
2026-03-16 09:11:34,465 [WARN] DbFile:41 - Overriding database path with different value: C:\Users\User\.stmcufinder\plugins\mcufinder/ => C:\Users\User\.stmcufinder\plugins\mcufinder
2026-03-16 09:11:34,465 [INFO] CrossReferenceDbSqlite:203 - Set database path to: C:\Users\User\.stmcufinder\plugins\mcufinder//mcu/cs/
2026-03-16 09:11:34,476 [INFO] ApplicationProperties:184 - Using Application install path: C:\ST\STM32CubeIDE_1.19.0\STM32CubeIDE\plugins\com.st.stm32cube.common.mx_6.15.0.202507011659
2026-03-16 09:11:34,478 [INFO] PluginManage:196 - Search for loadable plugins [exclusion list=, ]
2026-03-16 09:11:34,478 [INFO] PluginManage:310 - Check plugin analytics
2026-03-16 09:11:34,606 [INFO] AnalyticsPlugin:253 - Accepted Software Licenses: 
2026-03-16 09:11:34,606 [INFO] AnalyticsPlugin:255 - Accepted CMSIS Pack Licenses: 
2026-03-16 09:11:34,606 [INFO] AnalyticsPlugin:257 - Accepted Firmware Licenses: FW.WL.1.3.0,FW.H7.1.12.0,FW.F4.1.28.0,FW.WBA.1.7.0,FW.L4.1.18.0,FW.U5.1.8.0
2026-03-16 09:11:34,608 [INFO] PluginManage:359 - Loaded plugin analytics (category:tool,tabindex:-1)
2026-03-16 09:11:34,608 [INFO] PluginManage:310 - Check plugin cadmodel
2026-03-16 09:11:34,611 [INFO] CADModel:105 - Init CAD model plugin
2026-03-16 09:11:34,611 [INFO] PluginManage:359 - Loaded plugin cadmodel (category:power,tabindex:5)
2026-03-16 09:11:34,611 [INFO] PluginManage:310 - Check plugin clock
2026-03-16 09:11:34,617 [INFO] PluginManage:359 - Loaded plugin clock (category:base,tabindex:2)
2026-03-16 09:11:34,617 [INFO] PluginManage:310 - Check plugin ddr
2026-03-16 09:11:34,619 [INFO] PluginManage:359 - Loaded plugin ddr (category:tool,tabindex:6)
2026-03-16 09:11:34,619 [INFO] PluginManage:310 - Check plugin filemanager
2026-03-16 09:11:34,741 [INFO] PluginManage:359 - Loaded plugin filemanager (category:base,tabindex:10)
2026-03-16 09:11:34,741 [INFO] PluginManage:310 - Check plugin ipmanager
2026-03-16 09:11:34,754 [INFO] PluginManage:359 - Loaded plugin ipmanager (category:base,tabindex:5)
2026-03-16 09:11:34,754 [INFO] PluginManage:310 - Check plugin lpbam
2026-03-16 09:11:34,769 [INFO] PluginManage:359 - Loaded plugin lpbam (category:base,tabindex:0)
2026-03-16 09:11:34,769 [INFO] PluginManage:310 - Check plugin memorymap
2026-03-16 09:11:34,783 [INFO] PluginManage:359 - Loaded plugin memorymap (category:base,tabindex:4)
2026-03-16 09:11:34,783 [INFO] PluginManage:310 - Check plugin pinoutandconfiguration
2026-03-16 09:11:34,789 [INFO] PluginManage:359 - Loaded plugin pinoutandconfiguration (category:base,tabindex:1)
2026-03-16 09:11:34,789 [INFO] PluginManage:310 - Check plugin pinoutconfig
2026-03-16 09:11:34,860 [WARN] SupportedApi:132 - Cannot load RTOS API schema: s4s-elt-must-match.1: The content of 'definitions' must match (annotation?, (simpleType | complexType)?, (unique | key | keyref)*)). A problem was found starting at: attribute.
2026-03-16 09:11:34,969 [INFO] PluginManage:359 - Loaded plugin pinoutconfig (category:base,tabindex:0)
2026-03-16 09:11:34,970 [INFO] PluginManage:310 - Check plugin power
2026-03-16 09:11:34,975 [INFO] PluginManage:359 - Loaded plugin power (category:power,tabindex:4)
2026-03-16 09:11:34,975 [INFO] PluginManage:310 - Check plugin projectmanager
2026-03-16 09:11:34,987 [INFO] PluginManage:359 - Loaded plugin projectmanager (category:projectmanager,tabindex:4)
2026-03-16 09:11:34,987 [INFO] PluginManage:310 - Check plugin rif
2026-03-16 09:11:34,993 [INFO] PluginManage:359 - Loaded plugin rif (category:base,tabindex:3)
2026-03-16 09:11:34,993 [INFO] PluginManage:310 - Check plugin thirdparty
2026-03-16 09:11:35,094 [WARN] IntegrityCheckThread:84 - waiting for thirdparty lock release [integrity check]
2026-03-16 09:11:35,094 [INFO] IntegrityCheckThread:86 - entering critical section [integrity check]
2026-03-16 09:11:35,095 [INFO] PluginManage:359 - Loaded plugin thirdparty (category:base,tabindex:-1)
2026-03-16 09:11:35,095 [INFO] ThirdPartyUpdaterWithRetryManager:70 - Updater plugin not ready yet. [1/15]
2026-03-16 09:11:35,095 [INFO] PluginManage:310 - Check plugin tools
2026-03-16 09:11:35,099 [INFO] PluginManage:359 - Loaded plugin tools (category:base,tabindex:7)
2026-03-16 09:11:35,099 [INFO] PluginManage:310 - Check plugin tutovideos
2026-03-16 09:11:35,284 [INFO] PluginManage:359 - Loaded plugin tutovideos (category:base,tabindex:-1)
2026-03-16 09:11:35,285 [INFO] PluginManage:310 - Check plugin updater
2026-03-16 09:11:35,315 [INFO] PluginManage:359 - Loaded plugin updater (category:base,tabindex:12)
2026-03-16 09:11:35,315 [INFO] PluginManage:310 - Check plugin userauth
2026-03-16 09:11:35,322 [INFO] UserAuth:118 - Init User Auth plugin
2026-03-16 09:11:35,325 [INFO] PluginManage:359 - Loaded plugin userauth (category:base,tabindex:14)
2026-03-16 09:11:35,326 [INFO] PluginManage:283 - PluginManage : Loaded plugins [18]
2026-03-16 09:11:35,500 [INFO] PinOutPanel:1589 - setPackage(No Configuration,No Configuration)
2026-03-16 09:11:35,564 [INFO] CADModel:165 - CPN selected for project level
2026-03-16 09:11:35,565 [INFO] CADModel:114 - Register for checkConnection events
2026-03-16 09:11:35,578 [INFO] IPUIPlugin:80 - create IPUIPlugin
2026-03-16 09:11:35,578 [INFO] PluginManager:220 - loadIPPluginJar : add adc
2026-03-16 09:11:35,579 [INFO] IPUIPlugin:80 - create IPUIPlugin
2026-03-16 09:11:35,580 [INFO] PluginManager:220 - loadIPPluginJar : add aes
2026-03-16 09:11:35,581 [INFO] IPUIPlugin:80 - create IPUIPlugin
2026-03-16 09:11:35,581 [INFO] PluginManager:220 - loadIPPluginJar : add can
2026-03-16 09:11:35,582 [INFO] IPUIPlugin:80 - create IPUIPlugin
2026-03-16 09:11:35,582 [INFO] PluginManager:220 - loadIPPluginJar : add comp
2026-03-16 09:11:35,583 [INFO] IPUIPlugin:80 - create IPUIPlugin
2026-03-16 09:11:35,583 [INFO] PluginManager:220 - loadIPPluginJar : add cryp
2026-03-16 09:11:35,585 [INFO] IPUIPlugin:80 - create IPUIPlugin
2026-03-16 09:11:35,585 [INFO] PluginManager:220 - loadIPPluginJar : add ddr_ctrl_phy
2026-03-16 09:11:35,587 [INFO] IPUIPlugin:80 - create IPUIPlugin
2026-03-16 09:11:35,587 [INFO] PluginManager:220 - loadIPPluginJar : add dfsdm
2026-03-16 09:11:35,591 [INFO] IPUIPlugin:80 - create IPUIPlugin
2026-03-16 09:11:35,591 [INFO] PluginManager:220 - loadIPPluginJar : add dma
2026-03-16 09:11:35,592 [INFO] IPUIPlugin:80 - create IPUIPlugin
2026-03-16 09:11:35,593 [INFO] PluginManager:220 - loadIPPluginJar : add dma3
2026-03-16 09:11:35,594 [INFO] IPUIPlugin:80 - create IPUIPlugin
2026-03-16 09:11:35,595 [INFO] PluginManager:220 - loadIPPluginJar : add extmemmanager
2026-03-16 09:11:35,595 [INFO] IPUIPlugin:80 - create IPUIPlugin
2026-03-16 09:11:35,595 [INFO] PluginManager:220 - loadIPPluginJar : add fatfs
2026-03-16 09:11:35,598 [INFO] IPUIPlugin:80 - create IPUIPlugin
2026-03-16 09:11:35,598 [INFO] PluginManager:220 - loadIPPluginJar : add fmc
2026-03-16 09:11:35,602 [INFO] IPUIPlugin:80 - create IPUIPlugin
2026-03-16 09:11:35,602 [INFO] PluginManager:220 - loadIPPluginJar : add freertos
2026-03-16 09:11:35,603 [INFO] IPUIPlugin:80 - create IPUIPlugin
2026-03-16 09:11:35,603 [INFO] PluginManager:220 - loadIPPluginJar : add genericplugin
2026-03-16 09:11:35,605 [INFO] IPUIPlugin:80 - create IPUIPlugin
2026-03-16 09:11:35,605 [INFO] PluginManager:220 - loadIPPluginJar : add gfxmmu
2026-03-16 09:11:35,608 [INFO] IPUIPlugin:80 - create IPUIPlugin
2026-03-16 09:11:35,608 [INFO] PluginManager:220 - loadIPPluginJar : add gic
2026-03-16 09:11:35,611 [INFO] IPUIPlugin:80 - create IPUIPlugin
2026-03-16 09:11:35,611 [INFO] PluginManager:220 - loadIPPluginJar : add gpio
2026-03-16 09:11:35,613 [INFO] IPUIPlugin:80 - create IPUIPlugin
2026-03-16 09:11:35,613 [INFO] PluginManager:220 - loadIPPluginJar : add gtzc
2026-03-16 09:11:35,616 [INFO] IPUIPlugin:80 - create IPUIPlugin
2026-03-16 09:11:35,616 [INFO] PluginManager:220 - loadIPPluginJar : add hash
2026-03-16 09:11:35,618 [INFO] IPUIPlugin:80 - create IPUIPlugin
2026-03-16 09:11:35,618 [INFO] PluginManager:220 - loadIPPluginJar : add i2c
2026-03-16 09:11:35,624 [INFO] IPUIPlugin:80 - create IPUIPlugin
2026-03-16 09:11:35,625 [INFO] PluginManager:220 - loadIPPluginJar : add i2s
2026-03-16 09:11:35,630 [INFO] IPUIPlugin:80 - create IPUIPlugin
2026-03-16 09:11:35,630 [INFO] PluginManager:220 - loadIPPluginJar : add i3c
2026-03-16 09:11:35,637 [INFO] IPUIPlugin:80 - create IPUIPlugin
2026-03-16 09:11:35,638 [INFO] PluginManager:220 - loadIPPluginJar : add ipddr
2026-03-16 09:11:35,652 [INFO] IPUIPlugin:80 - create IPUIPlugin
2026-03-16 09:11:35,652 [INFO] PluginManager:220 - loadIPPluginJar : add linkedlist
2026-03-16 09:11:35,656 [INFO] IPUIPlugin:80 - create IPUIPlugin
2026-03-16 09:11:35,656 [INFO] PluginManager:220 - loadIPPluginJar : add lorawan
2026-03-16 09:11:35,657 [INFO] IPUIPlugin:80 - create IPUIPlugin
2026-03-16 09:11:35,657 [INFO] PluginManager:220 - loadIPPluginJar : add ltdc
2026-03-16 09:11:35,661 [INFO] IPUIPlugin:80 - create IPUIPlugin
2026-03-16 09:11:35,661 [INFO] PluginManager:220 - loadIPPluginJar : add mdma
2026-03-16 09:11:35,664 [INFO] IPUIPlugin:80 - create IPUIPlugin
2026-03-16 09:11:35,664 [INFO] PluginManager:220 - loadIPPluginJar : add nvic
2026-03-16 09:11:35,668 [INFO] IPUIPlugin:80 - create IPUIPlugin
2026-03-16 09:11:35,668 [INFO] PluginManager:220 - loadIPPluginJar : add opamp
2026-03-16 09:11:35,670 [INFO] IPUIPlugin:80 - create IPUIPlugin
2026-03-16 09:11:35,670 [INFO] PluginManager:220 - loadIPPluginJar : add openamp
2026-03-16 09:11:35,672 [INFO] IPUIPlugin:80 - create IPUIPlugin
2026-03-16 09:11:35,672 [INFO] PluginManager:220 - loadIPPluginJar : add pdm2pcm
2026-03-16 09:11:35,678 [INFO] IPUIPlugin:80 - create IPUIPlugin
2026-03-16 09:11:35,681 [INFO] PluginManager:220 - loadIPPluginJar : add plateformsettings
2026-03-16 09:11:35,682 [INFO] IPUIPlugin:80 - create IPUIPlugin
2026-03-16 09:11:35,682 [INFO] PluginManager:220 - loadIPPluginJar : add quadspi
2026-03-16 09:11:35,684 [INFO] IPUIPlugin:80 - create IPUIPlugin
2026-03-16 09:11:35,684 [INFO] PluginManager:220 - loadIPPluginJar : add radio
2026-03-16 09:11:35,687 [INFO] IPUIPlugin:80 - create IPUIPlugin
2026-03-16 09:11:35,687 [INFO] PluginManager:220 - loadIPPluginJar : add resmgrutility
2026-03-16 09:11:35,689 [INFO] IPUIPlugin:80 - create IPUIPlugin
2026-03-16 09:11:35,690 [INFO] PluginManager:220 - loadIPPluginJar : add sai
2026-03-16 09:11:35,691 [INFO] IPUIPlugin:80 - create IPUIPlugin
2026-03-16 09:11:35,691 [INFO] PluginManager:220 - loadIPPluginJar : add spi
2026-03-16 09:11:35,696 [INFO] IPUIPlugin:80 - create IPUIPlugin
2026-03-16 09:11:35,697 [INFO] PluginManager:220 - loadIPPluginJar : add stm32_wpan
2026-03-16 09:11:35,698 [INFO] IPUIPlugin:80 - create IPUIPlugin
2026-03-16 09:11:35,698 [INFO] PluginManager:220 - loadIPPluginJar : add tim
2026-03-16 09:11:35,700 [INFO] IPUIPlugin:80 - create IPUIPlugin
2026-03-16 09:11:35,700 [INFO] PluginManager:220 - loadIPPluginJar : add touchsensing
2026-03-16 09:11:35,701 [INFO] IPUIPlugin:80 - create IPUIPlugin
2026-03-16 09:11:35,701 [INFO] PluginManager:220 - loadIPPluginJar : add tracer_emb
2026-03-16 09:11:35,704 [INFO] IPUIPlugin:80 - create IPUIPlugin
2026-03-16 09:11:35,704 [INFO] PluginManager:220 - loadIPPluginJar : add ts
2026-03-16 09:11:35,705 [INFO] IPUIPlugin:80 - create IPUIPlugin
2026-03-16 09:11:35,705 [INFO] PluginManager:220 - loadIPPluginJar : add tsc
2026-03-16 09:11:35,706 [INFO] IPUIPlugin:80 - create IPUIPlugin
2026-03-16 09:11:35,706 [INFO] PluginManager:220 - loadIPPluginJar : add ucpd
2026-03-16 09:11:35,708 [INFO] IPUIPlugin:80 - create IPUIPlugin
2026-03-16 09:11:35,708 [INFO] PluginManager:220 - loadIPPluginJar : add usart
2026-03-16 09:11:35,711 [INFO] IPUIPlugin:80 - create IPUIPlugin
2026-03-16 09:11:35,711 [INFO] PluginManager:220 - loadIPPluginJar : add usbx
2026-03-16 09:11:35,822 [FATAL] Updater:351 - Updater called before beeing initialized
2026-03-16 09:11:35,857 [INFO] RulesReader:64 - Compatibility file has been processed (317 Rules)
2026-03-16 09:11:35,874 [INFO] RulesReader:64 - Compatibility file has been processed (317 Rules)
2026-03-16 09:11:35,880 [INFO] CADModel:165 - CPN selected for project level
2026-03-16 09:11:35,882 [INFO] CADModel:114 - Register for checkConnection events
2026-03-16 09:11:35,882 [FATAL] Updater:351 - Updater called before beeing initialized
2026-03-16 09:11:35,882 [ERROR] CADModel:125 - Updater not yet initialized, retry later 
2026-03-16 09:11:35,996 [FATAL] Updater:351 - Updater called before beeing initialized
2026-03-16 09:11:35,997 [INFO] CADModel:165 - CPN selected for project level
2026-03-16 09:11:35,997 [INFO] CADModel:114 - Register for checkConnection events
2026-03-16 09:11:35,997 [FATAL] Updater:351 - Updater called before beeing initialized
2026-03-16 09:11:35,997 [ERROR] CADModel:125 - Updater not yet initialized, retry later 
2026-03-16 09:11:36,000 [FATAL] Updater:351 - Updater called before beeing initialized
2026-03-16 09:11:36,076 [FATAL] Updater:351 - Updater called before beeing initialized
2026-03-16 09:11:36,079 [INFO] DbMcusAds:53 - JSON generation date=Wed Feb 18 20:02:49 IST 2026 (1771425169371)
2026-03-16 09:11:36,079 [FATAL] Updater:351 - Updater called before beeing initialized
2026-03-16 09:11:36,099 [WARN] DetailPanel:346 - Failed to get advertising image, set to default
2026-03-16 09:11:36,172 [FATAL] Updater:351 - Updater called before beeing initialized
2026-03-16 09:11:36,174 [FATAL] Updater:351 - Updater called before beeing initialized
2026-03-16 09:11:36,174 [FATAL] Updater:351 - Updater called before beeing initialized
2026-03-16 09:11:36,174 [WARN] DetailPanel:346 - Failed to get advertising image, set to default
2026-03-16 09:11:36,174 [FATAL] Updater:351 - Updater called before beeing initialized
2026-03-16 09:11:36,210 [ERROR] Updater:1198 - MainUpdater not yet initialized. External WinMGr cannot be set.
2026-03-16 09:11:36,211 [INFO] Updater:1134 - Updater Version found : 6.15.0
2026-03-16 09:11:36,226 [INFO] ApplicationProperties:184 - Using Application install path: C:\ST\STM32CubeIDE_1.19.0\STM32CubeIDE\plugins\com.st.stm32cube.common.mx_6.15.0.202507011659
2026-03-16 09:11:37,790 [ERROR] LogOutputStream:75 - [STDERR_REDIRECT] Mar 16, 2026 9:11:37 AM java.util.prefs.WindowsPreferences <init>
2026-03-16 09:11:37,791 [ERROR] LogOutputStream:75 - [STDERR_REDIRECT] WARNING: Could not open/create prefs root node Software\JavaSoft\Prefs at root 0xffffffff80000002. Windows RegCreateKeyEx(...) returned error code 5.
2026-03-16 09:11:37,792 [ERROR] LogOutputStream:75 - [STDERR_REDIRECT] 
2026-03-16 09:11:38,096 [INFO] ThirdPartyUpdaterWithRetryManager:70 - Updater plugin not ready yet. [2/15]
2026-03-16 09:11:38,135 [INFO] MainUpdater:2872 - connection check result : 10
2026-03-16 09:11:38,136 [INFO] MainUpdater:289 - Updater Check For Update Now.
2026-03-16 09:11:38,136 [INFO] MicroXplorer:498 - Change Database Version : DB.6.0.150
2026-03-16 09:11:38,140 [INFO] McuFinderGlobals:63 - Set McuFinder mode to 2 (CubeIDE integrated)
2026-03-16 09:11:38,141 [INFO] UserAuth:487 - Internet connection configuration mode: 1
2026-03-16 09:11:38,159 [INFO] JxBrowserEngine:152 - Initiate JxBrowser Engine with user profile folder
2026-03-16 09:11:38,287 [INFO] CheckServerUpdateThread:120 - End of CheckServer Thread
2026-03-16 09:11:38,646 [INFO] WebApp:169 - Instantiating new browser for Auth
2026-03-16 09:11:39,149 [INFO] WebApp:463 - Apply proxy settings
2026-03-16 09:11:39,149 [INFO] WebApp:548 - Chromium requires no authentication
2026-03-16 09:11:39,154 [INFO] WebApp:491 - Direct internet connection detected
2026-03-16 09:11:39,169 [INFO] WebApp:900 - Register for checkConnection events
2026-03-16 09:11:39,169 [INFO] WebApp:463 - Apply proxy settings
2026-03-16 09:11:39,169 [INFO] WebApp:548 - Chromium requires no authentication
2026-03-16 09:11:39,169 [INFO] WebApp:491 - Direct internet connection detected
2026-03-16 09:11:39,290 [INFO] WebApp:225 - Starting web application
2026-03-16 09:11:39,290 [INFO] WebApp:593 - Web application path used C:\ST\STM32CubeIDE_1.19.0\STM32CubeIDE\plugins\com.st.stm32cube.common.mx_6.15.0.202507011659\db\plugins\mcufinder\reactClient1\index.html
2026-03-16 09:11:39,355 [INFO] UserAuth:487 - Internet connection configuration mode: 1
2026-03-16 09:11:39,531 [INFO] WebApp:191 - Connection restablished
2026-03-16 09:11:41,227 [WARN] PackLoader:240 - Cannot read IP mode file for STMicroelectronics.FP-SNS-MOTENVWB1.1.4.0
2026-03-16 09:11:41,235 [WARN] PackLoader:240 - Cannot read IP mode file for STMicroelectronics.FP-ATR-ASTRA1.2.0.2
2026-03-16 09:11:41,244 [WARN] PackLoader:240 - Cannot read IP mode file for STMicroelectronics.X-CUBE-SMBUS.2.1.0
2026-03-16 09:11:41,247 [WARN] PackLoader:240 - Cannot read IP mode file for STMicroelectronics.X-CUBE-ST60.1.0.0
2026-03-16 09:11:41,270 [WARN] PackLoader:240 - Cannot read IP mode file for STMicroelectronics.X-CUBE-AZRTOS-F7.1.1.0
2026-03-16 09:11:41,279 [WARN] PackLoader:240 - Cannot read IP mode file for STMicroelectronics.FP-SNS-MOTENV1.5.1.0
2026-03-16 09:11:41,310 [WARN] PackLoader:240 - Cannot read IP mode file for Infineon.AIROC-Wi-Fi-Bluetooth-STM32.1.7.1
2026-03-16 09:11:41,372 [WARN] PackLoader:240 - Cannot read IP mode file for STMicroelectronics.X-CUBE-AZRTOS-H7.3.4.0
2026-03-16 09:11:41,384 [WARN] PackLoader:240 - Cannot read IP mode file for STMicroelectronics.X-CUBE-DISPLAY.3.0.0
2026-03-16 09:11:41,396 [WARN] PackLoader:240 - Cannot read IP mode file for STMicroelectronics.X-CUBE-NFC10.1.0.0
2026-03-16 09:11:41,406 [WARN] PackLoader:240 - Cannot read IP mode file for STMicroelectronics.X-CUBE-ST60.1.1.0
2026-03-16 09:11:41,415 [WARN] PackLoader:240 - Cannot read IP mode file for emotas.I-CUBE-CANOPEN.1.3.0
2026-03-16 09:11:41,425 [WARN] PackLoader:240 - Cannot read IP mode file for STMicroelectronics.X-CUBE-GNSS1.7.1.0
2026-03-16 09:11:41,435 [WARN] PackLoader:240 - Cannot read IP mode file for STMicroelectronics.FP-SNS-STBOX1.2.1.0
2026-03-16 09:11:41,443 [WARN] PackLoader:240 - Cannot read IP mode file for STMicroelectronics.FP-SNS-SMARTAG2.1.2.0
2026-03-16 09:11:41,450 [WARN] PackLoader:240 - Cannot read IP mode file for STMicroelectronics.FP-SNS-FLIGHT1.5.1.0
2026-03-16 09:11:41,462 [INFO] LogOutputStream:77 - [STDOUT_REDIRECT] 1 : Invalid condition id : UX_CORESTACK_Condition cause : null
2026-03-16 09:11:41,463 [INFO] LogOutputStream:77 - [STDOUT_REDIRECT] 1 : Invalid condition id : UX_CORESTACK_Condition cause : null
2026-03-16 09:11:41,464 [INFO] LogOutputStream:77 - [STDOUT_REDIRECT] 1 : Invalid condition id : UX_CORESTACK_Condition cause : null
2026-03-16 09:11:41,467 [INFO] LogOutputStream:77 - [STDOUT_REDIRECT] 1 : Invalid condition id : UX_CORESTACK_Condition cause : null
2026-03-16 09:11:41,467 [INFO] LogOutputStream:77 - [STDOUT_REDIRECT] 1 : Invalid condition id : UX_CORESTACK_Condition cause : null
2026-03-16 09:11:41,473 [WARN] PackLoader:240 - Cannot read IP mode file for STMicroelectronics.X-CUBE-AZRTOS-WL.2.0.0
2026-03-16 09:11:41,478 [WARN] PackLoader:240 - Cannot read IP mode file for STMicroelectronics.FP-SNS-MOTENV1.5.0.0
2026-03-16 09:11:41,503 [WARN] PackLoader:240 - Cannot read IP mode file for STMicroelectronics.X-CUBE-AZRTOS-H7RS.1.2.0
2026-03-16 09:11:41,514 [WARN] PackLoader:240 - Cannot read IP mode file for WES.I-CUBE-Cesium.1.3.0
2026-03-16 09:11:41,519 [WARN] PackLoader:240 - Cannot read IP mode file for STMicroelectronics.X-CUBE-BLE2.3.3.0
2026-03-16 09:11:41,546 [WARN] PackLoader:240 - Cannot read IP mode file for STMicroelectronics.X-CUBE-NFC9.1.0.0
2026-03-16 09:11:41,557 [WARN] PackLoader:240 - Cannot read IP mode file for wolfSSL.I-CUBE-wolfSSL.5.8.0
2026-03-16 09:11:41,565 [WARN] PackLoader:240 - Cannot read IP mode file for STMicroelectronics.X-CUBE-BLE1.7.1.0
2026-03-16 09:11:41,572 [WARN] PackLoader:240 - Cannot read IP mode file for wolfSSL.I-CUBE-wolfMQTT.1.19.2
2026-03-16 09:11:41,579 [WARN] PackLoader:240 - Cannot read IP mode file for STMicroelectronics.X-CUBE-FREERTOS.1.4.0
2026-03-16 09:11:41,586 [WARN] PackLoader:240 - Cannot read IP mode file for STMicroelectronics.X-CUBE-EEPRMA1.5.2.0
2026-03-16 09:11:41,599 [WARN] PackLoader:240 - Cannot read IP mode file for STMicroelectronics.X-CUBE-ST67W61.1.1.0
2026-03-16 09:11:41,602 [WARN] PackLoader:240 - Cannot read IP mode file for STMicroelectronics.X-CUBE-AI.10.1.0
2026-03-16 09:11:41,640 [WARN] PackLoader:240 - Cannot read IP mode file for STMicroelectronics.X-CUBE-MEMS1.12.0.0
2026-03-16 09:11:41,729 [WARN] PackLoader:240 - Cannot read IP mode file for STMicroelectronics.X-CUBE-AZRTOS-G0.1.1.0
2026-03-16 09:11:41,736 [WARN] PackLoader:240 - Cannot read IP mode file for STMicroelectronics.X-CUBE-SAFEA1.1.2.2
2026-03-16 09:11:41,741 [WARN] PackLoader:240 - Cannot read IP mode file for STMicroelectronics.X-CUBE-NFC4.3.0.0
2026-03-16 09:11:41,747 [WARN] PackLoader:240 - Cannot read IP mode file for EmbeddedOffice.I-CUBE-FS-RTOS.1.0.1
2026-03-16 09:11:41,752 [WARN] PackLoader:240 - Cannot read IP mode file for STMicroelectronics.X-CUBE-WB05N.2.0.0
2026-03-16 09:11:41,756 [WARN] PackLoader:240 - Cannot read IP mode file for wolfSSL.I-CUBE-wolfTPM.3.8.0
2026-03-16 09:11:41,760 [WARN] PackLoader:240 - Cannot read IP mode file for STMicroelectronics.X-CUBE-TCPP.4.2.0
2026-03-16 09:11:41,765 [WARN] PackLoader:240 - Cannot read IP mode file for RealThread.X-CUBE-RT-Thread_Nano.4.1.1
2026-03-16 09:11:41,768 [WARN] PackLoader:240 - Cannot read IP mode file for STMicroelectronics.FP-ATR-SIGFOX1.3.2.0
2026-03-16 09:11:41,773 [WARN] PackLoader:240 - Cannot read IP mode file for ITTIA_DB.I-CUBE-ITTIADB.8.9.0
2026-03-16 09:11:41,777 [WARN] PackLoader:240 - Cannot read IP mode file for STMicroelectronics.X-CUBE-NFC6.3.2.0
2026-03-16 09:11:41,785 [WARN] PackLoader:240 - Cannot read IP mode file for STMicroelectronics.X-CUBE-ST67W61.1.0.0
2026-03-16 09:11:41,800 [WARN] PackLoader:240 - Cannot read IP mode file for STMicroelectronics.X-CUBE-AI.10.2.0
2026-03-16 09:11:41,819 [WARN] PackLoader:240 - Cannot read IP mode file for SEGGER.I-CUBE-embOS.1.3.1
2026-03-16 09:11:41,853 [WARN] PackLoader:240 - Cannot read IP mode file for STMicroelectronics.X-CUBE-ALGOBUILD.1.4.0
2026-03-16 09:11:41,885 [WARN] PackLoader:240 - Cannot read IP mode file for STMicroelectronics.X-CUBE-MEMS1.11.3.0
2026-03-16 09:11:41,959 [WARN] PackLoader:240 - Cannot read IP mode file for STMicroelectronics.X-CUBE-PM33A1.1.0.0
2026-03-16 09:11:41,970 [WARN] PackLoader:240 - Cannot read IP mode file for STMicroelectronics.X-CUBE-AZRTOS-F4.1.1.0
2026-03-16 09:11:41,976 [WARN] PackLoader:240 - Cannot read IP mode file for Avnet-IotConnect.X-CUBE-IoTC-DA16k-PMOD.1.0.0
2026-03-16 09:11:41,979 [WARN] PackLoader:240 - Cannot read IP mode file for STMicroelectronics.X-CUBE-ISPU.2.1.0
2026-03-16 09:11:41,994 [WARN] PackLoader:240 - Cannot read IP mode file for STMicroelectronics.X-CUBE-IPS.3.2.0
2026-03-16 09:11:42,005 [WARN] PackLoader:240 - Cannot read IP mode file for STMicroelectronics.X-CUBE-NFC12.1.0.0
2026-03-16 09:11:42,022 [WARN] PackLoader:240 - Cannot read IP mode file for STMicroelectronics.X-CUBE-AZRTOS-L5.2.0.0
2026-03-16 09:11:42,031 [WARN] PackLoader:240 - Cannot read IP mode file for STMicroelectronics.X-CUBE-NFC6.3.1.0
2026-03-16 09:11:42,037 [WARN] PackLoader:240 - Cannot read IP mode file for STMicroelectronics.X-CUBE-FREERTOS.1.3.1
2026-03-16 09:11:42,042 [WARN] PackLoader:240 - Cannot read IP mode file for STMicroelectronics.X-CUBE-TOUCHGFX.4.26.0
2026-03-16 09:11:42,044 [WARN] PackLoader:240 - Cannot read IP mode file for STMicroelectronics.X-CUBE-TOUCHGFX.4.26.1
2026-03-16 09:11:42,050 [WARN] PackLoader:240 - Cannot read IP mode file for STMicroelectronics.FP-SNS-STAIOTCFT.1.0.0
2026-03-16 09:11:42,053 [WARN] PackLoader:240 - Cannot read IP mode file for STMicroelectronics.X-CUBE-DPower.1.3.0
2026-03-16 09:11:42,081 [WARN] ConditionMgr:438 - getConditionDescription Invalid condition id : LAN8742 Phy interface Condition cause : null
2026-03-16 09:11:42,082 [WARN] PackLoader:240 - Cannot read IP mode file for STMicroelectronics.X-CUBE-AZRTOS-L4.2.0.0
2026-03-16 09:11:42,083 [WARN] ConditionMgr:1044 - genDependencies : Invalid condition id : LAN8742 Phy interface Condition cause : null
2026-03-16 09:11:42,084 [WARN] ConditionMgr:1044 - genDependencies : Invalid condition id : LAN8742 Phy interface Condition cause : null
2026-03-16 09:11:42,084 [WARN] ConditionMgr:1044 - genDependencies : Invalid condition id : LAN8742 Phy interface Condition cause : null
2026-03-16 09:11:42,092 [WARN] PackLoader:240 - Cannot read IP mode file for STMicroelectronics.X-CUBE-SFXS2LP1.4.0.0
2026-03-16 09:11:42,100 [WARN] PackLoader:240 - Cannot read IP mode file for STMicroelectronics.X-CUBE-ST67W61.1.2.0
2026-03-16 09:11:42,109 [WARN] PackLoader:240 - Cannot read IP mode file for STMicroelectronics.X-CUBE-BLEMGR.4.1.0
2026-03-16 09:11:42,121 [WARN] ConditionMgr:438 - getConditionDescription Invalid condition id : UX DEVICE CLASS RTOS Condition cause : null
2026-03-16 09:11:42,122 [WARN] ConditionMgr:438 - getConditionDescription Invalid condition id : UX DEVICE CLASS RTOS Condition cause : null
2026-03-16 09:11:42,123 [WARN] PackLoader:240 - Cannot read IP mode file for STMicroelectronics.X-CUBE-AZRTOS-WB.2.0.0
2026-03-16 09:11:42,124 [WARN] ConditionMgr:1044 - genDependencies : Invalid condition id : UX DEVICE CLASS RTOS Condition cause : null
2026-03-16 09:11:42,125 [WARN] ConditionMgr:1044 - genDependencies : Invalid condition id : UX DEVICE CLASS RTOS Condition cause : null
2026-03-16 09:11:42,125 [WARN] ConditionMgr:1044 - genDependencies : Invalid condition id : UX DEVICE CLASS RTOS Condition cause : null
2026-03-16 09:11:42,125 [WARN] ConditionMgr:1044 - genDependencies : Invalid condition id : UX DEVICE CLASS RTOS Condition cause : null
2026-03-16 09:11:42,126 [WARN] ConditionMgr:1044 - genDependencies : Invalid condition id : UX DEVICE CLASS RTOS Condition cause : null
2026-03-16 09:11:42,139 [WARN] PackLoader:240 - Cannot read IP mode file for STMicroelectronics.X-CUBE-GNSS1.7.0.1
2026-03-16 09:11:42,142 [WARN] PackLoader:240 - Cannot read IP mode file for STMicroelectronics.X-CUBE-TOUCHGFX.4.25.0
2026-03-16 09:11:42,147 [WARN] PackLoader:240 - Cannot read IP mode file for STMicroelectronics.FP-SNS-STBOX1.2.0.0
2026-03-16 09:11:42,153 [WARN] ConditionMgr:438 - getConditionDescription Invalid condition id : Cortex-A Device cause : null
2026-03-16 09:11:42,161 [WARN] ConditionMgr:1044 - genDependencies : Invalid condition id : Cortex-A Device cause : null
2026-03-16 09:11:42,161 [WARN] ConditionMgr:1044 - genDependencies : Invalid condition id : Cortex-A Device cause : null
2026-03-16 09:11:42,162 [WARN] ConditionMgr:1044 - genDependencies : Invalid condition id : Cortex-A Device cause : null
2026-03-16 09:11:42,167 [WARN] PackLoader:240 - Cannot read IP mode file for STMicroelectronics.X-CUBE-STSE01.2.0.0
2026-03-16 09:11:42,174 [WARN] PackLoader:240 - Cannot read IP mode file for STMicroelectronics.X-CUBE-SUBG2.5.0.0
2026-03-16 09:11:42,189 [WARN] PackLoader:240 - Cannot read IP mode file for STMicroelectronics.X-CUBE-AZRTOS-H7RS.1.1.0
2026-03-16 09:11:42,194 [WARN] PackLoader:240 - Cannot read IP mode file for Cesanta.I-CUBE-Mongoose.7.13.0
2026-03-16 09:11:42,204 [WARN] PackLoader:240 - Cannot read IP mode file for STMicroelectronics.X-CUBE-AZRTOS-G4.2.0.0
2026-03-16 09:11:42,209 [WARN] PackLoader:240 - Cannot read IP mode file for wolfSSL.I-CUBE-wolfSSH.1.4.20
2026-03-16 09:11:42,213 [WARN] PackLoader:240 - Cannot read IP mode file for STMicroelectronics.X-CUBE-NFC7.2.0.0
2026-03-16 09:11:42,220 [WARN] PackLoader:240 - Cannot read IP mode file for STMicroelectronics.X-CUBE-IPS.3.1.0
2026-03-16 09:11:42,227 [WARN] PackLoader:240 - Cannot read IP mode file for STMicroelectronics.X-CUBE-ALS.1.0.2
2026-03-16 09:11:42,233 [WARN] PackLoader:240 - Cannot read IP mode file for STMicroelectronics.X-CUBE-STSE01.1.0.0
2026-03-16 09:11:42,238 [WARN] PackLoader:240 - Cannot read IP mode file for portGmbH.I-Cube-SoM-uGOAL.1.1.0
2026-03-16 09:11:42,244 [WARN] PackLoader:240 - Cannot read IP mode file for STMicroelectronics.X-CUBE-TOF1.3.4.3
2026-03-16 09:11:42,251 [INFO] ThirdParty:978 - Integrity check success = true
2026-03-16 09:11:42,252 [INFO] IntegrityCheckThread:100 - exiting critical section [integrity check]
2026-03-16 09:11:42,252 [INFO] IntegrityCheckThread:103 - End integrity checks thread
2026-03-16 09:44:08,001 [INFO] WebApp:194 - Connection lost
2026-03-16 09:44:08,307 [INFO] WebApp:191 - Connection restablished
2026-03-16 09:44:57,980 [INFO] WebApp:194 - Connection lost
2026-03-16 09:44:58,270 [INFO] WebApp:191 - Connection restablished
2026-03-16 15:41:46,436 [ERROR] LogOutputStream:75 - [STDERR_REDIRECT] 
2026-03-16 15:41:46,437 [ERROR] LogOutputStream:75 - [STDERR_REDIRECT] 
2026-03-16 15:45:05,771 [INFO] Activator:176 - 


2026-03-16 15:45:05,772 [INFO] Activator:177 - !SESSION log4j initialized
2026-03-16 15:45:10,837 [INFO] LogOutputStream:77 - [STDOUT_REDIRECT] 
2026-03-16 15:45:11,772 [INFO] ApplicationProperties:184 - Using Application install path: C:\ST\STM32CubeIDE_1.19.0\STM32CubeIDE\plugins\com.st.stm32cube.common.mx_6.15.0.202507011659
2026-03-16 15:45:11,791 [INFO] DbMcusXml:78 - Set database path to: C:\ST\STM32CubeIDE_1.19.0\STM32CubeIDE\plugins\com.st.stm32cube.common.mx_6.15.0.202507011659\\db\/mcu/
2026-03-16 15:45:11,791 [INFO] ApiDb:274 - Set plugin database path to: C:\ST\STM32CubeIDE_1.19.0\STM32CubeIDE\plugins\com.st.stm32cube.common.mx_6.15.0.202507011659\\db\/plugins/boardmanager/
2026-03-16 15:45:11,791 [WARN] ApiDb:259 - Overriding images path with different value:  => C:\ST\STM32CubeIDE_1.19.0\STM32CubeIDE\plugins\com.st.stm32cube.common.mx_6.15.0.202507011659\\db\/plugins/mcufinder/images/
2026-03-16 15:45:11,802 [INFO] ApiDb:250 - Set database path to: C:\Users\User\.stmcufinder\plugins\mcufinder//mcu/
2026-03-16 15:45:11,804 [INFO] DbMcusAds:125 - Set database path to: C:\Users\User\.stmcufinder\plugins\mcufinder//mcu/
2026-03-16 15:45:11,806 [INFO] CrossReferenceDbSqlite:203 - Set database path to: C:\Users\User\.stmcufinder\plugins\mcufinder//mcu/cs/
2026-03-16 15:45:11,899 [INFO] RulesReader:64 - Compatibility file has been processed (317 Rules)
2026-03-16 15:45:11,943 [INFO] DbMcusXml:78 - Set database path to: C:\ST\STM32CubeIDE_1.19.0\STM32CubeIDE\plugins\com.st.stm32cube.common.mx_6.15.0.202507011659\\db\/mcu/
2026-03-16 15:45:11,943 [INFO] ApiDb:274 - Set plugin database path to: C:\ST\STM32CubeIDE_1.19.0\STM32CubeIDE\plugins\com.st.stm32cube.common.mx_6.15.0.202507011659\\db\/plugins/boardmanager/
2026-03-16 15:45:11,943 [INFO] ApiDb:261 - Set plugin images path to: C:\ST\STM32CubeIDE_1.19.0\STM32CubeIDE\plugins\com.st.stm32cube.common.mx_6.15.0.202507011659\\db\/plugins/mcufinder/images/
2026-03-16 15:45:11,943 [WARN] DbFile:41 - Overriding database path with different value: C:\Users\User\.stmcufinder\plugins\mcufinder/ => C:\Users\User\.stmcufinder\plugins\mcufinder
2026-03-16 15:45:11,943 [INFO] ApiDb:250 - Set database path to: C:\Users\User\.stmcufinder\plugins\mcufinder//mcu/
2026-03-16 15:45:11,943 [WARN] DbFile:41 - Overriding database path with different value: C:\Users\User\.stmcufinder\plugins\mcufinder/ => C:\Users\User\.stmcufinder\plugins\mcufinder
2026-03-16 15:45:11,943 [INFO] DbMcusAds:125 - Set database path to: C:\Users\User\.stmcufinder\plugins\mcufinder//mcu/
2026-03-16 15:45:11,944 [WARN] DbFile:41 - Overriding database path with different value: C:\Users\User\.stmcufinder\plugins\mcufinder/ => C:\Users\User\.stmcufinder\plugins\mcufinder
2026-03-16 15:45:11,944 [WARN] DbFile:41 - Overriding database path with different value: C:\Users\User\.stmcufinder\plugins\mcufinder/ => C:\Users\User\.stmcufinder\plugins\mcufinder
2026-03-16 15:45:11,944 [INFO] CrossReferenceDbSqlite:203 - Set database path to: C:\Users\User\.stmcufinder\plugins\mcufinder//mcu/cs/
2026-03-16 15:45:12,009 [INFO] MainPanel:274 - HeapMemory: 276824064
2026-03-16 15:45:12,117 [INFO] DbMcusXml:78 - Set database path to: C:\ST\STM32CubeIDE_1.19.0\STM32CubeIDE\plugins\com.st.stm32cube.common.mx_6.15.0.202507011659\\db\/mcu/
2026-03-16 15:45:12,117 [INFO] ApiDb:274 - Set plugin database path to: C:\ST\STM32CubeIDE_1.19.0\STM32CubeIDE\plugins\com.st.stm32cube.common.mx_6.15.0.202507011659\\db\/plugins/boardmanager/
2026-03-16 15:45:12,117 [INFO] ApiDb:261 - Set plugin images path to: C:\ST\STM32CubeIDE_1.19.0\STM32CubeIDE\plugins\com.st.stm32cube.common.mx_6.15.0.202507011659\\db\/plugins/mcufinder/images/
2026-03-16 15:45:12,117 [WARN] DbFile:41 - Overriding database path with different value: C:\Users\User\.stmcufinder\plugins\mcufinder/ => C:\Users\User\.stmcufinder\plugins\mcufinder
2026-03-16 15:45:12,117 [INFO] ApiDb:250 - Set database path to: C:\Users\User\.stmcufinder\plugins\mcufinder//mcu/
2026-03-16 15:45:12,118 [WARN] DbFile:41 - Overriding database path with different value: C:\Users\User\.stmcufinder\plugins\mcufinder/ => C:\Users\User\.stmcufinder\plugins\mcufinder
2026-03-16 15:45:12,118 [INFO] DbMcusAds:125 - Set database path to: C:\Users\User\.stmcufinder\plugins\mcufinder//mcu/
2026-03-16 15:45:12,118 [WARN] DbFile:41 - Overriding database path with different value: C:\Users\User\.stmcufinder\plugins\mcufinder/ => C:\Users\User\.stmcufinder\plugins\mcufinder
2026-03-16 15:45:12,118 [WARN] DbFile:41 - Overriding database path with different value: C:\Users\User\.stmcufinder\plugins\mcufinder/ => C:\Users\User\.stmcufinder\plugins\mcufinder
2026-03-16 15:45:12,118 [INFO] CrossReferenceDbSqlite:203 - Set database path to: C:\Users\User\.stmcufinder\plugins\mcufinder//mcu/cs/
2026-03-16 15:45:12,137 [INFO] ApplicationProperties:184 - Using Application install path: C:\ST\STM32CubeIDE_1.19.0\STM32CubeIDE\plugins\com.st.stm32cube.common.mx_6.15.0.202507011659
2026-03-16 15:45:12,138 [INFO] PluginManage:196 - Search for loadable plugins [exclusion list=, ]
2026-03-16 15:45:12,139 [INFO] PluginManage:310 - Check plugin analytics
2026-03-16 15:45:12,275 [INFO] AnalyticsPlugin:253 - Accepted Software Licenses: 
2026-03-16 15:45:12,275 [INFO] AnalyticsPlugin:255 - Accepted CMSIS Pack Licenses: 
2026-03-16 15:45:12,276 [INFO] AnalyticsPlugin:257 - Accepted Firmware Licenses: FW.WL.1.3.0,FW.H7.1.12.0,FW.F4.1.28.0,FW.WBA.1.7.0,FW.L4.1.18.0,FW.U5.1.8.0
2026-03-16 15:45:12,277 [INFO] PluginManage:359 - Loaded plugin analytics (category:tool,tabindex:-1)
2026-03-16 15:45:12,277 [INFO] PluginManage:310 - Check plugin cadmodel
2026-03-16 15:45:12,282 [INFO] CADModel:105 - Init CAD model plugin
2026-03-16 15:45:12,283 [INFO] PluginManage:359 - Loaded plugin cadmodel (category:power,tabindex:5)
2026-03-16 15:45:12,283 [INFO] PluginManage:310 - Check plugin clock
2026-03-16 15:45:12,291 [INFO] PluginManage:359 - Loaded plugin clock (category:base,tabindex:2)
2026-03-16 15:45:12,292 [INFO] PluginManage:310 - Check plugin ddr
2026-03-16 15:45:12,294 [INFO] PluginManage:359 - Loaded plugin ddr (category:tool,tabindex:6)
2026-03-16 15:45:12,294 [INFO] PluginManage:310 - Check plugin filemanager
2026-03-16 15:45:12,422 [INFO] PluginManage:359 - Loaded plugin filemanager (category:base,tabindex:10)
2026-03-16 15:45:12,422 [INFO] PluginManage:310 - Check plugin ipmanager
2026-03-16 15:45:12,428 [INFO] PluginManage:359 - Loaded plugin ipmanager (category:base,tabindex:5)
2026-03-16 15:45:12,428 [INFO] PluginManage:310 - Check plugin lpbam
2026-03-16 15:45:12,436 [INFO] PluginManage:359 - Loaded plugin lpbam (category:base,tabindex:0)
2026-03-16 15:45:12,436 [INFO] PluginManage:310 - Check plugin memorymap
2026-03-16 15:45:12,451 [INFO] PluginManage:359 - Loaded plugin memorymap (category:base,tabindex:4)
2026-03-16 15:45:12,451 [INFO] PluginManage:310 - Check plugin pinoutandconfiguration
2026-03-16 15:45:12,465 [INFO] PluginManage:359 - Loaded plugin pinoutandconfiguration (category:base,tabindex:1)
2026-03-16 15:45:12,465 [INFO] PluginManage:310 - Check plugin pinoutconfig
2026-03-16 15:45:12,540 [WARN] SupportedApi:132 - Cannot load RTOS API schema: s4s-elt-must-match.1: The content of 'definitions' must match (annotation?, (simpleType | complexType)?, (unique | key | keyref)*)). A problem was found starting at: attribute.
2026-03-16 15:45:12,644 [INFO] PluginManage:359 - Loaded plugin pinoutconfig (category:base,tabindex:0)
2026-03-16 15:45:12,644 [INFO] PluginManage:310 - Check plugin power
2026-03-16 15:45:12,653 [INFO] PluginManage:359 - Loaded plugin power (category:power,tabindex:4)
2026-03-16 15:45:12,653 [INFO] PluginManage:310 - Check plugin projectmanager
2026-03-16 15:45:12,666 [INFO] PluginManage:359 - Loaded plugin projectmanager (category:projectmanager,tabindex:4)
2026-03-16 15:45:12,666 [INFO] PluginManage:310 - Check plugin rif
2026-03-16 15:45:12,679 [INFO] PluginManage:359 - Loaded plugin rif (category:base,tabindex:3)
2026-03-16 15:45:12,679 [INFO] PluginManage:310 - Check plugin thirdparty
2026-03-16 15:45:12,819 [INFO] PluginManage:359 - Loaded plugin thirdparty (category:base,tabindex:-1)
2026-03-16 15:45:12,820 [WARN] IntegrityCheckThread:84 - waiting for thirdparty lock release [integrity check]
2026-03-16 15:45:12,820 [INFO] PluginManage:310 - Check plugin tools
2026-03-16 15:45:12,820 [INFO] IntegrityCheckThread:86 - entering critical section [integrity check]
2026-03-16 15:45:12,821 [INFO] ThirdPartyUpdaterWithRetryManager:70 - Updater plugin not ready yet. [1/15]
2026-03-16 15:45:12,823 [INFO] PluginManage:359 - Loaded plugin tools (category:base,tabindex:7)
2026-03-16 15:45:12,823 [INFO] PluginManage:310 - Check plugin tutovideos
2026-03-16 15:45:13,006 [INFO] PluginManage:359 - Loaded plugin tutovideos (category:base,tabindex:-1)
2026-03-16 15:45:13,006 [INFO] PluginManage:310 - Check plugin updater
2026-03-16 15:45:13,024 [INFO] PluginManage:359 - Loaded plugin updater (category:base,tabindex:12)
2026-03-16 15:45:13,024 [INFO] PluginManage:310 - Check plugin userauth
2026-03-16 15:45:13,029 [INFO] UserAuth:118 - Init User Auth plugin
2026-03-16 15:45:13,029 [INFO] PluginManage:359 - Loaded plugin userauth (category:base,tabindex:14)
2026-03-16 15:45:13,030 [INFO] PluginManage:283 - PluginManage : Loaded plugins [18]
2026-03-16 15:45:13,201 [INFO] PinOutPanel:1589 - setPackage(No Configuration,No Configuration)
2026-03-16 15:45:13,264 [INFO] CADModel:165 - CPN selected for project level
2026-03-16 15:45:13,264 [INFO] CADModel:114 - Register for checkConnection events
2026-03-16 15:45:13,281 [INFO] IPUIPlugin:80 - create IPUIPlugin
2026-03-16 15:45:13,281 [INFO] PluginManager:220 - loadIPPluginJar : add adc
2026-03-16 15:45:13,284 [INFO] IPUIPlugin:80 - create IPUIPlugin
2026-03-16 15:45:13,284 [INFO] PluginManager:220 - loadIPPluginJar : add aes
2026-03-16 15:45:13,286 [INFO] IPUIPlugin:80 - create IPUIPlugin
2026-03-16 15:45:13,286 [INFO] PluginManager:220 - loadIPPluginJar : add can
2026-03-16 15:45:13,288 [INFO] IPUIPlugin:80 - create IPUIPlugin
2026-03-16 15:45:13,288 [INFO] PluginManager:220 - loadIPPluginJar : add comp
2026-03-16 15:45:13,290 [INFO] IPUIPlugin:80 - create IPUIPlugin
2026-03-16 15:45:13,290 [INFO] PluginManager:220 - loadIPPluginJar : add cryp
2026-03-16 15:45:13,294 [INFO] IPUIPlugin:80 - create IPUIPlugin
2026-03-16 15:45:13,294 [INFO] PluginManager:220 - loadIPPluginJar : add ddr_ctrl_phy
2026-03-16 15:45:13,296 [INFO] IPUIPlugin:80 - create IPUIPlugin
2026-03-16 15:45:13,296 [INFO] PluginManager:220 - loadIPPluginJar : add dfsdm
2026-03-16 15:45:13,301 [INFO] IPUIPlugin:80 - create IPUIPlugin
2026-03-16 15:45:13,301 [INFO] PluginManager:220 - loadIPPluginJar : add dma
2026-03-16 15:45:13,303 [INFO] IPUIPlugin:80 - create IPUIPlugin
2026-03-16 15:45:13,303 [INFO] PluginManager:220 - loadIPPluginJar : add dma3
2026-03-16 15:45:13,306 [INFO] IPUIPlugin:80 - create IPUIPlugin
2026-03-16 15:45:13,306 [INFO] PluginManager:220 - loadIPPluginJar : add extmemmanager
2026-03-16 15:45:13,307 [INFO] IPUIPlugin:80 - create IPUIPlugin
2026-03-16 15:45:13,308 [INFO] PluginManager:220 - loadIPPluginJar : add fatfs
2026-03-16 15:45:13,312 [INFO] IPUIPlugin:80 - create IPUIPlugin
2026-03-16 15:45:13,312 [INFO] PluginManager:220 - loadIPPluginJar : add fmc
2026-03-16 15:45:13,319 [INFO] IPUIPlugin:80 - create IPUIPlugin
2026-03-16 15:45:13,319 [INFO] PluginManager:220 - loadIPPluginJar : add freertos
2026-03-16 15:45:13,321 [INFO] IPUIPlugin:80 - create IPUIPlugin
2026-03-16 15:45:13,321 [INFO] PluginManager:220 - loadIPPluginJar : add genericplugin
2026-03-16 15:45:13,323 [INFO] IPUIPlugin:80 - create IPUIPlugin
2026-03-16 15:45:13,323 [INFO] PluginManager:220 - loadIPPluginJar : add gfxmmu
2026-03-16 15:45:13,327 [INFO] IPUIPlugin:80 - create IPUIPlugin
2026-03-16 15:45:13,327 [INFO] PluginManager:220 - loadIPPluginJar : add gic
2026-03-16 15:45:13,330 [INFO] IPUIPlugin:80 - create IPUIPlugin
2026-03-16 15:45:13,330 [INFO] PluginManager:220 - loadIPPluginJar : add gpio
2026-03-16 15:45:13,333 [INFO] IPUIPlugin:80 - create IPUIPlugin
2026-03-16 15:45:13,333 [INFO] PluginManager:220 - loadIPPluginJar : add gtzc
2026-03-16 15:45:13,335 [INFO] IPUIPlugin:80 - create IPUIPlugin
2026-03-16 15:45:13,335 [INFO] PluginManager:220 - loadIPPluginJar : add hash
2026-03-16 15:45:13,338 [INFO] IPUIPlugin:80 - create IPUIPlugin
2026-03-16 15:45:13,338 [INFO] PluginManager:220 - loadIPPluginJar : add i2c
2026-03-16 15:45:13,341 [INFO] IPUIPlugin:80 - create IPUIPlugin
2026-03-16 15:45:13,341 [INFO] PluginManager:220 - loadIPPluginJar : add i2s
2026-03-16 15:45:13,344 [INFO] IPUIPlugin:80 - create IPUIPlugin
2026-03-16 15:45:13,344 [INFO] PluginManager:220 - loadIPPluginJar : add i3c
2026-03-16 15:45:13,348 [INFO] IPUIPlugin:80 - create IPUIPlugin
2026-03-16 15:45:13,348 [INFO] PluginManager:220 - loadIPPluginJar : add ipddr
2026-03-16 15:45:13,354 [INFO] IPUIPlugin:80 - create IPUIPlugin
2026-03-16 15:45:13,354 [INFO] PluginManager:220 - loadIPPluginJar : add linkedlist
2026-03-16 15:45:13,357 [INFO] IPUIPlugin:80 - create IPUIPlugin
2026-03-16 15:45:13,357 [INFO] PluginManager:220 - loadIPPluginJar : add lorawan
2026-03-16 15:45:13,358 [INFO] IPUIPlugin:80 - create IPUIPlugin
2026-03-16 15:45:13,358 [INFO] PluginManager:220 - loadIPPluginJar : add ltdc
2026-03-16 15:45:13,364 [INFO] IPUIPlugin:80 - create IPUIPlugin
2026-03-16 15:45:13,364 [INFO] PluginManager:220 - loadIPPluginJar : add mdma
2026-03-16 15:45:13,368 [INFO] IPUIPlugin:80 - create IPUIPlugin
2026-03-16 15:45:13,368 [INFO] PluginManager:220 - loadIPPluginJar : add nvic
2026-03-16 15:45:13,371 [INFO] IPUIPlugin:80 - create IPUIPlugin
2026-03-16 15:45:13,371 [INFO] PluginManager:220 - loadIPPluginJar : add opamp
2026-03-16 15:45:13,374 [INFO] IPUIPlugin:80 - create IPUIPlugin
2026-03-16 15:45:13,374 [INFO] PluginManager:220 - loadIPPluginJar : add openamp
2026-03-16 15:45:13,378 [INFO] IPUIPlugin:80 - create IPUIPlugin
2026-03-16 15:45:13,378 [INFO] PluginManager:220 - loadIPPluginJar : add pdm2pcm
2026-03-16 15:45:13,383 [INFO] IPUIPlugin:80 - create IPUIPlugin
2026-03-16 15:45:13,385 [INFO] PluginManager:220 - loadIPPluginJar : add plateformsettings
2026-03-16 15:45:13,386 [INFO] IPUIPlugin:80 - create IPUIPlugin
2026-03-16 15:45:13,386 [INFO] PluginManager:220 - loadIPPluginJar : add quadspi
2026-03-16 15:45:13,388 [INFO] IPUIPlugin:80 - create IPUIPlugin
2026-03-16 15:45:13,389 [INFO] PluginManager:220 - loadIPPluginJar : add radio
2026-03-16 15:45:13,392 [INFO] IPUIPlugin:80 - create IPUIPlugin
2026-03-16 15:45:13,392 [INFO] PluginManager:220 - loadIPPluginJar : add resmgrutility
2026-03-16 15:45:13,395 [INFO] IPUIPlugin:80 - create IPUIPlugin
2026-03-16 15:45:13,395 [INFO] PluginManager:220 - loadIPPluginJar : add sai
2026-03-16 15:45:13,397 [INFO] IPUIPlugin:80 - create IPUIPlugin
2026-03-16 15:45:13,397 [INFO] PluginManager:220 - loadIPPluginJar : add spi
2026-03-16 15:45:13,403 [INFO] IPUIPlugin:80 - create IPUIPlugin
2026-03-16 15:45:13,403 [INFO] PluginManager:220 - loadIPPluginJar : add stm32_wpan
2026-03-16 15:45:13,405 [INFO] IPUIPlugin:80 - create IPUIPlugin
2026-03-16 15:45:13,405 [INFO] PluginManager:220 - loadIPPluginJar : add tim
2026-03-16 15:45:13,408 [INFO] IPUIPlugin:80 - create IPUIPlugin
2026-03-16 15:45:13,408 [INFO] PluginManager:220 - loadIPPluginJar : add touchsensing
2026-03-16 15:45:13,410 [INFO] IPUIPlugin:80 - create IPUIPlugin
2026-03-16 15:45:13,410 [INFO] PluginManager:220 - loadIPPluginJar : add tracer_emb
2026-03-16 15:45:13,412 [INFO] IPUIPlugin:80 - create IPUIPlugin
2026-03-16 15:45:13,412 [INFO] PluginManager:220 - loadIPPluginJar : add ts
2026-03-16 15:45:13,414 [INFO] IPUIPlugin:80 - create IPUIPlugin
2026-03-16 15:45:13,414 [INFO] PluginManager:220 - loadIPPluginJar : add tsc
2026-03-16 15:45:13,416 [INFO] IPUIPlugin:80 - create IPUIPlugin
2026-03-16 15:45:13,417 [INFO] PluginManager:220 - loadIPPluginJar : add ucpd
2026-03-16 15:45:13,420 [INFO] IPUIPlugin:80 - create IPUIPlugin
2026-03-16 15:45:13,420 [INFO] PluginManager:220 - loadIPPluginJar : add usart
2026-03-16 15:45:13,423 [INFO] IPUIPlugin:80 - create IPUIPlugin
2026-03-16 15:45:13,423 [INFO] PluginManager:220 - loadIPPluginJar : add usbx
2026-03-16 15:45:13,541 [FATAL] Updater:351 - Updater called before beeing initialized
2026-03-16 15:45:13,583 [INFO] RulesReader:64 - Compatibility file has been processed (317 Rules)
2026-03-16 15:45:13,596 [INFO] RulesReader:64 - Compatibility file has been processed (317 Rules)
2026-03-16 15:45:13,607 [INFO] CADModel:165 - CPN selected for project level
2026-03-16 15:45:13,607 [INFO] CADModel:114 - Register for checkConnection events
2026-03-16 15:45:13,607 [FATAL] Updater:351 - Updater called before beeing initialized
2026-03-16 15:45:13,608 [ERROR] CADModel:125 - Updater not yet initialized, retry later 
2026-03-16 15:45:13,721 [FATAL] Updater:351 - Updater called before beeing initialized
2026-03-16 15:45:13,723 [INFO] CADModel:165 - CPN selected for project level
2026-03-16 15:45:13,723 [INFO] CADModel:114 - Register for checkConnection events
2026-03-16 15:45:13,723 [FATAL] Updater:351 - Updater called before beeing initialized
2026-03-16 15:45:13,723 [ERROR] CADModel:125 - Updater not yet initialized, retry later 
2026-03-16 15:45:13,725 [FATAL] Updater:351 - Updater called before beeing initialized
2026-03-16 15:45:13,790 [FATAL] Updater:351 - Updater called before beeing initialized
2026-03-16 15:45:13,793 [INFO] DbMcusAds:53 - JSON generation date=Wed Feb 18 20:02:49 IST 2026 (1771425169371)
2026-03-16 15:45:13,793 [FATAL] Updater:351 - Updater called before beeing initialized
2026-03-16 15:45:13,823 [WARN] DetailPanel:346 - Failed to get advertising image, set to default
2026-03-16 15:45:13,879 [FATAL] Updater:351 - Updater called before beeing initialized
2026-03-16 15:45:13,883 [FATAL] Updater:351 - Updater called before beeing initialized
2026-03-16 15:45:13,883 [FATAL] Updater:351 - Updater called before beeing initialized
2026-03-16 15:45:13,884 [WARN] DetailPanel:346 - Failed to get advertising image, set to default
2026-03-16 15:45:13,886 [FATAL] Updater:351 - Updater called before beeing initialized
2026-03-16 15:45:13,920 [ERROR] Updater:1198 - MainUpdater not yet initialized. External WinMGr cannot be set.
2026-03-16 15:45:13,922 [INFO] Updater:1134 - Updater Version found : 6.15.0
2026-03-16 15:45:13,940 [INFO] ApplicationProperties:184 - Using Application install path: C:\ST\STM32CubeIDE_1.19.0\STM32CubeIDE\plugins\com.st.stm32cube.common.mx_6.15.0.202507011659
2026-03-16 15:45:15,513 [ERROR] LogOutputStream:75 - [STDERR_REDIRECT] Mar 16, 2026 3:45:15 PM java.util.prefs.WindowsPreferences <init>
2026-03-16 15:45:15,540 [ERROR] LogOutputStream:75 - [STDERR_REDIRECT] WARNING: Could not open/create prefs root node Software\JavaSoft\Prefs at root 0xffffffff80000002. Windows RegCreateKeyEx(...) returned error code 5.
2026-03-16 15:45:15,541 [ERROR] LogOutputStream:75 - [STDERR_REDIRECT] 
2026-03-16 15:45:15,822 [INFO] ThirdPartyUpdaterWithRetryManager:70 - Updater plugin not ready yet. [2/15]
2026-03-16 15:45:15,969 [INFO] MainUpdater:2872 - connection check result : 10
2026-03-16 15:45:15,970 [INFO] MainUpdater:289 - Updater Check For Update Now.
2026-03-16 15:45:15,970 [INFO] MicroXplorer:498 - Change Database Version : DB.6.0.150
2026-03-16 15:45:15,980 [INFO] McuFinderGlobals:63 - Set McuFinder mode to 2 (CubeIDE integrated)
2026-03-16 15:45:15,983 [INFO] UserAuth:487 - Internet connection configuration mode: 1
2026-03-16 15:45:16,023 [INFO] JxBrowserEngine:152 - Initiate JxBrowser Engine with user profile folder
2026-03-16 15:45:16,147 [INFO] CheckServerUpdateThread:120 - End of CheckServer Thread
2026-03-16 15:45:17,729 [INFO] WebApp:169 - Instantiating new browser for Auth
2026-03-16 15:45:18,434 [INFO] WebApp:463 - Apply proxy settings
2026-03-16 15:45:18,434 [INFO] WebApp:548 - Chromium requires no authentication
2026-03-16 15:45:18,445 [INFO] WebApp:491 - Direct internet connection detected
2026-03-16 15:45:18,477 [INFO] WebApp:900 - Register for checkConnection events
2026-03-16 15:45:18,477 [INFO] WebApp:463 - Apply proxy settings
2026-03-16 15:45:18,477 [INFO] WebApp:548 - Chromium requires no authentication
2026-03-16 15:45:18,477 [INFO] WebApp:491 - Direct internet connection detected
2026-03-16 15:45:18,638 [INFO] WebApp:225 - Starting web application
2026-03-16 15:45:18,638 [INFO] WebApp:593 - Web application path used C:\ST\STM32CubeIDE_1.19.0\STM32CubeIDE\plugins\com.st.stm32cube.common.mx_6.15.0.202507011659\db\plugins\mcufinder\reactClient1\index.html
2026-03-16 15:45:18,710 [INFO] UserAuth:487 - Internet connection configuration mode: 1
2026-03-16 15:45:18,792 [INFO] WebApp:191 - Connection restablished
2026-03-16 15:45:19,004 [WARN] PackLoader:240 - Cannot read IP mode file for STMicroelectronics.FP-SNS-MOTENVWB1.1.4.0
2026-03-16 15:45:19,010 [WARN] PackLoader:240 - Cannot read IP mode file for STMicroelectronics.FP-ATR-ASTRA1.2.0.2
2026-03-16 15:45:19,018 [WARN] PackLoader:240 - Cannot read IP mode file for STMicroelectronics.X-CUBE-SMBUS.2.1.0
2026-03-16 15:45:19,023 [WARN] PackLoader:240 - Cannot read IP mode file for STMicroelectronics.X-CUBE-ST60.1.0.0
2026-03-16 15:45:19,047 [WARN] PackLoader:240 - Cannot read IP mode file for STMicroelectronics.X-CUBE-AZRTOS-F7.1.1.0
2026-03-16 15:45:19,054 [WARN] PackLoader:240 - Cannot read IP mode file for STMicroelectronics.FP-SNS-MOTENV1.5.1.0
2026-03-16 15:45:19,075 [WARN] PackLoader:240 - Cannot read IP mode file for Infineon.AIROC-Wi-Fi-Bluetooth-STM32.1.7.1
2026-03-16 15:45:19,100 [WARN] PackLoader:240 - Cannot read IP mode file for STMicroelectronics.X-CUBE-AZRTOS-H7.3.4.0
2026-03-16 15:45:19,112 [WARN] PackLoader:240 - Cannot read IP mode file for STMicroelectronics.X-CUBE-DISPLAY.3.0.0
2026-03-16 15:45:19,125 [WARN] PackLoader:240 - Cannot read IP mode file for STMicroelectronics.X-CUBE-NFC10.1.0.0
2026-03-16 15:45:19,134 [WARN] PackLoader:240 - Cannot read IP mode file for STMicroelectronics.X-CUBE-ST60.1.1.0
2026-03-16 15:45:19,142 [WARN] PackLoader:240 - Cannot read IP mode file for emotas.I-CUBE-CANOPEN.1.3.0
2026-03-16 15:45:19,167 [WARN] PackLoader:240 - Cannot read IP mode file for STMicroelectronics.X-CUBE-GNSS1.7.1.0
2026-03-16 15:45:19,176 [WARN] PackLoader:240 - Cannot read IP mode file for STMicroelectronics.FP-SNS-STBOX1.2.1.0
2026-03-16 15:45:19,183 [WARN] PackLoader:240 - Cannot read IP mode file for STMicroelectronics.FP-SNS-SMARTAG2.1.2.0
2026-03-16 15:45:19,191 [WARN] PackLoader:240 - Cannot read IP mode file for STMicroelectronics.FP-SNS-FLIGHT1.5.1.0
2026-03-16 15:45:19,204 [INFO] LogOutputStream:77 - [STDOUT_REDIRECT] 1 : Invalid condition id : UX_CORESTACK_Condition cause : null
2026-03-16 15:45:19,205 [INFO] LogOutputStream:77 - [STDOUT_REDIRECT] 1 : Invalid condition id : UX_CORESTACK_Condition cause : null
2026-03-16 15:45:19,206 [INFO] LogOutputStream:77 - [STDOUT_REDIRECT] 1 : Invalid condition id : UX_CORESTACK_Condition cause : null
2026-03-16 15:45:19,207 [INFO] LogOutputStream:77 - [STDOUT_REDIRECT] 1 : Invalid condition id : UX_CORESTACK_Condition cause : null
2026-03-16 15:45:19,208 [INFO] LogOutputStream:77 - [STDOUT_REDIRECT] 1 : Invalid condition id : UX_CORESTACK_Condition cause : null
2026-03-16 15:45:19,211 [WARN] PackLoader:240 - Cannot read IP mode file for STMicroelectronics.X-CUBE-AZRTOS-WL.2.0.0
2026-03-16 15:45:19,217 [WARN] PackLoader:240 - Cannot read IP mode file for STMicroelectronics.FP-SNS-MOTENV1.5.0.0
2026-03-16 15:45:19,236 [WARN] PackLoader:240 - Cannot read IP mode file for STMicroelectronics.X-CUBE-AZRTOS-H7RS.1.2.0
2026-03-16 15:45:19,245 [WARN] PackLoader:240 - Cannot read IP mode file for WES.I-CUBE-Cesium.1.3.0
2026-03-16 15:45:19,250 [WARN] PackLoader:240 - Cannot read IP mode file for STMicroelectronics.X-CUBE-BLE2.3.3.0
2026-03-16 15:45:19,270 [WARN] PackLoader:240 - Cannot read IP mode file for STMicroelectronics.X-CUBE-NFC9.1.0.0
2026-03-16 15:45:19,275 [WARN] PackLoader:240 - Cannot read IP mode file for wolfSSL.I-CUBE-wolfSSL.5.8.0
2026-03-16 15:45:19,279 [WARN] PackLoader:240 - Cannot read IP mode file for STMicroelectronics.X-CUBE-BLE1.7.1.0
2026-03-16 15:45:19,283 [WARN] PackLoader:240 - Cannot read IP mode file for wolfSSL.I-CUBE-wolfMQTT.1.19.2
2026-03-16 15:45:19,288 [WARN] PackLoader:240 - Cannot read IP mode file for STMicroelectronics.X-CUBE-FREERTOS.1.4.0
2026-03-16 15:45:19,293 [WARN] PackLoader:240 - Cannot read IP mode file for STMicroelectronics.X-CUBE-EEPRMA1.5.2.0
2026-03-16 15:45:19,299 [WARN] PackLoader:240 - Cannot read IP mode file for STMicroelectronics.X-CUBE-ST67W61.1.1.0
2026-03-16 15:45:19,303 [WARN] PackLoader:240 - Cannot read IP mode file for STMicroelectronics.X-CUBE-AI.10.1.0
2026-03-16 15:45:19,337 [WARN] PackLoader:240 - Cannot read IP mode file for STMicroelectronics.X-CUBE-MEMS1.12.0.0
2026-03-16 15:45:19,392 [WARN] PackLoader:240 - Cannot read IP mode file for STMicroelectronics.X-CUBE-AZRTOS-G0.1.1.0
2026-03-16 15:45:19,396 [WARN] PackLoader:240 - Cannot read IP mode file for STMicroelectronics.X-CUBE-SAFEA1.1.2.2
2026-03-16 15:45:19,400 [WARN] PackLoader:240 - Cannot read IP mode file for STMicroelectronics.X-CUBE-NFC4.3.0.0
2026-03-16 15:45:19,405 [WARN] PackLoader:240 - Cannot read IP mode file for EmbeddedOffice.I-CUBE-FS-RTOS.1.0.1
2026-03-16 15:45:19,409 [WARN] PackLoader:240 - Cannot read IP mode file for STMicroelectronics.X-CUBE-WB05N.2.0.0
2026-03-16 15:45:19,412 [WARN] PackLoader:240 - Cannot read IP mode file for wolfSSL.I-CUBE-wolfTPM.3.8.0
2026-03-16 15:45:19,416 [WARN] PackLoader:240 - Cannot read IP mode file for STMicroelectronics.X-CUBE-TCPP.4.2.0
2026-03-16 15:45:19,421 [WARN] PackLoader:240 - Cannot read IP mode file for RealThread.X-CUBE-RT-Thread_Nano.4.1.1
2026-03-16 15:45:19,424 [WARN] PackLoader:240 - Cannot read IP mode file for STMicroelectronics.FP-ATR-SIGFOX1.3.2.0
2026-03-16 15:45:19,427 [WARN] PackLoader:240 - Cannot read IP mode file for ITTIA_DB.I-CUBE-ITTIADB.8.9.0
2026-03-16 15:45:19,431 [WARN] PackLoader:240 - Cannot read IP mode file for STMicroelectronics.X-CUBE-NFC6.3.2.0
2026-03-16 15:45:19,436 [WARN] PackLoader:240 - Cannot read IP mode file for STMicroelectronics.X-CUBE-ST67W61.1.0.0
2026-03-16 15:45:19,439 [WARN] PackLoader:240 - Cannot read IP mode file for STMicroelectronics.X-CUBE-AI.10.2.0
2026-03-16 15:45:19,452 [WARN] PackLoader:240 - Cannot read IP mode file for SEGGER.I-CUBE-embOS.1.3.1
2026-03-16 15:45:19,475 [WARN] PackLoader:240 - Cannot read IP mode file for STMicroelectronics.X-CUBE-ALGOBUILD.1.4.0
2026-03-16 15:45:19,493 [WARN] PackLoader:240 - Cannot read IP mode file for STMicroelectronics.X-CUBE-MEMS1.11.3.0
2026-03-16 15:45:19,541 [WARN] PackLoader:240 - Cannot read IP mode file for STMicroelectronics.X-CUBE-PM33A1.1.0.0
2026-03-16 15:45:19,553 [WARN] PackLoader:240 - Cannot read IP mode file for STMicroelectronics.X-CUBE-AZRTOS-F4.1.1.0
2026-03-16 15:45:19,562 [WARN] PackLoader:240 - Cannot read IP mode file for Avnet-IotConnect.X-CUBE-IoTC-DA16k-PMOD.1.0.0
2026-03-16 15:45:19,567 [WARN] PackLoader:240 - Cannot read IP mode file for STMicroelectronics.X-CUBE-ISPU.2.1.0
2026-03-16 15:45:19,578 [WARN] PackLoader:240 - Cannot read IP mode file for STMicroelectronics.X-CUBE-IPS.3.2.0
2026-03-16 15:45:19,588 [WARN] PackLoader:240 - Cannot read IP mode file for STMicroelectronics.X-CUBE-NFC12.1.0.0
2026-03-16 15:45:19,609 [WARN] PackLoader:240 - Cannot read IP mode file for STMicroelectronics.X-CUBE-AZRTOS-L5.2.0.0
2026-03-16 15:45:19,617 [WARN] PackLoader:240 - Cannot read IP mode file for STMicroelectronics.X-CUBE-NFC6.3.1.0
2026-03-16 15:45:19,623 [WARN] PackLoader:240 - Cannot read IP mode file for STMicroelectronics.X-CUBE-FREERTOS.1.3.1
2026-03-16 15:45:19,628 [WARN] PackLoader:240 - Cannot read IP mode file for STMicroelectronics.X-CUBE-TOUCHGFX.4.26.0
2026-03-16 15:45:19,631 [WARN] PackLoader:240 - Cannot read IP mode file for STMicroelectronics.X-CUBE-TOUCHGFX.4.26.1
2026-03-16 15:45:19,636 [WARN] PackLoader:240 - Cannot read IP mode file for STMicroelectronics.FP-SNS-STAIOTCFT.1.0.0
2026-03-16 15:45:19,642 [WARN] PackLoader:240 - Cannot read IP mode file for STMicroelectronics.X-CUBE-DPower.1.3.0
2026-03-16 15:45:19,651 [WARN] ConditionMgr:438 - getConditionDescription Invalid condition id : LAN8742 Phy interface Condition cause : null
2026-03-16 15:45:19,651 [WARN] PackLoader:240 - Cannot read IP mode file for STMicroelectronics.X-CUBE-AZRTOS-L4.2.0.0
2026-03-16 15:45:19,652 [WARN] ConditionMgr:1044 - genDependencies : Invalid condition id : LAN8742 Phy interface Condition cause : null
2026-03-16 15:45:19,652 [WARN] ConditionMgr:1044 - genDependencies : Invalid condition id : LAN8742 Phy interface Condition cause : null
2026-03-16 15:45:19,652 [WARN] ConditionMgr:1044 - genDependencies : Invalid condition id : LAN8742 Phy interface Condition cause : null
2026-03-16 15:45:19,658 [WARN] PackLoader:240 - Cannot read IP mode file for STMicroelectronics.X-CUBE-SFXS2LP1.4.0.0
2026-03-16 15:45:19,661 [WARN] PackLoader:240 - Cannot read IP mode file for STMicroelectronics.X-CUBE-ST67W61.1.2.0
2026-03-16 15:45:19,666 [WARN] PackLoader:240 - Cannot read IP mode file for STMicroelectronics.X-CUBE-BLEMGR.4.1.0
2026-03-16 15:45:19,674 [WARN] ConditionMgr:438 - getConditionDescription Invalid condition id : UX DEVICE CLASS RTOS Condition cause : null
2026-03-16 15:45:19,674 [WARN] ConditionMgr:438 - getConditionDescription Invalid condition id : UX DEVICE CLASS RTOS Condition cause : null
2026-03-16 15:45:19,675 [WARN] PackLoader:240 - Cannot read IP mode file for STMicroelectronics.X-CUBE-AZRTOS-WB.2.0.0
2026-03-16 15:45:19,675 [WARN] ConditionMgr:1044 - genDependencies : Invalid condition id : UX DEVICE CLASS RTOS Condition cause : null
2026-03-16 15:45:19,675 [WARN] ConditionMgr:1044 - genDependencies : Invalid condition id : UX DEVICE CLASS RTOS Condition cause : null
2026-03-16 15:45:19,675 [WARN] ConditionMgr:1044 - genDependencies : Invalid condition id : UX DEVICE CLASS RTOS Condition cause : null
2026-03-16 15:45:19,675 [WARN] ConditionMgr:1044 - genDependencies : Invalid condition id : UX DEVICE CLASS RTOS Condition cause : null
2026-03-16 15:45:19,675 [WARN] ConditionMgr:1044 - genDependencies : Invalid condition id : UX DEVICE CLASS RTOS Condition cause : null
2026-03-16 15:45:19,679 [WARN] PackLoader:240 - Cannot read IP mode file for STMicroelectronics.X-CUBE-GNSS1.7.0.1
2026-03-16 15:45:19,682 [WARN] PackLoader:240 - Cannot read IP mode file for STMicroelectronics.X-CUBE-TOUCHGFX.4.25.0
2026-03-16 15:45:19,685 [WARN] PackLoader:240 - Cannot read IP mode file for STMicroelectronics.FP-SNS-STBOX1.2.0.0
2026-03-16 15:45:19,688 [WARN] ConditionMgr:438 - getConditionDescription Invalid condition id : Cortex-A Device cause : null
2026-03-16 15:45:19,693 [WARN] ConditionMgr:1044 - genDependencies : Invalid condition id : Cortex-A Device cause : null
2026-03-16 15:45:19,693 [WARN] ConditionMgr:1044 - genDependencies : Invalid condition id : Cortex-A Device cause : null
2026-03-16 15:45:19,693 [WARN] ConditionMgr:1044 - genDependencies : Invalid condition id : Cortex-A Device cause : null
2026-03-16 15:45:19,696 [WARN] PackLoader:240 - Cannot read IP mode file for STMicroelectronics.X-CUBE-STSE01.2.0.0
2026-03-16 15:45:19,703 [WARN] PackLoader:240 - Cannot read IP mode file for STMicroelectronics.X-CUBE-SUBG2.5.0.0
2026-03-16 15:45:19,714 [WARN] PackLoader:240 - Cannot read IP mode file for STMicroelectronics.X-CUBE-AZRTOS-H7RS.1.1.0
2026-03-16 15:45:19,718 [WARN] PackLoader:240 - Cannot read IP mode file for Cesanta.I-CUBE-Mongoose.7.13.0
2026-03-16 15:45:19,727 [WARN] PackLoader:240 - Cannot read IP mode file for STMicroelectronics.X-CUBE-AZRTOS-G4.2.0.0
2026-03-16 15:45:19,731 [WARN] PackLoader:240 - Cannot read IP mode file for wolfSSL.I-CUBE-wolfSSH.1.4.20
2026-03-16 15:45:19,734 [WARN] PackLoader:240 - Cannot read IP mode file for STMicroelectronics.X-CUBE-NFC7.2.0.0
2026-03-16 15:45:19,739 [WARN] PackLoader:240 - Cannot read IP mode file for STMicroelectronics.X-CUBE-IPS.3.1.0
2026-03-16 15:45:19,745 [WARN] PackLoader:240 - Cannot read IP mode file for STMicroelectronics.X-CUBE-ALS.1.0.2
2026-03-16 15:45:19,749 [WARN] PackLoader:240 - Cannot read IP mode file for STMicroelectronics.X-CUBE-STSE01.1.0.0
2026-03-16 15:45:19,753 [WARN] PackLoader:240 - Cannot read IP mode file for portGmbH.I-Cube-SoM-uGOAL.1.1.0
2026-03-16 15:45:19,759 [WARN] PackLoader:240 - Cannot read IP mode file for STMicroelectronics.X-CUBE-TOF1.3.4.3
2026-03-16 15:45:19,767 [INFO] ThirdParty:978 - Integrity check success = true
2026-03-16 15:45:19,767 [INFO] IntegrityCheckThread:100 - exiting critical section [integrity check]
2026-03-16 15:45:19,767 [INFO] IntegrityCheckThread:103 - End integrity checks thread
2026-03-16 15:45:22,977 [INFO] WebApp:194 - Connection lost
2026-03-16 15:45:23,220 [INFO] WebApp:191 - Connection restablished
2026-03-16 15:49:52,599 [INFO] WebApp:194 - Connection lost
2026-03-16 15:49:52,836 [INFO] WebApp:191 - Connection restablished
2026-03-16 15:49:55,067 [INFO] WebApp:194 - Connection lost
2026-03-16 15:49:55,363 [INFO] WebApp:191 - Connection restablished
2026-03-16 15:49:58,209 [INFO] WebApp:194 - Connection lost
2026-03-16 15:49:58,446 [INFO] WebApp:191 - Connection restablished
2026-03-16 16:39:34,127 [INFO] WebApp:194 - Connection lost
2026-03-16 16:40:16,889 [INFO] WebApp:191 - Connection restablished
2026-03-16 16:43:54,117 [INFO] WebApp:194 - Connection lost
2026-03-16 16:43:54,433 [INFO] WebApp:191 - Connection restablished
2026-03-16 16:44:00,512 [INFO] WebApp:194 - Connection lost
2026-03-16 16:44:00,806 [INFO] WebApp:191 - Connection restablished
2026-03-16 16:44:05,373 [INFO] WebApp:194 - Connection lost
2026-03-16 16:44:05,784 [INFO] WebApp:191 - Connection restablished
2026-03-16 16:44:08,633 [INFO] WebApp:194 - Connection lost
2026-03-16 16:44:08,972 [INFO] WebApp:191 - Connection restablished
2026-03-16 19:54:02,891 [INFO] WebApp:194 - Connection lost
2026-03-16 19:54:03,157 [INFO] WebApp:191 - Connection restablished
2026-03-16 20:09:39,739 [INFO] WebApp:194 - Connection lost
2026-03-16 20:09:40,034 [INFO] WebApp:191 - Connection restablished
2026-03-16 20:15:03,404 [INFO] WebApp:194 - Connection lost
2026-03-16 20:15:27,788 [INFO] WebApp:191 - Connection restablished
2026-03-16 20:15:37,208 [INFO] WebApp:194 - Connection lost
2026-03-16 20:15:38,054 [INFO] WebApp:191 - Connection restablished
2026-03-16 20:15:38,742 [INFO] WebApp:194 - Connection lost
2026-03-16 20:15:39,085 [INFO] WebApp:191 - Connection restablished
2026-03-16 20:16:42,521 [ERROR] LogOutputStream:75 - [STDERR_REDIRECT] 
2026-03-16 20:16:42,526 [ERROR] LogOutputStream:75 - [STDERR_REDIRECT] 
