2025-07-25 08:37:11,229 [INFO] Activator:176 - 


2025-07-25 08:37:11,232 [INFO] Activator:177 - !SESSION log4j initialized
2025-07-25 08:37:14,827 [INFO] LogOutputStream:77 - [STDOUT_REDIRECT] 
2025-07-25 08:37:15,651 [INFO] ApplicationProperties:184 - Using Application install path: C:\ST\STM32CubeIDE_1.19.0\STM32CubeIDE\plugins\com.st.stm32cube.common.mx_6.15.0.202507011659
2025-07-25 08:37:15,664 [INFO] DbMcusXml:78 - Set database path to: C:\ST\STM32CubeIDE_1.19.0\STM32CubeIDE\plugins\com.st.stm32cube.common.mx_6.15.0.202507011659\\db\/mcu/
2025-07-25 08:37:15,665 [INFO] ApiDb:274 - Set plugin database path to: C:\ST\STM32CubeIDE_1.19.0\STM32CubeIDE\plugins\com.st.stm32cube.common.mx_6.15.0.202507011659\\db\/plugins/boardmanager/
2025-07-25 08:37:15,665 [WARN] ApiDb:259 - Overriding images path with different value:  => C:\ST\STM32CubeIDE_1.19.0\STM32CubeIDE\plugins\com.st.stm32cube.common.mx_6.15.0.202507011659\\db\/plugins/mcufinder/images/
2025-07-25 08:37:15,669 [INFO] ApiDb:250 - Set database path to: C:\Users\User\.stmcufinder\plugins\mcufinder//mcu/
2025-07-25 08:37:15,670 [INFO] DbMcusAds:125 - Set database path to: C:\Users\User\.stmcufinder\plugins\mcufinder//mcu/
2025-07-25 08:37:15,672 [INFO] CrossReferenceDbSqlite:203 - Set database path to: C:\Users\User\.stmcufinder\plugins\mcufinder//mcu/cs/
2025-07-25 08:37:15,777 [INFO] RulesReader:64 - Compatibility file has been processed (317 Rules)
2025-07-25 08:37:15,829 [INFO] DbMcusXml:78 - Set database path to: C:\ST\STM32CubeIDE_1.19.0\STM32CubeIDE\plugins\com.st.stm32cube.common.mx_6.15.0.202507011659\\db\/mcu/
2025-07-25 08:37:15,829 [INFO] ApiDb:274 - Set plugin database path to: C:\ST\STM32CubeIDE_1.19.0\STM32CubeIDE\plugins\com.st.stm32cube.common.mx_6.15.0.202507011659\\db\/plugins/boardmanager/
2025-07-25 08:37:15,829 [INFO] ApiDb:261 - Set plugin images path to: C:\ST\STM32CubeIDE_1.19.0\STM32CubeIDE\plugins\com.st.stm32cube.common.mx_6.15.0.202507011659\\db\/plugins/mcufinder/images/
2025-07-25 08:37:15,829 [WARN] DbFile:41 - Overriding database path with different value: C:\Users\User\.stmcufinder\plugins\mcufinder/ => C:\Users\User\.stmcufinder\plugins\mcufinder
2025-07-25 08:37:15,829 [INFO] ApiDb:250 - Set database path to: C:\Users\User\.stmcufinder\plugins\mcufinder//mcu/
2025-07-25 08:37:15,829 [WARN] DbFile:41 - Overriding database path with different value: C:\Users\User\.stmcufinder\plugins\mcufinder/ => C:\Users\User\.stmcufinder\plugins\mcufinder
2025-07-25 08:37:15,829 [INFO] DbMcusAds:125 - Set database path to: C:\Users\User\.stmcufinder\plugins\mcufinder//mcu/
2025-07-25 08:37:15,829 [WARN] DbFile:41 - Overriding database path with different value: C:\Users\User\.stmcufinder\plugins\mcufinder/ => C:\Users\User\.stmcufinder\plugins\mcufinder
2025-07-25 08:37:15,829 [WARN] DbFile:41 - Overriding database path with different value: C:\Users\User\.stmcufinder\plugins\mcufinder/ => C:\Users\User\.stmcufinder\plugins\mcufinder
2025-07-25 08:37:15,830 [INFO] CrossReferenceDbSqlite:203 - Set database path to: C:\Users\User\.stmcufinder\plugins\mcufinder//mcu/cs/
2025-07-25 08:37:15,883 [INFO] MainPanel:274 - HeapMemory: 283115520
2025-07-25 08:37:15,952 [INFO] DbMcusXml:78 - Set database path to: C:\ST\STM32CubeIDE_1.19.0\STM32CubeIDE\plugins\com.st.stm32cube.common.mx_6.15.0.202507011659\\db\/mcu/
2025-07-25 08:37:15,952 [INFO] ApiDb:274 - Set plugin database path to: C:\ST\STM32CubeIDE_1.19.0\STM32CubeIDE\plugins\com.st.stm32cube.common.mx_6.15.0.202507011659\\db\/plugins/boardmanager/
2025-07-25 08:37:15,952 [INFO] ApiDb:261 - Set plugin images path to: C:\ST\STM32CubeIDE_1.19.0\STM32CubeIDE\plugins\com.st.stm32cube.common.mx_6.15.0.202507011659\\db\/plugins/mcufinder/images/
2025-07-25 08:37:15,952 [WARN] DbFile:41 - Overriding database path with different value: C:\Users\User\.stmcufinder\plugins\mcufinder/ => C:\Users\User\.stmcufinder\plugins\mcufinder
2025-07-25 08:37:15,952 [INFO] ApiDb:250 - Set database path to: C:\Users\User\.stmcufinder\plugins\mcufinder//mcu/
2025-07-25 08:37:15,952 [WARN] DbFile:41 - Overriding database path with different value: C:\Users\User\.stmcufinder\plugins\mcufinder/ => C:\Users\User\.stmcufinder\plugins\mcufinder
2025-07-25 08:37:15,952 [INFO] DbMcusAds:125 - Set database path to: C:\Users\User\.stmcufinder\plugins\mcufinder//mcu/
2025-07-25 08:37:15,952 [WARN] DbFile:41 - Overriding database path with different value: C:\Users\User\.stmcufinder\plugins\mcufinder/ => C:\Users\User\.stmcufinder\plugins\mcufinder
2025-07-25 08:37:15,952 [WARN] DbFile:41 - Overriding database path with different value: C:\Users\User\.stmcufinder\plugins\mcufinder/ => C:\Users\User\.stmcufinder\plugins\mcufinder
2025-07-25 08:37:15,952 [INFO] CrossReferenceDbSqlite:203 - Set database path to: C:\Users\User\.stmcufinder\plugins\mcufinder//mcu/cs/
2025-07-25 08:37:15,964 [INFO] ApplicationProperties:184 - Using Application install path: C:\ST\STM32CubeIDE_1.19.0\STM32CubeIDE\plugins\com.st.stm32cube.common.mx_6.15.0.202507011659
2025-07-25 08:37:15,965 [INFO] PluginManage:196 - Search for loadable plugins [exclusion list=, ]
2025-07-25 08:37:15,966 [INFO] PluginManage:310 - Check plugin analytics
2025-07-25 08:37:16,089 [INFO] AnalyticsPlugin:253 - Accepted Software Licenses: 
2025-07-25 08:37:16,089 [INFO] AnalyticsPlugin:255 - Accepted CMSIS Pack Licenses: 
2025-07-25 08:37:16,089 [INFO] AnalyticsPlugin:257 - Accepted Firmware Licenses: FW.WL.1.3.0
2025-07-25 08:37:16,091 [INFO] PluginManage:359 - Loaded plugin analytics (category:tool,tabindex:-1)
2025-07-25 08:37:16,091 [INFO] PluginManage:310 - Check plugin cadmodel
2025-07-25 08:37:16,093 [INFO] CADModel:105 - Init CAD model plugin
2025-07-25 08:37:16,093 [INFO] PluginManage:359 - Loaded plugin cadmodel (category:power,tabindex:5)
2025-07-25 08:37:16,094 [INFO] PluginManage:310 - Check plugin clock
2025-07-25 08:37:16,101 [INFO] PluginManage:359 - Loaded plugin clock (category:base,tabindex:2)
2025-07-25 08:37:16,101 [INFO] PluginManage:310 - Check plugin ddr
2025-07-25 08:37:16,102 [INFO] PluginManage:359 - Loaded plugin ddr (category:tool,tabindex:6)
2025-07-25 08:37:16,102 [INFO] PluginManage:310 - Check plugin filemanager
2025-07-25 08:37:16,210 [INFO] PluginManage:359 - Loaded plugin filemanager (category:base,tabindex:10)
2025-07-25 08:37:16,210 [INFO] PluginManage:310 - Check plugin ipmanager
2025-07-25 08:37:16,214 [INFO] PluginManage:359 - Loaded plugin ipmanager (category:base,tabindex:5)
2025-07-25 08:37:16,214 [INFO] PluginManage:310 - Check plugin lpbam
2025-07-25 08:37:16,221 [INFO] PluginManage:359 - Loaded plugin lpbam (category:base,tabindex:0)
2025-07-25 08:37:16,221 [INFO] PluginManage:310 - Check plugin memorymap
2025-07-25 08:37:16,229 [INFO] PluginManage:359 - Loaded plugin memorymap (category:base,tabindex:4)
2025-07-25 08:37:16,229 [INFO] PluginManage:310 - Check plugin pinoutandconfiguration
2025-07-25 08:37:16,236 [INFO] PluginManage:359 - Loaded plugin pinoutandconfiguration (category:base,tabindex:1)
2025-07-25 08:37:16,236 [INFO] PluginManage:310 - Check plugin pinoutconfig
2025-07-25 08:37:16,315 [WARN] SupportedApi:132 - Cannot load RTOS API schema: s4s-elt-must-match.1: The content of 'definitions' must match (annotation?, (simpleType | complexType)?, (unique | key | keyref)*)). A problem was found starting at: attribute.
2025-07-25 08:37:16,444 [INFO] PluginManage:359 - Loaded plugin pinoutconfig (category:base,tabindex:0)
2025-07-25 08:37:16,444 [INFO] PluginManage:310 - Check plugin power
2025-07-25 08:37:16,450 [INFO] PluginManage:359 - Loaded plugin power (category:power,tabindex:4)
2025-07-25 08:37:16,450 [INFO] PluginManage:310 - Check plugin projectmanager
2025-07-25 08:37:16,463 [INFO] PluginManage:359 - Loaded plugin projectmanager (category:projectmanager,tabindex:4)
2025-07-25 08:37:16,463 [INFO] PluginManage:310 - Check plugin rif
2025-07-25 08:37:16,470 [INFO] PluginManage:359 - Loaded plugin rif (category:base,tabindex:3)
2025-07-25 08:37:16,470 [INFO] PluginManage:310 - Check plugin thirdparty
2025-07-25 08:37:16,566 [INFO] PluginManage:359 - Loaded plugin thirdparty (category:base,tabindex:-1)
2025-07-25 08:37:16,567 [INFO] PluginManage:310 - Check plugin tools
2025-07-25 08:37:16,566 [WARN] IntegrityCheckThread:84 - waiting for thirdparty lock release [integrity check]
2025-07-25 08:37:16,567 [INFO] IntegrityCheckThread:86 - entering critical section [integrity check]
2025-07-25 08:37:16,567 [INFO] ThirdPartyUpdaterWithRetryManager:70 - Updater plugin not ready yet. [1/15]
2025-07-25 08:37:16,568 [INFO] PluginManage:359 - Loaded plugin tools (category:base,tabindex:7)
2025-07-25 08:37:16,569 [INFO] PluginManage:310 - Check plugin tutovideos
2025-07-25 08:37:16,725 [INFO] PluginManage:359 - Loaded plugin tutovideos (category:base,tabindex:-1)
2025-07-25 08:37:16,725 [INFO] PluginManage:310 - Check plugin updater
2025-07-25 08:37:16,755 [INFO] PluginManage:359 - Loaded plugin updater (category:base,tabindex:12)
2025-07-25 08:37:16,755 [INFO] PluginManage:310 - Check plugin userauth
2025-07-25 08:37:16,758 [INFO] UserAuth:118 - Init User Auth plugin
2025-07-25 08:37:16,758 [INFO] PluginManage:359 - Loaded plugin userauth (category:base,tabindex:14)
2025-07-25 08:37:16,759 [INFO] PluginManage:283 - PluginManage : Loaded plugins [18]
2025-07-25 08:37:16,914 [INFO] PinOutPanel:1589 - setPackage(No Configuration,No Configuration)
2025-07-25 08:37:16,999 [INFO] CADModel:165 - CPN selected for project level
2025-07-25 08:37:16,999 [INFO] CADModel:114 - Register for checkConnection events
2025-07-25 08:37:17,015 [INFO] IPUIPlugin:80 - create IPUIPlugin
2025-07-25 08:37:17,015 [INFO] PluginManager:220 - loadIPPluginJar : add adc
2025-07-25 08:37:17,017 [INFO] IPUIPlugin:80 - create IPUIPlugin
2025-07-25 08:37:17,017 [INFO] PluginManager:220 - loadIPPluginJar : add aes
2025-07-25 08:37:17,018 [INFO] IPUIPlugin:80 - create IPUIPlugin
2025-07-25 08:37:17,018 [INFO] PluginManager:220 - loadIPPluginJar : add can
2025-07-25 08:37:17,019 [INFO] IPUIPlugin:80 - create IPUIPlugin
2025-07-25 08:37:17,019 [INFO] PluginManager:220 - loadIPPluginJar : add comp
2025-07-25 08:37:17,021 [INFO] IPUIPlugin:80 - create IPUIPlugin
2025-07-25 08:37:17,021 [INFO] PluginManager:220 - loadIPPluginJar : add cryp
2025-07-25 08:37:17,022 [INFO] IPUIPlugin:80 - create IPUIPlugin
2025-07-25 08:37:17,023 [INFO] PluginManager:220 - loadIPPluginJar : add ddr_ctrl_phy
2025-07-25 08:37:17,024 [INFO] IPUIPlugin:80 - create IPUIPlugin
2025-07-25 08:37:17,024 [INFO] PluginManager:220 - loadIPPluginJar : add dfsdm
2025-07-25 08:37:17,027 [INFO] IPUIPlugin:80 - create IPUIPlugin
2025-07-25 08:37:17,027 [INFO] PluginManager:220 - loadIPPluginJar : add dma
2025-07-25 08:37:17,029 [INFO] IPUIPlugin:80 - create IPUIPlugin
2025-07-25 08:37:17,029 [INFO] PluginManager:220 - loadIPPluginJar : add dma3
2025-07-25 08:37:17,031 [INFO] IPUIPlugin:80 - create IPUIPlugin
2025-07-25 08:37:17,031 [INFO] PluginManager:220 - loadIPPluginJar : add extmemmanager
2025-07-25 08:37:17,032 [INFO] IPUIPlugin:80 - create IPUIPlugin
2025-07-25 08:37:17,032 [INFO] PluginManager:220 - loadIPPluginJar : add fatfs
2025-07-25 08:37:17,035 [INFO] IPUIPlugin:80 - create IPUIPlugin
2025-07-25 08:37:17,036 [INFO] PluginManager:220 - loadIPPluginJar : add fmc
2025-07-25 08:37:17,039 [INFO] IPUIPlugin:80 - create IPUIPlugin
2025-07-25 08:37:17,039 [INFO] PluginManager:220 - loadIPPluginJar : add freertos
2025-07-25 08:37:17,040 [INFO] IPUIPlugin:80 - create IPUIPlugin
2025-07-25 08:37:17,040 [INFO] PluginManager:220 - loadIPPluginJar : add genericplugin
2025-07-25 08:37:17,043 [INFO] IPUIPlugin:80 - create IPUIPlugin
2025-07-25 08:37:17,043 [INFO] PluginManager:220 - loadIPPluginJar : add gfxmmu
2025-07-25 08:37:17,046 [INFO] IPUIPlugin:80 - create IPUIPlugin
2025-07-25 08:37:17,046 [INFO] PluginManager:220 - loadIPPluginJar : add gic
2025-07-25 08:37:17,050 [INFO] IPUIPlugin:80 - create IPUIPlugin
2025-07-25 08:37:17,050 [INFO] PluginManager:220 - loadIPPluginJar : add gpio
2025-07-25 08:37:17,052 [INFO] IPUIPlugin:80 - create IPUIPlugin
2025-07-25 08:37:17,052 [INFO] PluginManager:220 - loadIPPluginJar : add gtzc
2025-07-25 08:37:17,054 [INFO] IPUIPlugin:80 - create IPUIPlugin
2025-07-25 08:37:17,054 [INFO] PluginManager:220 - loadIPPluginJar : add hash
2025-07-25 08:37:17,056 [INFO] IPUIPlugin:80 - create IPUIPlugin
2025-07-25 08:37:17,057 [INFO] PluginManager:220 - loadIPPluginJar : add i2c
2025-07-25 08:37:17,058 [INFO] IPUIPlugin:80 - create IPUIPlugin
2025-07-25 08:37:17,058 [INFO] PluginManager:220 - loadIPPluginJar : add i2s
2025-07-25 08:37:17,060 [INFO] IPUIPlugin:80 - create IPUIPlugin
2025-07-25 08:37:17,060 [INFO] PluginManager:220 - loadIPPluginJar : add i3c
2025-07-25 08:37:17,063 [INFO] IPUIPlugin:80 - create IPUIPlugin
2025-07-25 08:37:17,063 [INFO] PluginManager:220 - loadIPPluginJar : add ipddr
2025-07-25 08:37:17,068 [INFO] IPUIPlugin:80 - create IPUIPlugin
2025-07-25 08:37:17,068 [INFO] PluginManager:220 - loadIPPluginJar : add linkedlist
2025-07-25 08:37:17,072 [INFO] IPUIPlugin:80 - create IPUIPlugin
2025-07-25 08:37:17,072 [INFO] PluginManager:220 - loadIPPluginJar : add lorawan
2025-07-25 08:37:17,073 [INFO] IPUIPlugin:80 - create IPUIPlugin
2025-07-25 08:37:17,073 [INFO] PluginManager:220 - loadIPPluginJar : add ltdc
2025-07-25 08:37:17,078 [INFO] IPUIPlugin:80 - create IPUIPlugin
2025-07-25 08:37:17,078 [INFO] PluginManager:220 - loadIPPluginJar : add mdma
2025-07-25 08:37:17,080 [INFO] IPUIPlugin:80 - create IPUIPlugin
2025-07-25 08:37:17,080 [INFO] PluginManager:220 - loadIPPluginJar : add nvic
2025-07-25 08:37:17,082 [INFO] IPUIPlugin:80 - create IPUIPlugin
2025-07-25 08:37:17,082 [INFO] PluginManager:220 - loadIPPluginJar : add opamp
2025-07-25 08:37:17,085 [INFO] IPUIPlugin:80 - create IPUIPlugin
2025-07-25 08:37:17,085 [INFO] PluginManager:220 - loadIPPluginJar : add openamp
2025-07-25 08:37:17,087 [INFO] IPUIPlugin:80 - create IPUIPlugin
2025-07-25 08:37:17,087 [INFO] PluginManager:220 - loadIPPluginJar : add pdm2pcm
2025-07-25 08:37:17,090 [INFO] IPUIPlugin:80 - create IPUIPlugin
2025-07-25 08:37:17,092 [INFO] PluginManager:220 - loadIPPluginJar : add plateformsettings
2025-07-25 08:37:17,093 [INFO] IPUIPlugin:80 - create IPUIPlugin
2025-07-25 08:37:17,093 [INFO] PluginManager:220 - loadIPPluginJar : add quadspi
2025-07-25 08:37:17,094 [INFO] IPUIPlugin:80 - create IPUIPlugin
2025-07-25 08:37:17,095 [INFO] PluginManager:220 - loadIPPluginJar : add radio
2025-07-25 08:37:17,096 [INFO] IPUIPlugin:80 - create IPUIPlugin
2025-07-25 08:37:17,097 [INFO] PluginManager:220 - loadIPPluginJar : add resmgrutility
2025-07-25 08:37:17,099 [INFO] IPUIPlugin:80 - create IPUIPlugin
2025-07-25 08:37:17,099 [INFO] PluginManager:220 - loadIPPluginJar : add sai
2025-07-25 08:37:17,101 [INFO] IPUIPlugin:80 - create IPUIPlugin
2025-07-25 08:37:17,101 [INFO] PluginManager:220 - loadIPPluginJar : add spi
2025-07-25 08:37:17,105 [INFO] IPUIPlugin:80 - create IPUIPlugin
2025-07-25 08:37:17,105 [INFO] PluginManager:220 - loadIPPluginJar : add stm32_wpan
2025-07-25 08:37:17,106 [INFO] IPUIPlugin:80 - create IPUIPlugin
2025-07-25 08:37:17,106 [INFO] PluginManager:220 - loadIPPluginJar : add tim
2025-07-25 08:37:17,108 [INFO] IPUIPlugin:80 - create IPUIPlugin
2025-07-25 08:37:17,108 [INFO] PluginManager:220 - loadIPPluginJar : add touchsensing
2025-07-25 08:37:17,109 [INFO] IPUIPlugin:80 - create IPUIPlugin
2025-07-25 08:37:17,109 [INFO] PluginManager:220 - loadIPPluginJar : add tracer_emb
2025-07-25 08:37:17,112 [INFO] IPUIPlugin:80 - create IPUIPlugin
2025-07-25 08:37:17,112 [INFO] PluginManager:220 - loadIPPluginJar : add ts
2025-07-25 08:37:17,113 [INFO] IPUIPlugin:80 - create IPUIPlugin
2025-07-25 08:37:17,113 [INFO] PluginManager:220 - loadIPPluginJar : add tsc
2025-07-25 08:37:17,114 [INFO] IPUIPlugin:80 - create IPUIPlugin
2025-07-25 08:37:17,115 [INFO] PluginManager:220 - loadIPPluginJar : add ucpd
2025-07-25 08:37:17,116 [INFO] IPUIPlugin:80 - create IPUIPlugin
2025-07-25 08:37:17,116 [INFO] PluginManager:220 - loadIPPluginJar : add usart
2025-07-25 08:37:17,118 [INFO] IPUIPlugin:80 - create IPUIPlugin
2025-07-25 08:37:17,118 [INFO] PluginManager:220 - loadIPPluginJar : add usbx
2025-07-25 08:37:17,228 [FATAL] Updater:351 - Updater called before beeing initialized
2025-07-25 08:37:17,253 [INFO] RulesReader:64 - Compatibility file has been processed (317 Rules)
2025-07-25 08:37:17,263 [INFO] RulesReader:64 - Compatibility file has been processed (317 Rules)
2025-07-25 08:37:17,272 [INFO] CADModel:165 - CPN selected for project level
2025-07-25 08:37:17,272 [INFO] CADModel:114 - Register for checkConnection events
2025-07-25 08:37:17,272 [FATAL] Updater:351 - Updater called before beeing initialized
2025-07-25 08:37:17,272 [ERROR] CADModel:125 - Updater not yet initialized, retry later 
2025-07-25 08:37:17,362 [FATAL] Updater:351 - Updater called before beeing initialized
2025-07-25 08:37:17,363 [INFO] CADModel:165 - CPN selected for project level
2025-07-25 08:37:17,363 [INFO] CADModel:114 - Register for checkConnection events
2025-07-25 08:37:17,363 [FATAL] Updater:351 - Updater called before beeing initialized
2025-07-25 08:37:17,363 [ERROR] CADModel:125 - Updater not yet initialized, retry later 
2025-07-25 08:37:17,365 [FATAL] Updater:351 - Updater called before beeing initialized
2025-07-25 08:37:17,431 [FATAL] Updater:351 - Updater called before beeing initialized
2025-07-25 08:37:17,434 [INFO] DbMcusAds:53 - JSON generation date=Tue Jul 08 13:44:23 IST 2025 (1751962463562)
2025-07-25 08:37:17,434 [FATAL] Updater:351 - Updater called before beeing initialized
2025-07-25 08:37:17,455 [WARN] DetailPanel:346 - Failed to get advertising image, set to default
2025-07-25 08:37:17,510 [FATAL] Updater:351 - Updater called before beeing initialized
2025-07-25 08:37:17,512 [FATAL] Updater:351 - Updater called before beeing initialized
2025-07-25 08:37:17,512 [FATAL] Updater:351 - Updater called before beeing initialized
2025-07-25 08:37:17,512 [WARN] DetailPanel:346 - Failed to get advertising image, set to default
2025-07-25 08:37:17,513 [FATAL] Updater:351 - Updater called before beeing initialized
2025-07-25 08:37:17,541 [ERROR] Updater:1198 - MainUpdater not yet initialized. External WinMGr cannot be set.
2025-07-25 08:37:17,543 [INFO] Updater:1134 - Updater Version found : 6.15.0
2025-07-25 08:37:17,556 [INFO] ApplicationProperties:184 - Using Application install path: C:\ST\STM32CubeIDE_1.19.0\STM32CubeIDE\plugins\com.st.stm32cube.common.mx_6.15.0.202507011659
2025-07-25 08:37:19,158 [ERROR] LogOutputStream:75 - [STDERR_REDIRECT] Jul 25, 2025 8:37:19 AM java.util.prefs.WindowsPreferences <init>
2025-07-25 08:37:19,163 [ERROR] LogOutputStream:75 - [STDERR_REDIRECT] WARNING: Could not open/create prefs root node Software\JavaSoft\Prefs at root 0xffffffff80000002. Windows RegCreateKeyEx(...) returned error code 5.
2025-07-25 08:37:19,163 [ERROR] LogOutputStream:75 - [STDERR_REDIRECT] 
2025-07-25 08:37:19,430 [INFO] MainUpdater:2872 - connection check result : 10
2025-07-25 08:37:19,430 [INFO] MainUpdater:289 - Updater Check For Update Now.
2025-07-25 08:37:19,430 [INFO] MicroXplorer:498 - Change Database Version : DB.6.0.150
2025-07-25 08:37:19,437 [INFO] McuFinderGlobals:63 - Set McuFinder mode to 2 (CubeIDE integrated)
2025-07-25 08:37:19,438 [INFO] UserAuth:487 - Internet connection configuration mode: 1
2025-07-25 08:37:19,456 [INFO] JxBrowserEngine:152 - Initiate JxBrowser Engine with user profile folder
2025-07-25 08:37:19,568 [WARN] MainUpdater:1193 - Updater busy. Cannot search thirdparties
2025-07-25 08:37:19,568 [INFO] ThirdPartyUpdaterWithRetryManager:96 - Updater plugin is busy. [1/15]
2025-07-25 08:37:19,596 [INFO] CheckServerUpdateThread:120 - End of CheckServer Thread
2025-07-25 08:37:19,878 [INFO] WebApp:169 - Instantiating new browser for Auth
2025-07-25 08:37:20,338 [INFO] WebApp:463 - Apply proxy settings
2025-07-25 08:37:20,339 [INFO] WebApp:548 - Chromium requires no authentication
2025-07-25 08:37:20,346 [INFO] WebApp:491 - Direct internet connection detected
2025-07-25 08:37:20,372 [INFO] WebApp:900 - Register for checkConnection events
2025-07-25 08:37:20,372 [INFO] WebApp:463 - Apply proxy settings
2025-07-25 08:37:20,372 [INFO] WebApp:548 - Chromium requires no authentication
2025-07-25 08:37:20,373 [INFO] WebApp:491 - Direct internet connection detected
2025-07-25 08:37:20,504 [INFO] WebApp:225 - Starting web application
2025-07-25 08:37:20,504 [INFO] WebApp:593 - Web application path used C:\ST\STM32CubeIDE_1.19.0\STM32CubeIDE\plugins\com.st.stm32cube.common.mx_6.15.0.202507011659\db\plugins\mcufinder\reactClient1\index.html
2025-07-25 08:37:20,565 [INFO] UserAuth:487 - Internet connection configuration mode: 1
2025-07-25 08:37:20,681 [INFO] WebApp:191 - Connection restablished
2025-07-25 08:37:22,754 [WARN] PackLoader:240 - Cannot read IP mode file for STMicroelectronics.FP-SNS-MOTENVWB1.1.4.0
2025-07-25 08:37:22,761 [WARN] PackLoader:240 - Cannot read IP mode file for STMicroelectronics.FP-ATR-ASTRA1.2.0.2
2025-07-25 08:37:22,770 [WARN] PackLoader:240 - Cannot read IP mode file for STMicroelectronics.X-CUBE-SMBUS.2.1.0
2025-07-25 08:37:22,774 [WARN] PackLoader:240 - Cannot read IP mode file for STMicroelectronics.X-CUBE-ST60.1.0.0
2025-07-25 08:37:22,796 [WARN] PackLoader:240 - Cannot read IP mode file for STMicroelectronics.X-CUBE-AZRTOS-F7.1.1.0
2025-07-25 08:37:22,825 [WARN] PackLoader:240 - Cannot read IP mode file for Infineon.AIROC-Wi-Fi-Bluetooth-STM32.1.7.1
2025-07-25 08:37:22,849 [WARN] PackLoader:240 - Cannot read IP mode file for STMicroelectronics.X-CUBE-AZRTOS-H7.3.4.0
2025-07-25 08:37:22,856 [WARN] PackLoader:240 - Cannot read IP mode file for STMicroelectronics.X-CUBE-DISPLAY.3.0.0
2025-07-25 08:37:22,864 [WARN] PackLoader:240 - Cannot read IP mode file for STMicroelectronics.X-CUBE-NFC10.1.0.0
2025-07-25 08:37:22,871 [WARN] PackLoader:240 - Cannot read IP mode file for emotas.I-CUBE-CANOPEN.1.3.0
2025-07-25 08:37:22,874 [WARN] PackLoader:240 - Cannot read IP mode file for STMicroelectronics.FP-SNS-SMARTAG2.1.2.0
2025-07-25 08:37:22,878 [WARN] PackLoader:240 - Cannot read IP mode file for STMicroelectronics.FP-SNS-FLIGHT1.5.1.0
2025-07-25 08:37:22,885 [INFO] LogOutputStream:77 - [STDOUT_REDIRECT] 1 : Invalid condition id : UX_CORESTACK_Condition cause : null
2025-07-25 08:37:22,886 [INFO] LogOutputStream:77 - [STDOUT_REDIRECT] 1 : Invalid condition id : UX_CORESTACK_Condition cause : null
2025-07-25 08:37:22,887 [INFO] LogOutputStream:77 - [STDOUT_REDIRECT] 1 : Invalid condition id : UX_CORESTACK_Condition cause : null
2025-07-25 08:37:22,888 [INFO] LogOutputStream:77 - [STDOUT_REDIRECT] 1 : Invalid condition id : UX_CORESTACK_Condition cause : null
2025-07-25 08:37:22,891 [INFO] LogOutputStream:77 - [STDOUT_REDIRECT] 1 : Invalid condition id : UX_CORESTACK_Condition cause : null
2025-07-25 08:37:22,894 [WARN] PackLoader:240 - Cannot read IP mode file for STMicroelectronics.X-CUBE-AZRTOS-WL.2.0.0
2025-07-25 08:37:22,899 [WARN] PackLoader:240 - Cannot read IP mode file for STMicroelectronics.FP-SNS-MOTENV1.5.0.0
2025-07-25 08:37:22,904 [WARN] PackLoader:240 - Cannot read IP mode file for WES.I-CUBE-Cesium.1.3.0
2025-07-25 08:37:22,908 [WARN] PackLoader:240 - Cannot read IP mode file for STMicroelectronics.X-CUBE-BLE2.3.3.0
2025-07-25 08:37:22,915 [WARN] PackLoader:240 - Cannot read IP mode file for STMicroelectronics.X-CUBE-NFC9.1.0.0
2025-07-25 08:37:22,919 [WARN] PackLoader:240 - Cannot read IP mode file for wolfSSL.I-CUBE-wolfSSL.5.8.0
2025-07-25 08:37:22,921 [WARN] PackLoader:240 - Cannot read IP mode file for STMicroelectronics.X-CUBE-BLE1.7.1.0
2025-07-25 08:37:22,924 [WARN] PackLoader:240 - Cannot read IP mode file for wolfSSL.I-CUBE-wolfMQTT.1.19.2
2025-07-25 08:37:22,929 [WARN] PackLoader:240 - Cannot read IP mode file for STMicroelectronics.X-CUBE-EEPRMA1.5.2.0
2025-07-25 08:37:22,935 [WARN] PackLoader:240 - Cannot read IP mode file for STMicroelectronics.X-CUBE-AI.10.1.0
2025-07-25 08:37:22,942 [WARN] PackLoader:240 - Cannot read IP mode file for STMicroelectronics.X-CUBE-AZRTOS-G0.1.1.0
2025-07-25 08:37:22,949 [WARN] PackLoader:240 - Cannot read IP mode file for STMicroelectronics.X-CUBE-SAFEA1.1.2.2
2025-07-25 08:37:22,953 [WARN] PackLoader:240 - Cannot read IP mode file for STMicroelectronics.X-CUBE-NFC4.3.0.0
2025-07-25 08:37:22,961 [WARN] PackLoader:240 - Cannot read IP mode file for EmbeddedOffice.I-CUBE-FS-RTOS.1.0.1
2025-07-25 08:37:22,966 [WARN] PackLoader:240 - Cannot read IP mode file for STMicroelectronics.X-CUBE-WB05N.2.0.0
2025-07-25 08:37:22,970 [WARN] PackLoader:240 - Cannot read IP mode file for wolfSSL.I-CUBE-wolfTPM.3.8.0
2025-07-25 08:37:22,975 [WARN] PackLoader:240 - Cannot read IP mode file for STMicroelectronics.X-CUBE-TCPP.4.2.0
2025-07-25 08:37:22,981 [WARN] PackLoader:240 - Cannot read IP mode file for RealThread.X-CUBE-RT-Thread_Nano.4.1.1
2025-07-25 08:37:22,984 [WARN] PackLoader:240 - Cannot read IP mode file for STMicroelectronics.FP-ATR-SIGFOX1.3.2.0
2025-07-25 08:37:22,992 [WARN] PackLoader:240 - Cannot read IP mode file for ITTIA_DB.I-CUBE-ITTIADB.8.9.0
2025-07-25 08:37:22,997 [WARN] PackLoader:240 - Cannot read IP mode file for STMicroelectronics.X-CUBE-ST67W61.1.0.0
2025-07-25 08:37:23,030 [WARN] PackLoader:240 - Cannot read IP mode file for SEGGER.I-CUBE-embOS.1.3.1
2025-07-25 08:37:23,067 [WARN] PackLoader:240 - Cannot read IP mode file for STMicroelectronics.X-CUBE-ALGOBUILD.1.4.0
2025-07-25 08:37:23,164 [WARN] PackLoader:240 - Cannot read IP mode file for STMicroelectronics.X-CUBE-MEMS1.11.3.0
2025-07-25 08:37:23,257 [WARN] PackLoader:240 - Cannot read IP mode file for STMicroelectronics.X-CUBE-PM33A1.1.0.0
2025-07-25 08:37:23,268 [WARN] PackLoader:240 - Cannot read IP mode file for STMicroelectronics.X-CUBE-AZRTOS-F4.1.1.0
2025-07-25 08:37:23,273 [WARN] PackLoader:240 - Cannot read IP mode file for STMicroelectronics.X-CUBE-ISPU.2.1.0
2025-07-25 08:37:23,281 [WARN] PackLoader:240 - Cannot read IP mode file for STMicroelectronics.X-CUBE-NFC12.1.0.0
2025-07-25 08:37:23,292 [WARN] PackLoader:240 - Cannot read IP mode file for STMicroelectronics.X-CUBE-AZRTOS-L5.2.0.0
2025-07-25 08:37:23,298 [WARN] PackLoader:240 - Cannot read IP mode file for STMicroelectronics.X-CUBE-NFC6.3.1.0
2025-07-25 08:37:23,303 [WARN] PackLoader:240 - Cannot read IP mode file for STMicroelectronics.X-CUBE-FREERTOS.1.3.1
2025-07-25 08:37:23,307 [WARN] PackLoader:240 - Cannot read IP mode file for STMicroelectronics.FP-SNS-STAIOTCFT.1.0.0
2025-07-25 08:37:23,310 [WARN] PackLoader:240 - Cannot read IP mode file for STMicroelectronics.X-CUBE-DPower.1.3.0
2025-07-25 08:37:23,323 [WARN] ConditionMgr:438 - getConditionDescription Invalid condition id : LAN8742 Phy interface Condition cause : null
2025-07-25 08:37:23,324 [WARN] PackLoader:240 - Cannot read IP mode file for STMicroelectronics.X-CUBE-AZRTOS-L4.2.0.0
2025-07-25 08:37:23,325 [WARN] ConditionMgr:1044 - genDependencies : Invalid condition id : LAN8742 Phy interface Condition cause : null
2025-07-25 08:37:23,325 [WARN] ConditionMgr:1044 - genDependencies : Invalid condition id : LAN8742 Phy interface Condition cause : null
2025-07-25 08:37:23,326 [WARN] ConditionMgr:1044 - genDependencies : Invalid condition id : LAN8742 Phy interface Condition cause : null
2025-07-25 08:37:23,330 [WARN] PackLoader:240 - Cannot read IP mode file for STMicroelectronics.X-CUBE-SFXS2LP1.4.0.0
2025-07-25 08:37:23,337 [WARN] PackLoader:240 - Cannot read IP mode file for STMicroelectronics.X-CUBE-BLEMGR.4.1.0
2025-07-25 08:37:23,349 [WARN] ConditionMgr:438 - getConditionDescription Invalid condition id : UX DEVICE CLASS RTOS Condition cause : null
2025-07-25 08:37:23,349 [WARN] ConditionMgr:438 - getConditionDescription Invalid condition id : UX DEVICE CLASS RTOS Condition cause : null
2025-07-25 08:37:23,351 [WARN] PackLoader:240 - Cannot read IP mode file for STMicroelectronics.X-CUBE-AZRTOS-WB.2.0.0
2025-07-25 08:37:23,351 [WARN] ConditionMgr:1044 - genDependencies : Invalid condition id : UX DEVICE CLASS RTOS Condition cause : null
2025-07-25 08:37:23,351 [WARN] ConditionMgr:1044 - genDependencies : Invalid condition id : UX DEVICE CLASS RTOS Condition cause : null
2025-07-25 08:37:23,352 [WARN] ConditionMgr:1044 - genDependencies : Invalid condition id : UX DEVICE CLASS RTOS Condition cause : null
2025-07-25 08:37:23,352 [WARN] ConditionMgr:1044 - genDependencies : Invalid condition id : UX DEVICE CLASS RTOS Condition cause : null
2025-07-25 08:37:23,352 [WARN] ConditionMgr:1044 - genDependencies : Invalid condition id : UX DEVICE CLASS RTOS Condition cause : null
2025-07-25 08:37:23,357 [WARN] PackLoader:240 - Cannot read IP mode file for STMicroelectronics.X-CUBE-GNSS1.7.0.1
2025-07-25 08:37:23,362 [WARN] PackLoader:240 - Cannot read IP mode file for STMicroelectronics.X-CUBE-TOUCHGFX.4.25.0
2025-07-25 08:37:23,368 [WARN] PackLoader:240 - Cannot read IP mode file for STMicroelectronics.FP-SNS-STBOX1.2.0.0
2025-07-25 08:37:23,373 [WARN] ConditionMgr:438 - getConditionDescription Invalid condition id : Cortex-A Device cause : null
2025-07-25 08:37:23,385 [WARN] ConditionMgr:1044 - genDependencies : Invalid condition id : Cortex-A Device cause : null
2025-07-25 08:37:23,386 [WARN] ConditionMgr:1044 - genDependencies : Invalid condition id : Cortex-A Device cause : null
2025-07-25 08:37:23,386 [WARN] ConditionMgr:1044 - genDependencies : Invalid condition id : Cortex-A Device cause : null
2025-07-25 08:37:23,392 [WARN] PackLoader:240 - Cannot read IP mode file for STMicroelectronics.X-CUBE-SUBG2.5.0.0
2025-07-25 08:37:23,405 [WARN] PackLoader:240 - Cannot read IP mode file for STMicroelectronics.X-CUBE-AZRTOS-H7RS.1.1.0
2025-07-25 08:37:23,411 [WARN] PackLoader:240 - Cannot read IP mode file for Cesanta.I-CUBE-Mongoose.7.13.0
2025-07-25 08:37:23,419 [WARN] PackLoader:240 - Cannot read IP mode file for STMicroelectronics.X-CUBE-AZRTOS-G4.2.0.0
2025-07-25 08:37:23,423 [WARN] PackLoader:240 - Cannot read IP mode file for wolfSSL.I-CUBE-wolfSSH.1.4.20
2025-07-25 08:37:23,427 [WARN] PackLoader:240 - Cannot read IP mode file for STMicroelectronics.X-CUBE-NFC7.2.0.0
2025-07-25 08:37:23,441 [WARN] PackLoader:240 - Cannot read IP mode file for STMicroelectronics.X-CUBE-IPS.3.1.0
2025-07-25 08:37:23,447 [WARN] PackLoader:240 - Cannot read IP mode file for STMicroelectronics.X-CUBE-ALS.1.0.2
2025-07-25 08:37:23,450 [WARN] PackLoader:240 - Cannot read IP mode file for portGmbH.I-Cube-SoM-uGOAL.1.1.0
2025-07-25 08:37:23,459 [WARN] PackLoader:240 - Cannot read IP mode file for STMicroelectronics.X-CUBE-TOF1.3.4.3
2025-07-25 08:37:23,467 [INFO] ThirdParty:978 - Integrity check success = true
2025-07-25 08:37:23,467 [INFO] IntegrityCheckThread:100 - exiting critical section [integrity check]
2025-07-25 08:37:23,467 [INFO] IntegrityCheckThread:103 - End integrity checks thread
2025-07-25 09:04:18,113 [INFO] WebApp:194 - Connection lost
2025-07-25 09:04:18,358 [INFO] WebApp:191 - Connection restablished
2025-07-25 09:04:49,918 [INFO] WebApp:194 - Connection lost
2025-07-25 09:04:50,189 [INFO] WebApp:191 - Connection restablished
2025-07-25 09:04:52,563 [INFO] WebApp:194 - Connection lost
2025-07-25 09:04:52,689 [INFO] WebApp:191 - Connection restablished
2025-07-25 09:04:55,742 [INFO] WebApp:194 - Connection lost
2025-07-25 09:04:55,873 [INFO] WebApp:191 - Connection restablished
2025-07-25 18:28:02,005 [INFO] WebApp:194 - Connection lost
2025-07-25 18:28:08,695 [INFO] WebApp:191 - Connection restablished
2025-07-25 18:28:17,717 [INFO] WebApp:194 - Connection lost
2025-07-25 18:28:17,962 [INFO] WebApp:191 - Connection restablished
2025-07-25 18:28:21,076 [INFO] WebApp:194 - Connection lost
2025-07-25 18:28:21,328 [INFO] WebApp:191 - Connection restablished
2025-07-25 18:37:21,982 [INFO] WebApp:194 - Connection lost
2025-07-25 18:37:22,353 [INFO] WebApp:191 - Connection restablished
2025-07-25 18:37:28,082 [INFO] WebApp:194 - Connection lost
2025-07-25 18:37:28,355 [INFO] WebApp:191 - Connection restablished
2025-07-25 19:26:36,572 [INFO] WebApp:194 - Connection lost
2025-07-25 19:26:36,973 [INFO] WebApp:191 - Connection restablished
2025-07-25 20:05:28,355 [INFO] WebApp:194 - Connection lost
2025-07-25 20:05:29,337 [INFO] WebApp:191 - Connection restablished
2025-07-25 20:05:32,582 [INFO] WebApp:194 - Connection lost
2025-07-25 20:05:32,925 [INFO] WebApp:191 - Connection restablished
2025-07-25 22:27:52,201 [ERROR] LogOutputStream:75 - [STDERR_REDIRECT] 
2025-07-25 22:27:52,203 [ERROR] LogOutputStream:75 - [STDERR_REDIRECT] 
