2026-03-13 09:49:06,486 [INFO] Activator:176 - 


2026-03-13 09:49:06,489 [INFO] Activator:177 - !SESSION log4j initialized
2026-03-13 09:49:10,414 [INFO] LogOutputStream:77 - [STDOUT_REDIRECT] 
2026-03-13 09:49:11,436 [INFO] ApplicationProperties:184 - Using Application install path: C:\ST\STM32CubeIDE_1.19.0\STM32CubeIDE\plugins\com.st.stm32cube.common.mx_6.15.0.202507011659
2026-03-13 09:49:11,453 [INFO] DbMcusXml:78 - Set database path to: C:\ST\STM32CubeIDE_1.19.0\STM32CubeIDE\plugins\com.st.stm32cube.common.mx_6.15.0.202507011659\\db\/mcu/
2026-03-13 09:49:11,453 [INFO] ApiDb:274 - Set plugin database path to: C:\ST\STM32CubeIDE_1.19.0\STM32CubeIDE\plugins\com.st.stm32cube.common.mx_6.15.0.202507011659\\db\/plugins/boardmanager/
2026-03-13 09:49:11,454 [WARN] ApiDb:259 - Overriding images path with different value:  => C:\ST\STM32CubeIDE_1.19.0\STM32CubeIDE\plugins\com.st.stm32cube.common.mx_6.15.0.202507011659\\db\/plugins/mcufinder/images/
2026-03-13 09:49:11,460 [INFO] ApiDb:250 - Set database path to: C:\Users\User\.stmcufinder\plugins\mcufinder//mcu/
2026-03-13 09:49:11,461 [INFO] DbMcusAds:125 - Set database path to: C:\Users\User\.stmcufinder\plugins\mcufinder//mcu/
2026-03-13 09:49:11,463 [INFO] CrossReferenceDbSqlite:203 - Set database path to: C:\Users\User\.stmcufinder\plugins\mcufinder//mcu/cs/
2026-03-13 09:49:11,560 [INFO] RulesReader:64 - Compatibility file has been processed (317 Rules)
2026-03-13 09:49:11,606 [INFO] DbMcusXml:78 - Set database path to: C:\ST\STM32CubeIDE_1.19.0\STM32CubeIDE\plugins\com.st.stm32cube.common.mx_6.15.0.202507011659\\db\/mcu/
2026-03-13 09:49:11,606 [INFO] ApiDb:274 - Set plugin database path to: C:\ST\STM32CubeIDE_1.19.0\STM32CubeIDE\plugins\com.st.stm32cube.common.mx_6.15.0.202507011659\\db\/plugins/boardmanager/
2026-03-13 09:49:11,606 [INFO] ApiDb:261 - Set plugin images path to: C:\ST\STM32CubeIDE_1.19.0\STM32CubeIDE\plugins\com.st.stm32cube.common.mx_6.15.0.202507011659\\db\/plugins/mcufinder/images/
2026-03-13 09:49:11,606 [WARN] DbFile:41 - Overriding database path with different value: C:\Users\User\.stmcufinder\plugins\mcufinder/ => C:\Users\User\.stmcufinder\plugins\mcufinder
2026-03-13 09:49:11,607 [INFO] ApiDb:250 - Set database path to: C:\Users\User\.stmcufinder\plugins\mcufinder//mcu/
2026-03-13 09:49:11,607 [WARN] DbFile:41 - Overriding database path with different value: C:\Users\User\.stmcufinder\plugins\mcufinder/ => C:\Users\User\.stmcufinder\plugins\mcufinder
2026-03-13 09:49:11,607 [INFO] DbMcusAds:125 - Set database path to: C:\Users\User\.stmcufinder\plugins\mcufinder//mcu/
2026-03-13 09:49:11,607 [WARN] DbFile:41 - Overriding database path with different value: C:\Users\User\.stmcufinder\plugins\mcufinder/ => C:\Users\User\.stmcufinder\plugins\mcufinder
2026-03-13 09:49:11,607 [WARN] DbFile:41 - Overriding database path with different value: C:\Users\User\.stmcufinder\plugins\mcufinder/ => C:\Users\User\.stmcufinder\plugins\mcufinder
2026-03-13 09:49:11,607 [INFO] CrossReferenceDbSqlite:203 - Set database path to: C:\Users\User\.stmcufinder\plugins\mcufinder//mcu/cs/
2026-03-13 09:49:11,668 [INFO] MainPanel:274 - HeapMemory: 268435456
2026-03-13 09:49:11,781 [INFO] DbMcusXml:78 - Set database path to: C:\ST\STM32CubeIDE_1.19.0\STM32CubeIDE\plugins\com.st.stm32cube.common.mx_6.15.0.202507011659\\db\/mcu/
2026-03-13 09:49:11,781 [INFO] ApiDb:274 - Set plugin database path to: C:\ST\STM32CubeIDE_1.19.0\STM32CubeIDE\plugins\com.st.stm32cube.common.mx_6.15.0.202507011659\\db\/plugins/boardmanager/
2026-03-13 09:49:11,781 [INFO] ApiDb:261 - Set plugin images path to: C:\ST\STM32CubeIDE_1.19.0\STM32CubeIDE\plugins\com.st.stm32cube.common.mx_6.15.0.202507011659\\db\/plugins/mcufinder/images/
2026-03-13 09:49:11,782 [WARN] DbFile:41 - Overriding database path with different value: C:\Users\User\.stmcufinder\plugins\mcufinder/ => C:\Users\User\.stmcufinder\plugins\mcufinder
2026-03-13 09:49:11,782 [INFO] ApiDb:250 - Set database path to: C:\Users\User\.stmcufinder\plugins\mcufinder//mcu/
2026-03-13 09:49:11,782 [WARN] DbFile:41 - Overriding database path with different value: C:\Users\User\.stmcufinder\plugins\mcufinder/ => C:\Users\User\.stmcufinder\plugins\mcufinder
2026-03-13 09:49:11,782 [INFO] DbMcusAds:125 - Set database path to: C:\Users\User\.stmcufinder\plugins\mcufinder//mcu/
2026-03-13 09:49:11,782 [WARN] DbFile:41 - Overriding database path with different value: C:\Users\User\.stmcufinder\plugins\mcufinder/ => C:\Users\User\.stmcufinder\plugins\mcufinder
2026-03-13 09:49:11,782 [WARN] DbFile:41 - Overriding database path with different value: C:\Users\User\.stmcufinder\plugins\mcufinder/ => C:\Users\User\.stmcufinder\plugins\mcufinder
2026-03-13 09:49:11,782 [INFO] CrossReferenceDbSqlite:203 - Set database path to: C:\Users\User\.stmcufinder\plugins\mcufinder//mcu/cs/
2026-03-13 09:49:11,799 [INFO] ApplicationProperties:184 - Using Application install path: C:\ST\STM32CubeIDE_1.19.0\STM32CubeIDE\plugins\com.st.stm32cube.common.mx_6.15.0.202507011659
2026-03-13 09:49:11,799 [INFO] PluginManage:196 - Search for loadable plugins [exclusion list=, ]
2026-03-13 09:49:11,801 [INFO] PluginManage:310 - Check plugin analytics
2026-03-13 09:49:11,926 [INFO] AnalyticsPlugin:253 - Accepted Software Licenses: 
2026-03-13 09:49:11,927 [INFO] AnalyticsPlugin:255 - Accepted CMSIS Pack Licenses: 
2026-03-13 09:49:11,927 [INFO] AnalyticsPlugin:257 - Accepted Firmware Licenses: FW.WL.1.3.0,FW.H7.1.12.0,FW.F4.1.28.0,FW.WBA.1.7.0,FW.L4.1.18.0,FW.U5.1.8.0
2026-03-13 09:49:11,929 [INFO] PluginManage:359 - Loaded plugin analytics (category:tool,tabindex:-1)
2026-03-13 09:49:11,929 [INFO] PluginManage:310 - Check plugin cadmodel
2026-03-13 09:49:11,934 [INFO] CADModel:105 - Init CAD model plugin
2026-03-13 09:49:11,934 [INFO] PluginManage:359 - Loaded plugin cadmodel (category:power,tabindex:5)
2026-03-13 09:49:11,935 [INFO] PluginManage:310 - Check plugin clock
2026-03-13 09:49:11,943 [INFO] PluginManage:359 - Loaded plugin clock (category:base,tabindex:2)
2026-03-13 09:49:11,944 [INFO] PluginManage:310 - Check plugin ddr
2026-03-13 09:49:11,945 [INFO] PluginManage:359 - Loaded plugin ddr (category:tool,tabindex:6)
2026-03-13 09:49:11,946 [INFO] PluginManage:310 - Check plugin filemanager
2026-03-13 09:49:12,092 [INFO] PluginManage:359 - Loaded plugin filemanager (category:base,tabindex:10)
2026-03-13 09:49:12,092 [INFO] PluginManage:310 - Check plugin ipmanager
2026-03-13 09:49:12,098 [INFO] PluginManage:359 - Loaded plugin ipmanager (category:base,tabindex:5)
2026-03-13 09:49:12,098 [INFO] PluginManage:310 - Check plugin lpbam
2026-03-13 09:49:12,108 [INFO] PluginManage:359 - Loaded plugin lpbam (category:base,tabindex:0)
2026-03-13 09:49:12,109 [INFO] PluginManage:310 - Check plugin memorymap
2026-03-13 09:49:12,125 [INFO] PluginManage:359 - Loaded plugin memorymap (category:base,tabindex:4)
2026-03-13 09:49:12,125 [INFO] PluginManage:310 - Check plugin pinoutandconfiguration
2026-03-13 09:49:12,134 [INFO] PluginManage:359 - Loaded plugin pinoutandconfiguration (category:base,tabindex:1)
2026-03-13 09:49:12,134 [INFO] PluginManage:310 - Check plugin pinoutconfig
2026-03-13 09:49:12,219 [WARN] SupportedApi:132 - Cannot load RTOS API schema: s4s-elt-must-match.1: The content of 'definitions' must match (annotation?, (simpleType | complexType)?, (unique | key | keyref)*)). A problem was found starting at: attribute.
2026-03-13 09:49:12,363 [INFO] PluginManage:359 - Loaded plugin pinoutconfig (category:base,tabindex:0)
2026-03-13 09:49:12,363 [INFO] PluginManage:310 - Check plugin power
2026-03-13 09:49:12,374 [INFO] PluginManage:359 - Loaded plugin power (category:power,tabindex:4)
2026-03-13 09:49:12,374 [INFO] PluginManage:310 - Check plugin projectmanager
2026-03-13 09:49:12,387 [INFO] PluginManage:359 - Loaded plugin projectmanager (category:projectmanager,tabindex:4)
2026-03-13 09:49:12,387 [INFO] PluginManage:310 - Check plugin rif
2026-03-13 09:49:12,401 [INFO] PluginManage:359 - Loaded plugin rif (category:base,tabindex:3)
2026-03-13 09:49:12,401 [INFO] PluginManage:310 - Check plugin thirdparty
2026-03-13 09:49:12,536 [INFO] PluginManage:359 - Loaded plugin thirdparty (category:base,tabindex:-1)
2026-03-13 09:49:12,536 [WARN] IntegrityCheckThread:84 - waiting for thirdparty lock release [integrity check]
2026-03-13 09:49:12,536 [INFO] IntegrityCheckThread:86 - entering critical section [integrity check]
2026-03-13 09:49:12,536 [INFO] PluginManage:310 - Check plugin tools
2026-03-13 09:49:12,536 [INFO] ThirdPartyUpdaterWithRetryManager:70 - Updater plugin not ready yet. [1/15]
2026-03-13 09:49:12,539 [INFO] PluginManage:359 - Loaded plugin tools (category:base,tabindex:7)
2026-03-13 09:49:12,539 [INFO] PluginManage:310 - Check plugin tutovideos
2026-03-13 09:49:12,742 [INFO] PluginManage:359 - Loaded plugin tutovideos (category:base,tabindex:-1)
2026-03-13 09:49:12,743 [INFO] PluginManage:310 - Check plugin updater
2026-03-13 09:49:12,761 [INFO] PluginManage:359 - Loaded plugin updater (category:base,tabindex:12)
2026-03-13 09:49:12,762 [INFO] PluginManage:310 - Check plugin userauth
2026-03-13 09:49:12,767 [INFO] UserAuth:118 - Init User Auth plugin
2026-03-13 09:49:12,768 [INFO] PluginManage:359 - Loaded plugin userauth (category:base,tabindex:14)
2026-03-13 09:49:12,768 [INFO] PluginManage:283 - PluginManage : Loaded plugins [18]
2026-03-13 09:49:13,000 [INFO] PinOutPanel:1589 - setPackage(No Configuration,No Configuration)
2026-03-13 09:49:13,071 [INFO] CADModel:165 - CPN selected for project level
2026-03-13 09:49:13,071 [INFO] CADModel:114 - Register for checkConnection events
2026-03-13 09:49:13,089 [INFO] IPUIPlugin:80 - create IPUIPlugin
2026-03-13 09:49:13,089 [INFO] PluginManager:220 - loadIPPluginJar : add adc
2026-03-13 09:49:13,092 [INFO] IPUIPlugin:80 - create IPUIPlugin
2026-03-13 09:49:13,092 [INFO] PluginManager:220 - loadIPPluginJar : add aes
2026-03-13 09:49:13,094 [INFO] IPUIPlugin:80 - create IPUIPlugin
2026-03-13 09:49:13,094 [INFO] PluginManager:220 - loadIPPluginJar : add can
2026-03-13 09:49:13,096 [INFO] IPUIPlugin:80 - create IPUIPlugin
2026-03-13 09:49:13,096 [INFO] PluginManager:220 - loadIPPluginJar : add comp
2026-03-13 09:49:13,098 [INFO] IPUIPlugin:80 - create IPUIPlugin
2026-03-13 09:49:13,098 [INFO] PluginManager:220 - loadIPPluginJar : add cryp
2026-03-13 09:49:13,102 [INFO] IPUIPlugin:80 - create IPUIPlugin
2026-03-13 09:49:13,102 [INFO] PluginManager:220 - loadIPPluginJar : add ddr_ctrl_phy
2026-03-13 09:49:13,104 [INFO] IPUIPlugin:80 - create IPUIPlugin
2026-03-13 09:49:13,104 [INFO] PluginManager:220 - loadIPPluginJar : add dfsdm
2026-03-13 09:49:13,108 [INFO] IPUIPlugin:80 - create IPUIPlugin
2026-03-13 09:49:13,109 [INFO] PluginManager:220 - loadIPPluginJar : add dma
2026-03-13 09:49:13,111 [INFO] IPUIPlugin:80 - create IPUIPlugin
2026-03-13 09:49:13,111 [INFO] PluginManager:220 - loadIPPluginJar : add dma3
2026-03-13 09:49:13,113 [INFO] IPUIPlugin:80 - create IPUIPlugin
2026-03-13 09:49:13,113 [INFO] PluginManager:220 - loadIPPluginJar : add extmemmanager
2026-03-13 09:49:13,114 [INFO] IPUIPlugin:80 - create IPUIPlugin
2026-03-13 09:49:13,114 [INFO] PluginManager:220 - loadIPPluginJar : add fatfs
2026-03-13 09:49:13,118 [INFO] IPUIPlugin:80 - create IPUIPlugin
2026-03-13 09:49:13,118 [INFO] PluginManager:220 - loadIPPluginJar : add fmc
2026-03-13 09:49:13,124 [INFO] IPUIPlugin:80 - create IPUIPlugin
2026-03-13 09:49:13,124 [INFO] PluginManager:220 - loadIPPluginJar : add freertos
2026-03-13 09:49:13,125 [INFO] IPUIPlugin:80 - create IPUIPlugin
2026-03-13 09:49:13,125 [INFO] PluginManager:220 - loadIPPluginJar : add genericplugin
2026-03-13 09:49:13,127 [INFO] IPUIPlugin:80 - create IPUIPlugin
2026-03-13 09:49:13,127 [INFO] PluginManager:220 - loadIPPluginJar : add gfxmmu
2026-03-13 09:49:13,131 [INFO] IPUIPlugin:80 - create IPUIPlugin
2026-03-13 09:49:13,131 [INFO] PluginManager:220 - loadIPPluginJar : add gic
2026-03-13 09:49:13,135 [INFO] IPUIPlugin:80 - create IPUIPlugin
2026-03-13 09:49:13,135 [INFO] PluginManager:220 - loadIPPluginJar : add gpio
2026-03-13 09:49:13,137 [INFO] IPUIPlugin:80 - create IPUIPlugin
2026-03-13 09:49:13,137 [INFO] PluginManager:220 - loadIPPluginJar : add gtzc
2026-03-13 09:49:13,139 [INFO] IPUIPlugin:80 - create IPUIPlugin
2026-03-13 09:49:13,140 [INFO] PluginManager:220 - loadIPPluginJar : add hash
2026-03-13 09:49:13,142 [INFO] IPUIPlugin:80 - create IPUIPlugin
2026-03-13 09:49:13,142 [INFO] PluginManager:220 - loadIPPluginJar : add i2c
2026-03-13 09:49:13,144 [INFO] IPUIPlugin:80 - create IPUIPlugin
2026-03-13 09:49:13,144 [INFO] PluginManager:220 - loadIPPluginJar : add i2s
2026-03-13 09:49:13,149 [INFO] IPUIPlugin:80 - create IPUIPlugin
2026-03-13 09:49:13,149 [INFO] PluginManager:220 - loadIPPluginJar : add i3c
2026-03-13 09:49:13,152 [INFO] IPUIPlugin:80 - create IPUIPlugin
2026-03-13 09:49:13,152 [INFO] PluginManager:220 - loadIPPluginJar : add ipddr
2026-03-13 09:49:13,158 [INFO] IPUIPlugin:80 - create IPUIPlugin
2026-03-13 09:49:13,158 [INFO] PluginManager:220 - loadIPPluginJar : add linkedlist
2026-03-13 09:49:13,161 [INFO] IPUIPlugin:80 - create IPUIPlugin
2026-03-13 09:49:13,161 [INFO] PluginManager:220 - loadIPPluginJar : add lorawan
2026-03-13 09:49:13,163 [INFO] IPUIPlugin:80 - create IPUIPlugin
2026-03-13 09:49:13,163 [INFO] PluginManager:220 - loadIPPluginJar : add ltdc
2026-03-13 09:49:13,169 [INFO] IPUIPlugin:80 - create IPUIPlugin
2026-03-13 09:49:13,170 [INFO] PluginManager:220 - loadIPPluginJar : add mdma
2026-03-13 09:49:13,172 [INFO] IPUIPlugin:80 - create IPUIPlugin
2026-03-13 09:49:13,172 [INFO] PluginManager:220 - loadIPPluginJar : add nvic
2026-03-13 09:49:13,176 [INFO] IPUIPlugin:80 - create IPUIPlugin
2026-03-13 09:49:13,176 [INFO] PluginManager:220 - loadIPPluginJar : add opamp
2026-03-13 09:49:13,179 [INFO] IPUIPlugin:80 - create IPUIPlugin
2026-03-13 09:49:13,180 [INFO] PluginManager:220 - loadIPPluginJar : add openamp
2026-03-13 09:49:13,184 [INFO] IPUIPlugin:80 - create IPUIPlugin
2026-03-13 09:49:13,184 [INFO] PluginManager:220 - loadIPPluginJar : add pdm2pcm
2026-03-13 09:49:13,191 [INFO] IPUIPlugin:80 - create IPUIPlugin
2026-03-13 09:49:13,194 [INFO] PluginManager:220 - loadIPPluginJar : add plateformsettings
2026-03-13 09:49:13,196 [INFO] IPUIPlugin:80 - create IPUIPlugin
2026-03-13 09:49:13,197 [INFO] PluginManager:220 - loadIPPluginJar : add quadspi
2026-03-13 09:49:13,199 [INFO] IPUIPlugin:80 - create IPUIPlugin
2026-03-13 09:49:13,200 [INFO] PluginManager:220 - loadIPPluginJar : add radio
2026-03-13 09:49:13,204 [INFO] IPUIPlugin:80 - create IPUIPlugin
2026-03-13 09:49:13,204 [INFO] PluginManager:220 - loadIPPluginJar : add resmgrutility
2026-03-13 09:49:13,207 [INFO] IPUIPlugin:80 - create IPUIPlugin
2026-03-13 09:49:13,207 [INFO] PluginManager:220 - loadIPPluginJar : add sai
2026-03-13 09:49:13,211 [INFO] IPUIPlugin:80 - create IPUIPlugin
2026-03-13 09:49:13,211 [INFO] PluginManager:220 - loadIPPluginJar : add spi
2026-03-13 09:49:13,218 [INFO] IPUIPlugin:80 - create IPUIPlugin
2026-03-13 09:49:13,218 [INFO] PluginManager:220 - loadIPPluginJar : add stm32_wpan
2026-03-13 09:49:13,220 [INFO] IPUIPlugin:80 - create IPUIPlugin
2026-03-13 09:49:13,220 [INFO] PluginManager:220 - loadIPPluginJar : add tim
2026-03-13 09:49:13,224 [INFO] IPUIPlugin:80 - create IPUIPlugin
2026-03-13 09:49:13,224 [INFO] PluginManager:220 - loadIPPluginJar : add touchsensing
2026-03-13 09:49:13,226 [INFO] IPUIPlugin:80 - create IPUIPlugin
2026-03-13 09:49:13,226 [INFO] PluginManager:220 - loadIPPluginJar : add tracer_emb
2026-03-13 09:49:13,228 [INFO] IPUIPlugin:80 - create IPUIPlugin
2026-03-13 09:49:13,228 [INFO] PluginManager:220 - loadIPPluginJar : add ts
2026-03-13 09:49:13,229 [INFO] IPUIPlugin:80 - create IPUIPlugin
2026-03-13 09:49:13,229 [INFO] PluginManager:220 - loadIPPluginJar : add tsc
2026-03-13 09:49:13,231 [INFO] IPUIPlugin:80 - create IPUIPlugin
2026-03-13 09:49:13,231 [INFO] PluginManager:220 - loadIPPluginJar : add ucpd
2026-03-13 09:49:13,234 [INFO] IPUIPlugin:80 - create IPUIPlugin
2026-03-13 09:49:13,234 [INFO] PluginManager:220 - loadIPPluginJar : add usart
2026-03-13 09:49:13,237 [INFO] IPUIPlugin:80 - create IPUIPlugin
2026-03-13 09:49:13,237 [INFO] PluginManager:220 - loadIPPluginJar : add usbx
2026-03-13 09:49:13,352 [FATAL] Updater:351 - Updater called before beeing initialized
2026-03-13 09:49:13,373 [INFO] RulesReader:64 - Compatibility file has been processed (317 Rules)
2026-03-13 09:49:13,378 [INFO] RulesReader:64 - Compatibility file has been processed (317 Rules)
2026-03-13 09:49:13,384 [INFO] CADModel:165 - CPN selected for project level
2026-03-13 09:49:13,384 [INFO] CADModel:114 - Register for checkConnection events
2026-03-13 09:49:13,384 [FATAL] Updater:351 - Updater called before beeing initialized
2026-03-13 09:49:13,384 [ERROR] CADModel:125 - Updater not yet initialized, retry later 
2026-03-13 09:49:13,502 [FATAL] Updater:351 - Updater called before beeing initialized
2026-03-13 09:49:13,504 [INFO] CADModel:165 - CPN selected for project level
2026-03-13 09:49:13,504 [INFO] CADModel:114 - Register for checkConnection events
2026-03-13 09:49:13,504 [FATAL] Updater:351 - Updater called before beeing initialized
2026-03-13 09:49:13,504 [ERROR] CADModel:125 - Updater not yet initialized, retry later 
2026-03-13 09:49:13,506 [FATAL] Updater:351 - Updater called before beeing initialized
2026-03-13 09:49:13,581 [FATAL] Updater:351 - Updater called before beeing initialized
2026-03-13 09:49:13,584 [INFO] DbMcusAds:53 - JSON generation date=Wed Feb 18 20:02:49 IST 2026 (1771425169371)
2026-03-13 09:49:13,584 [FATAL] Updater:351 - Updater called before beeing initialized
2026-03-13 09:49:13,613 [WARN] DetailPanel:346 - Failed to get advertising image, set to default
2026-03-13 09:49:13,669 [FATAL] Updater:351 - Updater called before beeing initialized
2026-03-13 09:49:13,673 [FATAL] Updater:351 - Updater called before beeing initialized
2026-03-13 09:49:13,673 [FATAL] Updater:351 - Updater called before beeing initialized
2026-03-13 09:49:13,673 [WARN] DetailPanel:346 - Failed to get advertising image, set to default
2026-03-13 09:49:13,674 [FATAL] Updater:351 - Updater called before beeing initialized
2026-03-13 09:49:13,711 [ERROR] Updater:1198 - MainUpdater not yet initialized. External WinMGr cannot be set.
2026-03-13 09:49:13,712 [INFO] Updater:1134 - Updater Version found : 6.15.0
2026-03-13 09:49:13,728 [INFO] ApplicationProperties:184 - Using Application install path: C:\ST\STM32CubeIDE_1.19.0\STM32CubeIDE\plugins\com.st.stm32cube.common.mx_6.15.0.202507011659
2026-03-13 09:49:15,311 [ERROR] LogOutputStream:75 - [STDERR_REDIRECT] Mar 13, 2026 9:49:15 AM java.util.prefs.WindowsPreferences <init>
2026-03-13 09:49:15,314 [ERROR] LogOutputStream:75 - [STDERR_REDIRECT] WARNING: Could not open/create prefs root node Software\JavaSoft\Prefs at root 0xffffffff80000002. Windows RegCreateKeyEx(...) returned error code 5.
2026-03-13 09:49:15,314 [ERROR] LogOutputStream:75 - [STDERR_REDIRECT] 
2026-03-13 09:49:15,537 [INFO] ThirdPartyUpdaterWithRetryManager:70 - Updater plugin not ready yet. [2/15]
2026-03-13 09:49:15,654 [INFO] MainUpdater:2872 - connection check result : 10
2026-03-13 09:49:15,655 [INFO] MainUpdater:289 - Updater Check For Update Now.
2026-03-13 09:49:15,655 [INFO] MicroXplorer:498 - Change Database Version : DB.6.0.150
2026-03-13 09:49:15,660 [INFO] McuFinderGlobals:63 - Set McuFinder mode to 2 (CubeIDE integrated)
2026-03-13 09:49:15,662 [INFO] UserAuth:487 - Internet connection configuration mode: 1
2026-03-13 09:49:15,707 [INFO] JxBrowserEngine:152 - Initiate JxBrowser Engine with user profile folder
2026-03-13 09:49:15,838 [INFO] CheckServerUpdateThread:120 - End of CheckServer Thread
2026-03-13 09:49:17,369 [INFO] WebApp:169 - Instantiating new browser for Auth
2026-03-13 09:49:18,122 [INFO] WebApp:463 - Apply proxy settings
2026-03-13 09:49:18,123 [INFO] WebApp:548 - Chromium requires no authentication
2026-03-13 09:49:18,134 [INFO] WebApp:491 - Direct internet connection detected
2026-03-13 09:49:18,160 [INFO] WebApp:900 - Register for checkConnection events
2026-03-13 09:49:18,161 [INFO] WebApp:463 - Apply proxy settings
2026-03-13 09:49:18,161 [INFO] WebApp:548 - Chromium requires no authentication
2026-03-13 09:49:18,161 [INFO] WebApp:491 - Direct internet connection detected
2026-03-13 09:49:18,334 [INFO] WebApp:225 - Starting web application
2026-03-13 09:49:18,334 [INFO] WebApp:593 - Web application path used C:\ST\STM32CubeIDE_1.19.0\STM32CubeIDE\plugins\com.st.stm32cube.common.mx_6.15.0.202507011659\db\plugins\mcufinder\reactClient1\index.html
2026-03-13 09:49:18,425 [INFO] UserAuth:487 - Internet connection configuration mode: 1
2026-03-13 09:49:18,459 [INFO] WebApp:191 - Connection restablished
2026-03-13 09:49:18,732 [WARN] PackLoader:240 - Cannot read IP mode file for STMicroelectronics.FP-SNS-MOTENVWB1.1.4.0
2026-03-13 09:49:18,742 [WARN] PackLoader:240 - Cannot read IP mode file for STMicroelectronics.FP-ATR-ASTRA1.2.0.2
2026-03-13 09:49:18,749 [WARN] PackLoader:240 - Cannot read IP mode file for STMicroelectronics.X-CUBE-SMBUS.2.1.0
2026-03-13 09:49:18,754 [WARN] PackLoader:240 - Cannot read IP mode file for STMicroelectronics.X-CUBE-ST60.1.0.0
2026-03-13 09:49:18,782 [WARN] PackLoader:240 - Cannot read IP mode file for STMicroelectronics.X-CUBE-AZRTOS-F7.1.1.0
2026-03-13 09:49:18,789 [WARN] PackLoader:240 - Cannot read IP mode file for STMicroelectronics.FP-SNS-MOTENV1.5.1.0
2026-03-13 09:49:18,810 [WARN] PackLoader:240 - Cannot read IP mode file for Infineon.AIROC-Wi-Fi-Bluetooth-STM32.1.7.1
2026-03-13 09:49:18,830 [WARN] PackLoader:240 - Cannot read IP mode file for STMicroelectronics.X-CUBE-AZRTOS-H7.3.4.0
2026-03-13 09:49:18,846 [WARN] PackLoader:240 - Cannot read IP mode file for STMicroelectronics.X-CUBE-DISPLAY.3.0.0
2026-03-13 09:49:18,860 [WARN] PackLoader:240 - Cannot read IP mode file for STMicroelectronics.X-CUBE-NFC10.1.0.0
2026-03-13 09:49:18,866 [WARN] PackLoader:240 - Cannot read IP mode file for STMicroelectronics.X-CUBE-ST60.1.1.0
2026-03-13 09:49:18,874 [WARN] PackLoader:240 - Cannot read IP mode file for emotas.I-CUBE-CANOPEN.1.3.0
2026-03-13 09:49:18,881 [WARN] PackLoader:240 - Cannot read IP mode file for STMicroelectronics.X-CUBE-GNSS1.7.1.0
2026-03-13 09:49:18,913 [WARN] PackLoader:240 - Cannot read IP mode file for STMicroelectronics.FP-SNS-STBOX1.2.1.0
2026-03-13 09:49:18,922 [WARN] PackLoader:240 - Cannot read IP mode file for STMicroelectronics.FP-SNS-SMARTAG2.1.2.0
2026-03-13 09:49:18,928 [WARN] PackLoader:240 - Cannot read IP mode file for STMicroelectronics.FP-SNS-FLIGHT1.5.1.0
2026-03-13 09:49:18,940 [INFO] LogOutputStream:77 - [STDOUT_REDIRECT] 1 : Invalid condition id : UX_CORESTACK_Condition cause : null
2026-03-13 09:49:18,941 [INFO] LogOutputStream:77 - [STDOUT_REDIRECT] 1 : Invalid condition id : UX_CORESTACK_Condition cause : null
2026-03-13 09:49:18,942 [INFO] LogOutputStream:77 - [STDOUT_REDIRECT] 1 : Invalid condition id : UX_CORESTACK_Condition cause : null
2026-03-13 09:49:18,943 [INFO] LogOutputStream:77 - [STDOUT_REDIRECT] 1 : Invalid condition id : UX_CORESTACK_Condition cause : null
2026-03-13 09:49:18,944 [INFO] LogOutputStream:77 - [STDOUT_REDIRECT] 1 : Invalid condition id : UX_CORESTACK_Condition cause : null
2026-03-13 09:49:18,948 [WARN] PackLoader:240 - Cannot read IP mode file for STMicroelectronics.X-CUBE-AZRTOS-WL.2.0.0
2026-03-13 09:49:18,958 [WARN] PackLoader:240 - Cannot read IP mode file for STMicroelectronics.FP-SNS-MOTENV1.5.0.0
2026-03-13 09:49:18,976 [WARN] PackLoader:240 - Cannot read IP mode file for STMicroelectronics.X-CUBE-AZRTOS-H7RS.1.2.0
2026-03-13 09:49:18,983 [WARN] PackLoader:240 - Cannot read IP mode file for WES.I-CUBE-Cesium.1.3.0
2026-03-13 09:49:18,989 [WARN] PackLoader:240 - Cannot read IP mode file for STMicroelectronics.X-CUBE-BLE2.3.3.0
2026-03-13 09:49:19,008 [WARN] PackLoader:240 - Cannot read IP mode file for STMicroelectronics.X-CUBE-NFC9.1.0.0
2026-03-13 09:49:19,013 [WARN] PackLoader:240 - Cannot read IP mode file for wolfSSL.I-CUBE-wolfSSL.5.8.0
2026-03-13 09:49:19,017 [WARN] PackLoader:240 - Cannot read IP mode file for STMicroelectronics.X-CUBE-BLE1.7.1.0
2026-03-13 09:49:19,020 [WARN] PackLoader:240 - Cannot read IP mode file for wolfSSL.I-CUBE-wolfMQTT.1.19.2
2026-03-13 09:49:19,025 [WARN] PackLoader:240 - Cannot read IP mode file for STMicroelectronics.X-CUBE-FREERTOS.1.4.0
2026-03-13 09:49:19,029 [WARN] PackLoader:240 - Cannot read IP mode file for STMicroelectronics.X-CUBE-EEPRMA1.5.2.0
2026-03-13 09:49:19,035 [WARN] PackLoader:240 - Cannot read IP mode file for STMicroelectronics.X-CUBE-ST67W61.1.1.0
2026-03-13 09:49:19,038 [WARN] PackLoader:240 - Cannot read IP mode file for STMicroelectronics.X-CUBE-AI.10.1.0
2026-03-13 09:49:19,073 [WARN] PackLoader:240 - Cannot read IP mode file for STMicroelectronics.X-CUBE-MEMS1.12.0.0
2026-03-13 09:49:19,123 [WARN] PackLoader:240 - Cannot read IP mode file for STMicroelectronics.X-CUBE-AZRTOS-G0.1.1.0
2026-03-13 09:49:19,128 [WARN] PackLoader:240 - Cannot read IP mode file for STMicroelectronics.X-CUBE-SAFEA1.1.2.2
2026-03-13 09:49:19,132 [WARN] PackLoader:240 - Cannot read IP mode file for STMicroelectronics.X-CUBE-NFC4.3.0.0
2026-03-13 09:49:19,138 [WARN] PackLoader:240 - Cannot read IP mode file for EmbeddedOffice.I-CUBE-FS-RTOS.1.0.1
2026-03-13 09:49:19,142 [WARN] PackLoader:240 - Cannot read IP mode file for STMicroelectronics.X-CUBE-WB05N.2.0.0
2026-03-13 09:49:19,146 [WARN] PackLoader:240 - Cannot read IP mode file for wolfSSL.I-CUBE-wolfTPM.3.8.0
2026-03-13 09:49:19,151 [WARN] PackLoader:240 - Cannot read IP mode file for STMicroelectronics.X-CUBE-TCPP.4.2.0
2026-03-13 09:49:19,155 [WARN] PackLoader:240 - Cannot read IP mode file for RealThread.X-CUBE-RT-Thread_Nano.4.1.1
2026-03-13 09:49:19,158 [WARN] PackLoader:240 - Cannot read IP mode file for STMicroelectronics.FP-ATR-SIGFOX1.3.2.0
2026-03-13 09:49:19,163 [WARN] PackLoader:240 - Cannot read IP mode file for ITTIA_DB.I-CUBE-ITTIADB.8.9.0
2026-03-13 09:49:19,168 [WARN] PackLoader:240 - Cannot read IP mode file for STMicroelectronics.X-CUBE-NFC6.3.2.0
2026-03-13 09:49:19,174 [WARN] PackLoader:240 - Cannot read IP mode file for STMicroelectronics.X-CUBE-ST67W61.1.0.0
2026-03-13 09:49:19,176 [WARN] PackLoader:240 - Cannot read IP mode file for STMicroelectronics.X-CUBE-AI.10.2.0
2026-03-13 09:49:19,191 [WARN] PackLoader:240 - Cannot read IP mode file for SEGGER.I-CUBE-embOS.1.3.1
2026-03-13 09:49:19,217 [WARN] PackLoader:240 - Cannot read IP mode file for STMicroelectronics.X-CUBE-ALGOBUILD.1.4.0
2026-03-13 09:49:19,237 [WARN] PackLoader:240 - Cannot read IP mode file for STMicroelectronics.X-CUBE-MEMS1.11.3.0
2026-03-13 09:49:19,291 [WARN] PackLoader:240 - Cannot read IP mode file for STMicroelectronics.X-CUBE-PM33A1.1.0.0
2026-03-13 09:49:19,309 [WARN] PackLoader:240 - Cannot read IP mode file for STMicroelectronics.X-CUBE-AZRTOS-F4.1.1.0
2026-03-13 09:49:19,313 [WARN] PackLoader:240 - Cannot read IP mode file for Avnet-IotConnect.X-CUBE-IoTC-DA16k-PMOD.1.0.0
2026-03-13 09:49:19,316 [WARN] PackLoader:240 - Cannot read IP mode file for STMicroelectronics.X-CUBE-ISPU.2.1.0
2026-03-13 09:49:19,329 [WARN] PackLoader:240 - Cannot read IP mode file for STMicroelectronics.X-CUBE-IPS.3.2.0
2026-03-13 09:49:19,350 [WARN] PackLoader:240 - Cannot read IP mode file for STMicroelectronics.X-CUBE-NFC12.1.0.0
2026-03-13 09:49:19,366 [WARN] PackLoader:240 - Cannot read IP mode file for STMicroelectronics.X-CUBE-AZRTOS-L5.2.0.0
2026-03-13 09:49:19,379 [WARN] PackLoader:240 - Cannot read IP mode file for STMicroelectronics.X-CUBE-NFC6.3.1.0
2026-03-13 09:49:19,388 [WARN] PackLoader:240 - Cannot read IP mode file for STMicroelectronics.X-CUBE-FREERTOS.1.3.1
2026-03-13 09:49:19,392 [WARN] PackLoader:240 - Cannot read IP mode file for STMicroelectronics.X-CUBE-TOUCHGFX.4.26.0
2026-03-13 09:49:19,394 [WARN] PackLoader:240 - Cannot read IP mode file for STMicroelectronics.X-CUBE-TOUCHGFX.4.26.1
2026-03-13 09:49:19,399 [WARN] PackLoader:240 - Cannot read IP mode file for STMicroelectronics.FP-SNS-STAIOTCFT.1.0.0
2026-03-13 09:49:19,404 [WARN] PackLoader:240 - Cannot read IP mode file for STMicroelectronics.X-CUBE-DPower.1.3.0
2026-03-13 09:49:19,418 [WARN] ConditionMgr:438 - getConditionDescription Invalid condition id : LAN8742 Phy interface Condition cause : null
2026-03-13 09:49:19,418 [WARN] PackLoader:240 - Cannot read IP mode file for STMicroelectronics.X-CUBE-AZRTOS-L4.2.0.0
2026-03-13 09:49:19,419 [WARN] ConditionMgr:1044 - genDependencies : Invalid condition id : LAN8742 Phy interface Condition cause : null
2026-03-13 09:49:19,419 [WARN] ConditionMgr:1044 - genDependencies : Invalid condition id : LAN8742 Phy interface Condition cause : null
2026-03-13 09:49:19,419 [WARN] ConditionMgr:1044 - genDependencies : Invalid condition id : LAN8742 Phy interface Condition cause : null
2026-03-13 09:49:19,426 [WARN] PackLoader:240 - Cannot read IP mode file for STMicroelectronics.X-CUBE-SFXS2LP1.4.0.0
2026-03-13 09:49:19,431 [WARN] PackLoader:240 - Cannot read IP mode file for STMicroelectronics.X-CUBE-ST67W61.1.2.0
2026-03-13 09:49:19,438 [WARN] PackLoader:240 - Cannot read IP mode file for STMicroelectronics.X-CUBE-BLEMGR.4.1.0
2026-03-13 09:49:19,446 [WARN] ConditionMgr:438 - getConditionDescription Invalid condition id : UX DEVICE CLASS RTOS Condition cause : null
2026-03-13 09:49:19,446 [WARN] ConditionMgr:438 - getConditionDescription Invalid condition id : UX DEVICE CLASS RTOS Condition cause : null
2026-03-13 09:49:19,447 [WARN] PackLoader:240 - Cannot read IP mode file for STMicroelectronics.X-CUBE-AZRTOS-WB.2.0.0
2026-03-13 09:49:19,447 [WARN] ConditionMgr:1044 - genDependencies : Invalid condition id : UX DEVICE CLASS RTOS Condition cause : null
2026-03-13 09:49:19,447 [WARN] ConditionMgr:1044 - genDependencies : Invalid condition id : UX DEVICE CLASS RTOS Condition cause : null
2026-03-13 09:49:19,447 [WARN] ConditionMgr:1044 - genDependencies : Invalid condition id : UX DEVICE CLASS RTOS Condition cause : null
2026-03-13 09:49:19,447 [WARN] ConditionMgr:1044 - genDependencies : Invalid condition id : UX DEVICE CLASS RTOS Condition cause : null
2026-03-13 09:49:19,447 [WARN] ConditionMgr:1044 - genDependencies : Invalid condition id : UX DEVICE CLASS RTOS Condition cause : null
2026-03-13 09:49:19,451 [WARN] PackLoader:240 - Cannot read IP mode file for STMicroelectronics.X-CUBE-GNSS1.7.0.1
2026-03-13 09:49:19,455 [WARN] PackLoader:240 - Cannot read IP mode file for STMicroelectronics.X-CUBE-TOUCHGFX.4.25.0
2026-03-13 09:49:19,459 [WARN] PackLoader:240 - Cannot read IP mode file for STMicroelectronics.FP-SNS-STBOX1.2.0.0
2026-03-13 09:49:19,463 [WARN] ConditionMgr:438 - getConditionDescription Invalid condition id : Cortex-A Device cause : null
2026-03-13 09:49:19,468 [WARN] ConditionMgr:1044 - genDependencies : Invalid condition id : Cortex-A Device cause : null
2026-03-13 09:49:19,468 [WARN] ConditionMgr:1044 - genDependencies : Invalid condition id : Cortex-A Device cause : null
2026-03-13 09:49:19,468 [WARN] ConditionMgr:1044 - genDependencies : Invalid condition id : Cortex-A Device cause : null
2026-03-13 09:49:19,472 [WARN] PackLoader:240 - Cannot read IP mode file for STMicroelectronics.X-CUBE-STSE01.2.0.0
2026-03-13 09:49:19,478 [WARN] PackLoader:240 - Cannot read IP mode file for STMicroelectronics.X-CUBE-SUBG2.5.0.0
2026-03-13 09:49:19,491 [WARN] PackLoader:240 - Cannot read IP mode file for STMicroelectronics.X-CUBE-AZRTOS-H7RS.1.1.0
2026-03-13 09:49:19,495 [WARN] PackLoader:240 - Cannot read IP mode file for Cesanta.I-CUBE-Mongoose.7.13.0
2026-03-13 09:49:19,503 [WARN] PackLoader:240 - Cannot read IP mode file for STMicroelectronics.X-CUBE-AZRTOS-G4.2.0.0
2026-03-13 09:49:19,507 [WARN] PackLoader:240 - Cannot read IP mode file for wolfSSL.I-CUBE-wolfSSH.1.4.20
2026-03-13 09:49:19,511 [WARN] PackLoader:240 - Cannot read IP mode file for STMicroelectronics.X-CUBE-NFC7.2.0.0
2026-03-13 09:49:19,519 [WARN] PackLoader:240 - Cannot read IP mode file for STMicroelectronics.X-CUBE-IPS.3.1.0
2026-03-13 09:49:19,525 [WARN] PackLoader:240 - Cannot read IP mode file for STMicroelectronics.X-CUBE-ALS.1.0.2
2026-03-13 09:49:19,529 [WARN] PackLoader:240 - Cannot read IP mode file for STMicroelectronics.X-CUBE-STSE01.1.0.0
2026-03-13 09:49:19,533 [WARN] PackLoader:240 - Cannot read IP mode file for portGmbH.I-Cube-SoM-uGOAL.1.1.0
2026-03-13 09:49:19,539 [WARN] PackLoader:240 - Cannot read IP mode file for STMicroelectronics.X-CUBE-TOF1.3.4.3
2026-03-13 09:49:19,543 [INFO] ThirdParty:978 - Integrity check success = true
2026-03-13 09:49:19,543 [INFO] IntegrityCheckThread:100 - exiting critical section [integrity check]
2026-03-13 09:49:19,543 [INFO] IntegrityCheckThread:103 - End integrity checks thread
2026-03-13 10:17:26,135 [INFO] WebApp:194 - Connection lost
2026-03-13 10:17:26,484 [INFO] WebApp:191 - Connection restablished
2026-03-13 10:17:28,279 [INFO] WebApp:194 - Connection lost
2026-03-13 10:17:28,596 [INFO] WebApp:191 - Connection restablished
2026-03-13 10:32:54,715 [INFO] WebApp:194 - Connection lost
2026-03-13 10:32:55,170 [INFO] WebApp:191 - Connection restablished
2026-03-13 18:54:16,577 [INFO] WebApp:194 - Connection lost
2026-03-13 18:54:17,451 [INFO] WebApp:191 - Connection restablished
2026-03-13 18:54:22,526 [INFO] WebApp:194 - Connection lost
2026-03-13 18:54:22,829 [INFO] WebApp:191 - Connection restablished
2026-03-13 18:55:02,894 [ERROR] LogOutputStream:75 - [STDERR_REDIRECT] 
