2025-09-22 10:07:18,192 [INFO] Activator:176 - 


2025-09-22 10:07:18,194 [INFO] Activator:177 - !SESSION log4j initialized
2025-09-22 10:07:22,602 [INFO] LogOutputStream:77 - [STDOUT_REDIRECT] 
2025-09-22 10:07:23,527 [INFO] ApplicationProperties:184 - Using Application install path: C:\ST\STM32CubeIDE_1.19.0\STM32CubeIDE\plugins\com.st.stm32cube.common.mx_6.15.0.202507011659
2025-09-22 10:07:23,547 [INFO] DbMcusXml:78 - Set database path to: C:\ST\STM32CubeIDE_1.19.0\STM32CubeIDE\plugins\com.st.stm32cube.common.mx_6.15.0.202507011659\\db\/mcu/
2025-09-22 10:07:23,548 [INFO] ApiDb:274 - Set plugin database path to: C:\ST\STM32CubeIDE_1.19.0\STM32CubeIDE\plugins\com.st.stm32cube.common.mx_6.15.0.202507011659\\db\/plugins/boardmanager/
2025-09-22 10:07:23,549 [WARN] ApiDb:259 - Overriding images path with different value:  => C:\ST\STM32CubeIDE_1.19.0\STM32CubeIDE\plugins\com.st.stm32cube.common.mx_6.15.0.202507011659\\db\/plugins/mcufinder/images/
2025-09-22 10:07:23,559 [INFO] ApiDb:250 - Set database path to: C:\Users\User\.stmcufinder\plugins\mcufinder//mcu/
2025-09-22 10:07:23,560 [INFO] DbMcusAds:125 - Set database path to: C:\Users\User\.stmcufinder\plugins\mcufinder//mcu/
2025-09-22 10:07:23,563 [INFO] CrossReferenceDbSqlite:203 - Set database path to: C:\Users\User\.stmcufinder\plugins\mcufinder//mcu/cs/
2025-09-22 10:07:23,646 [INFO] RulesReader:64 - Compatibility file has been processed (317 Rules)
2025-09-22 10:07:23,694 [INFO] DbMcusXml:78 - Set database path to: C:\ST\STM32CubeIDE_1.19.0\STM32CubeIDE\plugins\com.st.stm32cube.common.mx_6.15.0.202507011659\\db\/mcu/
2025-09-22 10:07:23,694 [INFO] ApiDb:274 - Set plugin database path to: C:\ST\STM32CubeIDE_1.19.0\STM32CubeIDE\plugins\com.st.stm32cube.common.mx_6.15.0.202507011659\\db\/plugins/boardmanager/
2025-09-22 10:07:23,694 [INFO] ApiDb:261 - Set plugin images path to: C:\ST\STM32CubeIDE_1.19.0\STM32CubeIDE\plugins\com.st.stm32cube.common.mx_6.15.0.202507011659\\db\/plugins/mcufinder/images/
2025-09-22 10:07:23,694 [WARN] DbFile:41 - Overriding database path with different value: C:\Users\User\.stmcufinder\plugins\mcufinder/ => C:\Users\User\.stmcufinder\plugins\mcufinder
2025-09-22 10:07:23,694 [INFO] ApiDb:250 - Set database path to: C:\Users\User\.stmcufinder\plugins\mcufinder//mcu/
2025-09-22 10:07:23,694 [WARN] DbFile:41 - Overriding database path with different value: C:\Users\User\.stmcufinder\plugins\mcufinder/ => C:\Users\User\.stmcufinder\plugins\mcufinder
2025-09-22 10:07:23,694 [INFO] DbMcusAds:125 - Set database path to: C:\Users\User\.stmcufinder\plugins\mcufinder//mcu/
2025-09-22 10:07:23,694 [WARN] DbFile:41 - Overriding database path with different value: C:\Users\User\.stmcufinder\plugins\mcufinder/ => C:\Users\User\.stmcufinder\plugins\mcufinder
2025-09-22 10:07:23,695 [WARN] DbFile:41 - Overriding database path with different value: C:\Users\User\.stmcufinder\plugins\mcufinder/ => C:\Users\User\.stmcufinder\plugins\mcufinder
2025-09-22 10:07:23,695 [INFO] CrossReferenceDbSqlite:203 - Set database path to: C:\Users\User\.stmcufinder\plugins\mcufinder//mcu/cs/
2025-09-22 10:07:23,755 [INFO] MainPanel:274 - HeapMemory: 277872640
2025-09-22 10:07:23,854 [INFO] DbMcusXml:78 - Set database path to: C:\ST\STM32CubeIDE_1.19.0\STM32CubeIDE\plugins\com.st.stm32cube.common.mx_6.15.0.202507011659\\db\/mcu/
2025-09-22 10:07:23,854 [INFO] ApiDb:274 - Set plugin database path to: C:\ST\STM32CubeIDE_1.19.0\STM32CubeIDE\plugins\com.st.stm32cube.common.mx_6.15.0.202507011659\\db\/plugins/boardmanager/
2025-09-22 10:07:23,854 [INFO] ApiDb:261 - Set plugin images path to: C:\ST\STM32CubeIDE_1.19.0\STM32CubeIDE\plugins\com.st.stm32cube.common.mx_6.15.0.202507011659\\db\/plugins/mcufinder/images/
2025-09-22 10:07:23,854 [WARN] DbFile:41 - Overriding database path with different value: C:\Users\User\.stmcufinder\plugins\mcufinder/ => C:\Users\User\.stmcufinder\plugins\mcufinder
2025-09-22 10:07:23,854 [INFO] ApiDb:250 - Set database path to: C:\Users\User\.stmcufinder\plugins\mcufinder//mcu/
2025-09-22 10:07:23,854 [WARN] DbFile:41 - Overriding database path with different value: C:\Users\User\.stmcufinder\plugins\mcufinder/ => C:\Users\User\.stmcufinder\plugins\mcufinder
2025-09-22 10:07:23,854 [INFO] DbMcusAds:125 - Set database path to: C:\Users\User\.stmcufinder\plugins\mcufinder//mcu/
2025-09-22 10:07:23,854 [WARN] DbFile:41 - Overriding database path with different value: C:\Users\User\.stmcufinder\plugins\mcufinder/ => C:\Users\User\.stmcufinder\plugins\mcufinder
2025-09-22 10:07:23,854 [WARN] DbFile:41 - Overriding database path with different value: C:\Users\User\.stmcufinder\plugins\mcufinder/ => C:\Users\User\.stmcufinder\plugins\mcufinder
2025-09-22 10:07:23,854 [INFO] CrossReferenceDbSqlite:203 - Set database path to: C:\Users\User\.stmcufinder\plugins\mcufinder//mcu/cs/
2025-09-22 10:07:23,869 [INFO] ApplicationProperties:184 - Using Application install path: C:\ST\STM32CubeIDE_1.19.0\STM32CubeIDE\plugins\com.st.stm32cube.common.mx_6.15.0.202507011659
2025-09-22 10:07:23,870 [INFO] PluginManage:196 - Search for loadable plugins [exclusion list=, ]
2025-09-22 10:07:23,871 [INFO] PluginManage:310 - Check plugin analytics
2025-09-22 10:07:24,018 [INFO] AnalyticsPlugin:253 - Accepted Software Licenses: 
2025-09-22 10:07:24,018 [INFO] AnalyticsPlugin:255 - Accepted CMSIS Pack Licenses: 
2025-09-22 10:07:24,018 [INFO] AnalyticsPlugin:257 - Accepted Firmware Licenses: FW.WL.1.3.0,FW.H7.1.12.0,FW.F4.1.28.0
2025-09-22 10:07:24,020 [INFO] PluginManage:359 - Loaded plugin analytics (category:tool,tabindex:-1)
2025-09-22 10:07:24,020 [INFO] PluginManage:310 - Check plugin cadmodel
2025-09-22 10:07:24,028 [INFO] CADModel:105 - Init CAD model plugin
2025-09-22 10:07:24,028 [INFO] PluginManage:359 - Loaded plugin cadmodel (category:power,tabindex:5)
2025-09-22 10:07:24,028 [INFO] PluginManage:310 - Check plugin clock
2025-09-22 10:07:24,039 [INFO] PluginManage:359 - Loaded plugin clock (category:base,tabindex:2)
2025-09-22 10:07:24,039 [INFO] PluginManage:310 - Check plugin ddr
2025-09-22 10:07:24,042 [INFO] PluginManage:359 - Loaded plugin ddr (category:tool,tabindex:6)
2025-09-22 10:07:24,042 [INFO] PluginManage:310 - Check plugin filemanager
2025-09-22 10:07:24,180 [INFO] PluginManage:359 - Loaded plugin filemanager (category:base,tabindex:10)
2025-09-22 10:07:24,180 [INFO] PluginManage:310 - Check plugin ipmanager
2025-09-22 10:07:24,186 [INFO] PluginManage:359 - Loaded plugin ipmanager (category:base,tabindex:5)
2025-09-22 10:07:24,186 [INFO] PluginManage:310 - Check plugin lpbam
2025-09-22 10:07:24,193 [INFO] PluginManage:359 - Loaded plugin lpbam (category:base,tabindex:0)
2025-09-22 10:07:24,194 [INFO] PluginManage:310 - Check plugin memorymap
2025-09-22 10:07:24,208 [INFO] PluginManage:359 - Loaded plugin memorymap (category:base,tabindex:4)
2025-09-22 10:07:24,208 [INFO] PluginManage:310 - Check plugin pinoutandconfiguration
2025-09-22 10:07:24,217 [INFO] PluginManage:359 - Loaded plugin pinoutandconfiguration (category:base,tabindex:1)
2025-09-22 10:07:24,217 [INFO] PluginManage:310 - Check plugin pinoutconfig
2025-09-22 10:07:24,292 [WARN] SupportedApi:132 - Cannot load RTOS API schema: s4s-elt-must-match.1: The content of 'definitions' must match (annotation?, (simpleType | complexType)?, (unique | key | keyref)*)). A problem was found starting at: attribute.
2025-09-22 10:07:24,418 [INFO] PluginManage:359 - Loaded plugin pinoutconfig (category:base,tabindex:0)
2025-09-22 10:07:24,419 [INFO] PluginManage:310 - Check plugin power
2025-09-22 10:07:24,429 [INFO] PluginManage:359 - Loaded plugin power (category:power,tabindex:4)
2025-09-22 10:07:24,430 [INFO] PluginManage:310 - Check plugin projectmanager
2025-09-22 10:07:24,441 [INFO] PluginManage:359 - Loaded plugin projectmanager (category:projectmanager,tabindex:4)
2025-09-22 10:07:24,441 [INFO] PluginManage:310 - Check plugin rif
2025-09-22 10:07:24,450 [INFO] PluginManage:359 - Loaded plugin rif (category:base,tabindex:3)
2025-09-22 10:07:24,450 [INFO] PluginManage:310 - Check plugin thirdparty
2025-09-22 10:07:24,581 [INFO] PluginManage:359 - Loaded plugin thirdparty (category:base,tabindex:-1)
2025-09-22 10:07:24,581 [INFO] PluginManage:310 - Check plugin tools
2025-09-22 10:07:24,582 [WARN] IntegrityCheckThread:84 - waiting for thirdparty lock release [integrity check]
2025-09-22 10:07:24,582 [INFO] IntegrityCheckThread:86 - entering critical section [integrity check]
2025-09-22 10:07:24,583 [INFO] ThirdPartyUpdaterWithRetryManager:70 - Updater plugin not ready yet. [1/15]
2025-09-22 10:07:24,585 [INFO] PluginManage:359 - Loaded plugin tools (category:base,tabindex:7)
2025-09-22 10:07:24,585 [INFO] PluginManage:310 - Check plugin tutovideos
2025-09-22 10:07:24,771 [INFO] PluginManage:359 - Loaded plugin tutovideos (category:base,tabindex:-1)
2025-09-22 10:07:24,771 [INFO] PluginManage:310 - Check plugin updater
2025-09-22 10:07:24,789 [INFO] PluginManage:359 - Loaded plugin updater (category:base,tabindex:12)
2025-09-22 10:07:24,789 [INFO] PluginManage:310 - Check plugin userauth
2025-09-22 10:07:24,793 [INFO] UserAuth:118 - Init User Auth plugin
2025-09-22 10:07:24,793 [INFO] PluginManage:359 - Loaded plugin userauth (category:base,tabindex:14)
2025-09-22 10:07:24,793 [INFO] PluginManage:283 - PluginManage : Loaded plugins [18]
2025-09-22 10:07:24,979 [INFO] PinOutPanel:1589 - setPackage(No Configuration,No Configuration)
2025-09-22 10:07:25,051 [INFO] CADModel:165 - CPN selected for project level
2025-09-22 10:07:25,051 [INFO] CADModel:114 - Register for checkConnection events
2025-09-22 10:07:25,071 [INFO] IPUIPlugin:80 - create IPUIPlugin
2025-09-22 10:07:25,071 [INFO] PluginManager:220 - loadIPPluginJar : add adc
2025-09-22 10:07:25,074 [INFO] IPUIPlugin:80 - create IPUIPlugin
2025-09-22 10:07:25,074 [INFO] PluginManager:220 - loadIPPluginJar : add aes
2025-09-22 10:07:25,076 [INFO] IPUIPlugin:80 - create IPUIPlugin
2025-09-22 10:07:25,077 [INFO] PluginManager:220 - loadIPPluginJar : add can
2025-09-22 10:07:25,078 [INFO] IPUIPlugin:80 - create IPUIPlugin
2025-09-22 10:07:25,078 [INFO] PluginManager:220 - loadIPPluginJar : add comp
2025-09-22 10:07:25,081 [INFO] IPUIPlugin:80 - create IPUIPlugin
2025-09-22 10:07:25,081 [INFO] PluginManager:220 - loadIPPluginJar : add cryp
2025-09-22 10:07:25,084 [INFO] IPUIPlugin:80 - create IPUIPlugin
2025-09-22 10:07:25,084 [INFO] PluginManager:220 - loadIPPluginJar : add ddr_ctrl_phy
2025-09-22 10:07:25,087 [INFO] IPUIPlugin:80 - create IPUIPlugin
2025-09-22 10:07:25,087 [INFO] PluginManager:220 - loadIPPluginJar : add dfsdm
2025-09-22 10:07:25,091 [INFO] IPUIPlugin:80 - create IPUIPlugin
2025-09-22 10:07:25,091 [INFO] PluginManager:220 - loadIPPluginJar : add dma
2025-09-22 10:07:25,095 [INFO] IPUIPlugin:80 - create IPUIPlugin
2025-09-22 10:07:25,095 [INFO] PluginManager:220 - loadIPPluginJar : add dma3
2025-09-22 10:07:25,097 [INFO] IPUIPlugin:80 - create IPUIPlugin
2025-09-22 10:07:25,097 [INFO] PluginManager:220 - loadIPPluginJar : add extmemmanager
2025-09-22 10:07:25,099 [INFO] IPUIPlugin:80 - create IPUIPlugin
2025-09-22 10:07:25,099 [INFO] PluginManager:220 - loadIPPluginJar : add fatfs
2025-09-22 10:07:25,103 [INFO] IPUIPlugin:80 - create IPUIPlugin
2025-09-22 10:07:25,103 [INFO] PluginManager:220 - loadIPPluginJar : add fmc
2025-09-22 10:07:25,109 [INFO] IPUIPlugin:80 - create IPUIPlugin
2025-09-22 10:07:25,109 [INFO] PluginManager:220 - loadIPPluginJar : add freertos
2025-09-22 10:07:25,110 [INFO] IPUIPlugin:80 - create IPUIPlugin
2025-09-22 10:07:25,110 [INFO] PluginManager:220 - loadIPPluginJar : add genericplugin
2025-09-22 10:07:25,112 [INFO] IPUIPlugin:80 - create IPUIPlugin
2025-09-22 10:07:25,112 [INFO] PluginManager:220 - loadIPPluginJar : add gfxmmu
2025-09-22 10:07:25,117 [INFO] IPUIPlugin:80 - create IPUIPlugin
2025-09-22 10:07:25,117 [INFO] PluginManager:220 - loadIPPluginJar : add gic
2025-09-22 10:07:25,121 [INFO] IPUIPlugin:80 - create IPUIPlugin
2025-09-22 10:07:25,121 [INFO] PluginManager:220 - loadIPPluginJar : add gpio
2025-09-22 10:07:25,124 [INFO] IPUIPlugin:80 - create IPUIPlugin
2025-09-22 10:07:25,124 [INFO] PluginManager:220 - loadIPPluginJar : add gtzc
2025-09-22 10:07:25,126 [INFO] IPUIPlugin:80 - create IPUIPlugin
2025-09-22 10:07:25,127 [INFO] PluginManager:220 - loadIPPluginJar : add hash
2025-09-22 10:07:25,129 [INFO] IPUIPlugin:80 - create IPUIPlugin
2025-09-22 10:07:25,129 [INFO] PluginManager:220 - loadIPPluginJar : add i2c
2025-09-22 10:07:25,132 [INFO] IPUIPlugin:80 - create IPUIPlugin
2025-09-22 10:07:25,132 [INFO] PluginManager:220 - loadIPPluginJar : add i2s
2025-09-22 10:07:25,135 [INFO] IPUIPlugin:80 - create IPUIPlugin
2025-09-22 10:07:25,135 [INFO] PluginManager:220 - loadIPPluginJar : add i3c
2025-09-22 10:07:25,138 [INFO] IPUIPlugin:80 - create IPUIPlugin
2025-09-22 10:07:25,138 [INFO] PluginManager:220 - loadIPPluginJar : add ipddr
2025-09-22 10:07:25,145 [INFO] IPUIPlugin:80 - create IPUIPlugin
2025-09-22 10:07:25,145 [INFO] PluginManager:220 - loadIPPluginJar : add linkedlist
2025-09-22 10:07:25,148 [INFO] IPUIPlugin:80 - create IPUIPlugin
2025-09-22 10:07:25,148 [INFO] PluginManager:220 - loadIPPluginJar : add lorawan
2025-09-22 10:07:25,150 [INFO] IPUIPlugin:80 - create IPUIPlugin
2025-09-22 10:07:25,150 [INFO] PluginManager:220 - loadIPPluginJar : add ltdc
2025-09-22 10:07:25,164 [INFO] IPUIPlugin:80 - create IPUIPlugin
2025-09-22 10:07:25,164 [INFO] PluginManager:220 - loadIPPluginJar : add mdma
2025-09-22 10:07:25,167 [INFO] IPUIPlugin:80 - create IPUIPlugin
2025-09-22 10:07:25,168 [INFO] PluginManager:220 - loadIPPluginJar : add nvic
2025-09-22 10:07:25,170 [INFO] IPUIPlugin:80 - create IPUIPlugin
2025-09-22 10:07:25,170 [INFO] PluginManager:220 - loadIPPluginJar : add opamp
2025-09-22 10:07:25,174 [INFO] IPUIPlugin:80 - create IPUIPlugin
2025-09-22 10:07:25,174 [INFO] PluginManager:220 - loadIPPluginJar : add openamp
2025-09-22 10:07:25,177 [INFO] IPUIPlugin:80 - create IPUIPlugin
2025-09-22 10:07:25,177 [INFO] PluginManager:220 - loadIPPluginJar : add pdm2pcm
2025-09-22 10:07:25,182 [INFO] IPUIPlugin:80 - create IPUIPlugin
2025-09-22 10:07:25,184 [INFO] PluginManager:220 - loadIPPluginJar : add plateformsettings
2025-09-22 10:07:25,185 [INFO] IPUIPlugin:80 - create IPUIPlugin
2025-09-22 10:07:25,185 [INFO] PluginManager:220 - loadIPPluginJar : add quadspi
2025-09-22 10:07:25,186 [INFO] IPUIPlugin:80 - create IPUIPlugin
2025-09-22 10:07:25,187 [INFO] PluginManager:220 - loadIPPluginJar : add radio
2025-09-22 10:07:25,191 [INFO] IPUIPlugin:80 - create IPUIPlugin
2025-09-22 10:07:25,191 [INFO] PluginManager:220 - loadIPPluginJar : add resmgrutility
2025-09-22 10:07:25,195 [INFO] IPUIPlugin:80 - create IPUIPlugin
2025-09-22 10:07:25,195 [INFO] PluginManager:220 - loadIPPluginJar : add sai
2025-09-22 10:07:25,197 [INFO] IPUIPlugin:80 - create IPUIPlugin
2025-09-22 10:07:25,197 [INFO] PluginManager:220 - loadIPPluginJar : add spi
2025-09-22 10:07:25,202 [INFO] IPUIPlugin:80 - create IPUIPlugin
2025-09-22 10:07:25,203 [INFO] PluginManager:220 - loadIPPluginJar : add stm32_wpan
2025-09-22 10:07:25,204 [INFO] IPUIPlugin:80 - create IPUIPlugin
2025-09-22 10:07:25,204 [INFO] PluginManager:220 - loadIPPluginJar : add tim
2025-09-22 10:07:25,207 [INFO] IPUIPlugin:80 - create IPUIPlugin
2025-09-22 10:07:25,207 [INFO] PluginManager:220 - loadIPPluginJar : add touchsensing
2025-09-22 10:07:25,209 [INFO] IPUIPlugin:80 - create IPUIPlugin
2025-09-22 10:07:25,209 [INFO] PluginManager:220 - loadIPPluginJar : add tracer_emb
2025-09-22 10:07:25,211 [INFO] IPUIPlugin:80 - create IPUIPlugin
2025-09-22 10:07:25,211 [INFO] PluginManager:220 - loadIPPluginJar : add ts
2025-09-22 10:07:25,213 [INFO] IPUIPlugin:80 - create IPUIPlugin
2025-09-22 10:07:25,213 [INFO] PluginManager:220 - loadIPPluginJar : add tsc
2025-09-22 10:07:25,214 [INFO] IPUIPlugin:80 - create IPUIPlugin
2025-09-22 10:07:25,214 [INFO] PluginManager:220 - loadIPPluginJar : add ucpd
2025-09-22 10:07:25,217 [INFO] IPUIPlugin:80 - create IPUIPlugin
2025-09-22 10:07:25,217 [INFO] PluginManager:220 - loadIPPluginJar : add usart
2025-09-22 10:07:25,220 [INFO] IPUIPlugin:80 - create IPUIPlugin
2025-09-22 10:07:25,220 [INFO] PluginManager:220 - loadIPPluginJar : add usbx
2025-09-22 10:07:25,333 [FATAL] Updater:351 - Updater called before beeing initialized
2025-09-22 10:07:25,367 [INFO] RulesReader:64 - Compatibility file has been processed (317 Rules)
2025-09-22 10:07:25,374 [INFO] RulesReader:64 - Compatibility file has been processed (317 Rules)
2025-09-22 10:07:25,383 [INFO] CADModel:165 - CPN selected for project level
2025-09-22 10:07:25,383 [INFO] CADModel:114 - Register for checkConnection events
2025-09-22 10:07:25,383 [FATAL] Updater:351 - Updater called before beeing initialized
2025-09-22 10:07:25,383 [ERROR] CADModel:125 - Updater not yet initialized, retry later 
2025-09-22 10:07:25,485 [FATAL] Updater:351 - Updater called before beeing initialized
2025-09-22 10:07:25,487 [INFO] CADModel:165 - CPN selected for project level
2025-09-22 10:07:25,487 [INFO] CADModel:114 - Register for checkConnection events
2025-09-22 10:07:25,487 [FATAL] Updater:351 - Updater called before beeing initialized
2025-09-22 10:07:25,487 [ERROR] CADModel:125 - Updater not yet initialized, retry later 
2025-09-22 10:07:25,489 [FATAL] Updater:351 - Updater called before beeing initialized
2025-09-22 10:07:25,559 [FATAL] Updater:351 - Updater called before beeing initialized
2025-09-22 10:07:25,562 [INFO] DbMcusAds:53 - JSON generation date=Tue Jul 08 13:44:23 IST 2025 (1751962463582)
2025-09-22 10:07:25,562 [FATAL] Updater:351 - Updater called before beeing initialized
2025-09-22 10:07:25,591 [WARN] DetailPanel:346 - Failed to get advertising image, set to default
2025-09-22 10:07:25,646 [FATAL] Updater:351 - Updater called before beeing initialized
2025-09-22 10:07:25,647 [FATAL] Updater:351 - Updater called before beeing initialized
2025-09-22 10:07:25,648 [FATAL] Updater:351 - Updater called before beeing initialized
2025-09-22 10:07:25,648 [WARN] DetailPanel:346 - Failed to get advertising image, set to default
2025-09-22 10:07:25,648 [FATAL] Updater:351 - Updater called before beeing initialized
2025-09-22 10:07:25,683 [ERROR] Updater:1198 - MainUpdater not yet initialized. External WinMGr cannot be set.
2025-09-22 10:07:25,685 [INFO] Updater:1134 - Updater Version found : 6.15.0
2025-09-22 10:07:25,703 [INFO] ApplicationProperties:184 - Using Application install path: C:\ST\STM32CubeIDE_1.19.0\STM32CubeIDE\plugins\com.st.stm32cube.common.mx_6.15.0.202507011659
2025-09-22 10:07:27,289 [ERROR] LogOutputStream:75 - [STDERR_REDIRECT] Sep 22, 2025 10:07:27 AM java.util.prefs.WindowsPreferences <init>
2025-09-22 10:07:27,290 [ERROR] LogOutputStream:75 - [STDERR_REDIRECT] WARNING: Could not open/create prefs root node Software\JavaSoft\Prefs at root 0xffffffff80000002. Windows RegCreateKeyEx(...) returned error code 5.
2025-09-22 10:07:27,290 [ERROR] LogOutputStream:75 - [STDERR_REDIRECT] 
2025-09-22 10:07:27,584 [INFO] ThirdPartyUpdaterWithRetryManager:70 - Updater plugin not ready yet. [2/15]
2025-09-22 10:07:27,677 [INFO] MainUpdater:2872 - connection check result : 10
2025-09-22 10:07:27,677 [INFO] MainUpdater:3604 - Updater definition file requires update
2025-09-22 10:07:27,679 [INFO] MainUpdater:289 - Updater Check For Update Now.
2025-09-22 10:07:27,679 [INFO] MicroXplorer:498 - Change Database Version : DB.6.0.150
2025-09-22 10:07:27,685 [INFO] McuFinderGlobals:63 - Set McuFinder mode to 2 (CubeIDE integrated)
2025-09-22 10:07:27,685 [INFO] UserAuth:487 - Internet connection configuration mode: 1
2025-09-22 10:07:27,708 [INFO] JxBrowserEngine:152 - Initiate JxBrowser Engine with user profile folder
2025-09-22 10:07:27,719 [INFO] ServerAccessManage:452 - Complete download http(s) 200
2025-09-22 10:07:27,720 [INFO] ServerAccessManage:509 - Download File updaters.zip
2025-09-22 10:07:27,853 [INFO] FileExtend:248 - Unzip File : updaters.zip
2025-09-22 10:07:27,854 [INFO] FileExtend:263 - Standard Zip Deflate
2025-09-22 10:07:28,176 [INFO] ServerAccessManage:452 - Complete download http(s) 200
2025-09-22 10:07:28,176 [INFO] ServerAccessManage:509 - Download File PacksControlFlags.xml
2025-09-22 10:07:28,246 [INFO] ServerAccessManage:452 - Complete download http(s) 200
2025-09-22 10:07:28,246 [INFO] ServerAccessManage:509 - Download File cubemx.pidx
2025-09-22 10:07:28,327 [INFO] LoadServerUpdatesThread:375 - End of LoadServerUpdate Thread
2025-09-22 10:07:28,461 [INFO] CheckServerUpdateThread:120 - End of CheckServer Thread
2025-09-22 10:07:29,027 [INFO] WebApp:169 - Instantiating new browser for Auth
2025-09-22 10:07:29,683 [INFO] WebApp:463 - Apply proxy settings
2025-09-22 10:07:29,683 [INFO] WebApp:548 - Chromium requires no authentication
2025-09-22 10:07:29,692 [INFO] WebApp:491 - Direct internet connection detected
2025-09-22 10:07:29,717 [INFO] WebApp:900 - Register for checkConnection events
2025-09-22 10:07:29,717 [INFO] WebApp:463 - Apply proxy settings
2025-09-22 10:07:29,717 [INFO] WebApp:548 - Chromium requires no authentication
2025-09-22 10:07:29,718 [INFO] WebApp:491 - Direct internet connection detected
2025-09-22 10:07:29,887 [INFO] WebApp:225 - Starting web application
2025-09-22 10:07:29,887 [INFO] WebApp:593 - Web application path used C:\ST\STM32CubeIDE_1.19.0\STM32CubeIDE\plugins\com.st.stm32cube.common.mx_6.15.0.202507011659\db\plugins\mcufinder\reactClient1\index.html
2025-09-22 10:07:29,957 [INFO] UserAuth:487 - Internet connection configuration mode: 1
2025-09-22 10:07:30,054 [INFO] WebApp:191 - Connection restablished
2025-09-22 10:07:30,781 [WARN] PackLoader:240 - Cannot read IP mode file for STMicroelectronics.FP-SNS-MOTENVWB1.1.4.0
2025-09-22 10:07:30,791 [WARN] PackLoader:240 - Cannot read IP mode file for STMicroelectronics.FP-ATR-ASTRA1.2.0.2
2025-09-22 10:07:30,801 [WARN] PackLoader:240 - Cannot read IP mode file for STMicroelectronics.X-CUBE-SMBUS.2.1.0
2025-09-22 10:07:30,805 [WARN] PackLoader:240 - Cannot read IP mode file for STMicroelectronics.X-CUBE-ST60.1.0.0
2025-09-22 10:07:30,828 [WARN] PackLoader:240 - Cannot read IP mode file for STMicroelectronics.X-CUBE-AZRTOS-F7.1.1.0
2025-09-22 10:07:30,853 [WARN] PackLoader:240 - Cannot read IP mode file for Infineon.AIROC-Wi-Fi-Bluetooth-STM32.1.7.1
2025-09-22 10:07:30,873 [WARN] PackLoader:240 - Cannot read IP mode file for STMicroelectronics.X-CUBE-AZRTOS-H7.3.4.0
2025-09-22 10:07:30,881 [WARN] PackLoader:240 - Cannot read IP mode file for STMicroelectronics.X-CUBE-DISPLAY.3.0.0
2025-09-22 10:07:30,890 [WARN] PackLoader:240 - Cannot read IP mode file for STMicroelectronics.X-CUBE-NFC10.1.0.0
2025-09-22 10:07:30,894 [WARN] PackLoader:240 - Cannot read IP mode file for emotas.I-CUBE-CANOPEN.1.3.0
2025-09-22 10:07:30,899 [WARN] PackLoader:240 - Cannot read IP mode file for STMicroelectronics.FP-SNS-STBOX1.2.1.0
2025-09-22 10:07:30,904 [WARN] PackLoader:240 - Cannot read IP mode file for STMicroelectronics.FP-SNS-SMARTAG2.1.2.0
2025-09-22 10:07:30,909 [WARN] PackLoader:240 - Cannot read IP mode file for STMicroelectronics.FP-SNS-FLIGHT1.5.1.0
2025-09-22 10:07:30,917 [INFO] LogOutputStream:77 - [STDOUT_REDIRECT] 1 : Invalid condition id : UX_CORESTACK_Condition cause : null
2025-09-22 10:07:30,918 [INFO] LogOutputStream:77 - [STDOUT_REDIRECT] 1 : Invalid condition id : UX_CORESTACK_Condition cause : null
2025-09-22 10:07:30,918 [INFO] LogOutputStream:77 - [STDOUT_REDIRECT] 1 : Invalid condition id : UX_CORESTACK_Condition cause : null
2025-09-22 10:07:30,919 [INFO] LogOutputStream:77 - [STDOUT_REDIRECT] 1 : Invalid condition id : UX_CORESTACK_Condition cause : null
2025-09-22 10:07:30,919 [INFO] LogOutputStream:77 - [STDOUT_REDIRECT] 1 : Invalid condition id : UX_CORESTACK_Condition cause : null
2025-09-22 10:07:30,921 [WARN] PackLoader:240 - Cannot read IP mode file for STMicroelectronics.X-CUBE-AZRTOS-WL.2.0.0
2025-09-22 10:07:30,925 [WARN] PackLoader:240 - Cannot read IP mode file for STMicroelectronics.FP-SNS-MOTENV1.5.0.0
2025-09-22 10:07:30,931 [WARN] PackLoader:240 - Cannot read IP mode file for WES.I-CUBE-Cesium.1.3.0
2025-09-22 10:07:30,935 [WARN] PackLoader:240 - Cannot read IP mode file for STMicroelectronics.X-CUBE-BLE2.3.3.0
2025-09-22 10:07:30,940 [WARN] PackLoader:240 - Cannot read IP mode file for STMicroelectronics.X-CUBE-NFC9.1.0.0
2025-09-22 10:07:30,944 [WARN] PackLoader:240 - Cannot read IP mode file for wolfSSL.I-CUBE-wolfSSL.5.8.0
2025-09-22 10:07:30,948 [WARN] PackLoader:240 - Cannot read IP mode file for STMicroelectronics.X-CUBE-BLE1.7.1.0
2025-09-22 10:07:30,951 [WARN] PackLoader:240 - Cannot read IP mode file for wolfSSL.I-CUBE-wolfMQTT.1.19.2
2025-09-22 10:07:30,954 [WARN] PackLoader:240 - Cannot read IP mode file for STMicroelectronics.X-CUBE-EEPRMA1.5.2.0
2025-09-22 10:07:30,958 [WARN] PackLoader:240 - Cannot read IP mode file for STMicroelectronics.X-CUBE-AI.10.1.0
2025-09-22 10:07:30,967 [WARN] PackLoader:240 - Cannot read IP mode file for STMicroelectronics.X-CUBE-AZRTOS-G0.1.1.0
2025-09-22 10:07:30,973 [WARN] PackLoader:240 - Cannot read IP mode file for STMicroelectronics.X-CUBE-SAFEA1.1.2.2
2025-09-22 10:07:30,978 [WARN] PackLoader:240 - Cannot read IP mode file for STMicroelectronics.X-CUBE-NFC4.3.0.0
2025-09-22 10:07:30,985 [WARN] PackLoader:240 - Cannot read IP mode file for EmbeddedOffice.I-CUBE-FS-RTOS.1.0.1
2025-09-22 10:07:30,989 [WARN] PackLoader:240 - Cannot read IP mode file for STMicroelectronics.X-CUBE-WB05N.2.0.0
2025-09-22 10:07:30,994 [WARN] PackLoader:240 - Cannot read IP mode file for wolfSSL.I-CUBE-wolfTPM.3.8.0
2025-09-22 10:07:30,999 [WARN] PackLoader:240 - Cannot read IP mode file for STMicroelectronics.X-CUBE-TCPP.4.2.0
2025-09-22 10:07:31,003 [WARN] PackLoader:240 - Cannot read IP mode file for RealThread.X-CUBE-RT-Thread_Nano.4.1.1
2025-09-22 10:07:31,006 [WARN] PackLoader:240 - Cannot read IP mode file for STMicroelectronics.FP-ATR-SIGFOX1.3.2.0
2025-09-22 10:07:31,012 [WARN] PackLoader:240 - Cannot read IP mode file for ITTIA_DB.I-CUBE-ITTIADB.8.9.0
2025-09-22 10:07:31,017 [WARN] PackLoader:240 - Cannot read IP mode file for STMicroelectronics.X-CUBE-ST67W61.1.0.0
2025-09-22 10:07:31,020 [WARN] PackLoader:240 - Cannot read IP mode file for STMicroelectronics.X-CUBE-AI.10.2.0
2025-09-22 10:07:31,035 [WARN] PackLoader:240 - Cannot read IP mode file for SEGGER.I-CUBE-embOS.1.3.1
2025-09-22 10:07:31,064 [WARN] PackLoader:240 - Cannot read IP mode file for STMicroelectronics.X-CUBE-ALGOBUILD.1.4.0
2025-09-22 10:07:31,084 [WARN] PackLoader:240 - Cannot read IP mode file for STMicroelectronics.X-CUBE-MEMS1.11.3.0
2025-09-22 10:07:31,140 [WARN] PackLoader:240 - Cannot read IP mode file for STMicroelectronics.X-CUBE-PM33A1.1.0.0
2025-09-22 10:07:31,148 [WARN] PackLoader:240 - Cannot read IP mode file for STMicroelectronics.X-CUBE-AZRTOS-F4.1.1.0
2025-09-22 10:07:31,151 [WARN] PackLoader:240 - Cannot read IP mode file for Avnet-IotConnect.X-CUBE-IoTC-DA16k-PMOD.1.0.0
2025-09-22 10:07:31,154 [WARN] PackLoader:240 - Cannot read IP mode file for STMicroelectronics.X-CUBE-ISPU.2.1.0
2025-09-22 10:07:31,158 [WARN] PackLoader:240 - Cannot read IP mode file for STMicroelectronics.X-CUBE-NFC12.1.0.0
2025-09-22 10:07:31,166 [WARN] PackLoader:240 - Cannot read IP mode file for STMicroelectronics.X-CUBE-AZRTOS-L5.2.0.0
2025-09-22 10:07:31,170 [WARN] PackLoader:240 - Cannot read IP mode file for STMicroelectronics.X-CUBE-NFC6.3.1.0
2025-09-22 10:07:31,176 [WARN] PackLoader:240 - Cannot read IP mode file for STMicroelectronics.X-CUBE-FREERTOS.1.3.1
2025-09-22 10:07:31,179 [WARN] PackLoader:240 - Cannot read IP mode file for STMicroelectronics.FP-SNS-STAIOTCFT.1.0.0
2025-09-22 10:07:31,182 [WARN] PackLoader:240 - Cannot read IP mode file for STMicroelectronics.X-CUBE-DPower.1.3.0
2025-09-22 10:07:31,189 [WARN] ConditionMgr:438 - getConditionDescription Invalid condition id : LAN8742 Phy interface Condition cause : null
2025-09-22 10:07:31,189 [WARN] PackLoader:240 - Cannot read IP mode file for STMicroelectronics.X-CUBE-AZRTOS-L4.2.0.0
2025-09-22 10:07:31,190 [WARN] ConditionMgr:1044 - genDependencies : Invalid condition id : LAN8742 Phy interface Condition cause : null
2025-09-22 10:07:31,190 [WARN] ConditionMgr:1044 - genDependencies : Invalid condition id : LAN8742 Phy interface Condition cause : null
2025-09-22 10:07:31,190 [WARN] ConditionMgr:1044 - genDependencies : Invalid condition id : LAN8742 Phy interface Condition cause : null
2025-09-22 10:07:31,195 [WARN] PackLoader:240 - Cannot read IP mode file for STMicroelectronics.X-CUBE-SFXS2LP1.4.0.0
2025-09-22 10:07:31,200 [WARN] PackLoader:240 - Cannot read IP mode file for STMicroelectronics.X-CUBE-BLEMGR.4.1.0
2025-09-22 10:07:31,214 [WARN] ConditionMgr:438 - getConditionDescription Invalid condition id : UX DEVICE CLASS RTOS Condition cause : null
2025-09-22 10:07:31,214 [WARN] ConditionMgr:438 - getConditionDescription Invalid condition id : UX DEVICE CLASS RTOS Condition cause : null
2025-09-22 10:07:31,215 [WARN] PackLoader:240 - Cannot read IP mode file for STMicroelectronics.X-CUBE-AZRTOS-WB.2.0.0
2025-09-22 10:07:31,215 [WARN] ConditionMgr:1044 - genDependencies : Invalid condition id : UX DEVICE CLASS RTOS Condition cause : null
2025-09-22 10:07:31,215 [WARN] ConditionMgr:1044 - genDependencies : Invalid condition id : UX DEVICE CLASS RTOS Condition cause : null
2025-09-22 10:07:31,215 [WARN] ConditionMgr:1044 - genDependencies : Invalid condition id : UX DEVICE CLASS RTOS Condition cause : null
2025-09-22 10:07:31,215 [WARN] ConditionMgr:1044 - genDependencies : Invalid condition id : UX DEVICE CLASS RTOS Condition cause : null
2025-09-22 10:07:31,215 [WARN] ConditionMgr:1044 - genDependencies : Invalid condition id : UX DEVICE CLASS RTOS Condition cause : null
2025-09-22 10:07:31,218 [WARN] PackLoader:240 - Cannot read IP mode file for STMicroelectronics.X-CUBE-GNSS1.7.0.1
2025-09-22 10:07:31,222 [WARN] PackLoader:240 - Cannot read IP mode file for STMicroelectronics.X-CUBE-TOUCHGFX.4.25.0
2025-09-22 10:07:31,225 [WARN] PackLoader:240 - Cannot read IP mode file for STMicroelectronics.FP-SNS-STBOX1.2.0.0
2025-09-22 10:07:31,230 [WARN] ConditionMgr:438 - getConditionDescription Invalid condition id : Cortex-A Device cause : null
2025-09-22 10:07:31,239 [WARN] ConditionMgr:1044 - genDependencies : Invalid condition id : Cortex-A Device cause : null
2025-09-22 10:07:31,239 [WARN] ConditionMgr:1044 - genDependencies : Invalid condition id : Cortex-A Device cause : null
2025-09-22 10:07:31,239 [WARN] ConditionMgr:1044 - genDependencies : Invalid condition id : Cortex-A Device cause : null
2025-09-22 10:07:31,249 [WARN] PackLoader:240 - Cannot read IP mode file for STMicroelectronics.X-CUBE-SUBG2.5.0.0
2025-09-22 10:07:31,262 [WARN] PackLoader:240 - Cannot read IP mode file for STMicroelectronics.X-CUBE-AZRTOS-H7RS.1.1.0
2025-09-22 10:07:31,266 [WARN] PackLoader:240 - Cannot read IP mode file for Cesanta.I-CUBE-Mongoose.7.13.0
2025-09-22 10:07:31,273 [WARN] PackLoader:240 - Cannot read IP mode file for STMicroelectronics.X-CUBE-AZRTOS-G4.2.0.0
2025-09-22 10:07:31,277 [WARN] PackLoader:240 - Cannot read IP mode file for wolfSSL.I-CUBE-wolfSSH.1.4.20
2025-09-22 10:07:31,279 [WARN] PackLoader:240 - Cannot read IP mode file for STMicroelectronics.X-CUBE-NFC7.2.0.0
2025-09-22 10:07:31,286 [WARN] PackLoader:240 - Cannot read IP mode file for STMicroelectronics.X-CUBE-IPS.3.1.0
2025-09-22 10:07:31,291 [WARN] PackLoader:240 - Cannot read IP mode file for STMicroelectronics.X-CUBE-ALS.1.0.2
2025-09-22 10:07:31,295 [WARN] PackLoader:240 - Cannot read IP mode file for STMicroelectronics.X-CUBE-STSE01.1.0.0
2025-09-22 10:07:31,299 [WARN] PackLoader:240 - Cannot read IP mode file for portGmbH.I-Cube-SoM-uGOAL.1.1.0
2025-09-22 10:07:31,306 [WARN] PackLoader:240 - Cannot read IP mode file for STMicroelectronics.X-CUBE-TOF1.3.4.3
2025-09-22 10:07:31,310 [INFO] ThirdParty:978 - Integrity check success = true
2025-09-22 10:07:31,310 [INFO] IntegrityCheckThread:100 - exiting critical section [integrity check]
2025-09-22 10:07:31,310 [INFO] IntegrityCheckThread:103 - End integrity checks thread
2025-09-22 10:13:42,407 [INFO] WebApp:194 - Connection lost
2025-09-22 10:13:42,767 [INFO] WebApp:191 - Connection restablished
2025-09-22 10:13:44,389 [INFO] WebApp:194 - Connection lost
2025-09-22 10:13:44,834 [INFO] WebApp:191 - Connection restablished
2025-09-22 10:13:45,949 [INFO] WebApp:194 - Connection lost
2025-09-22 10:13:46,244 [INFO] WebApp:191 - Connection restablished
2025-09-22 14:33:16,168 [INFO] WebApp:194 - Connection lost
2025-09-22 14:33:16,591 [INFO] WebApp:191 - Connection restablished
2025-09-22 14:33:22,549 [INFO] WebApp:194 - Connection lost
2025-09-22 14:33:22,833 [INFO] WebApp:191 - Connection restablished
2025-09-22 14:50:39,467 [INFO] WebApp:194 - Connection lost
2025-09-22 14:50:40,020 [INFO] WebApp:191 - Connection restablished
2025-09-22 14:50:43,993 [INFO] WebApp:194 - Connection lost
2025-09-22 14:50:44,413 [INFO] WebApp:191 - Connection restablished
2025-09-22 15:53:52,658 [INFO] WebApp:194 - Connection lost
2025-09-22 15:56:31,300 [INFO] WebApp:191 - Connection restablished
2025-09-22 15:56:35,314 [INFO] WebApp:194 - Connection lost
2025-09-22 15:56:42,474 [INFO] WebApp:191 - Connection restablished
2025-09-22 15:57:06,092 [INFO] WebApp:194 - Connection lost
2025-09-22 15:57:06,732 [INFO] WebApp:191 - Connection restablished
2025-09-22 15:57:15,524 [INFO] WebApp:194 - Connection lost
2025-09-22 15:57:15,923 [INFO] WebApp:191 - Connection restablished
2025-09-22 15:57:19,924 [INFO] WebApp:194 - Connection lost
2025-09-22 15:57:20,487 [INFO] WebApp:191 - Connection restablished
2025-09-22 15:57:37,760 [INFO] WebApp:194 - Connection lost
2025-09-22 15:57:39,551 [INFO] WebApp:191 - Connection restablished
2025-09-22 15:57:42,427 [INFO] WebApp:194 - Connection lost
2025-09-22 15:57:43,520 [INFO] WebApp:191 - Connection restablished
2025-09-22 16:03:34,953 [INFO] WebApp:194 - Connection lost
2025-09-22 16:03:35,759 [INFO] WebApp:191 - Connection restablished
2025-09-22 16:04:38,666 [INFO] WebApp:194 - Connection lost
2025-09-22 16:04:39,006 [INFO] WebApp:191 - Connection restablished
2025-09-22 16:10:42,560 [INFO] WebApp:194 - Connection lost
2025-09-22 16:10:43,055 [INFO] WebApp:191 - Connection restablished
2025-09-22 16:10:49,479 [INFO] WebApp:194 - Connection lost
2025-09-22 16:10:49,849 [INFO] WebApp:191 - Connection restablished
2025-09-22 16:10:55,991 [INFO] WebApp:194 - Connection lost
2025-09-22 16:10:56,307 [INFO] WebApp:191 - Connection restablished
2025-09-22 19:35:19,805 [INFO] WebApp:194 - Connection lost
2025-09-22 19:35:20,236 [INFO] WebApp:191 - Connection restablished
2025-09-22 19:35:22,679 [INFO] WebApp:194 - Connection lost
2025-09-22 19:35:23,007 [INFO] WebApp:191 - Connection restablished
2025-09-22 19:35:25,827 [INFO] WebApp:194 - Connection lost
2025-09-22 19:35:26,150 [INFO] WebApp:191 - Connection restablished
2025-09-22 21:10:33,648 [INFO] WebApp:194 - Connection lost
2025-09-22 21:10:34,165 [INFO] WebApp:191 - Connection restablished
2025-09-22 21:10:39,743 [INFO] WebApp:194 - Connection lost
2025-09-22 21:10:40,027 [INFO] WebApp:191 - Connection restablished
2025-09-22 22:11:15,367 [ERROR] LogOutputStream:75 - [STDERR_REDIRECT] 
