2025-08-18 10:18:51,039 [INFO] Activator:176 - 


2025-08-18 10:18:51,042 [INFO] Activator:177 - !SESSION log4j initialized
2025-08-18 10:18:55,646 [INFO] LogOutputStream:77 - [STDOUT_REDIRECT] 
2025-08-18 10:18:56,600 [INFO] ApplicationProperties:184 - Using Application install path: C:\ST\STM32CubeIDE_1.19.0\STM32CubeIDE\plugins\com.st.stm32cube.common.mx_6.15.0.202507011659
2025-08-18 10:18:56,619 [INFO] DbMcusXml:78 - Set database path to: C:\ST\STM32CubeIDE_1.19.0\STM32CubeIDE\plugins\com.st.stm32cube.common.mx_6.15.0.202507011659\\db\/mcu/
2025-08-18 10:18:56,619 [INFO] ApiDb:274 - Set plugin database path to: C:\ST\STM32CubeIDE_1.19.0\STM32CubeIDE\plugins\com.st.stm32cube.common.mx_6.15.0.202507011659\\db\/plugins/boardmanager/
2025-08-18 10:18:56,620 [WARN] ApiDb:259 - Overriding images path with different value:  => C:\ST\STM32CubeIDE_1.19.0\STM32CubeIDE\plugins\com.st.stm32cube.common.mx_6.15.0.202507011659\\db\/plugins/mcufinder/images/
2025-08-18 10:18:56,631 [INFO] ApiDb:250 - Set database path to: C:\Users\User\.stmcufinder\plugins\mcufinder//mcu/
2025-08-18 10:18:56,633 [INFO] DbMcusAds:125 - Set database path to: C:\Users\User\.stmcufinder\plugins\mcufinder//mcu/
2025-08-18 10:18:56,636 [INFO] CrossReferenceDbSqlite:203 - Set database path to: C:\Users\User\.stmcufinder\plugins\mcufinder//mcu/cs/
2025-08-18 10:18:56,755 [INFO] RulesReader:64 - Compatibility file has been processed (317 Rules)
2025-08-18 10:18:56,822 [INFO] DbMcusXml:78 - Set database path to: C:\ST\STM32CubeIDE_1.19.0\STM32CubeIDE\plugins\com.st.stm32cube.common.mx_6.15.0.202507011659\\db\/mcu/
2025-08-18 10:18:56,822 [INFO] ApiDb:274 - Set plugin database path to: C:\ST\STM32CubeIDE_1.19.0\STM32CubeIDE\plugins\com.st.stm32cube.common.mx_6.15.0.202507011659\\db\/plugins/boardmanager/
2025-08-18 10:18:56,822 [INFO] ApiDb:261 - Set plugin images path to: C:\ST\STM32CubeIDE_1.19.0\STM32CubeIDE\plugins\com.st.stm32cube.common.mx_6.15.0.202507011659\\db\/plugins/mcufinder/images/
2025-08-18 10:18:56,823 [WARN] DbFile:41 - Overriding database path with different value: C:\Users\User\.stmcufinder\plugins\mcufinder/ => C:\Users\User\.stmcufinder\plugins\mcufinder
2025-08-18 10:18:56,823 [INFO] ApiDb:250 - Set database path to: C:\Users\User\.stmcufinder\plugins\mcufinder//mcu/
2025-08-18 10:18:56,823 [WARN] DbFile:41 - Overriding database path with different value: C:\Users\User\.stmcufinder\plugins\mcufinder/ => C:\Users\User\.stmcufinder\plugins\mcufinder
2025-08-18 10:18:56,823 [INFO] DbMcusAds:125 - Set database path to: C:\Users\User\.stmcufinder\plugins\mcufinder//mcu/
2025-08-18 10:18:56,823 [WARN] DbFile:41 - Overriding database path with different value: C:\Users\User\.stmcufinder\plugins\mcufinder/ => C:\Users\User\.stmcufinder\plugins\mcufinder
2025-08-18 10:18:56,823 [WARN] DbFile:41 - Overriding database path with different value: C:\Users\User\.stmcufinder\plugins\mcufinder/ => C:\Users\User\.stmcufinder\plugins\mcufinder
2025-08-18 10:18:56,823 [INFO] CrossReferenceDbSqlite:203 - Set database path to: C:\Users\User\.stmcufinder\plugins\mcufinder//mcu/cs/
2025-08-18 10:18:56,914 [INFO] MainPanel:274 - HeapMemory: 312475648
2025-08-18 10:18:57,030 [INFO] DbMcusXml:78 - Set database path to: C:\ST\STM32CubeIDE_1.19.0\STM32CubeIDE\plugins\com.st.stm32cube.common.mx_6.15.0.202507011659\\db\/mcu/
2025-08-18 10:18:57,030 [INFO] ApiDb:274 - Set plugin database path to: C:\ST\STM32CubeIDE_1.19.0\STM32CubeIDE\plugins\com.st.stm32cube.common.mx_6.15.0.202507011659\\db\/plugins/boardmanager/
2025-08-18 10:18:57,030 [INFO] ApiDb:261 - Set plugin images path to: C:\ST\STM32CubeIDE_1.19.0\STM32CubeIDE\plugins\com.st.stm32cube.common.mx_6.15.0.202507011659\\db\/plugins/mcufinder/images/
2025-08-18 10:18:57,031 [WARN] DbFile:41 - Overriding database path with different value: C:\Users\User\.stmcufinder\plugins\mcufinder/ => C:\Users\User\.stmcufinder\plugins\mcufinder
2025-08-18 10:18:57,031 [INFO] ApiDb:250 - Set database path to: C:\Users\User\.stmcufinder\plugins\mcufinder//mcu/
2025-08-18 10:18:57,031 [WARN] DbFile:41 - Overriding database path with different value: C:\Users\User\.stmcufinder\plugins\mcufinder/ => C:\Users\User\.stmcufinder\plugins\mcufinder
2025-08-18 10:18:57,031 [INFO] DbMcusAds:125 - Set database path to: C:\Users\User\.stmcufinder\plugins\mcufinder//mcu/
2025-08-18 10:18:57,031 [WARN] DbFile:41 - Overriding database path with different value: C:\Users\User\.stmcufinder\plugins\mcufinder/ => C:\Users\User\.stmcufinder\plugins\mcufinder
2025-08-18 10:18:57,031 [WARN] DbFile:41 - Overriding database path with different value: C:\Users\User\.stmcufinder\plugins\mcufinder/ => C:\Users\User\.stmcufinder\plugins\mcufinder
2025-08-18 10:18:57,031 [INFO] CrossReferenceDbSqlite:203 - Set database path to: C:\Users\User\.stmcufinder\plugins\mcufinder//mcu/cs/
2025-08-18 10:18:57,049 [INFO] ApplicationProperties:184 - Using Application install path: C:\ST\STM32CubeIDE_1.19.0\STM32CubeIDE\plugins\com.st.stm32cube.common.mx_6.15.0.202507011659
2025-08-18 10:18:57,050 [INFO] PluginManage:196 - Search for loadable plugins [exclusion list=, ]
2025-08-18 10:18:57,051 [INFO] PluginManage:310 - Check plugin analytics
2025-08-18 10:18:57,278 [INFO] AnalyticsPlugin:253 - Accepted Software Licenses: 
2025-08-18 10:18:57,278 [INFO] AnalyticsPlugin:255 - Accepted CMSIS Pack Licenses: 
2025-08-18 10:18:57,278 [INFO] AnalyticsPlugin:257 - Accepted Firmware Licenses: FW.WL.1.3.0,FW.H7.1.12.0
2025-08-18 10:18:57,281 [INFO] PluginManage:359 - Loaded plugin analytics (category:tool,tabindex:-1)
2025-08-18 10:18:57,281 [INFO] PluginManage:310 - Check plugin cadmodel
2025-08-18 10:18:57,288 [INFO] CADModel:105 - Init CAD model plugin
2025-08-18 10:18:57,288 [INFO] PluginManage:359 - Loaded plugin cadmodel (category:power,tabindex:5)
2025-08-18 10:18:57,289 [INFO] PluginManage:310 - Check plugin clock
2025-08-18 10:18:57,301 [INFO] PluginManage:359 - Loaded plugin clock (category:base,tabindex:2)
2025-08-18 10:18:57,301 [INFO] PluginManage:310 - Check plugin ddr
2025-08-18 10:18:57,305 [INFO] PluginManage:359 - Loaded plugin ddr (category:tool,tabindex:6)
2025-08-18 10:18:57,305 [INFO] PluginManage:310 - Check plugin filemanager
2025-08-18 10:18:57,468 [INFO] PluginManage:359 - Loaded plugin filemanager (category:base,tabindex:10)
2025-08-18 10:18:57,468 [INFO] PluginManage:310 - Check plugin ipmanager
2025-08-18 10:18:57,475 [INFO] PluginManage:359 - Loaded plugin ipmanager (category:base,tabindex:5)
2025-08-18 10:18:57,475 [INFO] PluginManage:310 - Check plugin lpbam
2025-08-18 10:18:57,485 [INFO] PluginManage:359 - Loaded plugin lpbam (category:base,tabindex:0)
2025-08-18 10:18:57,485 [INFO] PluginManage:310 - Check plugin memorymap
2025-08-18 10:18:57,506 [INFO] PluginManage:359 - Loaded plugin memorymap (category:base,tabindex:4)
2025-08-18 10:18:57,506 [INFO] PluginManage:310 - Check plugin pinoutandconfiguration
2025-08-18 10:18:57,520 [INFO] PluginManage:359 - Loaded plugin pinoutandconfiguration (category:base,tabindex:1)
2025-08-18 10:18:57,520 [INFO] PluginManage:310 - Check plugin pinoutconfig
2025-08-18 10:18:57,658 [WARN] SupportedApi:132 - Cannot load RTOS API schema: s4s-elt-must-match.1: The content of 'definitions' must match (annotation?, (simpleType | complexType)?, (unique | key | keyref)*)). A problem was found starting at: attribute.
2025-08-18 10:18:57,823 [INFO] PluginManage:359 - Loaded plugin pinoutconfig (category:base,tabindex:0)
2025-08-18 10:18:57,823 [INFO] PluginManage:310 - Check plugin power
2025-08-18 10:18:57,842 [INFO] PluginManage:359 - Loaded plugin power (category:power,tabindex:4)
2025-08-18 10:18:57,843 [INFO] PluginManage:310 - Check plugin projectmanager
2025-08-18 10:18:57,858 [INFO] PluginManage:359 - Loaded plugin projectmanager (category:projectmanager,tabindex:4)
2025-08-18 10:18:57,858 [INFO] PluginManage:310 - Check plugin rif
2025-08-18 10:18:57,869 [INFO] PluginManage:359 - Loaded plugin rif (category:base,tabindex:3)
2025-08-18 10:18:57,869 [INFO] PluginManage:310 - Check plugin thirdparty
2025-08-18 10:18:58,015 [INFO] PluginManage:359 - Loaded plugin thirdparty (category:base,tabindex:-1)
2025-08-18 10:18:58,015 [WARN] IntegrityCheckThread:84 - waiting for thirdparty lock release [integrity check]
2025-08-18 10:18:58,015 [INFO] PluginManage:310 - Check plugin tools
2025-08-18 10:18:58,015 [INFO] IntegrityCheckThread:86 - entering critical section [integrity check]
2025-08-18 10:18:58,015 [INFO] ThirdPartyUpdaterWithRetryManager:70 - Updater plugin not ready yet. [1/15]
2025-08-18 10:18:58,017 [INFO] PluginManage:359 - Loaded plugin tools (category:base,tabindex:7)
2025-08-18 10:18:58,017 [INFO] PluginManage:310 - Check plugin tutovideos
2025-08-18 10:18:58,257 [INFO] PluginManage:359 - Loaded plugin tutovideos (category:base,tabindex:-1)
2025-08-18 10:18:58,257 [INFO] PluginManage:310 - Check plugin updater
2025-08-18 10:18:58,276 [INFO] PluginManage:359 - Loaded plugin updater (category:base,tabindex:12)
2025-08-18 10:18:58,276 [INFO] PluginManage:310 - Check plugin userauth
2025-08-18 10:18:58,280 [INFO] UserAuth:118 - Init User Auth plugin
2025-08-18 10:18:58,281 [INFO] PluginManage:359 - Loaded plugin userauth (category:base,tabindex:14)
2025-08-18 10:18:58,281 [INFO] PluginManage:283 - PluginManage : Loaded plugins [18]
2025-08-18 10:18:58,454 [INFO] PinOutPanel:1589 - setPackage(No Configuration,No Configuration)
2025-08-18 10:18:58,528 [INFO] CADModel:165 - CPN selected for project level
2025-08-18 10:18:58,528 [INFO] CADModel:114 - Register for checkConnection events
2025-08-18 10:18:58,547 [INFO] IPUIPlugin:80 - create IPUIPlugin
2025-08-18 10:18:58,547 [INFO] PluginManager:220 - loadIPPluginJar : add adc
2025-08-18 10:18:58,550 [INFO] IPUIPlugin:80 - create IPUIPlugin
2025-08-18 10:18:58,550 [INFO] PluginManager:220 - loadIPPluginJar : add aes
2025-08-18 10:18:58,553 [INFO] IPUIPlugin:80 - create IPUIPlugin
2025-08-18 10:18:58,553 [INFO] PluginManager:220 - loadIPPluginJar : add can
2025-08-18 10:18:58,555 [INFO] IPUIPlugin:80 - create IPUIPlugin
2025-08-18 10:18:58,555 [INFO] PluginManager:220 - loadIPPluginJar : add comp
2025-08-18 10:18:58,557 [INFO] IPUIPlugin:80 - create IPUIPlugin
2025-08-18 10:18:58,557 [INFO] PluginManager:220 - loadIPPluginJar : add cryp
2025-08-18 10:18:58,560 [INFO] IPUIPlugin:80 - create IPUIPlugin
2025-08-18 10:18:58,560 [INFO] PluginManager:220 - loadIPPluginJar : add ddr_ctrl_phy
2025-08-18 10:18:58,562 [INFO] IPUIPlugin:80 - create IPUIPlugin
2025-08-18 10:18:58,562 [INFO] PluginManager:220 - loadIPPluginJar : add dfsdm
2025-08-18 10:18:58,567 [INFO] IPUIPlugin:80 - create IPUIPlugin
2025-08-18 10:18:58,567 [INFO] PluginManager:220 - loadIPPluginJar : add dma
2025-08-18 10:18:58,570 [INFO] IPUIPlugin:80 - create IPUIPlugin
2025-08-18 10:18:58,570 [INFO] PluginManager:220 - loadIPPluginJar : add dma3
2025-08-18 10:18:58,572 [INFO] IPUIPlugin:80 - create IPUIPlugin
2025-08-18 10:18:58,572 [INFO] PluginManager:220 - loadIPPluginJar : add extmemmanager
2025-08-18 10:18:58,574 [INFO] IPUIPlugin:80 - create IPUIPlugin
2025-08-18 10:18:58,574 [INFO] PluginManager:220 - loadIPPluginJar : add fatfs
2025-08-18 10:18:58,578 [INFO] IPUIPlugin:80 - create IPUIPlugin
2025-08-18 10:18:58,578 [INFO] PluginManager:220 - loadIPPluginJar : add fmc
2025-08-18 10:18:58,583 [INFO] IPUIPlugin:80 - create IPUIPlugin
2025-08-18 10:18:58,583 [INFO] PluginManager:220 - loadIPPluginJar : add freertos
2025-08-18 10:18:58,585 [INFO] IPUIPlugin:80 - create IPUIPlugin
2025-08-18 10:18:58,585 [INFO] PluginManager:220 - loadIPPluginJar : add genericplugin
2025-08-18 10:18:58,588 [INFO] IPUIPlugin:80 - create IPUIPlugin
2025-08-18 10:18:58,588 [INFO] PluginManager:220 - loadIPPluginJar : add gfxmmu
2025-08-18 10:18:58,593 [INFO] IPUIPlugin:80 - create IPUIPlugin
2025-08-18 10:18:58,593 [INFO] PluginManager:220 - loadIPPluginJar : add gic
2025-08-18 10:18:58,598 [INFO] IPUIPlugin:80 - create IPUIPlugin
2025-08-18 10:18:58,598 [INFO] PluginManager:220 - loadIPPluginJar : add gpio
2025-08-18 10:18:58,601 [INFO] IPUIPlugin:80 - create IPUIPlugin
2025-08-18 10:18:58,601 [INFO] PluginManager:220 - loadIPPluginJar : add gtzc
2025-08-18 10:18:58,603 [INFO] IPUIPlugin:80 - create IPUIPlugin
2025-08-18 10:18:58,603 [INFO] PluginManager:220 - loadIPPluginJar : add hash
2025-08-18 10:18:58,608 [INFO] IPUIPlugin:80 - create IPUIPlugin
2025-08-18 10:18:58,608 [INFO] PluginManager:220 - loadIPPluginJar : add i2c
2025-08-18 10:18:58,611 [INFO] IPUIPlugin:80 - create IPUIPlugin
2025-08-18 10:18:58,612 [INFO] PluginManager:220 - loadIPPluginJar : add i2s
2025-08-18 10:18:58,614 [INFO] IPUIPlugin:80 - create IPUIPlugin
2025-08-18 10:18:58,614 [INFO] PluginManager:220 - loadIPPluginJar : add i3c
2025-08-18 10:18:58,616 [INFO] IPUIPlugin:80 - create IPUIPlugin
2025-08-18 10:18:58,616 [INFO] PluginManager:220 - loadIPPluginJar : add ipddr
2025-08-18 10:18:58,622 [INFO] IPUIPlugin:80 - create IPUIPlugin
2025-08-18 10:18:58,622 [INFO] PluginManager:220 - loadIPPluginJar : add linkedlist
2025-08-18 10:18:58,624 [INFO] IPUIPlugin:80 - create IPUIPlugin
2025-08-18 10:18:58,624 [INFO] PluginManager:220 - loadIPPluginJar : add lorawan
2025-08-18 10:18:58,625 [INFO] IPUIPlugin:80 - create IPUIPlugin
2025-08-18 10:18:58,625 [INFO] PluginManager:220 - loadIPPluginJar : add ltdc
2025-08-18 10:18:58,629 [INFO] IPUIPlugin:80 - create IPUIPlugin
2025-08-18 10:18:58,629 [INFO] PluginManager:220 - loadIPPluginJar : add mdma
2025-08-18 10:18:58,632 [INFO] IPUIPlugin:80 - create IPUIPlugin
2025-08-18 10:18:58,633 [INFO] PluginManager:220 - loadIPPluginJar : add nvic
2025-08-18 10:18:58,635 [INFO] IPUIPlugin:80 - create IPUIPlugin
2025-08-18 10:18:58,635 [INFO] PluginManager:220 - loadIPPluginJar : add opamp
2025-08-18 10:18:58,637 [INFO] IPUIPlugin:80 - create IPUIPlugin
2025-08-18 10:18:58,637 [INFO] PluginManager:220 - loadIPPluginJar : add openamp
2025-08-18 10:18:58,640 [INFO] IPUIPlugin:80 - create IPUIPlugin
2025-08-18 10:18:58,640 [INFO] PluginManager:220 - loadIPPluginJar : add pdm2pcm
2025-08-18 10:18:58,645 [INFO] IPUIPlugin:80 - create IPUIPlugin
2025-08-18 10:18:58,647 [INFO] PluginManager:220 - loadIPPluginJar : add plateformsettings
2025-08-18 10:18:58,648 [INFO] IPUIPlugin:80 - create IPUIPlugin
2025-08-18 10:18:58,648 [INFO] PluginManager:220 - loadIPPluginJar : add quadspi
2025-08-18 10:18:58,650 [INFO] IPUIPlugin:80 - create IPUIPlugin
2025-08-18 10:18:58,651 [INFO] PluginManager:220 - loadIPPluginJar : add radio
2025-08-18 10:18:58,654 [INFO] IPUIPlugin:80 - create IPUIPlugin
2025-08-18 10:18:58,654 [INFO] PluginManager:220 - loadIPPluginJar : add resmgrutility
2025-08-18 10:18:58,657 [INFO] IPUIPlugin:80 - create IPUIPlugin
2025-08-18 10:18:58,657 [INFO] PluginManager:220 - loadIPPluginJar : add sai
2025-08-18 10:18:58,659 [INFO] IPUIPlugin:80 - create IPUIPlugin
2025-08-18 10:18:58,659 [INFO] PluginManager:220 - loadIPPluginJar : add spi
2025-08-18 10:18:58,664 [INFO] IPUIPlugin:80 - create IPUIPlugin
2025-08-18 10:18:58,664 [INFO] PluginManager:220 - loadIPPluginJar : add stm32_wpan
2025-08-18 10:18:58,665 [INFO] IPUIPlugin:80 - create IPUIPlugin
2025-08-18 10:18:58,666 [INFO] PluginManager:220 - loadIPPluginJar : add tim
2025-08-18 10:18:58,668 [INFO] IPUIPlugin:80 - create IPUIPlugin
2025-08-18 10:18:58,668 [INFO] PluginManager:220 - loadIPPluginJar : add touchsensing
2025-08-18 10:18:58,670 [INFO] IPUIPlugin:80 - create IPUIPlugin
2025-08-18 10:18:58,670 [INFO] PluginManager:220 - loadIPPluginJar : add tracer_emb
2025-08-18 10:18:58,672 [INFO] IPUIPlugin:80 - create IPUIPlugin
2025-08-18 10:18:58,672 [INFO] PluginManager:220 - loadIPPluginJar : add ts
2025-08-18 10:18:58,674 [INFO] IPUIPlugin:80 - create IPUIPlugin
2025-08-18 10:18:58,674 [INFO] PluginManager:220 - loadIPPluginJar : add tsc
2025-08-18 10:18:58,676 [INFO] IPUIPlugin:80 - create IPUIPlugin
2025-08-18 10:18:58,676 [INFO] PluginManager:220 - loadIPPluginJar : add ucpd
2025-08-18 10:18:58,678 [INFO] IPUIPlugin:80 - create IPUIPlugin
2025-08-18 10:18:58,678 [INFO] PluginManager:220 - loadIPPluginJar : add usart
2025-08-18 10:18:58,680 [INFO] IPUIPlugin:80 - create IPUIPlugin
2025-08-18 10:18:58,681 [INFO] PluginManager:220 - loadIPPluginJar : add usbx
2025-08-18 10:18:58,798 [FATAL] Updater:351 - Updater called before beeing initialized
2025-08-18 10:18:58,821 [INFO] RulesReader:64 - Compatibility file has been processed (317 Rules)
2025-08-18 10:18:58,829 [INFO] RulesReader:64 - Compatibility file has been processed (317 Rules)
2025-08-18 10:18:58,835 [INFO] CADModel:165 - CPN selected for project level
2025-08-18 10:18:58,835 [INFO] CADModel:114 - Register for checkConnection events
2025-08-18 10:18:58,835 [FATAL] Updater:351 - Updater called before beeing initialized
2025-08-18 10:18:58,835 [ERROR] CADModel:125 - Updater not yet initialized, retry later 
2025-08-18 10:18:58,950 [FATAL] Updater:351 - Updater called before beeing initialized
2025-08-18 10:18:58,952 [INFO] CADModel:165 - CPN selected for project level
2025-08-18 10:18:58,952 [INFO] CADModel:114 - Register for checkConnection events
2025-08-18 10:18:58,952 [FATAL] Updater:351 - Updater called before beeing initialized
2025-08-18 10:18:58,952 [ERROR] CADModel:125 - Updater not yet initialized, retry later 
2025-08-18 10:18:58,954 [FATAL] Updater:351 - Updater called before beeing initialized
2025-08-18 10:18:59,026 [FATAL] Updater:351 - Updater called before beeing initialized
2025-08-18 10:18:59,029 [INFO] DbMcusAds:53 - JSON generation date=Tue Jul 08 13:44:23 IST 2025 (1751962463562)
2025-08-18 10:18:59,029 [FATAL] Updater:351 - Updater called before beeing initialized
2025-08-18 10:18:59,056 [WARN] DetailPanel:346 - Failed to get advertising image, set to default
2025-08-18 10:18:59,125 [FATAL] Updater:351 - Updater called before beeing initialized
2025-08-18 10:18:59,126 [FATAL] Updater:351 - Updater called before beeing initialized
2025-08-18 10:18:59,126 [FATAL] Updater:351 - Updater called before beeing initialized
2025-08-18 10:18:59,126 [WARN] DetailPanel:346 - Failed to get advertising image, set to default
2025-08-18 10:18:59,127 [FATAL] Updater:351 - Updater called before beeing initialized
2025-08-18 10:18:59,161 [ERROR] Updater:1198 - MainUpdater not yet initialized. External WinMGr cannot be set.
2025-08-18 10:18:59,163 [INFO] Updater:1134 - Updater Version found : 6.15.0
2025-08-18 10:18:59,180 [INFO] ApplicationProperties:184 - Using Application install path: C:\ST\STM32CubeIDE_1.19.0\STM32CubeIDE\plugins\com.st.stm32cube.common.mx_6.15.0.202507011659
2025-08-18 10:19:00,753 [ERROR] LogOutputStream:75 - [STDERR_REDIRECT] Aug 18, 2025 10:19:00 AM java.util.prefs.WindowsPreferences <init>
2025-08-18 10:19:00,754 [ERROR] LogOutputStream:75 - [STDERR_REDIRECT] WARNING: Could not open/create prefs root node Software\JavaSoft\Prefs at root 0xffffffff80000002. Windows RegCreateKeyEx(...) returned error code 5.
2025-08-18 10:19:00,754 [ERROR] LogOutputStream:75 - [STDERR_REDIRECT] 
2025-08-18 10:19:01,016 [INFO] ThirdPartyUpdaterWithRetryManager:70 - Updater plugin not ready yet. [2/15]
2025-08-18 10:19:02,656 [INFO] MainUpdater:2872 - connection check result : 10
2025-08-18 10:19:02,656 [INFO] MainUpdater:3604 - Updater definition file requires update
2025-08-18 10:19:02,657 [INFO] MainUpdater:289 - Updater Check For Update Now.
2025-08-18 10:19:02,657 [INFO] MicroXplorer:498 - Change Database Version : DB.6.0.150
2025-08-18 10:19:02,661 [INFO] McuFinderGlobals:63 - Set McuFinder mode to 2 (CubeIDE integrated)
2025-08-18 10:19:02,662 [INFO] UserAuth:487 - Internet connection configuration mode: 1
2025-08-18 10:19:02,675 [INFO] JxBrowserEngine:152 - Initiate JxBrowser Engine with user profile folder
2025-08-18 10:19:04,018 [WARN] MainUpdater:1193 - Updater busy. Cannot search thirdparties
2025-08-18 10:19:04,018 [INFO] ThirdPartyUpdaterWithRetryManager:96 - Updater plugin is busy. [1/15]
2025-08-18 10:19:04,102 [INFO] WebApp:169 - Instantiating new browser for Auth
2025-08-18 10:19:04,646 [INFO] WebApp:463 - Apply proxy settings
2025-08-18 10:19:04,646 [INFO] WebApp:548 - Chromium requires no authentication
2025-08-18 10:19:04,655 [INFO] WebApp:491 - Direct internet connection detected
2025-08-18 10:19:04,679 [INFO] WebApp:900 - Register for checkConnection events
2025-08-18 10:19:04,679 [INFO] WebApp:463 - Apply proxy settings
2025-08-18 10:19:04,679 [INFO] WebApp:548 - Chromium requires no authentication
2025-08-18 10:19:04,679 [INFO] WebApp:491 - Direct internet connection detected
2025-08-18 10:19:04,822 [INFO] WebApp:225 - Starting web application
2025-08-18 10:19:04,822 [INFO] WebApp:593 - Web application path used C:\ST\STM32CubeIDE_1.19.0\STM32CubeIDE\plugins\com.st.stm32cube.common.mx_6.15.0.202507011659\db\plugins\mcufinder\reactClient1\index.html
2025-08-18 10:19:04,885 [INFO] UserAuth:487 - Internet connection configuration mode: 1
2025-08-18 10:19:05,113 [ERROR] ConfigurationRetriever:142 - IOException on connection: Read timed out
2025-08-18 10:19:07,018 [WARN] MainUpdater:1193 - Updater busy. Cannot search thirdparties
2025-08-18 10:19:07,018 [INFO] ThirdPartyUpdaterWithRetryManager:96 - Updater plugin is busy. [2/15]
2025-08-18 10:19:10,020 [WARN] MainUpdater:1193 - Updater busy. Cannot search thirdparties
2025-08-18 10:19:10,021 [INFO] ThirdPartyUpdaterWithRetryManager:96 - Updater plugin is busy. [3/15]
2025-08-18 10:19:10,130 [INFO] WebApp:191 - Connection restablished
2025-08-18 10:19:13,022 [WARN] MainUpdater:1193 - Updater busy. Cannot search thirdparties
2025-08-18 10:19:13,022 [INFO] ThirdPartyUpdaterWithRetryManager:96 - Updater plugin is busy. [4/15]
2025-08-18 10:19:16,023 [WARN] MainUpdater:1193 - Updater busy. Cannot search thirdparties
2025-08-18 10:19:16,025 [INFO] ThirdPartyUpdaterWithRetryManager:96 - Updater plugin is busy. [5/15]
2025-08-18 10:19:19,026 [WARN] MainUpdater:1193 - Updater busy. Cannot search thirdparties
2025-08-18 10:19:19,027 [INFO] ThirdPartyUpdaterWithRetryManager:96 - Updater plugin is busy. [6/15]
2025-08-18 10:19:22,028 [WARN] MainUpdater:1193 - Updater busy. Cannot search thirdparties
2025-08-18 10:19:22,029 [INFO] ThirdPartyUpdaterWithRetryManager:96 - Updater plugin is busy. [7/15]
2025-08-18 10:19:23,365 [INFO] ServerAccessManage:452 - Complete download http(s) 200
2025-08-18 10:19:23,366 [INFO] ServerAccessManage:509 - Download File updaters.zip
2025-08-18 10:19:25,029 [WARN] MainUpdater:1193 - Updater busy. Cannot search thirdparties
2025-08-18 10:19:25,029 [INFO] ThirdPartyUpdaterWithRetryManager:96 - Updater plugin is busy. [8/15]
2025-08-18 10:19:28,030 [WARN] MainUpdater:1193 - Updater busy. Cannot search thirdparties
2025-08-18 10:19:28,031 [INFO] ThirdPartyUpdaterWithRetryManager:96 - Updater plugin is busy. [9/15]
2025-08-18 10:19:31,034 [WARN] MainUpdater:1193 - Updater busy. Cannot search thirdparties
2025-08-18 10:19:31,034 [INFO] ThirdPartyUpdaterWithRetryManager:96 - Updater plugin is busy. [10/15]
2025-08-18 10:19:34,035 [WARN] MainUpdater:1193 - Updater busy. Cannot search thirdparties
2025-08-18 10:19:34,035 [INFO] ThirdPartyUpdaterWithRetryManager:96 - Updater plugin is busy. [11/15]
2025-08-18 10:19:37,036 [WARN] MainUpdater:1193 - Updater busy. Cannot search thirdparties
2025-08-18 10:19:37,036 [INFO] ThirdPartyUpdaterWithRetryManager:96 - Updater plugin is busy. [12/15]
2025-08-18 10:19:40,037 [WARN] MainUpdater:1193 - Updater busy. Cannot search thirdparties
2025-08-18 10:19:40,038 [INFO] ThirdPartyUpdaterWithRetryManager:96 - Updater plugin is busy. [13/15]
2025-08-18 10:19:43,039 [WARN] MainUpdater:1193 - Updater busy. Cannot search thirdparties
2025-08-18 10:19:43,040 [INFO] ThirdPartyUpdaterWithRetryManager:96 - Updater plugin is busy. [14/15]
2025-08-18 10:19:46,040 [WARN] MainUpdater:1193 - Updater busy. Cannot search thirdparties
2025-08-18 10:19:46,041 [INFO] ThirdPartyUpdaterWithRetryManager:96 - Updater plugin is busy. [15/15]
2025-08-18 10:19:46,042 [ERROR] IntegrityCheckThread:130 - Cannot retrieve database content from updater: error -1
2025-08-18 10:19:46,044 [INFO] ThirdParty:978 - Integrity check success = false
2025-08-18 10:19:46,044 [INFO] IntegrityCheckThread:100 - exiting critical section [integrity check]
2025-08-18 10:19:46,044 [INFO] IntegrityCheckThread:103 - End integrity checks thread
2025-08-18 10:20:03,421 [ERROR] ConfigurationRetriever:142 - IOException on connection: Read timed out
2025-08-18 10:20:05,817 [ERROR] ConfigurationRetriever:142 - IOException on connection: Read timed out
2025-08-18 10:20:08,128 [ERROR] ConfigurationRetriever:142 - IOException on connection: Read timed out
2025-08-18 10:21:06,843 [INFO] FileExtend:248 - Unzip File : updaters.zip
2025-08-18 10:21:06,843 [INFO] FileExtend:263 - Standard Zip Deflate
2025-08-18 10:21:21,109 [INFO] ServerAccessManage:452 - Complete download http(s) 200
2025-08-18 10:21:21,109 [INFO] ServerAccessManage:509 - Download File PacksControlFlags.xml
2025-08-18 10:21:36,932 [ERROR] ConfigurationRetriever:142 - IOException on connection: Read timed out
2025-08-18 10:21:41,520 [INFO] ServerAccessManage:452 - Complete download http(s) 200
2025-08-18 10:21:41,520 [INFO] ServerAccessManage:509 - Download File cubemx.pidx
2025-08-18 10:21:41,660 [INFO] LoadServerUpdatesThread:375 - End of LoadServerUpdate Thread
2025-08-18 10:21:41,799 [INFO] CheckServerUpdateThread:120 - End of CheckServer Thread
2025-08-18 10:26:48,778 [INFO] WebApp:194 - Connection lost
2025-08-18 10:26:52,879 [INFO] WebApp:191 - Connection restablished
2025-08-18 10:26:54,626 [INFO] WebApp:194 - Connection lost
2025-08-18 10:26:54,881 [INFO] WebApp:191 - Connection restablished
2025-08-18 15:56:19,155 [INFO] Activator:176 - 


2025-08-18 15:56:19,157 [INFO] Activator:177 - !SESSION log4j initialized
2025-08-18 15:56:22,700 [INFO] LogOutputStream:77 - [STDOUT_REDIRECT] 
2025-08-18 15:56:23,528 [INFO] ApplicationProperties:184 - Using Application install path: C:\ST\STM32CubeIDE_1.19.0\STM32CubeIDE\plugins\com.st.stm32cube.common.mx_6.15.0.202507011659
2025-08-18 15:56:23,563 [INFO] DbMcusXml:78 - Set database path to: C:\ST\STM32CubeIDE_1.19.0\STM32CubeIDE\plugins\com.st.stm32cube.common.mx_6.15.0.202507011659\\db\/mcu/
2025-08-18 15:56:23,563 [INFO] ApiDb:274 - Set plugin database path to: C:\ST\STM32CubeIDE_1.19.0\STM32CubeIDE\plugins\com.st.stm32cube.common.mx_6.15.0.202507011659\\db\/plugins/boardmanager/
2025-08-18 15:56:23,563 [WARN] ApiDb:259 - Overriding images path with different value:  => C:\ST\STM32CubeIDE_1.19.0\STM32CubeIDE\plugins\com.st.stm32cube.common.mx_6.15.0.202507011659\\db\/plugins/mcufinder/images/
2025-08-18 15:56:23,583 [INFO] ApiDb:250 - Set database path to: C:\Users\User\.stmcufinder\plugins\mcufinder//mcu/
2025-08-18 15:56:23,587 [INFO] DbMcusAds:125 - Set database path to: C:\Users\User\.stmcufinder\plugins\mcufinder//mcu/
2025-08-18 15:56:23,590 [INFO] CrossReferenceDbSqlite:203 - Set database path to: C:\Users\User\.stmcufinder\plugins\mcufinder//mcu/cs/
2025-08-18 15:56:23,759 [INFO] RulesReader:64 - Compatibility file has been processed (317 Rules)
2025-08-18 15:56:23,813 [INFO] DbMcusXml:78 - Set database path to: C:\ST\STM32CubeIDE_1.19.0\STM32CubeIDE\plugins\com.st.stm32cube.common.mx_6.15.0.202507011659\\db\/mcu/
2025-08-18 15:56:23,813 [INFO] ApiDb:274 - Set plugin database path to: C:\ST\STM32CubeIDE_1.19.0\STM32CubeIDE\plugins\com.st.stm32cube.common.mx_6.15.0.202507011659\\db\/plugins/boardmanager/
2025-08-18 15:56:23,813 [INFO] ApiDb:261 - Set plugin images path to: C:\ST\STM32CubeIDE_1.19.0\STM32CubeIDE\plugins\com.st.stm32cube.common.mx_6.15.0.202507011659\\db\/plugins/mcufinder/images/
2025-08-18 15:56:23,813 [WARN] DbFile:41 - Overriding database path with different value: C:\Users\User\.stmcufinder\plugins\mcufinder/ => C:\Users\User\.stmcufinder\plugins\mcufinder
2025-08-18 15:56:23,813 [INFO] ApiDb:250 - Set database path to: C:\Users\User\.stmcufinder\plugins\mcufinder//mcu/
2025-08-18 15:56:23,813 [WARN] DbFile:41 - Overriding database path with different value: C:\Users\User\.stmcufinder\plugins\mcufinder/ => C:\Users\User\.stmcufinder\plugins\mcufinder
2025-08-18 15:56:23,813 [INFO] DbMcusAds:125 - Set database path to: C:\Users\User\.stmcufinder\plugins\mcufinder//mcu/
2025-08-18 15:56:23,814 [WARN] DbFile:41 - Overriding database path with different value: C:\Users\User\.stmcufinder\plugins\mcufinder/ => C:\Users\User\.stmcufinder\plugins\mcufinder
2025-08-18 15:56:23,814 [WARN] DbFile:41 - Overriding database path with different value: C:\Users\User\.stmcufinder\plugins\mcufinder/ => C:\Users\User\.stmcufinder\plugins\mcufinder
2025-08-18 15:56:23,814 [INFO] CrossReferenceDbSqlite:203 - Set database path to: C:\Users\User\.stmcufinder\plugins\mcufinder//mcu/cs/
2025-08-18 15:56:23,878 [INFO] MainPanel:274 - HeapMemory: 270532608
2025-08-18 15:56:23,974 [INFO] DbMcusXml:78 - Set database path to: C:\ST\STM32CubeIDE_1.19.0\STM32CubeIDE\plugins\com.st.stm32cube.common.mx_6.15.0.202507011659\\db\/mcu/
2025-08-18 15:56:23,974 [INFO] ApiDb:274 - Set plugin database path to: C:\ST\STM32CubeIDE_1.19.0\STM32CubeIDE\plugins\com.st.stm32cube.common.mx_6.15.0.202507011659\\db\/plugins/boardmanager/
2025-08-18 15:56:23,974 [INFO] ApiDb:261 - Set plugin images path to: C:\ST\STM32CubeIDE_1.19.0\STM32CubeIDE\plugins\com.st.stm32cube.common.mx_6.15.0.202507011659\\db\/plugins/mcufinder/images/
2025-08-18 15:56:23,975 [WARN] DbFile:41 - Overriding database path with different value: C:\Users\User\.stmcufinder\plugins\mcufinder/ => C:\Users\User\.stmcufinder\plugins\mcufinder
2025-08-18 15:56:23,975 [INFO] ApiDb:250 - Set database path to: C:\Users\User\.stmcufinder\plugins\mcufinder//mcu/
2025-08-18 15:56:23,975 [WARN] DbFile:41 - Overriding database path with different value: C:\Users\User\.stmcufinder\plugins\mcufinder/ => C:\Users\User\.stmcufinder\plugins\mcufinder
2025-08-18 15:56:23,975 [INFO] DbMcusAds:125 - Set database path to: C:\Users\User\.stmcufinder\plugins\mcufinder//mcu/
2025-08-18 15:56:23,975 [WARN] DbFile:41 - Overriding database path with different value: C:\Users\User\.stmcufinder\plugins\mcufinder/ => C:\Users\User\.stmcufinder\plugins\mcufinder
2025-08-18 15:56:23,975 [WARN] DbFile:41 - Overriding database path with different value: C:\Users\User\.stmcufinder\plugins\mcufinder/ => C:\Users\User\.stmcufinder\plugins\mcufinder
2025-08-18 15:56:23,975 [INFO] CrossReferenceDbSqlite:203 - Set database path to: C:\Users\User\.stmcufinder\plugins\mcufinder//mcu/cs/
2025-08-18 15:56:23,995 [INFO] ApplicationProperties:184 - Using Application install path: C:\ST\STM32CubeIDE_1.19.0\STM32CubeIDE\plugins\com.st.stm32cube.common.mx_6.15.0.202507011659
2025-08-18 15:56:23,997 [INFO] PluginManage:196 - Search for loadable plugins [exclusion list=, ]
2025-08-18 15:56:23,998 [INFO] PluginManage:310 - Check plugin analytics
2025-08-18 15:56:24,169 [INFO] AnalyticsPlugin:253 - Accepted Software Licenses: 
2025-08-18 15:56:24,169 [INFO] AnalyticsPlugin:255 - Accepted CMSIS Pack Licenses: 
2025-08-18 15:56:24,169 [INFO] AnalyticsPlugin:257 - Accepted Firmware Licenses: FW.WL.1.3.0,FW.H7.1.12.0
2025-08-18 15:56:24,172 [INFO] PluginManage:359 - Loaded plugin analytics (category:tool,tabindex:-1)
2025-08-18 15:56:24,172 [INFO] PluginManage:310 - Check plugin cadmodel
2025-08-18 15:56:24,178 [INFO] CADModel:105 - Init CAD model plugin
2025-08-18 15:56:24,178 [INFO] PluginManage:359 - Loaded plugin cadmodel (category:power,tabindex:5)
2025-08-18 15:56:24,178 [INFO] PluginManage:310 - Check plugin clock
2025-08-18 15:56:24,186 [INFO] PluginManage:359 - Loaded plugin clock (category:base,tabindex:2)
2025-08-18 15:56:24,187 [INFO] PluginManage:310 - Check plugin ddr
2025-08-18 15:56:24,189 [INFO] PluginManage:359 - Loaded plugin ddr (category:tool,tabindex:6)
2025-08-18 15:56:24,189 [INFO] PluginManage:310 - Check plugin filemanager
2025-08-18 15:56:24,344 [INFO] PluginManage:359 - Loaded plugin filemanager (category:base,tabindex:10)
2025-08-18 15:56:24,344 [INFO] PluginManage:310 - Check plugin ipmanager
2025-08-18 15:56:24,349 [INFO] PluginManage:359 - Loaded plugin ipmanager (category:base,tabindex:5)
2025-08-18 15:56:24,349 [INFO] PluginManage:310 - Check plugin lpbam
2025-08-18 15:56:24,357 [INFO] PluginManage:359 - Loaded plugin lpbam (category:base,tabindex:0)
2025-08-18 15:56:24,357 [INFO] PluginManage:310 - Check plugin memorymap
2025-08-18 15:56:24,373 [INFO] PluginManage:359 - Loaded plugin memorymap (category:base,tabindex:4)
2025-08-18 15:56:24,373 [INFO] PluginManage:310 - Check plugin pinoutandconfiguration
2025-08-18 15:56:24,383 [INFO] PluginManage:359 - Loaded plugin pinoutandconfiguration (category:base,tabindex:1)
2025-08-18 15:56:24,383 [INFO] PluginManage:310 - Check plugin pinoutconfig
2025-08-18 15:56:24,454 [WARN] SupportedApi:132 - Cannot load RTOS API schema: s4s-elt-must-match.1: The content of 'definitions' must match (annotation?, (simpleType | complexType)?, (unique | key | keyref)*)). A problem was found starting at: attribute.
2025-08-18 15:56:24,634 [INFO] PluginManage:359 - Loaded plugin pinoutconfig (category:base,tabindex:0)
2025-08-18 15:56:24,634 [INFO] PluginManage:310 - Check plugin power
2025-08-18 15:56:24,647 [INFO] PluginManage:359 - Loaded plugin power (category:power,tabindex:4)
2025-08-18 15:56:24,647 [INFO] PluginManage:310 - Check plugin projectmanager
2025-08-18 15:56:24,661 [INFO] PluginManage:359 - Loaded plugin projectmanager (category:projectmanager,tabindex:4)
2025-08-18 15:56:24,661 [INFO] PluginManage:310 - Check plugin rif
2025-08-18 15:56:24,668 [INFO] PluginManage:359 - Loaded plugin rif (category:base,tabindex:3)
2025-08-18 15:56:24,669 [INFO] PluginManage:310 - Check plugin thirdparty
2025-08-18 15:56:24,774 [INFO] PluginManage:359 - Loaded plugin thirdparty (category:base,tabindex:-1)
2025-08-18 15:56:24,775 [INFO] PluginManage:310 - Check plugin tools
2025-08-18 15:56:24,775 [WARN] IntegrityCheckThread:84 - waiting for thirdparty lock release [integrity check]
2025-08-18 15:56:24,775 [INFO] IntegrityCheckThread:86 - entering critical section [integrity check]
2025-08-18 15:56:24,775 [INFO] ThirdPartyUpdaterWithRetryManager:70 - Updater plugin not ready yet. [1/15]
2025-08-18 15:56:24,777 [INFO] PluginManage:359 - Loaded plugin tools (category:base,tabindex:7)
2025-08-18 15:56:24,777 [INFO] PluginManage:310 - Check plugin tutovideos
2025-08-18 15:56:24,947 [INFO] PluginManage:359 - Loaded plugin tutovideos (category:base,tabindex:-1)
2025-08-18 15:56:24,947 [INFO] PluginManage:310 - Check plugin updater
2025-08-18 15:56:24,966 [INFO] PluginManage:359 - Loaded plugin updater (category:base,tabindex:12)
2025-08-18 15:56:24,966 [INFO] PluginManage:310 - Check plugin userauth
2025-08-18 15:56:24,969 [INFO] UserAuth:118 - Init User Auth plugin
2025-08-18 15:56:24,970 [INFO] PluginManage:359 - Loaded plugin userauth (category:base,tabindex:14)
2025-08-18 15:56:24,970 [INFO] PluginManage:283 - PluginManage : Loaded plugins [18]
2025-08-18 15:56:25,131 [INFO] PinOutPanel:1589 - setPackage(No Configuration,No Configuration)
2025-08-18 15:56:25,193 [INFO] CADModel:165 - CPN selected for project level
2025-08-18 15:56:25,193 [INFO] CADModel:114 - Register for checkConnection events
2025-08-18 15:56:25,207 [INFO] IPUIPlugin:80 - create IPUIPlugin
2025-08-18 15:56:25,207 [INFO] PluginManager:220 - loadIPPluginJar : add adc
2025-08-18 15:56:25,209 [INFO] IPUIPlugin:80 - create IPUIPlugin
2025-08-18 15:56:25,209 [INFO] PluginManager:220 - loadIPPluginJar : add aes
2025-08-18 15:56:25,212 [INFO] IPUIPlugin:80 - create IPUIPlugin
2025-08-18 15:56:25,212 [INFO] PluginManager:220 - loadIPPluginJar : add can
2025-08-18 15:56:25,214 [INFO] IPUIPlugin:80 - create IPUIPlugin
2025-08-18 15:56:25,214 [INFO] PluginManager:220 - loadIPPluginJar : add comp
2025-08-18 15:56:25,216 [INFO] IPUIPlugin:80 - create IPUIPlugin
2025-08-18 15:56:25,216 [INFO] PluginManager:220 - loadIPPluginJar : add cryp
2025-08-18 15:56:25,219 [INFO] IPUIPlugin:80 - create IPUIPlugin
2025-08-18 15:56:25,219 [INFO] PluginManager:220 - loadIPPluginJar : add ddr_ctrl_phy
2025-08-18 15:56:25,221 [INFO] IPUIPlugin:80 - create IPUIPlugin
2025-08-18 15:56:25,221 [INFO] PluginManager:220 - loadIPPluginJar : add dfsdm
2025-08-18 15:56:25,225 [INFO] IPUIPlugin:80 - create IPUIPlugin
2025-08-18 15:56:25,226 [INFO] PluginManager:220 - loadIPPluginJar : add dma
2025-08-18 15:56:25,228 [INFO] IPUIPlugin:80 - create IPUIPlugin
2025-08-18 15:56:25,229 [INFO] PluginManager:220 - loadIPPluginJar : add dma3
2025-08-18 15:56:25,231 [INFO] IPUIPlugin:80 - create IPUIPlugin
2025-08-18 15:56:25,231 [INFO] PluginManager:220 - loadIPPluginJar : add extmemmanager
2025-08-18 15:56:25,232 [INFO] IPUIPlugin:80 - create IPUIPlugin
2025-08-18 15:56:25,232 [INFO] PluginManager:220 - loadIPPluginJar : add fatfs
2025-08-18 15:56:25,235 [INFO] IPUIPlugin:80 - create IPUIPlugin
2025-08-18 15:56:25,235 [INFO] PluginManager:220 - loadIPPluginJar : add fmc
2025-08-18 15:56:25,240 [INFO] IPUIPlugin:80 - create IPUIPlugin
2025-08-18 15:56:25,240 [INFO] PluginManager:220 - loadIPPluginJar : add freertos
2025-08-18 15:56:25,241 [INFO] IPUIPlugin:80 - create IPUIPlugin
2025-08-18 15:56:25,241 [INFO] PluginManager:220 - loadIPPluginJar : add genericplugin
2025-08-18 15:56:25,243 [INFO] IPUIPlugin:80 - create IPUIPlugin
2025-08-18 15:56:25,243 [INFO] PluginManager:220 - loadIPPluginJar : add gfxmmu
2025-08-18 15:56:25,246 [INFO] IPUIPlugin:80 - create IPUIPlugin
2025-08-18 15:56:25,247 [INFO] PluginManager:220 - loadIPPluginJar : add gic
2025-08-18 15:56:25,250 [INFO] IPUIPlugin:80 - create IPUIPlugin
2025-08-18 15:56:25,250 [INFO] PluginManager:220 - loadIPPluginJar : add gpio
2025-08-18 15:56:25,252 [INFO] IPUIPlugin:80 - create IPUIPlugin
2025-08-18 15:56:25,252 [INFO] PluginManager:220 - loadIPPluginJar : add gtzc
2025-08-18 15:56:25,253 [INFO] IPUIPlugin:80 - create IPUIPlugin
2025-08-18 15:56:25,253 [INFO] PluginManager:220 - loadIPPluginJar : add hash
2025-08-18 15:56:25,255 [INFO] IPUIPlugin:80 - create IPUIPlugin
2025-08-18 15:56:25,255 [INFO] PluginManager:220 - loadIPPluginJar : add i2c
2025-08-18 15:56:25,258 [INFO] IPUIPlugin:80 - create IPUIPlugin
2025-08-18 15:56:25,258 [INFO] PluginManager:220 - loadIPPluginJar : add i2s
2025-08-18 15:56:25,260 [INFO] IPUIPlugin:80 - create IPUIPlugin
2025-08-18 15:56:25,260 [INFO] PluginManager:220 - loadIPPluginJar : add i3c
2025-08-18 15:56:25,263 [INFO] IPUIPlugin:80 - create IPUIPlugin
2025-08-18 15:56:25,263 [INFO] PluginManager:220 - loadIPPluginJar : add ipddr
2025-08-18 15:56:25,268 [INFO] IPUIPlugin:80 - create IPUIPlugin
2025-08-18 15:56:25,268 [INFO] PluginManager:220 - loadIPPluginJar : add linkedlist
2025-08-18 15:56:25,270 [INFO] IPUIPlugin:80 - create IPUIPlugin
2025-08-18 15:56:25,270 [INFO] PluginManager:220 - loadIPPluginJar : add lorawan
2025-08-18 15:56:25,271 [INFO] IPUIPlugin:80 - create IPUIPlugin
2025-08-18 15:56:25,271 [INFO] PluginManager:220 - loadIPPluginJar : add ltdc
2025-08-18 15:56:25,275 [INFO] IPUIPlugin:80 - create IPUIPlugin
2025-08-18 15:56:25,275 [INFO] PluginManager:220 - loadIPPluginJar : add mdma
2025-08-18 15:56:25,278 [INFO] IPUIPlugin:80 - create IPUIPlugin
2025-08-18 15:56:25,278 [INFO] PluginManager:220 - loadIPPluginJar : add nvic
2025-08-18 15:56:25,280 [INFO] IPUIPlugin:80 - create IPUIPlugin
2025-08-18 15:56:25,281 [INFO] PluginManager:220 - loadIPPluginJar : add opamp
2025-08-18 15:56:25,283 [INFO] IPUIPlugin:80 - create IPUIPlugin
2025-08-18 15:56:25,284 [INFO] PluginManager:220 - loadIPPluginJar : add openamp
2025-08-18 15:56:25,287 [INFO] IPUIPlugin:80 - create IPUIPlugin
2025-08-18 15:56:25,287 [INFO] PluginManager:220 - loadIPPluginJar : add pdm2pcm
2025-08-18 15:56:25,294 [INFO] IPUIPlugin:80 - create IPUIPlugin
2025-08-18 15:56:25,297 [INFO] PluginManager:220 - loadIPPluginJar : add plateformsettings
2025-08-18 15:56:25,299 [INFO] IPUIPlugin:80 - create IPUIPlugin
2025-08-18 15:56:25,299 [INFO] PluginManager:220 - loadIPPluginJar : add quadspi
2025-08-18 15:56:25,301 [INFO] IPUIPlugin:80 - create IPUIPlugin
2025-08-18 15:56:25,301 [INFO] PluginManager:220 - loadIPPluginJar : add radio
2025-08-18 15:56:25,304 [INFO] IPUIPlugin:80 - create IPUIPlugin
2025-08-18 15:56:25,305 [INFO] PluginManager:220 - loadIPPluginJar : add resmgrutility
2025-08-18 15:56:25,307 [INFO] IPUIPlugin:80 - create IPUIPlugin
2025-08-18 15:56:25,307 [INFO] PluginManager:220 - loadIPPluginJar : add sai
2025-08-18 15:56:25,309 [INFO] IPUIPlugin:80 - create IPUIPlugin
2025-08-18 15:56:25,310 [INFO] PluginManager:220 - loadIPPluginJar : add spi
2025-08-18 15:56:25,316 [INFO] IPUIPlugin:80 - create IPUIPlugin
2025-08-18 15:56:25,316 [INFO] PluginManager:220 - loadIPPluginJar : add stm32_wpan
2025-08-18 15:56:25,318 [INFO] IPUIPlugin:80 - create IPUIPlugin
2025-08-18 15:56:25,318 [INFO] PluginManager:220 - loadIPPluginJar : add tim
2025-08-18 15:56:25,321 [INFO] IPUIPlugin:80 - create IPUIPlugin
2025-08-18 15:56:25,321 [INFO] PluginManager:220 - loadIPPluginJar : add touchsensing
2025-08-18 15:56:25,323 [INFO] IPUIPlugin:80 - create IPUIPlugin
2025-08-18 15:56:25,323 [INFO] PluginManager:220 - loadIPPluginJar : add tracer_emb
2025-08-18 15:56:25,326 [INFO] IPUIPlugin:80 - create IPUIPlugin
2025-08-18 15:56:25,326 [INFO] PluginManager:220 - loadIPPluginJar : add ts
2025-08-18 15:56:25,328 [INFO] IPUIPlugin:80 - create IPUIPlugin
2025-08-18 15:56:25,328 [INFO] PluginManager:220 - loadIPPluginJar : add tsc
2025-08-18 15:56:25,329 [INFO] IPUIPlugin:80 - create IPUIPlugin
2025-08-18 15:56:25,329 [INFO] PluginManager:220 - loadIPPluginJar : add ucpd
2025-08-18 15:56:25,332 [INFO] IPUIPlugin:80 - create IPUIPlugin
2025-08-18 15:56:25,332 [INFO] PluginManager:220 - loadIPPluginJar : add usart
2025-08-18 15:56:25,335 [INFO] IPUIPlugin:80 - create IPUIPlugin
2025-08-18 15:56:25,336 [INFO] PluginManager:220 - loadIPPluginJar : add usbx
2025-08-18 15:56:25,445 [FATAL] Updater:351 - Updater called before beeing initialized
2025-08-18 15:56:25,484 [INFO] RulesReader:64 - Compatibility file has been processed (317 Rules)
2025-08-18 15:56:25,502 [INFO] RulesReader:64 - Compatibility file has been processed (317 Rules)
2025-08-18 15:56:25,520 [INFO] CADModel:165 - CPN selected for project level
2025-08-18 15:56:25,520 [INFO] CADModel:114 - Register for checkConnection events
2025-08-18 15:56:25,521 [FATAL] Updater:351 - Updater called before beeing initialized
2025-08-18 15:56:25,521 [ERROR] CADModel:125 - Updater not yet initialized, retry later 
2025-08-18 15:56:25,635 [FATAL] Updater:351 - Updater called before beeing initialized
2025-08-18 15:56:25,637 [INFO] CADModel:165 - CPN selected for project level
2025-08-18 15:56:25,637 [INFO] CADModel:114 - Register for checkConnection events
2025-08-18 15:56:25,637 [FATAL] Updater:351 - Updater called before beeing initialized
2025-08-18 15:56:25,637 [ERROR] CADModel:125 - Updater not yet initialized, retry later 
2025-08-18 15:56:25,639 [FATAL] Updater:351 - Updater called before beeing initialized
2025-08-18 15:56:25,709 [FATAL] Updater:351 - Updater called before beeing initialized
2025-08-18 15:56:25,711 [INFO] DbMcusAds:53 - JSON generation date=Tue Jul 08 13:44:23 IST 2025 (1751962463562)
2025-08-18 15:56:25,712 [FATAL] Updater:351 - Updater called before beeing initialized
2025-08-18 15:56:25,742 [WARN] DetailPanel:346 - Failed to get advertising image, set to default
2025-08-18 15:56:25,808 [FATAL] Updater:351 - Updater called before beeing initialized
2025-08-18 15:56:25,809 [FATAL] Updater:351 - Updater called before beeing initialized
2025-08-18 15:56:25,809 [FATAL] Updater:351 - Updater called before beeing initialized
2025-08-18 15:56:25,809 [WARN] DetailPanel:346 - Failed to get advertising image, set to default
2025-08-18 15:56:25,810 [FATAL] Updater:351 - Updater called before beeing initialized
2025-08-18 15:56:25,846 [ERROR] Updater:1198 - MainUpdater not yet initialized. External WinMGr cannot be set.
2025-08-18 15:56:25,848 [INFO] Updater:1134 - Updater Version found : 6.15.0
2025-08-18 15:56:25,862 [INFO] ApplicationProperties:184 - Using Application install path: C:\ST\STM32CubeIDE_1.19.0\STM32CubeIDE\plugins\com.st.stm32cube.common.mx_6.15.0.202507011659
2025-08-18 15:56:27,442 [ERROR] LogOutputStream:75 - [STDERR_REDIRECT] Aug 18, 2025 3:56:27 PM java.util.prefs.WindowsPreferences <init>
2025-08-18 15:56:27,444 [ERROR] LogOutputStream:75 - [STDERR_REDIRECT] WARNING: Could not open/create prefs root node Software\JavaSoft\Prefs at root 0xffffffff80000002. Windows RegCreateKeyEx(...) returned error code 5.
2025-08-18 15:56:27,444 [ERROR] LogOutputStream:75 - [STDERR_REDIRECT] 
2025-08-18 15:56:27,777 [INFO] ThirdPartyUpdaterWithRetryManager:70 - Updater plugin not ready yet. [2/15]
2025-08-18 15:56:27,814 [INFO] MainUpdater:2872 - connection check result : 10
2025-08-18 15:56:27,815 [INFO] MainUpdater:289 - Updater Check For Update Now.
2025-08-18 15:56:27,815 [INFO] MicroXplorer:498 - Change Database Version : DB.6.0.150
2025-08-18 15:56:27,829 [INFO] McuFinderGlobals:63 - Set McuFinder mode to 2 (CubeIDE integrated)
2025-08-18 15:56:27,830 [INFO] UserAuth:487 - Internet connection configuration mode: 1
2025-08-18 15:56:27,872 [INFO] JxBrowserEngine:152 - Initiate JxBrowser Engine with user profile folder
2025-08-18 15:56:27,994 [INFO] CheckServerUpdateThread:120 - End of CheckServer Thread
2025-08-18 15:56:29,022 [INFO] WebApp:169 - Instantiating new browser for Auth
2025-08-18 15:56:29,609 [INFO] WebApp:463 - Apply proxy settings
2025-08-18 15:56:29,610 [INFO] WebApp:548 - Chromium requires no authentication
2025-08-18 15:56:29,617 [INFO] WebApp:491 - Direct internet connection detected
2025-08-18 15:56:29,636 [INFO] WebApp:900 - Register for checkConnection events
2025-08-18 15:56:29,636 [INFO] WebApp:463 - Apply proxy settings
2025-08-18 15:56:29,636 [INFO] WebApp:548 - Chromium requires no authentication
2025-08-18 15:56:29,637 [INFO] WebApp:491 - Direct internet connection detected
2025-08-18 15:56:29,768 [INFO] WebApp:225 - Starting web application
2025-08-18 15:56:29,768 [INFO] WebApp:593 - Web application path used C:\ST\STM32CubeIDE_1.19.0\STM32CubeIDE\plugins\com.st.stm32cube.common.mx_6.15.0.202507011659\db\plugins\mcufinder\reactClient1\index.html
2025-08-18 15:56:29,829 [INFO] UserAuth:487 - Internet connection configuration mode: 1
2025-08-18 15:56:30,116 [INFO] WebApp:191 - Connection restablished
2025-08-18 15:56:30,911 [WARN] PackLoader:240 - Cannot read IP mode file for STMicroelectronics.FP-SNS-MOTENVWB1.1.4.0
2025-08-18 15:56:30,916 [WARN] PackLoader:240 - Cannot read IP mode file for STMicroelectronics.FP-ATR-ASTRA1.2.0.2
2025-08-18 15:56:30,923 [WARN] PackLoader:240 - Cannot read IP mode file for STMicroelectronics.X-CUBE-SMBUS.2.1.0
2025-08-18 15:56:30,927 [WARN] PackLoader:240 - Cannot read IP mode file for STMicroelectronics.X-CUBE-ST60.1.0.0
2025-08-18 15:56:30,961 [WARN] PackLoader:240 - Cannot read IP mode file for STMicroelectronics.X-CUBE-AZRTOS-F7.1.1.0
2025-08-18 15:56:31,016 [WARN] PackLoader:240 - Cannot read IP mode file for Infineon.AIROC-Wi-Fi-Bluetooth-STM32.1.7.1
2025-08-18 15:56:31,047 [WARN] PackLoader:240 - Cannot read IP mode file for STMicroelectronics.X-CUBE-AZRTOS-H7.3.4.0
2025-08-18 15:56:31,054 [WARN] PackLoader:240 - Cannot read IP mode file for STMicroelectronics.X-CUBE-DISPLAY.3.0.0
2025-08-18 15:56:31,062 [WARN] PackLoader:240 - Cannot read IP mode file for STMicroelectronics.X-CUBE-NFC10.1.0.0
2025-08-18 15:56:31,066 [WARN] PackLoader:240 - Cannot read IP mode file for emotas.I-CUBE-CANOPEN.1.3.0
2025-08-18 15:56:31,071 [WARN] PackLoader:240 - Cannot read IP mode file for STMicroelectronics.FP-SNS-STBOX1.2.1.0
2025-08-18 15:56:31,075 [WARN] PackLoader:240 - Cannot read IP mode file for STMicroelectronics.FP-SNS-SMARTAG2.1.2.0
2025-08-18 15:56:31,078 [WARN] PackLoader:240 - Cannot read IP mode file for STMicroelectronics.FP-SNS-FLIGHT1.5.1.0
2025-08-18 15:56:31,083 [INFO] LogOutputStream:77 - [STDOUT_REDIRECT] 1 : Invalid condition id : UX_CORESTACK_Condition cause : null
2025-08-18 15:56:31,084 [INFO] LogOutputStream:77 - [STDOUT_REDIRECT] 1 : Invalid condition id : UX_CORESTACK_Condition cause : null
2025-08-18 15:56:31,084 [INFO] LogOutputStream:77 - [STDOUT_REDIRECT] 1 : Invalid condition id : UX_CORESTACK_Condition cause : null
2025-08-18 15:56:31,085 [INFO] LogOutputStream:77 - [STDOUT_REDIRECT] 1 : Invalid condition id : UX_CORESTACK_Condition cause : null
2025-08-18 15:56:31,085 [INFO] LogOutputStream:77 - [STDOUT_REDIRECT] 1 : Invalid condition id : UX_CORESTACK_Condition cause : null
2025-08-18 15:56:31,087 [WARN] PackLoader:240 - Cannot read IP mode file for STMicroelectronics.X-CUBE-AZRTOS-WL.2.0.0
2025-08-18 15:56:31,091 [WARN] PackLoader:240 - Cannot read IP mode file for STMicroelectronics.FP-SNS-MOTENV1.5.0.0
2025-08-18 15:56:31,096 [WARN] PackLoader:240 - Cannot read IP mode file for WES.I-CUBE-Cesium.1.3.0
2025-08-18 15:56:31,099 [WARN] PackLoader:240 - Cannot read IP mode file for STMicroelectronics.X-CUBE-BLE2.3.3.0
2025-08-18 15:56:31,108 [WARN] PackLoader:240 - Cannot read IP mode file for STMicroelectronics.X-CUBE-NFC9.1.0.0
2025-08-18 15:56:31,113 [WARN] PackLoader:240 - Cannot read IP mode file for wolfSSL.I-CUBE-wolfSSL.5.8.0
2025-08-18 15:56:31,116 [WARN] PackLoader:240 - Cannot read IP mode file for STMicroelectronics.X-CUBE-BLE1.7.1.0
2025-08-18 15:56:31,119 [WARN] PackLoader:240 - Cannot read IP mode file for wolfSSL.I-CUBE-wolfMQTT.1.19.2
2025-08-18 15:56:31,123 [WARN] PackLoader:240 - Cannot read IP mode file for STMicroelectronics.X-CUBE-EEPRMA1.5.2.0
2025-08-18 15:56:31,127 [WARN] PackLoader:240 - Cannot read IP mode file for STMicroelectronics.X-CUBE-AI.10.1.0
2025-08-18 15:56:31,134 [WARN] PackLoader:240 - Cannot read IP mode file for STMicroelectronics.X-CUBE-AZRTOS-G0.1.1.0
2025-08-18 15:56:31,138 [WARN] PackLoader:240 - Cannot read IP mode file for STMicroelectronics.X-CUBE-SAFEA1.1.2.2
2025-08-18 15:56:31,142 [WARN] PackLoader:240 - Cannot read IP mode file for STMicroelectronics.X-CUBE-NFC4.3.0.0
2025-08-18 15:56:31,147 [WARN] PackLoader:240 - Cannot read IP mode file for EmbeddedOffice.I-CUBE-FS-RTOS.1.0.1
2025-08-18 15:56:31,150 [WARN] PackLoader:240 - Cannot read IP mode file for STMicroelectronics.X-CUBE-WB05N.2.0.0
2025-08-18 15:56:31,153 [WARN] PackLoader:240 - Cannot read IP mode file for wolfSSL.I-CUBE-wolfTPM.3.8.0
2025-08-18 15:56:31,157 [WARN] PackLoader:240 - Cannot read IP mode file for STMicroelectronics.X-CUBE-TCPP.4.2.0
2025-08-18 15:56:31,161 [WARN] PackLoader:240 - Cannot read IP mode file for RealThread.X-CUBE-RT-Thread_Nano.4.1.1
2025-08-18 15:56:31,165 [WARN] PackLoader:240 - Cannot read IP mode file for STMicroelectronics.FP-ATR-SIGFOX1.3.2.0
2025-08-18 15:56:31,168 [WARN] PackLoader:240 - Cannot read IP mode file for ITTIA_DB.I-CUBE-ITTIADB.8.9.0
2025-08-18 15:56:31,172 [WARN] PackLoader:240 - Cannot read IP mode file for STMicroelectronics.X-CUBE-ST67W61.1.0.0
2025-08-18 15:56:31,175 [WARN] PackLoader:240 - Cannot read IP mode file for STMicroelectronics.X-CUBE-AI.10.2.0
2025-08-18 15:56:31,186 [WARN] PackLoader:240 - Cannot read IP mode file for SEGGER.I-CUBE-embOS.1.3.1
2025-08-18 15:56:31,206 [WARN] PackLoader:240 - Cannot read IP mode file for STMicroelectronics.X-CUBE-ALGOBUILD.1.4.0
2025-08-18 15:56:31,225 [WARN] PackLoader:240 - Cannot read IP mode file for STMicroelectronics.X-CUBE-MEMS1.11.3.0
2025-08-18 15:56:31,285 [WARN] PackLoader:240 - Cannot read IP mode file for STMicroelectronics.X-CUBE-PM33A1.1.0.0
2025-08-18 15:56:31,292 [WARN] PackLoader:240 - Cannot read IP mode file for STMicroelectronics.X-CUBE-AZRTOS-F4.1.1.0
2025-08-18 15:56:31,295 [WARN] PackLoader:240 - Cannot read IP mode file for Avnet-IotConnect.X-CUBE-IoTC-DA16k-PMOD.1.0.0
2025-08-18 15:56:31,297 [WARN] PackLoader:240 - Cannot read IP mode file for STMicroelectronics.X-CUBE-ISPU.2.1.0
2025-08-18 15:56:31,302 [WARN] PackLoader:240 - Cannot read IP mode file for STMicroelectronics.X-CUBE-NFC12.1.0.0
2025-08-18 15:56:31,310 [WARN] PackLoader:240 - Cannot read IP mode file for STMicroelectronics.X-CUBE-AZRTOS-L5.2.0.0
2025-08-18 15:56:31,315 [WARN] PackLoader:240 - Cannot read IP mode file for STMicroelectronics.X-CUBE-NFC6.3.1.0
2025-08-18 15:56:31,319 [WARN] PackLoader:240 - Cannot read IP mode file for STMicroelectronics.X-CUBE-FREERTOS.1.3.1
2025-08-18 15:56:31,322 [WARN] PackLoader:240 - Cannot read IP mode file for STMicroelectronics.FP-SNS-STAIOTCFT.1.0.0
2025-08-18 15:56:31,325 [WARN] PackLoader:240 - Cannot read IP mode file for STMicroelectronics.X-CUBE-DPower.1.3.0
2025-08-18 15:56:31,332 [WARN] ConditionMgr:438 - getConditionDescription Invalid condition id : LAN8742 Phy interface Condition cause : null
2025-08-18 15:56:31,332 [WARN] PackLoader:240 - Cannot read IP mode file for STMicroelectronics.X-CUBE-AZRTOS-L4.2.0.0
2025-08-18 15:56:31,333 [WARN] ConditionMgr:1044 - genDependencies : Invalid condition id : LAN8742 Phy interface Condition cause : null
2025-08-18 15:56:31,333 [WARN] ConditionMgr:1044 - genDependencies : Invalid condition id : LAN8742 Phy interface Condition cause : null
2025-08-18 15:56:31,333 [WARN] ConditionMgr:1044 - genDependencies : Invalid condition id : LAN8742 Phy interface Condition cause : null
2025-08-18 15:56:31,337 [WARN] PackLoader:240 - Cannot read IP mode file for STMicroelectronics.X-CUBE-SFXS2LP1.4.0.0
2025-08-18 15:56:31,348 [WARN] PackLoader:240 - Cannot read IP mode file for STMicroelectronics.X-CUBE-BLEMGR.4.1.0
2025-08-18 15:56:31,362 [WARN] ConditionMgr:438 - getConditionDescription Invalid condition id : UX DEVICE CLASS RTOS Condition cause : null
2025-08-18 15:56:31,362 [WARN] ConditionMgr:438 - getConditionDescription Invalid condition id : UX DEVICE CLASS RTOS Condition cause : null
2025-08-18 15:56:31,363 [WARN] PackLoader:240 - Cannot read IP mode file for STMicroelectronics.X-CUBE-AZRTOS-WB.2.0.0
2025-08-18 15:56:31,364 [WARN] ConditionMgr:1044 - genDependencies : Invalid condition id : UX DEVICE CLASS RTOS Condition cause : null
2025-08-18 15:56:31,364 [WARN] ConditionMgr:1044 - genDependencies : Invalid condition id : UX DEVICE CLASS RTOS Condition cause : null
2025-08-18 15:56:31,364 [WARN] ConditionMgr:1044 - genDependencies : Invalid condition id : UX DEVICE CLASS RTOS Condition cause : null
2025-08-18 15:56:31,364 [WARN] ConditionMgr:1044 - genDependencies : Invalid condition id : UX DEVICE CLASS RTOS Condition cause : null
2025-08-18 15:56:31,364 [WARN] ConditionMgr:1044 - genDependencies : Invalid condition id : UX DEVICE CLASS RTOS Condition cause : null
2025-08-18 15:56:31,369 [WARN] PackLoader:240 - Cannot read IP mode file for STMicroelectronics.X-CUBE-GNSS1.7.0.1
2025-08-18 15:56:31,374 [WARN] PackLoader:240 - Cannot read IP mode file for STMicroelectronics.X-CUBE-TOUCHGFX.4.25.0
2025-08-18 15:56:31,380 [WARN] PackLoader:240 - Cannot read IP mode file for STMicroelectronics.FP-SNS-STBOX1.2.0.0
2025-08-18 15:56:31,386 [WARN] ConditionMgr:438 - getConditionDescription Invalid condition id : Cortex-A Device cause : null
2025-08-18 15:56:31,403 [WARN] ConditionMgr:1044 - genDependencies : Invalid condition id : Cortex-A Device cause : null
2025-08-18 15:56:31,403 [WARN] ConditionMgr:1044 - genDependencies : Invalid condition id : Cortex-A Device cause : null
2025-08-18 15:56:31,403 [WARN] ConditionMgr:1044 - genDependencies : Invalid condition id : Cortex-A Device cause : null
2025-08-18 15:56:31,412 [WARN] PackLoader:240 - Cannot read IP mode file for STMicroelectronics.X-CUBE-SUBG2.5.0.0
2025-08-18 15:56:31,434 [WARN] PackLoader:240 - Cannot read IP mode file for STMicroelectronics.X-CUBE-AZRTOS-H7RS.1.1.0
2025-08-18 15:56:31,439 [WARN] PackLoader:240 - Cannot read IP mode file for Cesanta.I-CUBE-Mongoose.7.13.0
2025-08-18 15:56:31,448 [WARN] PackLoader:240 - Cannot read IP mode file for STMicroelectronics.X-CUBE-AZRTOS-G4.2.0.0
2025-08-18 15:56:31,452 [WARN] PackLoader:240 - Cannot read IP mode file for wolfSSL.I-CUBE-wolfSSH.1.4.20
2025-08-18 15:56:31,455 [WARN] PackLoader:240 - Cannot read IP mode file for STMicroelectronics.X-CUBE-NFC7.2.0.0
2025-08-18 15:56:31,463 [WARN] PackLoader:240 - Cannot read IP mode file for STMicroelectronics.X-CUBE-IPS.3.1.0
2025-08-18 15:56:31,469 [WARN] PackLoader:240 - Cannot read IP mode file for STMicroelectronics.X-CUBE-ALS.1.0.2
2025-08-18 15:56:31,473 [WARN] PackLoader:240 - Cannot read IP mode file for portGmbH.I-Cube-SoM-uGOAL.1.1.0
2025-08-18 15:56:31,479 [WARN] PackLoader:240 - Cannot read IP mode file for STMicroelectronics.X-CUBE-TOF1.3.4.3
2025-08-18 15:56:31,485 [INFO] ThirdParty:978 - Integrity check success = true
2025-08-18 15:56:31,485 [INFO] IntegrityCheckThread:100 - exiting critical section [integrity check]
2025-08-18 15:56:31,486 [INFO] IntegrityCheckThread:103 - End integrity checks thread
2025-08-18 15:57:00,118 [INFO] WebApp:194 - Connection lost
2025-08-18 15:57:00,393 [INFO] WebApp:191 - Connection restablished
2025-08-18 16:13:26,531 [ERROR] LogOutputStream:75 - [STDERR_REDIRECT] 
2025-08-18 16:13:26,536 [ERROR] LogOutputStream:75 - [STDERR_REDIRECT] 
