2025-08-04 09:31:04,335 [INFO] Activator:176 - 


2025-08-04 09:31:04,338 [INFO] Activator:177 - !SESSION log4j initialized
2025-08-04 09:31:08,032 [INFO] LogOutputStream:77 - [STDOUT_REDIRECT] 
2025-08-04 09:31:08,872 [INFO] ApplicationProperties:184 - Using Application install path: C:\ST\STM32CubeIDE_1.19.0\STM32CubeIDE\plugins\com.st.stm32cube.common.mx_6.15.0.202507011659
2025-08-04 09:31:08,890 [INFO] DbMcusXml:78 - Set database path to: C:\ST\STM32CubeIDE_1.19.0\STM32CubeIDE\plugins\com.st.stm32cube.common.mx_6.15.0.202507011659\\db\/mcu/
2025-08-04 09:31:08,891 [INFO] ApiDb:274 - Set plugin database path to: C:\ST\STM32CubeIDE_1.19.0\STM32CubeIDE\plugins\com.st.stm32cube.common.mx_6.15.0.202507011659\\db\/plugins/boardmanager/
2025-08-04 09:31:08,891 [WARN] ApiDb:259 - Overriding images path with different value:  => C:\ST\STM32CubeIDE_1.19.0\STM32CubeIDE\plugins\com.st.stm32cube.common.mx_6.15.0.202507011659\\db\/plugins/mcufinder/images/
2025-08-04 09:31:08,900 [INFO] ApiDb:250 - Set database path to: C:\Users\User\.stmcufinder\plugins\mcufinder//mcu/
2025-08-04 09:31:08,901 [INFO] DbMcusAds:125 - Set database path to: C:\Users\User\.stmcufinder\plugins\mcufinder//mcu/
2025-08-04 09:31:08,904 [INFO] CrossReferenceDbSqlite:203 - Set database path to: C:\Users\User\.stmcufinder\plugins\mcufinder//mcu/cs/
2025-08-04 09:31:08,998 [INFO] RulesReader:64 - Compatibility file has been processed (317 Rules)
2025-08-04 09:31:09,041 [INFO] DbMcusXml:78 - Set database path to: C:\ST\STM32CubeIDE_1.19.0\STM32CubeIDE\plugins\com.st.stm32cube.common.mx_6.15.0.202507011659\\db\/mcu/
2025-08-04 09:31:09,041 [INFO] ApiDb:274 - Set plugin database path to: C:\ST\STM32CubeIDE_1.19.0\STM32CubeIDE\plugins\com.st.stm32cube.common.mx_6.15.0.202507011659\\db\/plugins/boardmanager/
2025-08-04 09:31:09,041 [INFO] ApiDb:261 - Set plugin images path to: C:\ST\STM32CubeIDE_1.19.0\STM32CubeIDE\plugins\com.st.stm32cube.common.mx_6.15.0.202507011659\\db\/plugins/mcufinder/images/
2025-08-04 09:31:09,041 [WARN] DbFile:41 - Overriding database path with different value: C:\Users\User\.stmcufinder\plugins\mcufinder/ => C:\Users\User\.stmcufinder\plugins\mcufinder
2025-08-04 09:31:09,041 [INFO] ApiDb:250 - Set database path to: C:\Users\User\.stmcufinder\plugins\mcufinder//mcu/
2025-08-04 09:31:09,041 [WARN] DbFile:41 - Overriding database path with different value: C:\Users\User\.stmcufinder\plugins\mcufinder/ => C:\Users\User\.stmcufinder\plugins\mcufinder
2025-08-04 09:31:09,041 [INFO] DbMcusAds:125 - Set database path to: C:\Users\User\.stmcufinder\plugins\mcufinder//mcu/
2025-08-04 09:31:09,041 [WARN] DbFile:41 - Overriding database path with different value: C:\Users\User\.stmcufinder\plugins\mcufinder/ => C:\Users\User\.stmcufinder\plugins\mcufinder
2025-08-04 09:31:09,041 [WARN] DbFile:41 - Overriding database path with different value: C:\Users\User\.stmcufinder\plugins\mcufinder/ => C:\Users\User\.stmcufinder\plugins\mcufinder
2025-08-04 09:31:09,041 [INFO] CrossReferenceDbSqlite:203 - Set database path to: C:\Users\User\.stmcufinder\plugins\mcufinder//mcu/cs/
2025-08-04 09:31:09,100 [INFO] MainPanel:274 - HeapMemory: 268435456
2025-08-04 09:31:09,197 [INFO] DbMcusXml:78 - Set database path to: C:\ST\STM32CubeIDE_1.19.0\STM32CubeIDE\plugins\com.st.stm32cube.common.mx_6.15.0.202507011659\\db\/mcu/
2025-08-04 09:31:09,197 [INFO] ApiDb:274 - Set plugin database path to: C:\ST\STM32CubeIDE_1.19.0\STM32CubeIDE\plugins\com.st.stm32cube.common.mx_6.15.0.202507011659\\db\/plugins/boardmanager/
2025-08-04 09:31:09,197 [INFO] ApiDb:261 - Set plugin images path to: C:\ST\STM32CubeIDE_1.19.0\STM32CubeIDE\plugins\com.st.stm32cube.common.mx_6.15.0.202507011659\\db\/plugins/mcufinder/images/
2025-08-04 09:31:09,198 [WARN] DbFile:41 - Overriding database path with different value: C:\Users\User\.stmcufinder\plugins\mcufinder/ => C:\Users\User\.stmcufinder\plugins\mcufinder
2025-08-04 09:31:09,198 [INFO] ApiDb:250 - Set database path to: C:\Users\User\.stmcufinder\plugins\mcufinder//mcu/
2025-08-04 09:31:09,198 [WARN] DbFile:41 - Overriding database path with different value: C:\Users\User\.stmcufinder\plugins\mcufinder/ => C:\Users\User\.stmcufinder\plugins\mcufinder
2025-08-04 09:31:09,198 [INFO] DbMcusAds:125 - Set database path to: C:\Users\User\.stmcufinder\plugins\mcufinder//mcu/
2025-08-04 09:31:09,198 [WARN] DbFile:41 - Overriding database path with different value: C:\Users\User\.stmcufinder\plugins\mcufinder/ => C:\Users\User\.stmcufinder\plugins\mcufinder
2025-08-04 09:31:09,198 [WARN] DbFile:41 - Overriding database path with different value: C:\Users\User\.stmcufinder\plugins\mcufinder/ => C:\Users\User\.stmcufinder\plugins\mcufinder
2025-08-04 09:31:09,198 [INFO] CrossReferenceDbSqlite:203 - Set database path to: C:\Users\User\.stmcufinder\plugins\mcufinder//mcu/cs/
2025-08-04 09:31:09,210 [INFO] ApplicationProperties:184 - Using Application install path: C:\ST\STM32CubeIDE_1.19.0\STM32CubeIDE\plugins\com.st.stm32cube.common.mx_6.15.0.202507011659
2025-08-04 09:31:09,211 [INFO] PluginManage:196 - Search for loadable plugins [exclusion list=, ]
2025-08-04 09:31:09,212 [INFO] PluginManage:310 - Check plugin analytics
2025-08-04 09:31:09,343 [INFO] AnalyticsPlugin:253 - Accepted Software Licenses: 
2025-08-04 09:31:09,343 [INFO] AnalyticsPlugin:255 - Accepted CMSIS Pack Licenses: 
2025-08-04 09:31:09,352 [INFO] AnalyticsPlugin:257 - Accepted Firmware Licenses: FW.WL.1.3.0
2025-08-04 09:31:09,355 [INFO] PluginManage:359 - Loaded plugin analytics (category:tool,tabindex:-1)
2025-08-04 09:31:09,355 [INFO] PluginManage:310 - Check plugin cadmodel
2025-08-04 09:31:09,362 [INFO] CADModel:105 - Init CAD model plugin
2025-08-04 09:31:09,362 [INFO] PluginManage:359 - Loaded plugin cadmodel (category:power,tabindex:5)
2025-08-04 09:31:09,362 [INFO] PluginManage:310 - Check plugin clock
2025-08-04 09:31:09,371 [INFO] PluginManage:359 - Loaded plugin clock (category:base,tabindex:2)
2025-08-04 09:31:09,371 [INFO] PluginManage:310 - Check plugin ddr
2025-08-04 09:31:09,373 [INFO] PluginManage:359 - Loaded plugin ddr (category:tool,tabindex:6)
2025-08-04 09:31:09,373 [INFO] PluginManage:310 - Check plugin filemanager
2025-08-04 09:31:09,486 [INFO] PluginManage:359 - Loaded plugin filemanager (category:base,tabindex:10)
2025-08-04 09:31:09,487 [INFO] PluginManage:310 - Check plugin ipmanager
2025-08-04 09:31:09,492 [INFO] PluginManage:359 - Loaded plugin ipmanager (category:base,tabindex:5)
2025-08-04 09:31:09,492 [INFO] PluginManage:310 - Check plugin lpbam
2025-08-04 09:31:09,498 [INFO] PluginManage:359 - Loaded plugin lpbam (category:base,tabindex:0)
2025-08-04 09:31:09,498 [INFO] PluginManage:310 - Check plugin memorymap
2025-08-04 09:31:09,512 [INFO] PluginManage:359 - Loaded plugin memorymap (category:base,tabindex:4)
2025-08-04 09:31:09,513 [INFO] PluginManage:310 - Check plugin pinoutandconfiguration
2025-08-04 09:31:09,524 [INFO] PluginManage:359 - Loaded plugin pinoutandconfiguration (category:base,tabindex:1)
2025-08-04 09:31:09,525 [INFO] PluginManage:310 - Check plugin pinoutconfig
2025-08-04 09:31:09,586 [WARN] SupportedApi:132 - Cannot load RTOS API schema: s4s-elt-must-match.1: The content of 'definitions' must match (annotation?, (simpleType | complexType)?, (unique | key | keyref)*)). A problem was found starting at: attribute.
2025-08-04 09:31:09,686 [INFO] PluginManage:359 - Loaded plugin pinoutconfig (category:base,tabindex:0)
2025-08-04 09:31:09,686 [INFO] PluginManage:310 - Check plugin power
2025-08-04 09:31:09,694 [INFO] PluginManage:359 - Loaded plugin power (category:power,tabindex:4)
2025-08-04 09:31:09,694 [INFO] PluginManage:310 - Check plugin projectmanager
2025-08-04 09:31:09,704 [INFO] PluginManage:359 - Loaded plugin projectmanager (category:projectmanager,tabindex:4)
2025-08-04 09:31:09,704 [INFO] PluginManage:310 - Check plugin rif
2025-08-04 09:31:09,712 [INFO] PluginManage:359 - Loaded plugin rif (category:base,tabindex:3)
2025-08-04 09:31:09,712 [INFO] PluginManage:310 - Check plugin thirdparty
2025-08-04 09:31:09,822 [INFO] PluginManage:359 - Loaded plugin thirdparty (category:base,tabindex:-1)
2025-08-04 09:31:09,822 [INFO] PluginManage:310 - Check plugin tools
2025-08-04 09:31:09,822 [WARN] IntegrityCheckThread:84 - waiting for thirdparty lock release [integrity check]
2025-08-04 09:31:09,822 [INFO] IntegrityCheckThread:86 - entering critical section [integrity check]
2025-08-04 09:31:09,822 [INFO] ThirdPartyUpdaterWithRetryManager:70 - Updater plugin not ready yet. [1/15]
2025-08-04 09:31:09,824 [INFO] PluginManage:359 - Loaded plugin tools (category:base,tabindex:7)
2025-08-04 09:31:09,824 [INFO] PluginManage:310 - Check plugin tutovideos
2025-08-04 09:31:10,000 [INFO] PluginManage:359 - Loaded plugin tutovideos (category:base,tabindex:-1)
2025-08-04 09:31:10,000 [INFO] PluginManage:310 - Check plugin updater
2025-08-04 09:31:10,015 [INFO] PluginManage:359 - Loaded plugin updater (category:base,tabindex:12)
2025-08-04 09:31:10,016 [INFO] PluginManage:310 - Check plugin userauth
2025-08-04 09:31:10,019 [INFO] UserAuth:118 - Init User Auth plugin
2025-08-04 09:31:10,020 [INFO] PluginManage:359 - Loaded plugin userauth (category:base,tabindex:14)
2025-08-04 09:31:10,020 [INFO] PluginManage:283 - PluginManage : Loaded plugins [18]
2025-08-04 09:31:10,176 [INFO] PinOutPanel:1589 - setPackage(No Configuration,No Configuration)
2025-08-04 09:31:10,249 [INFO] CADModel:165 - CPN selected for project level
2025-08-04 09:31:10,249 [INFO] CADModel:114 - Register for checkConnection events
2025-08-04 09:31:10,265 [INFO] IPUIPlugin:80 - create IPUIPlugin
2025-08-04 09:31:10,265 [INFO] PluginManager:220 - loadIPPluginJar : add adc
2025-08-04 09:31:10,267 [INFO] IPUIPlugin:80 - create IPUIPlugin
2025-08-04 09:31:10,267 [INFO] PluginManager:220 - loadIPPluginJar : add aes
2025-08-04 09:31:10,270 [INFO] IPUIPlugin:80 - create IPUIPlugin
2025-08-04 09:31:10,270 [INFO] PluginManager:220 - loadIPPluginJar : add can
2025-08-04 09:31:10,271 [INFO] IPUIPlugin:80 - create IPUIPlugin
2025-08-04 09:31:10,271 [INFO] PluginManager:220 - loadIPPluginJar : add comp
2025-08-04 09:31:10,274 [INFO] IPUIPlugin:80 - create IPUIPlugin
2025-08-04 09:31:10,274 [INFO] PluginManager:220 - loadIPPluginJar : add cryp
2025-08-04 09:31:10,277 [INFO] IPUIPlugin:80 - create IPUIPlugin
2025-08-04 09:31:10,277 [INFO] PluginManager:220 - loadIPPluginJar : add ddr_ctrl_phy
2025-08-04 09:31:10,279 [INFO] IPUIPlugin:80 - create IPUIPlugin
2025-08-04 09:31:10,279 [INFO] PluginManager:220 - loadIPPluginJar : add dfsdm
2025-08-04 09:31:10,283 [INFO] IPUIPlugin:80 - create IPUIPlugin
2025-08-04 09:31:10,284 [INFO] PluginManager:220 - loadIPPluginJar : add dma
2025-08-04 09:31:10,286 [INFO] IPUIPlugin:80 - create IPUIPlugin
2025-08-04 09:31:10,286 [INFO] PluginManager:220 - loadIPPluginJar : add dma3
2025-08-04 09:31:10,289 [INFO] IPUIPlugin:80 - create IPUIPlugin
2025-08-04 09:31:10,289 [INFO] PluginManager:220 - loadIPPluginJar : add extmemmanager
2025-08-04 09:31:10,290 [INFO] IPUIPlugin:80 - create IPUIPlugin
2025-08-04 09:31:10,290 [INFO] PluginManager:220 - loadIPPluginJar : add fatfs
2025-08-04 09:31:10,293 [INFO] IPUIPlugin:80 - create IPUIPlugin
2025-08-04 09:31:10,293 [INFO] PluginManager:220 - loadIPPluginJar : add fmc
2025-08-04 09:31:10,299 [INFO] IPUIPlugin:80 - create IPUIPlugin
2025-08-04 09:31:10,299 [INFO] PluginManager:220 - loadIPPluginJar : add freertos
2025-08-04 09:31:10,300 [INFO] IPUIPlugin:80 - create IPUIPlugin
2025-08-04 09:31:10,300 [INFO] PluginManager:220 - loadIPPluginJar : add genericplugin
2025-08-04 09:31:10,302 [INFO] IPUIPlugin:80 - create IPUIPlugin
2025-08-04 09:31:10,302 [INFO] PluginManager:220 - loadIPPluginJar : add gfxmmu
2025-08-04 09:31:10,306 [INFO] IPUIPlugin:80 - create IPUIPlugin
2025-08-04 09:31:10,307 [INFO] PluginManager:220 - loadIPPluginJar : add gic
2025-08-04 09:31:10,310 [INFO] IPUIPlugin:80 - create IPUIPlugin
2025-08-04 09:31:10,311 [INFO] PluginManager:220 - loadIPPluginJar : add gpio
2025-08-04 09:31:10,313 [INFO] IPUIPlugin:80 - create IPUIPlugin
2025-08-04 09:31:10,313 [INFO] PluginManager:220 - loadIPPluginJar : add gtzc
2025-08-04 09:31:10,315 [INFO] IPUIPlugin:80 - create IPUIPlugin
2025-08-04 09:31:10,315 [INFO] PluginManager:220 - loadIPPluginJar : add hash
2025-08-04 09:31:10,318 [INFO] IPUIPlugin:80 - create IPUIPlugin
2025-08-04 09:31:10,318 [INFO] PluginManager:220 - loadIPPluginJar : add i2c
2025-08-04 09:31:10,320 [INFO] IPUIPlugin:80 - create IPUIPlugin
2025-08-04 09:31:10,320 [INFO] PluginManager:220 - loadIPPluginJar : add i2s
2025-08-04 09:31:10,322 [INFO] IPUIPlugin:80 - create IPUIPlugin
2025-08-04 09:31:10,322 [INFO] PluginManager:220 - loadIPPluginJar : add i3c
2025-08-04 09:31:10,325 [INFO] IPUIPlugin:80 - create IPUIPlugin
2025-08-04 09:31:10,325 [INFO] PluginManager:220 - loadIPPluginJar : add ipddr
2025-08-04 09:31:10,329 [INFO] IPUIPlugin:80 - create IPUIPlugin
2025-08-04 09:31:10,330 [INFO] PluginManager:220 - loadIPPluginJar : add linkedlist
2025-08-04 09:31:10,332 [INFO] IPUIPlugin:80 - create IPUIPlugin
2025-08-04 09:31:10,332 [INFO] PluginManager:220 - loadIPPluginJar : add lorawan
2025-08-04 09:31:10,333 [INFO] IPUIPlugin:80 - create IPUIPlugin
2025-08-04 09:31:10,333 [INFO] PluginManager:220 - loadIPPluginJar : add ltdc
2025-08-04 09:31:10,337 [INFO] IPUIPlugin:80 - create IPUIPlugin
2025-08-04 09:31:10,337 [INFO] PluginManager:220 - loadIPPluginJar : add mdma
2025-08-04 09:31:10,340 [INFO] IPUIPlugin:80 - create IPUIPlugin
2025-08-04 09:31:10,340 [INFO] PluginManager:220 - loadIPPluginJar : add nvic
2025-08-04 09:31:10,343 [INFO] IPUIPlugin:80 - create IPUIPlugin
2025-08-04 09:31:10,344 [INFO] PluginManager:220 - loadIPPluginJar : add opamp
2025-08-04 09:31:10,346 [INFO] IPUIPlugin:80 - create IPUIPlugin
2025-08-04 09:31:10,346 [INFO] PluginManager:220 - loadIPPluginJar : add openamp
2025-08-04 09:31:10,348 [INFO] IPUIPlugin:80 - create IPUIPlugin
2025-08-04 09:31:10,348 [INFO] PluginManager:220 - loadIPPluginJar : add pdm2pcm
2025-08-04 09:31:10,352 [INFO] IPUIPlugin:80 - create IPUIPlugin
2025-08-04 09:31:10,354 [INFO] PluginManager:220 - loadIPPluginJar : add plateformsettings
2025-08-04 09:31:10,356 [INFO] IPUIPlugin:80 - create IPUIPlugin
2025-08-04 09:31:10,356 [INFO] PluginManager:220 - loadIPPluginJar : add quadspi
2025-08-04 09:31:10,357 [INFO] IPUIPlugin:80 - create IPUIPlugin
2025-08-04 09:31:10,357 [INFO] PluginManager:220 - loadIPPluginJar : add radio
2025-08-04 09:31:10,360 [INFO] IPUIPlugin:80 - create IPUIPlugin
2025-08-04 09:31:10,360 [INFO] PluginManager:220 - loadIPPluginJar : add resmgrutility
2025-08-04 09:31:10,362 [INFO] IPUIPlugin:80 - create IPUIPlugin
2025-08-04 09:31:10,363 [INFO] PluginManager:220 - loadIPPluginJar : add sai
2025-08-04 09:31:10,364 [INFO] IPUIPlugin:80 - create IPUIPlugin
2025-08-04 09:31:10,364 [INFO] PluginManager:220 - loadIPPluginJar : add spi
2025-08-04 09:31:10,369 [INFO] IPUIPlugin:80 - create IPUIPlugin
2025-08-04 09:31:10,369 [INFO] PluginManager:220 - loadIPPluginJar : add stm32_wpan
2025-08-04 09:31:10,371 [INFO] IPUIPlugin:80 - create IPUIPlugin
2025-08-04 09:31:10,371 [INFO] PluginManager:220 - loadIPPluginJar : add tim
2025-08-04 09:31:10,373 [INFO] IPUIPlugin:80 - create IPUIPlugin
2025-08-04 09:31:10,374 [INFO] PluginManager:220 - loadIPPluginJar : add touchsensing
2025-08-04 09:31:10,376 [INFO] IPUIPlugin:80 - create IPUIPlugin
2025-08-04 09:31:10,376 [INFO] PluginManager:220 - loadIPPluginJar : add tracer_emb
2025-08-04 09:31:10,377 [INFO] IPUIPlugin:80 - create IPUIPlugin
2025-08-04 09:31:10,378 [INFO] PluginManager:220 - loadIPPluginJar : add ts
2025-08-04 09:31:10,379 [INFO] IPUIPlugin:80 - create IPUIPlugin
2025-08-04 09:31:10,379 [INFO] PluginManager:220 - loadIPPluginJar : add tsc
2025-08-04 09:31:10,380 [INFO] IPUIPlugin:80 - create IPUIPlugin
2025-08-04 09:31:10,380 [INFO] PluginManager:220 - loadIPPluginJar : add ucpd
2025-08-04 09:31:10,383 [INFO] IPUIPlugin:80 - create IPUIPlugin
2025-08-04 09:31:10,383 [INFO] PluginManager:220 - loadIPPluginJar : add usart
2025-08-04 09:31:10,385 [INFO] IPUIPlugin:80 - create IPUIPlugin
2025-08-04 09:31:10,385 [INFO] PluginManager:220 - loadIPPluginJar : add usbx
2025-08-04 09:31:10,495 [FATAL] Updater:351 - Updater called before beeing initialized
2025-08-04 09:31:10,558 [INFO] RulesReader:64 - Compatibility file has been processed (317 Rules)
2025-08-04 09:31:10,566 [INFO] RulesReader:64 - Compatibility file has been processed (317 Rules)
2025-08-04 09:31:10,573 [INFO] CADModel:165 - CPN selected for project level
2025-08-04 09:31:10,573 [INFO] CADModel:114 - Register for checkConnection events
2025-08-04 09:31:10,573 [FATAL] Updater:351 - Updater called before beeing initialized
2025-08-04 09:31:10,573 [ERROR] CADModel:125 - Updater not yet initialized, retry later 
2025-08-04 09:31:10,685 [FATAL] Updater:351 - Updater called before beeing initialized
2025-08-04 09:31:10,686 [INFO] CADModel:165 - CPN selected for project level
2025-08-04 09:31:10,686 [INFO] CADModel:114 - Register for checkConnection events
2025-08-04 09:31:10,686 [FATAL] Updater:351 - Updater called before beeing initialized
2025-08-04 09:31:10,686 [ERROR] CADModel:125 - Updater not yet initialized, retry later 
2025-08-04 09:31:10,688 [FATAL] Updater:351 - Updater called before beeing initialized
2025-08-04 09:31:10,765 [FATAL] Updater:351 - Updater called before beeing initialized
2025-08-04 09:31:10,768 [INFO] DbMcusAds:53 - JSON generation date=Tue Jul 08 13:44:23 IST 2025 (1751962463562)
2025-08-04 09:31:10,768 [FATAL] Updater:351 - Updater called before beeing initialized
2025-08-04 09:31:10,794 [WARN] DetailPanel:346 - Failed to get advertising image, set to default
2025-08-04 09:31:10,848 [FATAL] Updater:351 - Updater called before beeing initialized
2025-08-04 09:31:10,849 [FATAL] Updater:351 - Updater called before beeing initialized
2025-08-04 09:31:10,850 [FATAL] Updater:351 - Updater called before beeing initialized
2025-08-04 09:31:10,850 [WARN] DetailPanel:346 - Failed to get advertising image, set to default
2025-08-04 09:31:10,850 [FATAL] Updater:351 - Updater called before beeing initialized
2025-08-04 09:31:10,889 [ERROR] Updater:1198 - MainUpdater not yet initialized. External WinMGr cannot be set.
2025-08-04 09:31:10,891 [INFO] Updater:1134 - Updater Version found : 6.15.0
2025-08-04 09:31:10,905 [INFO] ApplicationProperties:184 - Using Application install path: C:\ST\STM32CubeIDE_1.19.0\STM32CubeIDE\plugins\com.st.stm32cube.common.mx_6.15.0.202507011659
2025-08-04 09:31:12,493 [ERROR] LogOutputStream:75 - [STDERR_REDIRECT] Aug 04, 2025 9:31:12 AM java.util.prefs.WindowsPreferences <init>
2025-08-04 09:31:12,495 [ERROR] LogOutputStream:75 - [STDERR_REDIRECT] WARNING: Could not open/create prefs root node Software\JavaSoft\Prefs at root 0xffffffff80000002. Windows RegCreateKeyEx(...) returned error code 5.
2025-08-04 09:31:12,495 [ERROR] LogOutputStream:75 - [STDERR_REDIRECT] 
2025-08-04 09:31:12,780 [INFO] MainUpdater:2872 - connection check result : 10
2025-08-04 09:31:12,780 [INFO] MainUpdater:3604 - Updater definition file requires update
2025-08-04 09:31:12,782 [INFO] MainUpdater:289 - Updater Check For Update Now.
2025-08-04 09:31:12,782 [INFO] MicroXplorer:498 - Change Database Version : DB.6.0.150
2025-08-04 09:31:12,795 [INFO] McuFinderGlobals:63 - Set McuFinder mode to 2 (CubeIDE integrated)
2025-08-04 09:31:12,796 [INFO] UserAuth:487 - Internet connection configuration mode: 1
2025-08-04 09:31:12,812 [INFO] JxBrowserEngine:152 - Initiate JxBrowser Engine with user profile folder
2025-08-04 09:31:12,824 [WARN] MainUpdater:1193 - Updater busy. Cannot search thirdparties
2025-08-04 09:31:12,824 [INFO] ThirdPartyUpdaterWithRetryManager:96 - Updater plugin is busy. [1/15]
2025-08-04 09:31:12,845 [INFO] ServerAccessManage:452 - Complete download http(s) 200
2025-08-04 09:31:12,846 [INFO] ServerAccessManage:509 - Download File updaters.zip
2025-08-04 09:31:12,991 [INFO] FileExtend:248 - Unzip File : updaters.zip
2025-08-04 09:31:12,991 [INFO] FileExtend:263 - Standard Zip Deflate
2025-08-04 09:31:13,286 [INFO] ServerAccessManage:452 - Complete download http(s) 200
2025-08-04 09:31:13,286 [INFO] ServerAccessManage:509 - Download File PacksControlFlags.xml
2025-08-04 09:31:13,605 [INFO] ServerAccessManage:452 - Complete download http(s) 200
2025-08-04 09:31:13,605 [INFO] ServerAccessManage:509 - Download File cubemx.pidx
2025-08-04 09:31:13,957 [INFO] WebApp:169 - Instantiating new browser for Auth
2025-08-04 09:31:13,990 [INFO] ServerAccessManage:452 - Complete download http(s) 200
2025-08-04 09:31:13,990 [INFO] ServerAccessManage:509 - Download File STMicroelectronics.FP-SNS-STBOX1.pdsc
2025-08-04 09:31:14,349 [INFO] ServerAccessManage:452 - Complete download http(s) 200
2025-08-04 09:31:14,350 [INFO] ServerAccessManage:509 - Download File STMicroelectronics.X-CUBE-AI.pdsc
2025-08-04 09:31:14,588 [INFO] WebApp:463 - Apply proxy settings
2025-08-04 09:31:14,588 [INFO] WebApp:548 - Chromium requires no authentication
2025-08-04 09:31:14,598 [INFO] WebApp:491 - Direct internet connection detected
2025-08-04 09:31:14,619 [INFO] WebApp:900 - Register for checkConnection events
2025-08-04 09:31:14,619 [INFO] WebApp:463 - Apply proxy settings
2025-08-04 09:31:14,619 [INFO] WebApp:548 - Chromium requires no authentication
2025-08-04 09:31:14,620 [INFO] WebApp:491 - Direct internet connection detected
2025-08-04 09:31:14,767 [INFO] WebApp:225 - Starting web application
2025-08-04 09:31:14,767 [INFO] WebApp:593 - Web application path used C:\ST\STM32CubeIDE_1.19.0\STM32CubeIDE\plugins\com.st.stm32cube.common.mx_6.15.0.202507011659\db\plugins\mcufinder\reactClient1\index.html
2025-08-04 09:31:14,834 [INFO] UserAuth:487 - Internet connection configuration mode: 1
2025-08-04 09:31:14,947 [INFO] WebApp:191 - Connection restablished
2025-08-04 09:31:15,825 [WARN] MainUpdater:1193 - Updater busy. Cannot search thirdparties
2025-08-04 09:31:15,825 [INFO] ThirdPartyUpdaterWithRetryManager:96 - Updater plugin is busy. [2/15]
2025-08-04 09:31:17,241 [INFO] ServerAccessManage:452 - Complete download http(s) 200
2025-08-04 09:31:17,241 [INFO] ServerAccessManage:509 - Download File Avnet-IotConnect.X-CUBE-IoTC-DA16k-PMOD.pdsc
2025-08-04 09:31:17,428 [WARN] PackLoader:240 - Cannot read IP mode file for STMicroelectronics.FP-SNS-STBOX1.2.1.0
2025-08-04 09:31:17,435 [WARN] PackLoader:240 - Cannot read IP mode file for STMicroelectronics.X-CUBE-AI.10.2.0
2025-08-04 09:31:17,438 [WARN] PackLoader:240 - Cannot read IP mode file for Avnet-IotConnect.X-CUBE-IoTC-DA16k-PMOD.1.0.0
2025-08-04 09:31:17,438 [INFO] PopulateThirdPartyThread:66 - Ending populate Thread
2025-08-04 09:31:17,439 [INFO] ThirdParty:1030 - CMSIS Pack Vendor :STMicroelectronics FP-SNS-STBOX1 2.1.0
2025-08-04 09:31:17,439 [INFO] ThirdParty:1030 - CMSIS Pack Vendor :STMicroelectronics X-CUBE-AI 10.2.0
2025-08-04 09:31:17,439 [INFO] ThirdParty:1030 - CMSIS Pack Vendor :Avnet-IotConnect X-CUBE-IoTC-DA16k-PMOD 1.0.0
2025-08-04 09:31:17,439 [INFO] LoadServerUpdatesThread:375 - End of LoadServerUpdate Thread
2025-08-04 09:31:17,532 [INFO] CheckServerUpdateThread:120 - End of CheckServer Thread
2025-08-04 09:31:18,968 [WARN] PackLoader:240 - Cannot read IP mode file for STMicroelectronics.FP-SNS-MOTENVWB1.1.4.0
2025-08-04 09:31:18,972 [WARN] PackLoader:240 - Cannot read IP mode file for STMicroelectronics.FP-ATR-ASTRA1.2.0.2
2025-08-04 09:31:18,978 [WARN] PackLoader:240 - Cannot read IP mode file for STMicroelectronics.X-CUBE-SMBUS.2.1.0
2025-08-04 09:31:18,982 [WARN] PackLoader:240 - Cannot read IP mode file for STMicroelectronics.X-CUBE-ST60.1.0.0
2025-08-04 09:31:18,996 [WARN] PackLoader:240 - Cannot read IP mode file for STMicroelectronics.X-CUBE-AZRTOS-F7.1.1.0
2025-08-04 09:31:19,013 [WARN] PackLoader:240 - Cannot read IP mode file for Infineon.AIROC-Wi-Fi-Bluetooth-STM32.1.7.1
2025-08-04 09:31:19,027 [WARN] PackLoader:240 - Cannot read IP mode file for STMicroelectronics.X-CUBE-AZRTOS-H7.3.4.0
2025-08-04 09:31:19,032 [WARN] PackLoader:240 - Cannot read IP mode file for STMicroelectronics.X-CUBE-DISPLAY.3.0.0
2025-08-04 09:31:19,046 [WARN] PackLoader:240 - Cannot read IP mode file for STMicroelectronics.X-CUBE-NFC10.1.0.0
2025-08-04 09:31:19,050 [WARN] PackLoader:240 - Cannot read IP mode file for emotas.I-CUBE-CANOPEN.1.3.0
2025-08-04 09:31:19,053 [WARN] PackLoader:240 - Cannot read IP mode file for STMicroelectronics.FP-SNS-STBOX1.2.1.0
2025-08-04 09:31:19,056 [WARN] PackLoader:240 - Cannot read IP mode file for STMicroelectronics.FP-SNS-SMARTAG2.1.2.0
2025-08-04 09:31:19,059 [WARN] PackLoader:240 - Cannot read IP mode file for STMicroelectronics.FP-SNS-FLIGHT1.5.1.0
2025-08-04 09:31:19,064 [INFO] LogOutputStream:77 - [STDOUT_REDIRECT] 1 : Invalid condition id : UX_CORESTACK_Condition cause : null
2025-08-04 09:31:19,064 [INFO] LogOutputStream:77 - [STDOUT_REDIRECT] 1 : Invalid condition id : UX_CORESTACK_Condition cause : null
2025-08-04 09:31:19,065 [INFO] LogOutputStream:77 - [STDOUT_REDIRECT] 1 : Invalid condition id : UX_CORESTACK_Condition cause : null
2025-08-04 09:31:19,065 [INFO] LogOutputStream:77 - [STDOUT_REDIRECT] 1 : Invalid condition id : UX_CORESTACK_Condition cause : null
2025-08-04 09:31:19,066 [INFO] LogOutputStream:77 - [STDOUT_REDIRECT] 1 : Invalid condition id : UX_CORESTACK_Condition cause : null
2025-08-04 09:31:19,067 [WARN] PackLoader:240 - Cannot read IP mode file for STMicroelectronics.X-CUBE-AZRTOS-WL.2.0.0
2025-08-04 09:31:19,070 [WARN] PackLoader:240 - Cannot read IP mode file for STMicroelectronics.FP-SNS-MOTENV1.5.0.0
2025-08-04 09:31:19,075 [WARN] PackLoader:240 - Cannot read IP mode file for WES.I-CUBE-Cesium.1.3.0
2025-08-04 09:31:19,078 [WARN] PackLoader:240 - Cannot read IP mode file for STMicroelectronics.X-CUBE-BLE2.3.3.0
2025-08-04 09:31:19,081 [WARN] PackLoader:240 - Cannot read IP mode file for STMicroelectronics.X-CUBE-NFC9.1.0.0
2025-08-04 09:31:19,085 [WARN] PackLoader:240 - Cannot read IP mode file for wolfSSL.I-CUBE-wolfSSL.5.8.0
2025-08-04 09:31:19,088 [WARN] PackLoader:240 - Cannot read IP mode file for STMicroelectronics.X-CUBE-BLE1.7.1.0
2025-08-04 09:31:19,091 [WARN] PackLoader:240 - Cannot read IP mode file for wolfSSL.I-CUBE-wolfMQTT.1.19.2
2025-08-04 09:31:19,094 [WARN] PackLoader:240 - Cannot read IP mode file for STMicroelectronics.X-CUBE-EEPRMA1.5.2.0
2025-08-04 09:31:19,098 [WARN] PackLoader:240 - Cannot read IP mode file for STMicroelectronics.X-CUBE-AI.10.1.0
2025-08-04 09:31:19,105 [WARN] PackLoader:240 - Cannot read IP mode file for STMicroelectronics.X-CUBE-AZRTOS-G0.1.1.0
2025-08-04 09:31:19,111 [WARN] PackLoader:240 - Cannot read IP mode file for STMicroelectronics.X-CUBE-SAFEA1.1.2.2
2025-08-04 09:31:19,115 [WARN] PackLoader:240 - Cannot read IP mode file for STMicroelectronics.X-CUBE-NFC4.3.0.0
2025-08-04 09:31:19,121 [WARN] PackLoader:240 - Cannot read IP mode file for EmbeddedOffice.I-CUBE-FS-RTOS.1.0.1
2025-08-04 09:31:19,125 [WARN] PackLoader:240 - Cannot read IP mode file for STMicroelectronics.X-CUBE-WB05N.2.0.0
2025-08-04 09:31:19,127 [WARN] PackLoader:240 - Cannot read IP mode file for wolfSSL.I-CUBE-wolfTPM.3.8.0
2025-08-04 09:31:19,130 [WARN] PackLoader:240 - Cannot read IP mode file for STMicroelectronics.X-CUBE-TCPP.4.2.0
2025-08-04 09:31:19,135 [WARN] PackLoader:240 - Cannot read IP mode file for RealThread.X-CUBE-RT-Thread_Nano.4.1.1
2025-08-04 09:31:19,137 [WARN] PackLoader:240 - Cannot read IP mode file for STMicroelectronics.FP-ATR-SIGFOX1.3.2.0
2025-08-04 09:31:19,141 [WARN] PackLoader:240 - Cannot read IP mode file for ITTIA_DB.I-CUBE-ITTIADB.8.9.0
2025-08-04 09:31:19,145 [WARN] PackLoader:240 - Cannot read IP mode file for STMicroelectronics.X-CUBE-ST67W61.1.0.0
2025-08-04 09:31:19,147 [WARN] PackLoader:240 - Cannot read IP mode file for STMicroelectronics.X-CUBE-AI.10.2.0
2025-08-04 09:31:19,158 [WARN] PackLoader:240 - Cannot read IP mode file for SEGGER.I-CUBE-embOS.1.3.1
2025-08-04 09:31:19,177 [WARN] PackLoader:240 - Cannot read IP mode file for STMicroelectronics.X-CUBE-ALGOBUILD.1.4.0
2025-08-04 09:31:19,195 [WARN] PackLoader:240 - Cannot read IP mode file for STMicroelectronics.X-CUBE-MEMS1.11.3.0
2025-08-04 09:31:19,238 [WARN] PackLoader:240 - Cannot read IP mode file for STMicroelectronics.X-CUBE-PM33A1.1.0.0
2025-08-04 09:31:19,245 [WARN] PackLoader:240 - Cannot read IP mode file for STMicroelectronics.X-CUBE-AZRTOS-F4.1.1.0
2025-08-04 09:31:19,248 [WARN] PackLoader:240 - Cannot read IP mode file for Avnet-IotConnect.X-CUBE-IoTC-DA16k-PMOD.1.0.0
2025-08-04 09:31:19,250 [WARN] PackLoader:240 - Cannot read IP mode file for STMicroelectronics.X-CUBE-ISPU.2.1.0
2025-08-04 09:31:19,254 [WARN] PackLoader:240 - Cannot read IP mode file for STMicroelectronics.X-CUBE-NFC12.1.0.0
2025-08-04 09:31:19,261 [WARN] PackLoader:240 - Cannot read IP mode file for STMicroelectronics.X-CUBE-AZRTOS-L5.2.0.0
2025-08-04 09:31:19,266 [WARN] PackLoader:240 - Cannot read IP mode file for STMicroelectronics.X-CUBE-NFC6.3.1.0
2025-08-04 09:31:19,270 [WARN] PackLoader:240 - Cannot read IP mode file for STMicroelectronics.X-CUBE-FREERTOS.1.3.1
2025-08-04 09:31:19,273 [WARN] PackLoader:240 - Cannot read IP mode file for STMicroelectronics.FP-SNS-STAIOTCFT.1.0.0
2025-08-04 09:31:19,276 [WARN] PackLoader:240 - Cannot read IP mode file for STMicroelectronics.X-CUBE-DPower.1.3.0
2025-08-04 09:31:19,283 [WARN] ConditionMgr:438 - getConditionDescription Invalid condition id : LAN8742 Phy interface Condition cause : null
2025-08-04 09:31:19,284 [WARN] PackLoader:240 - Cannot read IP mode file for STMicroelectronics.X-CUBE-AZRTOS-L4.2.0.0
2025-08-04 09:31:19,284 [WARN] ConditionMgr:1044 - genDependencies : Invalid condition id : LAN8742 Phy interface Condition cause : null
2025-08-04 09:31:19,284 [WARN] ConditionMgr:1044 - genDependencies : Invalid condition id : LAN8742 Phy interface Condition cause : null
2025-08-04 09:31:19,284 [WARN] ConditionMgr:1044 - genDependencies : Invalid condition id : LAN8742 Phy interface Condition cause : null
2025-08-04 09:31:19,289 [WARN] PackLoader:240 - Cannot read IP mode file for STMicroelectronics.X-CUBE-SFXS2LP1.4.0.0
2025-08-04 09:31:19,294 [WARN] PackLoader:240 - Cannot read IP mode file for STMicroelectronics.X-CUBE-BLEMGR.4.1.0
2025-08-04 09:31:19,303 [WARN] ConditionMgr:438 - getConditionDescription Invalid condition id : UX DEVICE CLASS RTOS Condition cause : null
2025-08-04 09:31:19,303 [WARN] ConditionMgr:438 - getConditionDescription Invalid condition id : UX DEVICE CLASS RTOS Condition cause : null
2025-08-04 09:31:19,304 [WARN] PackLoader:240 - Cannot read IP mode file for STMicroelectronics.X-CUBE-AZRTOS-WB.2.0.0
2025-08-04 09:31:19,304 [WARN] ConditionMgr:1044 - genDependencies : Invalid condition id : UX DEVICE CLASS RTOS Condition cause : null
2025-08-04 09:31:19,304 [WARN] ConditionMgr:1044 - genDependencies : Invalid condition id : UX DEVICE CLASS RTOS Condition cause : null
2025-08-04 09:31:19,304 [WARN] ConditionMgr:1044 - genDependencies : Invalid condition id : UX DEVICE CLASS RTOS Condition cause : null
2025-08-04 09:31:19,304 [WARN] ConditionMgr:1044 - genDependencies : Invalid condition id : UX DEVICE CLASS RTOS Condition cause : null
2025-08-04 09:31:19,304 [WARN] ConditionMgr:1044 - genDependencies : Invalid condition id : UX DEVICE CLASS RTOS Condition cause : null
2025-08-04 09:31:19,308 [WARN] PackLoader:240 - Cannot read IP mode file for STMicroelectronics.X-CUBE-GNSS1.7.0.1
2025-08-04 09:31:19,311 [WARN] PackLoader:240 - Cannot read IP mode file for STMicroelectronics.X-CUBE-TOUCHGFX.4.25.0
2025-08-04 09:31:19,315 [WARN] PackLoader:240 - Cannot read IP mode file for STMicroelectronics.FP-SNS-STBOX1.2.0.0
2025-08-04 09:31:19,318 [WARN] ConditionMgr:438 - getConditionDescription Invalid condition id : Cortex-A Device cause : null
2025-08-04 09:31:19,325 [WARN] ConditionMgr:1044 - genDependencies : Invalid condition id : Cortex-A Device cause : null
2025-08-04 09:31:19,325 [WARN] ConditionMgr:1044 - genDependencies : Invalid condition id : Cortex-A Device cause : null
2025-08-04 09:31:19,325 [WARN] ConditionMgr:1044 - genDependencies : Invalid condition id : Cortex-A Device cause : null
2025-08-04 09:31:19,330 [WARN] PackLoader:240 - Cannot read IP mode file for STMicroelectronics.X-CUBE-SUBG2.5.0.0
2025-08-04 09:31:19,342 [WARN] PackLoader:240 - Cannot read IP mode file for STMicroelectronics.X-CUBE-AZRTOS-H7RS.1.1.0
2025-08-04 09:31:19,346 [WARN] PackLoader:240 - Cannot read IP mode file for Cesanta.I-CUBE-Mongoose.7.13.0
2025-08-04 09:31:19,355 [WARN] PackLoader:240 - Cannot read IP mode file for STMicroelectronics.X-CUBE-AZRTOS-G4.2.0.0
2025-08-04 09:31:19,358 [WARN] PackLoader:240 - Cannot read IP mode file for wolfSSL.I-CUBE-wolfSSH.1.4.20
2025-08-04 09:31:19,361 [WARN] PackLoader:240 - Cannot read IP mode file for STMicroelectronics.X-CUBE-NFC7.2.0.0
2025-08-04 09:31:19,367 [WARN] PackLoader:240 - Cannot read IP mode file for STMicroelectronics.X-CUBE-IPS.3.1.0
2025-08-04 09:31:19,373 [WARN] PackLoader:240 - Cannot read IP mode file for STMicroelectronics.X-CUBE-ALS.1.0.2
2025-08-04 09:31:19,378 [WARN] PackLoader:240 - Cannot read IP mode file for portGmbH.I-Cube-SoM-uGOAL.1.1.0
2025-08-04 09:31:19,387 [WARN] PackLoader:240 - Cannot read IP mode file for STMicroelectronics.X-CUBE-TOF1.3.4.3
2025-08-04 09:31:19,391 [INFO] ThirdParty:978 - Integrity check success = true
2025-08-04 09:31:19,391 [INFO] IntegrityCheckThread:100 - exiting critical section [integrity check]
2025-08-04 09:31:19,391 [INFO] IntegrityCheckThread:103 - End integrity checks thread
2025-08-04 12:28:01,274 [INFO] WebApp:194 - Connection lost
2025-08-04 12:28:01,626 [INFO] WebApp:191 - Connection restablished
2025-08-04 12:28:06,603 [INFO] WebApp:194 - Connection lost
2025-08-04 12:28:06,792 [INFO] WebApp:191 - Connection restablished
2025-08-04 12:53:03,807 [INFO] WebApp:194 - Connection lost
2025-08-04 12:53:04,185 [INFO] WebApp:191 - Connection restablished
2025-08-04 12:53:08,082 [INFO] WebApp:194 - Connection lost
2025-08-04 12:53:08,271 [INFO] WebApp:191 - Connection restablished
2025-08-04 15:58:15,629 [INFO] WebApp:194 - Connection lost
2025-08-04 15:58:16,103 [INFO] WebApp:191 - Connection restablished
2025-08-04 15:58:22,117 [INFO] WebApp:194 - Connection lost
2025-08-04 15:58:22,418 [INFO] WebApp:191 - Connection restablished
2025-08-04 16:26:17,423 [INFO] WebApp:194 - Connection lost
2025-08-04 16:26:17,770 [INFO] WebApp:191 - Connection restablished
2025-08-04 16:26:21,558 [INFO] WebApp:194 - Connection lost
2025-08-04 16:26:21,835 [INFO] WebApp:191 - Connection restablished
2025-08-04 20:03:40,420 [INFO] WebApp:194 - Connection lost
2025-08-04 20:03:40,779 [INFO] WebApp:191 - Connection restablished
2025-08-04 20:03:46,403 [INFO] WebApp:194 - Connection lost
2025-08-04 20:03:46,685 [INFO] WebApp:191 - Connection restablished
2025-08-04 20:09:50,805 [INFO] WebApp:194 - Connection lost
2025-08-04 20:09:51,134 [INFO] WebApp:191 - Connection restablished
2025-08-04 20:10:19,158 [INFO] WebApp:194 - Connection lost
2025-08-04 20:10:19,411 [INFO] WebApp:191 - Connection restablished
2025-08-04 20:13:53,066 [INFO] WebApp:194 - Connection lost
2025-08-04 20:13:53,508 [INFO] WebApp:191 - Connection restablished
2025-08-04 20:13:56,416 [INFO] WebApp:194 - Connection lost
2025-08-04 20:13:56,700 [INFO] WebApp:191 - Connection restablished
2025-08-04 20:29:15,890 [INFO] WebApp:194 - Connection lost
2025-08-04 20:29:16,248 [INFO] WebApp:191 - Connection restablished
2025-08-04 20:29:18,398 [INFO] WebApp:194 - Connection lost
2025-08-04 20:29:18,635 [INFO] WebApp:191 - Connection restablished
2025-08-04 21:04:16,286 [INFO] WebApp:194 - Connection lost
2025-08-04 21:04:16,615 [INFO] WebApp:191 - Connection restablished
2025-08-04 21:04:44,523 [INFO] WebApp:194 - Connection lost
2025-08-04 21:04:44,772 [INFO] WebApp:191 - Connection restablished
2025-08-04 21:05:16,404 [ERROR] LogOutputStream:75 - [STDERR_REDIRECT] 
