2025-07-31 08:44:17,283 [INFO] Activator:176 - 


2025-07-31 08:44:17,285 [INFO] Activator:177 - !SESSION log4j initialized
2025-07-31 08:44:21,711 [INFO] LogOutputStream:77 - [STDOUT_REDIRECT] 
2025-07-31 08:44:22,497 [INFO] ApplicationProperties:184 - Using Application install path: C:\ST\STM32CubeIDE_1.19.0\STM32CubeIDE\plugins\com.st.stm32cube.common.mx_6.15.0.202507011659
2025-07-31 08:44:22,519 [INFO] DbMcusXml:78 - Set database path to: C:\ST\STM32CubeIDE_1.19.0\STM32CubeIDE\plugins\com.st.stm32cube.common.mx_6.15.0.202507011659\\db\/mcu/
2025-07-31 08:44:22,520 [INFO] ApiDb:274 - Set plugin database path to: C:\ST\STM32CubeIDE_1.19.0\STM32CubeIDE\plugins\com.st.stm32cube.common.mx_6.15.0.202507011659\\db\/plugins/boardmanager/
2025-07-31 08:44:22,520 [WARN] ApiDb:259 - Overriding images path with different value:  => C:\ST\STM32CubeIDE_1.19.0\STM32CubeIDE\plugins\com.st.stm32cube.common.mx_6.15.0.202507011659\\db\/plugins/mcufinder/images/
2025-07-31 08:44:22,529 [INFO] ApiDb:250 - Set database path to: C:\Users\User\.stmcufinder\plugins\mcufinder//mcu/
2025-07-31 08:44:22,531 [INFO] DbMcusAds:125 - Set database path to: C:\Users\User\.stmcufinder\plugins\mcufinder//mcu/
2025-07-31 08:44:22,533 [INFO] CrossReferenceDbSqlite:203 - Set database path to: C:\Users\User\.stmcufinder\plugins\mcufinder//mcu/cs/
2025-07-31 08:44:22,619 [INFO] RulesReader:64 - Compatibility file has been processed (317 Rules)
2025-07-31 08:44:22,665 [INFO] DbMcusXml:78 - Set database path to: C:\ST\STM32CubeIDE_1.19.0\STM32CubeIDE\plugins\com.st.stm32cube.common.mx_6.15.0.202507011659\\db\/mcu/
2025-07-31 08:44:22,665 [INFO] ApiDb:274 - Set plugin database path to: C:\ST\STM32CubeIDE_1.19.0\STM32CubeIDE\plugins\com.st.stm32cube.common.mx_6.15.0.202507011659\\db\/plugins/boardmanager/
2025-07-31 08:44:22,665 [INFO] ApiDb:261 - Set plugin images path to: C:\ST\STM32CubeIDE_1.19.0\STM32CubeIDE\plugins\com.st.stm32cube.common.mx_6.15.0.202507011659\\db\/plugins/mcufinder/images/
2025-07-31 08:44:22,665 [WARN] DbFile:41 - Overriding database path with different value: C:\Users\User\.stmcufinder\plugins\mcufinder/ => C:\Users\User\.stmcufinder\plugins\mcufinder
2025-07-31 08:44:22,665 [INFO] ApiDb:250 - Set database path to: C:\Users\User\.stmcufinder\plugins\mcufinder//mcu/
2025-07-31 08:44:22,665 [WARN] DbFile:41 - Overriding database path with different value: C:\Users\User\.stmcufinder\plugins\mcufinder/ => C:\Users\User\.stmcufinder\plugins\mcufinder
2025-07-31 08:44:22,665 [INFO] DbMcusAds:125 - Set database path to: C:\Users\User\.stmcufinder\plugins\mcufinder//mcu/
2025-07-31 08:44:22,665 [WARN] DbFile:41 - Overriding database path with different value: C:\Users\User\.stmcufinder\plugins\mcufinder/ => C:\Users\User\.stmcufinder\plugins\mcufinder
2025-07-31 08:44:22,665 [WARN] DbFile:41 - Overriding database path with different value: C:\Users\User\.stmcufinder\plugins\mcufinder/ => C:\Users\User\.stmcufinder\plugins\mcufinder
2025-07-31 08:44:22,665 [INFO] CrossReferenceDbSqlite:203 - Set database path to: C:\Users\User\.stmcufinder\plugins\mcufinder//mcu/cs/
2025-07-31 08:44:22,728 [INFO] MainPanel:274 - HeapMemory: 270532608
2025-07-31 08:44:22,835 [INFO] DbMcusXml:78 - Set database path to: C:\ST\STM32CubeIDE_1.19.0\STM32CubeIDE\plugins\com.st.stm32cube.common.mx_6.15.0.202507011659\\db\/mcu/
2025-07-31 08:44:22,835 [INFO] ApiDb:274 - Set plugin database path to: C:\ST\STM32CubeIDE_1.19.0\STM32CubeIDE\plugins\com.st.stm32cube.common.mx_6.15.0.202507011659\\db\/plugins/boardmanager/
2025-07-31 08:44:22,835 [INFO] ApiDb:261 - Set plugin images path to: C:\ST\STM32CubeIDE_1.19.0\STM32CubeIDE\plugins\com.st.stm32cube.common.mx_6.15.0.202507011659\\db\/plugins/mcufinder/images/
2025-07-31 08:44:22,835 [WARN] DbFile:41 - Overriding database path with different value: C:\Users\User\.stmcufinder\plugins\mcufinder/ => C:\Users\User\.stmcufinder\plugins\mcufinder
2025-07-31 08:44:22,835 [INFO] ApiDb:250 - Set database path to: C:\Users\User\.stmcufinder\plugins\mcufinder//mcu/
2025-07-31 08:44:22,835 [WARN] DbFile:41 - Overriding database path with different value: C:\Users\User\.stmcufinder\plugins\mcufinder/ => C:\Users\User\.stmcufinder\plugins\mcufinder
2025-07-31 08:44:22,835 [INFO] DbMcusAds:125 - Set database path to: C:\Users\User\.stmcufinder\plugins\mcufinder//mcu/
2025-07-31 08:44:22,835 [WARN] DbFile:41 - Overriding database path with different value: C:\Users\User\.stmcufinder\plugins\mcufinder/ => C:\Users\User\.stmcufinder\plugins\mcufinder
2025-07-31 08:44:22,835 [WARN] DbFile:41 - Overriding database path with different value: C:\Users\User\.stmcufinder\plugins\mcufinder/ => C:\Users\User\.stmcufinder\plugins\mcufinder
2025-07-31 08:44:22,835 [INFO] CrossReferenceDbSqlite:203 - Set database path to: C:\Users\User\.stmcufinder\plugins\mcufinder//mcu/cs/
2025-07-31 08:44:22,849 [INFO] ApplicationProperties:184 - Using Application install path: C:\ST\STM32CubeIDE_1.19.0\STM32CubeIDE\plugins\com.st.stm32cube.common.mx_6.15.0.202507011659
2025-07-31 08:44:22,850 [INFO] PluginManage:196 - Search for loadable plugins [exclusion list=, ]
2025-07-31 08:44:22,851 [INFO] PluginManage:310 - Check plugin analytics
2025-07-31 08:44:22,985 [INFO] AnalyticsPlugin:253 - Accepted Software Licenses: 
2025-07-31 08:44:22,986 [INFO] AnalyticsPlugin:255 - Accepted CMSIS Pack Licenses: 
2025-07-31 08:44:22,986 [INFO] AnalyticsPlugin:257 - Accepted Firmware Licenses: FW.WL.1.3.0
2025-07-31 08:44:22,987 [INFO] PluginManage:359 - Loaded plugin analytics (category:tool,tabindex:-1)
2025-07-31 08:44:22,988 [INFO] PluginManage:310 - Check plugin cadmodel
2025-07-31 08:44:22,994 [INFO] CADModel:105 - Init CAD model plugin
2025-07-31 08:44:22,994 [INFO] PluginManage:359 - Loaded plugin cadmodel (category:power,tabindex:5)
2025-07-31 08:44:22,994 [INFO] PluginManage:310 - Check plugin clock
2025-07-31 08:44:23,004 [INFO] PluginManage:359 - Loaded plugin clock (category:base,tabindex:2)
2025-07-31 08:44:23,004 [INFO] PluginManage:310 - Check plugin ddr
2025-07-31 08:44:23,006 [INFO] PluginManage:359 - Loaded plugin ddr (category:tool,tabindex:6)
2025-07-31 08:44:23,006 [INFO] PluginManage:310 - Check plugin filemanager
2025-07-31 08:44:23,121 [INFO] PluginManage:359 - Loaded plugin filemanager (category:base,tabindex:10)
2025-07-31 08:44:23,121 [INFO] PluginManage:310 - Check plugin ipmanager
2025-07-31 08:44:23,126 [INFO] PluginManage:359 - Loaded plugin ipmanager (category:base,tabindex:5)
2025-07-31 08:44:23,126 [INFO] PluginManage:310 - Check plugin lpbam
2025-07-31 08:44:23,134 [INFO] PluginManage:359 - Loaded plugin lpbam (category:base,tabindex:0)
2025-07-31 08:44:23,134 [INFO] PluginManage:310 - Check plugin memorymap
2025-07-31 08:44:23,149 [INFO] PluginManage:359 - Loaded plugin memorymap (category:base,tabindex:4)
2025-07-31 08:44:23,149 [INFO] PluginManage:310 - Check plugin pinoutandconfiguration
2025-07-31 08:44:23,159 [INFO] PluginManage:359 - Loaded plugin pinoutandconfiguration (category:base,tabindex:1)
2025-07-31 08:44:23,159 [INFO] PluginManage:310 - Check plugin pinoutconfig
2025-07-31 08:44:23,227 [WARN] SupportedApi:132 - Cannot load RTOS API schema: s4s-elt-must-match.1: The content of 'definitions' must match (annotation?, (simpleType | complexType)?, (unique | key | keyref)*)). A problem was found starting at: attribute.
2025-07-31 08:44:23,344 [INFO] PluginManage:359 - Loaded plugin pinoutconfig (category:base,tabindex:0)
2025-07-31 08:44:23,344 [INFO] PluginManage:310 - Check plugin power
2025-07-31 08:44:23,353 [INFO] PluginManage:359 - Loaded plugin power (category:power,tabindex:4)
2025-07-31 08:44:23,353 [INFO] PluginManage:310 - Check plugin projectmanager
2025-07-31 08:44:23,362 [INFO] PluginManage:359 - Loaded plugin projectmanager (category:projectmanager,tabindex:4)
2025-07-31 08:44:23,363 [INFO] PluginManage:310 - Check plugin rif
2025-07-31 08:44:23,371 [INFO] PluginManage:359 - Loaded plugin rif (category:base,tabindex:3)
2025-07-31 08:44:23,371 [INFO] PluginManage:310 - Check plugin thirdparty
2025-07-31 08:44:23,543 [INFO] PluginManage:359 - Loaded plugin thirdparty (category:base,tabindex:-1)
2025-07-31 08:44:23,543 [WARN] IntegrityCheckThread:84 - waiting for thirdparty lock release [integrity check]
2025-07-31 08:44:23,543 [INFO] PluginManage:310 - Check plugin tools
2025-07-31 08:44:23,543 [INFO] IntegrityCheckThread:86 - entering critical section [integrity check]
2025-07-31 08:44:23,543 [INFO] ThirdPartyUpdaterWithRetryManager:70 - Updater plugin not ready yet. [1/15]
2025-07-31 08:44:23,546 [INFO] PluginManage:359 - Loaded plugin tools (category:base,tabindex:7)
2025-07-31 08:44:23,546 [INFO] PluginManage:310 - Check plugin tutovideos
2025-07-31 08:44:23,717 [INFO] PluginManage:359 - Loaded plugin tutovideos (category:base,tabindex:-1)
2025-07-31 08:44:23,717 [INFO] PluginManage:310 - Check plugin updater
2025-07-31 08:44:23,734 [INFO] PluginManage:359 - Loaded plugin updater (category:base,tabindex:12)
2025-07-31 08:44:23,734 [INFO] PluginManage:310 - Check plugin userauth
2025-07-31 08:44:23,738 [INFO] UserAuth:118 - Init User Auth plugin
2025-07-31 08:44:23,739 [INFO] PluginManage:359 - Loaded plugin userauth (category:base,tabindex:14)
2025-07-31 08:44:23,739 [INFO] PluginManage:283 - PluginManage : Loaded plugins [18]
2025-07-31 08:44:23,889 [INFO] PinOutPanel:1589 - setPackage(No Configuration,No Configuration)
2025-07-31 08:44:23,947 [INFO] CADModel:165 - CPN selected for project level
2025-07-31 08:44:23,948 [INFO] CADModel:114 - Register for checkConnection events
2025-07-31 08:44:23,963 [INFO] IPUIPlugin:80 - create IPUIPlugin
2025-07-31 08:44:23,963 [INFO] PluginManager:220 - loadIPPluginJar : add adc
2025-07-31 08:44:23,965 [INFO] IPUIPlugin:80 - create IPUIPlugin
2025-07-31 08:44:23,965 [INFO] PluginManager:220 - loadIPPluginJar : add aes
2025-07-31 08:44:23,967 [INFO] IPUIPlugin:80 - create IPUIPlugin
2025-07-31 08:44:23,967 [INFO] PluginManager:220 - loadIPPluginJar : add can
2025-07-31 08:44:23,969 [INFO] IPUIPlugin:80 - create IPUIPlugin
2025-07-31 08:44:23,969 [INFO] PluginManager:220 - loadIPPluginJar : add comp
2025-07-31 08:44:23,971 [INFO] IPUIPlugin:80 - create IPUIPlugin
2025-07-31 08:44:23,972 [INFO] PluginManager:220 - loadIPPluginJar : add cryp
2025-07-31 08:44:23,975 [INFO] IPUIPlugin:80 - create IPUIPlugin
2025-07-31 08:44:23,975 [INFO] PluginManager:220 - loadIPPluginJar : add ddr_ctrl_phy
2025-07-31 08:44:23,977 [INFO] IPUIPlugin:80 - create IPUIPlugin
2025-07-31 08:44:23,977 [INFO] PluginManager:220 - loadIPPluginJar : add dfsdm
2025-07-31 08:44:23,981 [INFO] IPUIPlugin:80 - create IPUIPlugin
2025-07-31 08:44:23,981 [INFO] PluginManager:220 - loadIPPluginJar : add dma
2025-07-31 08:44:23,983 [INFO] IPUIPlugin:80 - create IPUIPlugin
2025-07-31 08:44:23,983 [INFO] PluginManager:220 - loadIPPluginJar : add dma3
2025-07-31 08:44:23,985 [INFO] IPUIPlugin:80 - create IPUIPlugin
2025-07-31 08:44:23,986 [INFO] PluginManager:220 - loadIPPluginJar : add extmemmanager
2025-07-31 08:44:23,987 [INFO] IPUIPlugin:80 - create IPUIPlugin
2025-07-31 08:44:23,987 [INFO] PluginManager:220 - loadIPPluginJar : add fatfs
2025-07-31 08:44:23,990 [INFO] IPUIPlugin:80 - create IPUIPlugin
2025-07-31 08:44:23,990 [INFO] PluginManager:220 - loadIPPluginJar : add fmc
2025-07-31 08:44:23,996 [INFO] IPUIPlugin:80 - create IPUIPlugin
2025-07-31 08:44:23,996 [INFO] PluginManager:220 - loadIPPluginJar : add freertos
2025-07-31 08:44:23,997 [INFO] IPUIPlugin:80 - create IPUIPlugin
2025-07-31 08:44:23,997 [INFO] PluginManager:220 - loadIPPluginJar : add genericplugin
2025-07-31 08:44:23,999 [INFO] IPUIPlugin:80 - create IPUIPlugin
2025-07-31 08:44:23,999 [INFO] PluginManager:220 - loadIPPluginJar : add gfxmmu
2025-07-31 08:44:24,002 [INFO] IPUIPlugin:80 - create IPUIPlugin
2025-07-31 08:44:24,002 [INFO] PluginManager:220 - loadIPPluginJar : add gic
2025-07-31 08:44:24,006 [INFO] IPUIPlugin:80 - create IPUIPlugin
2025-07-31 08:44:24,006 [INFO] PluginManager:220 - loadIPPluginJar : add gpio
2025-07-31 08:44:24,008 [INFO] IPUIPlugin:80 - create IPUIPlugin
2025-07-31 08:44:24,008 [INFO] PluginManager:220 - loadIPPluginJar : add gtzc
2025-07-31 08:44:24,010 [INFO] IPUIPlugin:80 - create IPUIPlugin
2025-07-31 08:44:24,010 [INFO] PluginManager:220 - loadIPPluginJar : add hash
2025-07-31 08:44:24,012 [INFO] IPUIPlugin:80 - create IPUIPlugin
2025-07-31 08:44:24,013 [INFO] PluginManager:220 - loadIPPluginJar : add i2c
2025-07-31 08:44:24,015 [INFO] IPUIPlugin:80 - create IPUIPlugin
2025-07-31 08:44:24,015 [INFO] PluginManager:220 - loadIPPluginJar : add i2s
2025-07-31 08:44:24,017 [INFO] IPUIPlugin:80 - create IPUIPlugin
2025-07-31 08:44:24,017 [INFO] PluginManager:220 - loadIPPluginJar : add i3c
2025-07-31 08:44:24,020 [INFO] IPUIPlugin:80 - create IPUIPlugin
2025-07-31 08:44:24,021 [INFO] PluginManager:220 - loadIPPluginJar : add ipddr
2025-07-31 08:44:24,026 [INFO] IPUIPlugin:80 - create IPUIPlugin
2025-07-31 08:44:24,026 [INFO] PluginManager:220 - loadIPPluginJar : add linkedlist
2025-07-31 08:44:24,028 [INFO] IPUIPlugin:80 - create IPUIPlugin
2025-07-31 08:44:24,029 [INFO] PluginManager:220 - loadIPPluginJar : add lorawan
2025-07-31 08:44:24,030 [INFO] IPUIPlugin:80 - create IPUIPlugin
2025-07-31 08:44:24,030 [INFO] PluginManager:220 - loadIPPluginJar : add ltdc
2025-07-31 08:44:24,035 [INFO] IPUIPlugin:80 - create IPUIPlugin
2025-07-31 08:44:24,035 [INFO] PluginManager:220 - loadIPPluginJar : add mdma
2025-07-31 08:44:24,038 [INFO] IPUIPlugin:80 - create IPUIPlugin
2025-07-31 08:44:24,038 [INFO] PluginManager:220 - loadIPPluginJar : add nvic
2025-07-31 08:44:24,041 [INFO] IPUIPlugin:80 - create IPUIPlugin
2025-07-31 08:44:24,041 [INFO] PluginManager:220 - loadIPPluginJar : add opamp
2025-07-31 08:44:24,044 [INFO] IPUIPlugin:80 - create IPUIPlugin
2025-07-31 08:44:24,044 [INFO] PluginManager:220 - loadIPPluginJar : add openamp
2025-07-31 08:44:24,046 [INFO] IPUIPlugin:80 - create IPUIPlugin
2025-07-31 08:44:24,047 [INFO] PluginManager:220 - loadIPPluginJar : add pdm2pcm
2025-07-31 08:44:24,051 [INFO] IPUIPlugin:80 - create IPUIPlugin
2025-07-31 08:44:24,053 [INFO] PluginManager:220 - loadIPPluginJar : add plateformsettings
2025-07-31 08:44:24,054 [INFO] IPUIPlugin:80 - create IPUIPlugin
2025-07-31 08:44:24,054 [INFO] PluginManager:220 - loadIPPluginJar : add quadspi
2025-07-31 08:44:24,055 [INFO] IPUIPlugin:80 - create IPUIPlugin
2025-07-31 08:44:24,056 [INFO] PluginManager:220 - loadIPPluginJar : add radio
2025-07-31 08:44:24,059 [INFO] IPUIPlugin:80 - create IPUIPlugin
2025-07-31 08:44:24,059 [INFO] PluginManager:220 - loadIPPluginJar : add resmgrutility
2025-07-31 08:44:24,061 [INFO] IPUIPlugin:80 - create IPUIPlugin
2025-07-31 08:44:24,061 [INFO] PluginManager:220 - loadIPPluginJar : add sai
2025-07-31 08:44:24,062 [INFO] IPUIPlugin:80 - create IPUIPlugin
2025-07-31 08:44:24,062 [INFO] PluginManager:220 - loadIPPluginJar : add spi
2025-07-31 08:44:24,066 [INFO] IPUIPlugin:80 - create IPUIPlugin
2025-07-31 08:44:24,066 [INFO] PluginManager:220 - loadIPPluginJar : add stm32_wpan
2025-07-31 08:44:24,068 [INFO] IPUIPlugin:80 - create IPUIPlugin
2025-07-31 08:44:24,068 [INFO] PluginManager:220 - loadIPPluginJar : add tim
2025-07-31 08:44:24,070 [INFO] IPUIPlugin:80 - create IPUIPlugin
2025-07-31 08:44:24,070 [INFO] PluginManager:220 - loadIPPluginJar : add touchsensing
2025-07-31 08:44:24,072 [INFO] IPUIPlugin:80 - create IPUIPlugin
2025-07-31 08:44:24,072 [INFO] PluginManager:220 - loadIPPluginJar : add tracer_emb
2025-07-31 08:44:24,074 [INFO] IPUIPlugin:80 - create IPUIPlugin
2025-07-31 08:44:24,074 [INFO] PluginManager:220 - loadIPPluginJar : add ts
2025-07-31 08:44:24,075 [INFO] IPUIPlugin:80 - create IPUIPlugin
2025-07-31 08:44:24,075 [INFO] PluginManager:220 - loadIPPluginJar : add tsc
2025-07-31 08:44:24,076 [INFO] IPUIPlugin:80 - create IPUIPlugin
2025-07-31 08:44:24,076 [INFO] PluginManager:220 - loadIPPluginJar : add ucpd
2025-07-31 08:44:24,078 [INFO] IPUIPlugin:80 - create IPUIPlugin
2025-07-31 08:44:24,078 [INFO] PluginManager:220 - loadIPPluginJar : add usart
2025-07-31 08:44:24,080 [INFO] IPUIPlugin:80 - create IPUIPlugin
2025-07-31 08:44:24,080 [INFO] PluginManager:220 - loadIPPluginJar : add usbx
2025-07-31 08:44:24,194 [FATAL] Updater:351 - Updater called before beeing initialized
2025-07-31 08:44:24,234 [INFO] RulesReader:64 - Compatibility file has been processed (317 Rules)
2025-07-31 08:44:24,242 [INFO] RulesReader:64 - Compatibility file has been processed (317 Rules)
2025-07-31 08:44:24,250 [INFO] CADModel:165 - CPN selected for project level
2025-07-31 08:44:24,250 [INFO] CADModel:114 - Register for checkConnection events
2025-07-31 08:44:24,250 [FATAL] Updater:351 - Updater called before beeing initialized
2025-07-31 08:44:24,250 [ERROR] CADModel:125 - Updater not yet initialized, retry later 
2025-07-31 08:44:24,347 [FATAL] Updater:351 - Updater called before beeing initialized
2025-07-31 08:44:24,349 [INFO] CADModel:165 - CPN selected for project level
2025-07-31 08:44:24,349 [INFO] CADModel:114 - Register for checkConnection events
2025-07-31 08:44:24,349 [FATAL] Updater:351 - Updater called before beeing initialized
2025-07-31 08:44:24,349 [ERROR] CADModel:125 - Updater not yet initialized, retry later 
2025-07-31 08:44:24,351 [FATAL] Updater:351 - Updater called before beeing initialized
2025-07-31 08:44:24,415 [FATAL] Updater:351 - Updater called before beeing initialized
2025-07-31 08:44:24,417 [INFO] DbMcusAds:53 - JSON generation date=Tue Jul 08 13:44:23 IST 2025 (1751962463562)
2025-07-31 08:44:24,417 [FATAL] Updater:351 - Updater called before beeing initialized
2025-07-31 08:44:24,445 [WARN] DetailPanel:346 - Failed to get advertising image, set to default
2025-07-31 08:44:24,497 [FATAL] Updater:351 - Updater called before beeing initialized
2025-07-31 08:44:24,498 [FATAL] Updater:351 - Updater called before beeing initialized
2025-07-31 08:44:24,498 [FATAL] Updater:351 - Updater called before beeing initialized
2025-07-31 08:44:24,498 [WARN] DetailPanel:346 - Failed to get advertising image, set to default
2025-07-31 08:44:24,498 [FATAL] Updater:351 - Updater called before beeing initialized
2025-07-31 08:44:24,528 [ERROR] Updater:1198 - MainUpdater not yet initialized. External WinMGr cannot be set.
2025-07-31 08:44:24,530 [INFO] Updater:1134 - Updater Version found : 6.15.0
2025-07-31 08:44:24,543 [INFO] ApplicationProperties:184 - Using Application install path: C:\ST\STM32CubeIDE_1.19.0\STM32CubeIDE\plugins\com.st.stm32cube.common.mx_6.15.0.202507011659
2025-07-31 08:44:26,125 [ERROR] LogOutputStream:75 - [STDERR_REDIRECT] Jul 31, 2025 8:44:26 AM java.util.prefs.WindowsPreferences <init>
2025-07-31 08:44:26,138 [ERROR] LogOutputStream:75 - [STDERR_REDIRECT] WARNING: Could not open/create prefs root node Software\JavaSoft\Prefs at root 0xffffffff80000002. Windows RegCreateKeyEx(...) returned error code 5.
2025-07-31 08:44:26,139 [ERROR] LogOutputStream:75 - [STDERR_REDIRECT] 
2025-07-31 08:44:26,439 [INFO] MainUpdater:2872 - connection check result : 10
2025-07-31 08:44:26,440 [INFO] MainUpdater:289 - Updater Check For Update Now.
2025-07-31 08:44:26,440 [INFO] MicroXplorer:498 - Change Database Version : DB.6.0.150
2025-07-31 08:44:26,457 [INFO] McuFinderGlobals:63 - Set McuFinder mode to 2 (CubeIDE integrated)
2025-07-31 08:44:26,459 [INFO] UserAuth:487 - Internet connection configuration mode: 1
2025-07-31 08:44:26,491 [INFO] JxBrowserEngine:152 - Initiate JxBrowser Engine with user profile folder
2025-07-31 08:44:26,545 [WARN] MainUpdater:1193 - Updater busy. Cannot search thirdparties
2025-07-31 08:44:26,545 [INFO] ThirdPartyUpdaterWithRetryManager:96 - Updater plugin is busy. [1/15]
2025-07-31 08:44:26,607 [INFO] CheckServerUpdateThread:120 - End of CheckServer Thread
2025-07-31 08:44:27,507 [INFO] WebApp:169 - Instantiating new browser for Auth
2025-07-31 08:44:28,098 [INFO] WebApp:463 - Apply proxy settings
2025-07-31 08:44:28,098 [INFO] WebApp:548 - Chromium requires no authentication
2025-07-31 08:44:28,108 [INFO] WebApp:491 - Direct internet connection detected
2025-07-31 08:44:28,132 [INFO] WebApp:900 - Register for checkConnection events
2025-07-31 08:44:28,132 [INFO] WebApp:463 - Apply proxy settings
2025-07-31 08:44:28,133 [INFO] WebApp:548 - Chromium requires no authentication
2025-07-31 08:44:28,133 [INFO] WebApp:491 - Direct internet connection detected
2025-07-31 08:44:28,277 [INFO] WebApp:225 - Starting web application
2025-07-31 08:44:28,278 [INFO] WebApp:593 - Web application path used C:\ST\STM32CubeIDE_1.19.0\STM32CubeIDE\plugins\com.st.stm32cube.common.mx_6.15.0.202507011659\db\plugins\mcufinder\reactClient1\index.html
2025-07-31 08:44:28,333 [INFO] UserAuth:487 - Internet connection configuration mode: 1
2025-07-31 08:44:28,466 [INFO] WebApp:191 - Connection restablished
2025-07-31 08:44:29,692 [WARN] PackLoader:240 - Cannot read IP mode file for STMicroelectronics.FP-SNS-MOTENVWB1.1.4.0
2025-07-31 08:44:29,698 [WARN] PackLoader:240 - Cannot read IP mode file for STMicroelectronics.FP-ATR-ASTRA1.2.0.2
2025-07-31 08:44:29,705 [WARN] PackLoader:240 - Cannot read IP mode file for STMicroelectronics.X-CUBE-SMBUS.2.1.0
2025-07-31 08:44:29,708 [WARN] PackLoader:240 - Cannot read IP mode file for STMicroelectronics.X-CUBE-ST60.1.0.0
2025-07-31 08:44:29,723 [WARN] PackLoader:240 - Cannot read IP mode file for STMicroelectronics.X-CUBE-AZRTOS-F7.1.1.0
2025-07-31 08:44:29,744 [WARN] PackLoader:240 - Cannot read IP mode file for Infineon.AIROC-Wi-Fi-Bluetooth-STM32.1.7.1
2025-07-31 08:44:29,769 [WARN] PackLoader:240 - Cannot read IP mode file for STMicroelectronics.X-CUBE-AZRTOS-H7.3.4.0
2025-07-31 08:44:29,778 [WARN] PackLoader:240 - Cannot read IP mode file for STMicroelectronics.X-CUBE-DISPLAY.3.0.0
2025-07-31 08:44:29,806 [WARN] PackLoader:240 - Cannot read IP mode file for STMicroelectronics.X-CUBE-NFC10.1.0.0
2025-07-31 08:44:29,814 [WARN] PackLoader:240 - Cannot read IP mode file for emotas.I-CUBE-CANOPEN.1.3.0
2025-07-31 08:44:29,819 [WARN] PackLoader:240 - Cannot read IP mode file for STMicroelectronics.FP-SNS-SMARTAG2.1.2.0
2025-07-31 08:44:29,824 [WARN] PackLoader:240 - Cannot read IP mode file for STMicroelectronics.FP-SNS-FLIGHT1.5.1.0
2025-07-31 08:44:29,832 [INFO] LogOutputStream:77 - [STDOUT_REDIRECT] 1 : Invalid condition id : UX_CORESTACK_Condition cause : null
2025-07-31 08:44:29,833 [INFO] LogOutputStream:77 - [STDOUT_REDIRECT] 1 : Invalid condition id : UX_CORESTACK_Condition cause : null
2025-07-31 08:44:29,834 [INFO] LogOutputStream:77 - [STDOUT_REDIRECT] 1 : Invalid condition id : UX_CORESTACK_Condition cause : null
2025-07-31 08:44:29,835 [INFO] LogOutputStream:77 - [STDOUT_REDIRECT] 1 : Invalid condition id : UX_CORESTACK_Condition cause : null
2025-07-31 08:44:29,835 [INFO] LogOutputStream:77 - [STDOUT_REDIRECT] 1 : Invalid condition id : UX_CORESTACK_Condition cause : null
2025-07-31 08:44:29,839 [WARN] PackLoader:240 - Cannot read IP mode file for STMicroelectronics.X-CUBE-AZRTOS-WL.2.0.0
2025-07-31 08:44:29,844 [WARN] PackLoader:240 - Cannot read IP mode file for STMicroelectronics.FP-SNS-MOTENV1.5.0.0
2025-07-31 08:44:29,849 [WARN] PackLoader:240 - Cannot read IP mode file for WES.I-CUBE-Cesium.1.3.0
2025-07-31 08:44:29,853 [WARN] PackLoader:240 - Cannot read IP mode file for STMicroelectronics.X-CUBE-BLE2.3.3.0
2025-07-31 08:44:29,857 [WARN] PackLoader:240 - Cannot read IP mode file for STMicroelectronics.X-CUBE-NFC9.1.0.0
2025-07-31 08:44:29,861 [WARN] PackLoader:240 - Cannot read IP mode file for wolfSSL.I-CUBE-wolfSSL.5.8.0
2025-07-31 08:44:29,864 [WARN] PackLoader:240 - Cannot read IP mode file for STMicroelectronics.X-CUBE-BLE1.7.1.0
2025-07-31 08:44:29,868 [WARN] PackLoader:240 - Cannot read IP mode file for wolfSSL.I-CUBE-wolfMQTT.1.19.2
2025-07-31 08:44:29,871 [WARN] PackLoader:240 - Cannot read IP mode file for STMicroelectronics.X-CUBE-EEPRMA1.5.2.0
2025-07-31 08:44:29,875 [WARN] PackLoader:240 - Cannot read IP mode file for STMicroelectronics.X-CUBE-AI.10.1.0
2025-07-31 08:44:29,884 [WARN] PackLoader:240 - Cannot read IP mode file for STMicroelectronics.X-CUBE-AZRTOS-G0.1.1.0
2025-07-31 08:44:29,891 [WARN] PackLoader:240 - Cannot read IP mode file for STMicroelectronics.X-CUBE-SAFEA1.1.2.2
2025-07-31 08:44:29,898 [WARN] PackLoader:240 - Cannot read IP mode file for STMicroelectronics.X-CUBE-NFC4.3.0.0
2025-07-31 08:44:29,905 [WARN] PackLoader:240 - Cannot read IP mode file for EmbeddedOffice.I-CUBE-FS-RTOS.1.0.1
2025-07-31 08:44:29,910 [WARN] PackLoader:240 - Cannot read IP mode file for STMicroelectronics.X-CUBE-WB05N.2.0.0
2025-07-31 08:44:29,913 [WARN] PackLoader:240 - Cannot read IP mode file for wolfSSL.I-CUBE-wolfTPM.3.8.0
2025-07-31 08:44:29,918 [WARN] PackLoader:240 - Cannot read IP mode file for STMicroelectronics.X-CUBE-TCPP.4.2.0
2025-07-31 08:44:29,925 [WARN] PackLoader:240 - Cannot read IP mode file for RealThread.X-CUBE-RT-Thread_Nano.4.1.1
2025-07-31 08:44:29,928 [WARN] PackLoader:240 - Cannot read IP mode file for STMicroelectronics.FP-ATR-SIGFOX1.3.2.0
2025-07-31 08:44:29,932 [WARN] PackLoader:240 - Cannot read IP mode file for ITTIA_DB.I-CUBE-ITTIADB.8.9.0
2025-07-31 08:44:29,936 [WARN] PackLoader:240 - Cannot read IP mode file for STMicroelectronics.X-CUBE-ST67W61.1.0.0
2025-07-31 08:44:29,952 [WARN] PackLoader:240 - Cannot read IP mode file for SEGGER.I-CUBE-embOS.1.3.1
2025-07-31 08:44:29,977 [WARN] PackLoader:240 - Cannot read IP mode file for STMicroelectronics.X-CUBE-ALGOBUILD.1.4.0
2025-07-31 08:44:30,003 [WARN] PackLoader:240 - Cannot read IP mode file for STMicroelectronics.X-CUBE-MEMS1.11.3.0
2025-07-31 08:44:30,084 [WARN] PackLoader:240 - Cannot read IP mode file for STMicroelectronics.X-CUBE-PM33A1.1.0.0
2025-07-31 08:44:30,092 [WARN] PackLoader:240 - Cannot read IP mode file for STMicroelectronics.X-CUBE-AZRTOS-F4.1.1.0
2025-07-31 08:44:30,095 [WARN] PackLoader:240 - Cannot read IP mode file for STMicroelectronics.X-CUBE-ISPU.2.1.0
2025-07-31 08:44:30,099 [WARN] PackLoader:240 - Cannot read IP mode file for STMicroelectronics.X-CUBE-NFC12.1.0.0
2025-07-31 08:44:30,106 [WARN] PackLoader:240 - Cannot read IP mode file for STMicroelectronics.X-CUBE-AZRTOS-L5.2.0.0
2025-07-31 08:44:30,112 [WARN] PackLoader:240 - Cannot read IP mode file for STMicroelectronics.X-CUBE-NFC6.3.1.0
2025-07-31 08:44:30,116 [WARN] PackLoader:240 - Cannot read IP mode file for STMicroelectronics.X-CUBE-FREERTOS.1.3.1
2025-07-31 08:44:30,119 [WARN] PackLoader:240 - Cannot read IP mode file for STMicroelectronics.FP-SNS-STAIOTCFT.1.0.0
2025-07-31 08:44:30,122 [WARN] PackLoader:240 - Cannot read IP mode file for STMicroelectronics.X-CUBE-DPower.1.3.0
2025-07-31 08:44:30,130 [WARN] ConditionMgr:438 - getConditionDescription Invalid condition id : LAN8742 Phy interface Condition cause : null
2025-07-31 08:44:30,130 [WARN] PackLoader:240 - Cannot read IP mode file for STMicroelectronics.X-CUBE-AZRTOS-L4.2.0.0
2025-07-31 08:44:30,130 [WARN] ConditionMgr:1044 - genDependencies : Invalid condition id : LAN8742 Phy interface Condition cause : null
2025-07-31 08:44:30,130 [WARN] ConditionMgr:1044 - genDependencies : Invalid condition id : LAN8742 Phy interface Condition cause : null
2025-07-31 08:44:30,130 [WARN] ConditionMgr:1044 - genDependencies : Invalid condition id : LAN8742 Phy interface Condition cause : null
2025-07-31 08:44:30,134 [WARN] PackLoader:240 - Cannot read IP mode file for STMicroelectronics.X-CUBE-SFXS2LP1.4.0.0
2025-07-31 08:44:30,139 [WARN] PackLoader:240 - Cannot read IP mode file for STMicroelectronics.X-CUBE-BLEMGR.4.1.0
2025-07-31 08:44:30,146 [WARN] ConditionMgr:438 - getConditionDescription Invalid condition id : UX DEVICE CLASS RTOS Condition cause : null
2025-07-31 08:44:30,146 [WARN] ConditionMgr:438 - getConditionDescription Invalid condition id : UX DEVICE CLASS RTOS Condition cause : null
2025-07-31 08:44:30,147 [WARN] PackLoader:240 - Cannot read IP mode file for STMicroelectronics.X-CUBE-AZRTOS-WB.2.0.0
2025-07-31 08:44:30,147 [WARN] ConditionMgr:1044 - genDependencies : Invalid condition id : UX DEVICE CLASS RTOS Condition cause : null
2025-07-31 08:44:30,147 [WARN] ConditionMgr:1044 - genDependencies : Invalid condition id : UX DEVICE CLASS RTOS Condition cause : null
2025-07-31 08:44:30,147 [WARN] ConditionMgr:1044 - genDependencies : Invalid condition id : UX DEVICE CLASS RTOS Condition cause : null
2025-07-31 08:44:30,147 [WARN] ConditionMgr:1044 - genDependencies : Invalid condition id : UX DEVICE CLASS RTOS Condition cause : null
2025-07-31 08:44:30,147 [WARN] ConditionMgr:1044 - genDependencies : Invalid condition id : UX DEVICE CLASS RTOS Condition cause : null
2025-07-31 08:44:30,151 [WARN] PackLoader:240 - Cannot read IP mode file for STMicroelectronics.X-CUBE-GNSS1.7.0.1
2025-07-31 08:44:30,154 [WARN] PackLoader:240 - Cannot read IP mode file for STMicroelectronics.X-CUBE-TOUCHGFX.4.25.0
2025-07-31 08:44:30,157 [WARN] PackLoader:240 - Cannot read IP mode file for STMicroelectronics.FP-SNS-STBOX1.2.0.0
2025-07-31 08:44:30,160 [WARN] ConditionMgr:438 - getConditionDescription Invalid condition id : Cortex-A Device cause : null
2025-07-31 08:44:30,168 [WARN] ConditionMgr:1044 - genDependencies : Invalid condition id : Cortex-A Device cause : null
2025-07-31 08:44:30,169 [WARN] ConditionMgr:1044 - genDependencies : Invalid condition id : Cortex-A Device cause : null
2025-07-31 08:44:30,169 [WARN] ConditionMgr:1044 - genDependencies : Invalid condition id : Cortex-A Device cause : null
2025-07-31 08:44:30,174 [WARN] PackLoader:240 - Cannot read IP mode file for STMicroelectronics.X-CUBE-SUBG2.5.0.0
2025-07-31 08:44:30,184 [WARN] PackLoader:240 - Cannot read IP mode file for STMicroelectronics.X-CUBE-AZRTOS-H7RS.1.1.0
2025-07-31 08:44:30,188 [WARN] PackLoader:240 - Cannot read IP mode file for Cesanta.I-CUBE-Mongoose.7.13.0
2025-07-31 08:44:30,193 [WARN] PackLoader:240 - Cannot read IP mode file for STMicroelectronics.X-CUBE-AZRTOS-G4.2.0.0
2025-07-31 08:44:30,197 [WARN] PackLoader:240 - Cannot read IP mode file for wolfSSL.I-CUBE-wolfSSH.1.4.20
2025-07-31 08:44:30,201 [WARN] PackLoader:240 - Cannot read IP mode file for STMicroelectronics.X-CUBE-NFC7.2.0.0
2025-07-31 08:44:30,213 [WARN] PackLoader:240 - Cannot read IP mode file for STMicroelectronics.X-CUBE-IPS.3.1.0
2025-07-31 08:44:30,223 [WARN] PackLoader:240 - Cannot read IP mode file for STMicroelectronics.X-CUBE-ALS.1.0.2
2025-07-31 08:44:30,230 [WARN] PackLoader:240 - Cannot read IP mode file for portGmbH.I-Cube-SoM-uGOAL.1.1.0
2025-07-31 08:44:30,239 [WARN] PackLoader:240 - Cannot read IP mode file for STMicroelectronics.X-CUBE-TOF1.3.4.3
2025-07-31 08:44:30,248 [INFO] ThirdParty:978 - Integrity check success = true
2025-07-31 08:44:30,248 [INFO] IntegrityCheckThread:100 - exiting critical section [integrity check]
2025-07-31 08:44:30,248 [INFO] IntegrityCheckThread:103 - End integrity checks thread
2025-07-31 09:05:17,089 [INFO] WebApp:194 - Connection lost
2025-07-31 09:05:17,492 [INFO] WebApp:191 - Connection restablished
2025-07-31 09:05:22,110 [INFO] WebApp:194 - Connection lost
2025-07-31 09:05:22,318 [INFO] WebApp:191 - Connection restablished
2025-07-31 09:05:34,615 [INFO] WebApp:194 - Connection lost
2025-07-31 09:05:35,075 [INFO] WebApp:191 - Connection restablished
2025-07-31 09:05:38,608 [INFO] WebApp:194 - Connection lost
2025-07-31 09:05:38,783 [INFO] WebApp:191 - Connection restablished
2025-07-31 09:10:20,438 [INFO] WebApp:403 - JxBrowser engine has been closed 
