2025-08-19 12:53:31,031 [INFO] Activator:176 - 


2025-08-19 12:53:31,035 [INFO] Activator:177 - !SESSION log4j initialized
2025-08-19 12:53:35,330 [INFO] LogOutputStream:77 - [STDOUT_REDIRECT] 
2025-08-19 12:53:36,134 [INFO] ApplicationProperties:184 - Using Application install path: C:\ST\STM32CubeIDE_1.19.0\STM32CubeIDE\plugins\com.st.stm32cube.common.mx_6.15.0.202507011659
2025-08-19 12:53:36,153 [INFO] DbMcusXml:78 - Set database path to: C:\ST\STM32CubeIDE_1.19.0\STM32CubeIDE\plugins\com.st.stm32cube.common.mx_6.15.0.202507011659\\db\/mcu/
2025-08-19 12:53:36,154 [INFO] ApiDb:274 - Set plugin database path to: C:\ST\STM32CubeIDE_1.19.0\STM32CubeIDE\plugins\com.st.stm32cube.common.mx_6.15.0.202507011659\\db\/plugins/boardmanager/
2025-08-19 12:53:36,154 [WARN] ApiDb:259 - Overriding images path with different value:  => C:\ST\STM32CubeIDE_1.19.0\STM32CubeIDE\plugins\com.st.stm32cube.common.mx_6.15.0.202507011659\\db\/plugins/mcufinder/images/
2025-08-19 12:53:36,166 [INFO] ApiDb:250 - Set database path to: C:\Users\User\.stmcufinder\plugins\mcufinder//mcu/
2025-08-19 12:53:36,168 [INFO] DbMcusAds:125 - Set database path to: C:\Users\User\.stmcufinder\plugins\mcufinder//mcu/
2025-08-19 12:53:36,170 [INFO] CrossReferenceDbSqlite:203 - Set database path to: C:\Users\User\.stmcufinder\plugins\mcufinder//mcu/cs/
2025-08-19 12:53:36,292 [INFO] RulesReader:64 - Compatibility file has been processed (317 Rules)
2025-08-19 12:53:36,367 [INFO] DbMcusXml:78 - Set database path to: C:\ST\STM32CubeIDE_1.19.0\STM32CubeIDE\plugins\com.st.stm32cube.common.mx_6.15.0.202507011659\\db\/mcu/
2025-08-19 12:53:36,368 [INFO] ApiDb:274 - Set plugin database path to: C:\ST\STM32CubeIDE_1.19.0\STM32CubeIDE\plugins\com.st.stm32cube.common.mx_6.15.0.202507011659\\db\/plugins/boardmanager/
2025-08-19 12:53:36,368 [INFO] ApiDb:261 - Set plugin images path to: C:\ST\STM32CubeIDE_1.19.0\STM32CubeIDE\plugins\com.st.stm32cube.common.mx_6.15.0.202507011659\\db\/plugins/mcufinder/images/
2025-08-19 12:53:36,368 [WARN] DbFile:41 - Overriding database path with different value: C:\Users\User\.stmcufinder\plugins\mcufinder/ => C:\Users\User\.stmcufinder\plugins\mcufinder
2025-08-19 12:53:36,368 [INFO] ApiDb:250 - Set database path to: C:\Users\User\.stmcufinder\plugins\mcufinder//mcu/
2025-08-19 12:53:36,368 [WARN] DbFile:41 - Overriding database path with different value: C:\Users\User\.stmcufinder\plugins\mcufinder/ => C:\Users\User\.stmcufinder\plugins\mcufinder
2025-08-19 12:53:36,368 [INFO] DbMcusAds:125 - Set database path to: C:\Users\User\.stmcufinder\plugins\mcufinder//mcu/
2025-08-19 12:53:36,368 [WARN] DbFile:41 - Overriding database path with different value: C:\Users\User\.stmcufinder\plugins\mcufinder/ => C:\Users\User\.stmcufinder\plugins\mcufinder
2025-08-19 12:53:36,368 [WARN] DbFile:41 - Overriding database path with different value: C:\Users\User\.stmcufinder\plugins\mcufinder/ => C:\Users\User\.stmcufinder\plugins\mcufinder
2025-08-19 12:53:36,368 [INFO] CrossReferenceDbSqlite:203 - Set database path to: C:\Users\User\.stmcufinder\plugins\mcufinder//mcu/cs/
2025-08-19 12:53:36,457 [INFO] MainPanel:274 - HeapMemory: 351272960
2025-08-19 12:53:36,599 [INFO] DbMcusXml:78 - Set database path to: C:\ST\STM32CubeIDE_1.19.0\STM32CubeIDE\plugins\com.st.stm32cube.common.mx_6.15.0.202507011659\\db\/mcu/
2025-08-19 12:53:36,599 [INFO] ApiDb:274 - Set plugin database path to: C:\ST\STM32CubeIDE_1.19.0\STM32CubeIDE\plugins\com.st.stm32cube.common.mx_6.15.0.202507011659\\db\/plugins/boardmanager/
2025-08-19 12:53:36,600 [INFO] ApiDb:261 - Set plugin images path to: C:\ST\STM32CubeIDE_1.19.0\STM32CubeIDE\plugins\com.st.stm32cube.common.mx_6.15.0.202507011659\\db\/plugins/mcufinder/images/
2025-08-19 12:53:36,600 [WARN] DbFile:41 - Overriding database path with different value: C:\Users\User\.stmcufinder\plugins\mcufinder/ => C:\Users\User\.stmcufinder\plugins\mcufinder
2025-08-19 12:53:36,600 [INFO] ApiDb:250 - Set database path to: C:\Users\User\.stmcufinder\plugins\mcufinder//mcu/
2025-08-19 12:53:36,600 [WARN] DbFile:41 - Overriding database path with different value: C:\Users\User\.stmcufinder\plugins\mcufinder/ => C:\Users\User\.stmcufinder\plugins\mcufinder
2025-08-19 12:53:36,601 [INFO] DbMcusAds:125 - Set database path to: C:\Users\User\.stmcufinder\plugins\mcufinder//mcu/
2025-08-19 12:53:36,601 [WARN] DbFile:41 - Overriding database path with different value: C:\Users\User\.stmcufinder\plugins\mcufinder/ => C:\Users\User\.stmcufinder\plugins\mcufinder
2025-08-19 12:53:36,601 [WARN] DbFile:41 - Overriding database path with different value: C:\Users\User\.stmcufinder\plugins\mcufinder/ => C:\Users\User\.stmcufinder\plugins\mcufinder
2025-08-19 12:53:36,601 [INFO] CrossReferenceDbSqlite:203 - Set database path to: C:\Users\User\.stmcufinder\plugins\mcufinder//mcu/cs/
2025-08-19 12:53:36,622 [INFO] ApplicationProperties:184 - Using Application install path: C:\ST\STM32CubeIDE_1.19.0\STM32CubeIDE\plugins\com.st.stm32cube.common.mx_6.15.0.202507011659
2025-08-19 12:53:36,623 [INFO] PluginManage:196 - Search for loadable plugins [exclusion list=, ]
2025-08-19 12:53:36,624 [INFO] PluginManage:310 - Check plugin analytics
2025-08-19 12:53:36,804 [INFO] AnalyticsPlugin:253 - Accepted Software Licenses: 
2025-08-19 12:53:36,804 [INFO] AnalyticsPlugin:255 - Accepted CMSIS Pack Licenses: 
2025-08-19 12:53:36,804 [INFO] AnalyticsPlugin:257 - Accepted Firmware Licenses: FW.WL.1.3.0,FW.H7.1.12.0
2025-08-19 12:53:36,807 [INFO] PluginManage:359 - Loaded plugin analytics (category:tool,tabindex:-1)
2025-08-19 12:53:36,807 [INFO] PluginManage:310 - Check plugin cadmodel
2025-08-19 12:53:36,814 [INFO] CADModel:105 - Init CAD model plugin
2025-08-19 12:53:36,814 [INFO] PluginManage:359 - Loaded plugin cadmodel (category:power,tabindex:5)
2025-08-19 12:53:36,814 [INFO] PluginManage:310 - Check plugin clock
2025-08-19 12:53:36,826 [INFO] PluginManage:359 - Loaded plugin clock (category:base,tabindex:2)
2025-08-19 12:53:36,826 [INFO] PluginManage:310 - Check plugin ddr
2025-08-19 12:53:36,829 [INFO] PluginManage:359 - Loaded plugin ddr (category:tool,tabindex:6)
2025-08-19 12:53:36,830 [INFO] PluginManage:310 - Check plugin filemanager
2025-08-19 12:53:36,984 [INFO] PluginManage:359 - Loaded plugin filemanager (category:base,tabindex:10)
2025-08-19 12:53:36,985 [INFO] PluginManage:310 - Check plugin ipmanager
2025-08-19 12:53:36,992 [INFO] PluginManage:359 - Loaded plugin ipmanager (category:base,tabindex:5)
2025-08-19 12:53:36,992 [INFO] PluginManage:310 - Check plugin lpbam
2025-08-19 12:53:37,007 [INFO] PluginManage:359 - Loaded plugin lpbam (category:base,tabindex:0)
2025-08-19 12:53:37,008 [INFO] PluginManage:310 - Check plugin memorymap
2025-08-19 12:53:37,025 [INFO] PluginManage:359 - Loaded plugin memorymap (category:base,tabindex:4)
2025-08-19 12:53:37,025 [INFO] PluginManage:310 - Check plugin pinoutandconfiguration
2025-08-19 12:53:37,037 [INFO] PluginManage:359 - Loaded plugin pinoutandconfiguration (category:base,tabindex:1)
2025-08-19 12:53:37,037 [INFO] PluginManage:310 - Check plugin pinoutconfig
2025-08-19 12:53:37,134 [WARN] SupportedApi:132 - Cannot load RTOS API schema: s4s-elt-must-match.1: The content of 'definitions' must match (annotation?, (simpleType | complexType)?, (unique | key | keyref)*)). A problem was found starting at: attribute.
2025-08-19 12:53:37,317 [INFO] PluginManage:359 - Loaded plugin pinoutconfig (category:base,tabindex:0)
2025-08-19 12:53:37,318 [INFO] PluginManage:310 - Check plugin power
2025-08-19 12:53:37,329 [INFO] PluginManage:359 - Loaded plugin power (category:power,tabindex:4)
2025-08-19 12:53:37,329 [INFO] PluginManage:310 - Check plugin projectmanager
2025-08-19 12:53:37,343 [INFO] PluginManage:359 - Loaded plugin projectmanager (category:projectmanager,tabindex:4)
2025-08-19 12:53:37,343 [INFO] PluginManage:310 - Check plugin rif
2025-08-19 12:53:37,353 [INFO] PluginManage:359 - Loaded plugin rif (category:base,tabindex:3)
2025-08-19 12:53:37,354 [INFO] PluginManage:310 - Check plugin thirdparty
2025-08-19 12:53:37,498 [INFO] PluginManage:359 - Loaded plugin thirdparty (category:base,tabindex:-1)
2025-08-19 12:53:37,498 [INFO] PluginManage:310 - Check plugin tools
2025-08-19 12:53:37,498 [WARN] IntegrityCheckThread:84 - waiting for thirdparty lock release [integrity check]
2025-08-19 12:53:37,498 [INFO] IntegrityCheckThread:86 - entering critical section [integrity check]
2025-08-19 12:53:37,499 [INFO] ThirdPartyUpdaterWithRetryManager:70 - Updater plugin not ready yet. [1/15]
2025-08-19 12:53:37,501 [INFO] PluginManage:359 - Loaded plugin tools (category:base,tabindex:7)
2025-08-19 12:53:37,501 [INFO] PluginManage:310 - Check plugin tutovideos
2025-08-19 12:53:37,757 [INFO] PluginManage:359 - Loaded plugin tutovideos (category:base,tabindex:-1)
2025-08-19 12:53:37,757 [INFO] PluginManage:310 - Check plugin updater
2025-08-19 12:53:37,775 [INFO] PluginManage:359 - Loaded plugin updater (category:base,tabindex:12)
2025-08-19 12:53:37,775 [INFO] PluginManage:310 - Check plugin userauth
2025-08-19 12:53:37,779 [INFO] UserAuth:118 - Init User Auth plugin
2025-08-19 12:53:37,781 [INFO] PluginManage:359 - Loaded plugin userauth (category:base,tabindex:14)
2025-08-19 12:53:37,781 [INFO] PluginManage:283 - PluginManage : Loaded plugins [18]
2025-08-19 12:53:37,970 [INFO] PinOutPanel:1589 - setPackage(No Configuration,No Configuration)
2025-08-19 12:53:38,026 [INFO] CADModel:165 - CPN selected for project level
2025-08-19 12:53:38,026 [INFO] CADModel:114 - Register for checkConnection events
2025-08-19 12:53:38,041 [INFO] IPUIPlugin:80 - create IPUIPlugin
2025-08-19 12:53:38,041 [INFO] PluginManager:220 - loadIPPluginJar : add adc
2025-08-19 12:53:38,043 [INFO] IPUIPlugin:80 - create IPUIPlugin
2025-08-19 12:53:38,043 [INFO] PluginManager:220 - loadIPPluginJar : add aes
2025-08-19 12:53:38,045 [INFO] IPUIPlugin:80 - create IPUIPlugin
2025-08-19 12:53:38,045 [INFO] PluginManager:220 - loadIPPluginJar : add can
2025-08-19 12:53:38,046 [INFO] IPUIPlugin:80 - create IPUIPlugin
2025-08-19 12:53:38,046 [INFO] PluginManager:220 - loadIPPluginJar : add comp
2025-08-19 12:53:38,049 [INFO] IPUIPlugin:80 - create IPUIPlugin
2025-08-19 12:53:38,049 [INFO] PluginManager:220 - loadIPPluginJar : add cryp
2025-08-19 12:53:38,052 [INFO] IPUIPlugin:80 - create IPUIPlugin
2025-08-19 12:53:38,052 [INFO] PluginManager:220 - loadIPPluginJar : add ddr_ctrl_phy
2025-08-19 12:53:38,053 [INFO] IPUIPlugin:80 - create IPUIPlugin
2025-08-19 12:53:38,053 [INFO] PluginManager:220 - loadIPPluginJar : add dfsdm
2025-08-19 12:53:38,057 [INFO] IPUIPlugin:80 - create IPUIPlugin
2025-08-19 12:53:38,058 [INFO] PluginManager:220 - loadIPPluginJar : add dma
2025-08-19 12:53:38,060 [INFO] IPUIPlugin:80 - create IPUIPlugin
2025-08-19 12:53:38,060 [INFO] PluginManager:220 - loadIPPluginJar : add dma3
2025-08-19 12:53:38,062 [INFO] IPUIPlugin:80 - create IPUIPlugin
2025-08-19 12:53:38,062 [INFO] PluginManager:220 - loadIPPluginJar : add extmemmanager
2025-08-19 12:53:38,063 [INFO] IPUIPlugin:80 - create IPUIPlugin
2025-08-19 12:53:38,063 [INFO] PluginManager:220 - loadIPPluginJar : add fatfs
2025-08-19 12:53:38,066 [INFO] IPUIPlugin:80 - create IPUIPlugin
2025-08-19 12:53:38,066 [INFO] PluginManager:220 - loadIPPluginJar : add fmc
2025-08-19 12:53:38,072 [INFO] IPUIPlugin:80 - create IPUIPlugin
2025-08-19 12:53:38,072 [INFO] PluginManager:220 - loadIPPluginJar : add freertos
2025-08-19 12:53:38,073 [INFO] IPUIPlugin:80 - create IPUIPlugin
2025-08-19 12:53:38,073 [INFO] PluginManager:220 - loadIPPluginJar : add genericplugin
2025-08-19 12:53:38,075 [INFO] IPUIPlugin:80 - create IPUIPlugin
2025-08-19 12:53:38,076 [INFO] PluginManager:220 - loadIPPluginJar : add gfxmmu
2025-08-19 12:53:38,082 [INFO] IPUIPlugin:80 - create IPUIPlugin
2025-08-19 12:53:38,082 [INFO] PluginManager:220 - loadIPPluginJar : add gic
2025-08-19 12:53:38,086 [INFO] IPUIPlugin:80 - create IPUIPlugin
2025-08-19 12:53:38,086 [INFO] PluginManager:220 - loadIPPluginJar : add gpio
2025-08-19 12:53:38,089 [INFO] IPUIPlugin:80 - create IPUIPlugin
2025-08-19 12:53:38,089 [INFO] PluginManager:220 - loadIPPluginJar : add gtzc
2025-08-19 12:53:38,092 [INFO] IPUIPlugin:80 - create IPUIPlugin
2025-08-19 12:53:38,092 [INFO] PluginManager:220 - loadIPPluginJar : add hash
2025-08-19 12:53:38,095 [INFO] IPUIPlugin:80 - create IPUIPlugin
2025-08-19 12:53:38,095 [INFO] PluginManager:220 - loadIPPluginJar : add i2c
2025-08-19 12:53:38,097 [INFO] IPUIPlugin:80 - create IPUIPlugin
2025-08-19 12:53:38,097 [INFO] PluginManager:220 - loadIPPluginJar : add i2s
2025-08-19 12:53:38,099 [INFO] IPUIPlugin:80 - create IPUIPlugin
2025-08-19 12:53:38,099 [INFO] PluginManager:220 - loadIPPluginJar : add i3c
2025-08-19 12:53:38,102 [INFO] IPUIPlugin:80 - create IPUIPlugin
2025-08-19 12:53:38,102 [INFO] PluginManager:220 - loadIPPluginJar : add ipddr
2025-08-19 12:53:38,107 [INFO] IPUIPlugin:80 - create IPUIPlugin
2025-08-19 12:53:38,107 [INFO] PluginManager:220 - loadIPPluginJar : add linkedlist
2025-08-19 12:53:38,110 [INFO] IPUIPlugin:80 - create IPUIPlugin
2025-08-19 12:53:38,110 [INFO] PluginManager:220 - loadIPPluginJar : add lorawan
2025-08-19 12:53:38,111 [INFO] IPUIPlugin:80 - create IPUIPlugin
2025-08-19 12:53:38,112 [INFO] PluginManager:220 - loadIPPluginJar : add ltdc
2025-08-19 12:53:38,116 [INFO] IPUIPlugin:80 - create IPUIPlugin
2025-08-19 12:53:38,116 [INFO] PluginManager:220 - loadIPPluginJar : add mdma
2025-08-19 12:53:38,119 [INFO] IPUIPlugin:80 - create IPUIPlugin
2025-08-19 12:53:38,119 [INFO] PluginManager:220 - loadIPPluginJar : add nvic
2025-08-19 12:53:38,121 [INFO] IPUIPlugin:80 - create IPUIPlugin
2025-08-19 12:53:38,121 [INFO] PluginManager:220 - loadIPPluginJar : add opamp
2025-08-19 12:53:38,123 [INFO] IPUIPlugin:80 - create IPUIPlugin
2025-08-19 12:53:38,123 [INFO] PluginManager:220 - loadIPPluginJar : add openamp
2025-08-19 12:53:38,125 [INFO] IPUIPlugin:80 - create IPUIPlugin
2025-08-19 12:53:38,125 [INFO] PluginManager:220 - loadIPPluginJar : add pdm2pcm
2025-08-19 12:53:38,130 [INFO] IPUIPlugin:80 - create IPUIPlugin
2025-08-19 12:53:38,135 [INFO] PluginManager:220 - loadIPPluginJar : add plateformsettings
2025-08-19 12:53:38,136 [INFO] IPUIPlugin:80 - create IPUIPlugin
2025-08-19 12:53:38,136 [INFO] PluginManager:220 - loadIPPluginJar : add quadspi
2025-08-19 12:53:38,138 [INFO] IPUIPlugin:80 - create IPUIPlugin
2025-08-19 12:53:38,138 [INFO] PluginManager:220 - loadIPPluginJar : add radio
2025-08-19 12:53:38,142 [INFO] IPUIPlugin:80 - create IPUIPlugin
2025-08-19 12:53:38,143 [INFO] PluginManager:220 - loadIPPluginJar : add resmgrutility
2025-08-19 12:53:38,146 [INFO] IPUIPlugin:80 - create IPUIPlugin
2025-08-19 12:53:38,146 [INFO] PluginManager:220 - loadIPPluginJar : add sai
2025-08-19 12:53:38,148 [INFO] IPUIPlugin:80 - create IPUIPlugin
2025-08-19 12:53:38,148 [INFO] PluginManager:220 - loadIPPluginJar : add spi
2025-08-19 12:53:38,153 [INFO] IPUIPlugin:80 - create IPUIPlugin
2025-08-19 12:53:38,154 [INFO] PluginManager:220 - loadIPPluginJar : add stm32_wpan
2025-08-19 12:53:38,155 [INFO] IPUIPlugin:80 - create IPUIPlugin
2025-08-19 12:53:38,155 [INFO] PluginManager:220 - loadIPPluginJar : add tim
2025-08-19 12:53:38,157 [INFO] IPUIPlugin:80 - create IPUIPlugin
2025-08-19 12:53:38,158 [INFO] PluginManager:220 - loadIPPluginJar : add touchsensing
2025-08-19 12:53:38,159 [INFO] IPUIPlugin:80 - create IPUIPlugin
2025-08-19 12:53:38,159 [INFO] PluginManager:220 - loadIPPluginJar : add tracer_emb
2025-08-19 12:53:38,161 [INFO] IPUIPlugin:80 - create IPUIPlugin
2025-08-19 12:53:38,161 [INFO] PluginManager:220 - loadIPPluginJar : add ts
2025-08-19 12:53:38,162 [INFO] IPUIPlugin:80 - create IPUIPlugin
2025-08-19 12:53:38,162 [INFO] PluginManager:220 - loadIPPluginJar : add tsc
2025-08-19 12:53:38,164 [INFO] IPUIPlugin:80 - create IPUIPlugin
2025-08-19 12:53:38,164 [INFO] PluginManager:220 - loadIPPluginJar : add ucpd
2025-08-19 12:53:38,166 [INFO] IPUIPlugin:80 - create IPUIPlugin
2025-08-19 12:53:38,166 [INFO] PluginManager:220 - loadIPPluginJar : add usart
2025-08-19 12:53:38,170 [INFO] IPUIPlugin:80 - create IPUIPlugin
2025-08-19 12:53:38,170 [INFO] PluginManager:220 - loadIPPluginJar : add usbx
2025-08-19 12:53:38,278 [FATAL] Updater:351 - Updater called before beeing initialized
2025-08-19 12:53:38,302 [INFO] RulesReader:64 - Compatibility file has been processed (317 Rules)
2025-08-19 12:53:38,310 [INFO] RulesReader:64 - Compatibility file has been processed (317 Rules)
2025-08-19 12:53:38,317 [INFO] CADModel:165 - CPN selected for project level
2025-08-19 12:53:38,317 [INFO] CADModel:114 - Register for checkConnection events
2025-08-19 12:53:38,317 [FATAL] Updater:351 - Updater called before beeing initialized
2025-08-19 12:53:38,317 [ERROR] CADModel:125 - Updater not yet initialized, retry later 
2025-08-19 12:53:38,445 [FATAL] Updater:351 - Updater called before beeing initialized
2025-08-19 12:53:38,447 [INFO] CADModel:165 - CPN selected for project level
2025-08-19 12:53:38,447 [INFO] CADModel:114 - Register for checkConnection events
2025-08-19 12:53:38,447 [FATAL] Updater:351 - Updater called before beeing initialized
2025-08-19 12:53:38,447 [ERROR] CADModel:125 - Updater not yet initialized, retry later 
2025-08-19 12:53:38,451 [FATAL] Updater:351 - Updater called before beeing initialized
2025-08-19 12:53:38,540 [FATAL] Updater:351 - Updater called before beeing initialized
2025-08-19 12:53:38,543 [INFO] DbMcusAds:53 - JSON generation date=Tue Jul 08 13:44:23 IST 2025 (1751962463562)
2025-08-19 12:53:38,543 [FATAL] Updater:351 - Updater called before beeing initialized
2025-08-19 12:53:38,568 [WARN] DetailPanel:346 - Failed to get advertising image, set to default
2025-08-19 12:53:38,620 [FATAL] Updater:351 - Updater called before beeing initialized
2025-08-19 12:53:38,621 [FATAL] Updater:351 - Updater called before beeing initialized
2025-08-19 12:53:38,621 [FATAL] Updater:351 - Updater called before beeing initialized
2025-08-19 12:53:38,621 [WARN] DetailPanel:346 - Failed to get advertising image, set to default
2025-08-19 12:53:38,622 [FATAL] Updater:351 - Updater called before beeing initialized
2025-08-19 12:53:38,654 [ERROR] Updater:1198 - MainUpdater not yet initialized. External WinMGr cannot be set.
2025-08-19 12:53:38,656 [INFO] Updater:1134 - Updater Version found : 6.15.0
2025-08-19 12:53:38,669 [INFO] ApplicationProperties:184 - Using Application install path: C:\ST\STM32CubeIDE_1.19.0\STM32CubeIDE\plugins\com.st.stm32cube.common.mx_6.15.0.202507011659
2025-08-19 12:53:40,236 [ERROR] LogOutputStream:75 - [STDERR_REDIRECT] Aug 19, 2025 12:53:40 PM java.util.prefs.WindowsPreferences <init>
2025-08-19 12:53:40,237 [ERROR] LogOutputStream:75 - [STDERR_REDIRECT] WARNING: Could not open/create prefs root node Software\JavaSoft\Prefs at root 0xffffffff80000002. Windows RegCreateKeyEx(...) returned error code 5.
2025-08-19 12:53:40,237 [ERROR] LogOutputStream:75 - [STDERR_REDIRECT] 
2025-08-19 12:53:40,499 [INFO] ThirdPartyUpdaterWithRetryManager:70 - Updater plugin not ready yet. [2/15]
2025-08-19 12:53:40,509 [INFO] MainUpdater:2872 - connection check result : 10
2025-08-19 12:53:40,510 [INFO] MainUpdater:289 - Updater Check For Update Now.
2025-08-19 12:53:40,510 [INFO] MicroXplorer:498 - Change Database Version : DB.6.0.150
2025-08-19 12:53:40,516 [INFO] McuFinderGlobals:63 - Set McuFinder mode to 2 (CubeIDE integrated)
2025-08-19 12:53:40,517 [INFO] UserAuth:487 - Internet connection configuration mode: 1
2025-08-19 12:53:40,539 [INFO] JxBrowserEngine:152 - Initiate JxBrowser Engine with user profile folder
2025-08-19 12:53:40,658 [INFO] CheckServerUpdateThread:120 - End of CheckServer Thread
2025-08-19 12:53:41,468 [INFO] WebApp:169 - Instantiating new browser for Auth
2025-08-19 12:53:41,963 [INFO] WebApp:463 - Apply proxy settings
2025-08-19 12:53:41,964 [INFO] WebApp:548 - Chromium requires no authentication
2025-08-19 12:53:41,972 [INFO] WebApp:491 - Direct internet connection detected
2025-08-19 12:53:41,990 [INFO] WebApp:900 - Register for checkConnection events
2025-08-19 12:53:41,990 [INFO] WebApp:463 - Apply proxy settings
2025-08-19 12:53:41,990 [INFO] WebApp:548 - Chromium requires no authentication
2025-08-19 12:53:41,990 [INFO] WebApp:491 - Direct internet connection detected
2025-08-19 12:53:42,129 [INFO] WebApp:225 - Starting web application
2025-08-19 12:53:42,129 [INFO] WebApp:593 - Web application path used C:\ST\STM32CubeIDE_1.19.0\STM32CubeIDE\plugins\com.st.stm32cube.common.mx_6.15.0.202507011659\db\plugins\mcufinder\reactClient1\index.html
2025-08-19 12:53:42,185 [INFO] UserAuth:487 - Internet connection configuration mode: 1
2025-08-19 12:53:42,398 [INFO] WebApp:191 - Connection restablished
2025-08-19 12:53:43,636 [WARN] PackLoader:240 - Cannot read IP mode file for STMicroelectronics.FP-SNS-MOTENVWB1.1.4.0
2025-08-19 12:53:43,642 [WARN] PackLoader:240 - Cannot read IP mode file for STMicroelectronics.FP-ATR-ASTRA1.2.0.2
2025-08-19 12:53:43,649 [WARN] PackLoader:240 - Cannot read IP mode file for STMicroelectronics.X-CUBE-SMBUS.2.1.0
2025-08-19 12:53:43,653 [WARN] PackLoader:240 - Cannot read IP mode file for STMicroelectronics.X-CUBE-ST60.1.0.0
2025-08-19 12:53:43,670 [WARN] PackLoader:240 - Cannot read IP mode file for STMicroelectronics.X-CUBE-AZRTOS-F7.1.1.0
2025-08-19 12:53:43,687 [WARN] PackLoader:240 - Cannot read IP mode file for Infineon.AIROC-Wi-Fi-Bluetooth-STM32.1.7.1
2025-08-19 12:53:43,706 [WARN] PackLoader:240 - Cannot read IP mode file for STMicroelectronics.X-CUBE-AZRTOS-H7.3.4.0
2025-08-19 12:53:43,714 [WARN] PackLoader:240 - Cannot read IP mode file for STMicroelectronics.X-CUBE-DISPLAY.3.0.0
2025-08-19 12:53:43,721 [WARN] PackLoader:240 - Cannot read IP mode file for STMicroelectronics.X-CUBE-NFC10.1.0.0
2025-08-19 12:53:43,725 [WARN] PackLoader:240 - Cannot read IP mode file for emotas.I-CUBE-CANOPEN.1.3.0
2025-08-19 12:53:43,731 [WARN] PackLoader:240 - Cannot read IP mode file for STMicroelectronics.FP-SNS-STBOX1.2.1.0
2025-08-19 12:53:43,735 [WARN] PackLoader:240 - Cannot read IP mode file for STMicroelectronics.FP-SNS-SMARTAG2.1.2.0
2025-08-19 12:53:43,738 [WARN] PackLoader:240 - Cannot read IP mode file for STMicroelectronics.FP-SNS-FLIGHT1.5.1.0
2025-08-19 12:53:43,744 [INFO] LogOutputStream:77 - [STDOUT_REDIRECT] 1 : Invalid condition id : UX_CORESTACK_Condition cause : null
2025-08-19 12:53:43,744 [INFO] LogOutputStream:77 - [STDOUT_REDIRECT] 1 : Invalid condition id : UX_CORESTACK_Condition cause : null
2025-08-19 12:53:43,745 [INFO] LogOutputStream:77 - [STDOUT_REDIRECT] 1 : Invalid condition id : UX_CORESTACK_Condition cause : null
2025-08-19 12:53:43,745 [INFO] LogOutputStream:77 - [STDOUT_REDIRECT] 1 : Invalid condition id : UX_CORESTACK_Condition cause : null
2025-08-19 12:53:43,746 [INFO] LogOutputStream:77 - [STDOUT_REDIRECT] 1 : Invalid condition id : UX_CORESTACK_Condition cause : null
2025-08-19 12:53:43,748 [WARN] PackLoader:240 - Cannot read IP mode file for STMicroelectronics.X-CUBE-AZRTOS-WL.2.0.0
2025-08-19 12:53:43,752 [WARN] PackLoader:240 - Cannot read IP mode file for STMicroelectronics.FP-SNS-MOTENV1.5.0.0
2025-08-19 12:53:43,757 [WARN] PackLoader:240 - Cannot read IP mode file for WES.I-CUBE-Cesium.1.3.0
2025-08-19 12:53:43,760 [WARN] PackLoader:240 - Cannot read IP mode file for STMicroelectronics.X-CUBE-BLE2.3.3.0
2025-08-19 12:53:43,764 [WARN] PackLoader:240 - Cannot read IP mode file for STMicroelectronics.X-CUBE-NFC9.1.0.0
2025-08-19 12:53:43,768 [WARN] PackLoader:240 - Cannot read IP mode file for wolfSSL.I-CUBE-wolfSSL.5.8.0
2025-08-19 12:53:43,771 [WARN] PackLoader:240 - Cannot read IP mode file for STMicroelectronics.X-CUBE-BLE1.7.1.0
2025-08-19 12:53:43,775 [WARN] PackLoader:240 - Cannot read IP mode file for wolfSSL.I-CUBE-wolfMQTT.1.19.2
2025-08-19 12:53:43,778 [WARN] PackLoader:240 - Cannot read IP mode file for STMicroelectronics.X-CUBE-EEPRMA1.5.2.0
2025-08-19 12:53:43,782 [WARN] PackLoader:240 - Cannot read IP mode file for STMicroelectronics.X-CUBE-AI.10.1.0
2025-08-19 12:53:43,794 [WARN] PackLoader:240 - Cannot read IP mode file for STMicroelectronics.X-CUBE-AZRTOS-G0.1.1.0
2025-08-19 12:53:43,799 [WARN] PackLoader:240 - Cannot read IP mode file for STMicroelectronics.X-CUBE-SAFEA1.1.2.2
2025-08-19 12:53:43,803 [WARN] PackLoader:240 - Cannot read IP mode file for STMicroelectronics.X-CUBE-NFC4.3.0.0
2025-08-19 12:53:43,807 [WARN] PackLoader:240 - Cannot read IP mode file for EmbeddedOffice.I-CUBE-FS-RTOS.1.0.1
2025-08-19 12:53:43,811 [WARN] PackLoader:240 - Cannot read IP mode file for STMicroelectronics.X-CUBE-WB05N.2.0.0
2025-08-19 12:53:43,815 [WARN] PackLoader:240 - Cannot read IP mode file for wolfSSL.I-CUBE-wolfTPM.3.8.0
2025-08-19 12:53:43,818 [WARN] PackLoader:240 - Cannot read IP mode file for STMicroelectronics.X-CUBE-TCPP.4.2.0
2025-08-19 12:53:43,821 [WARN] PackLoader:240 - Cannot read IP mode file for RealThread.X-CUBE-RT-Thread_Nano.4.1.1
2025-08-19 12:53:43,825 [WARN] PackLoader:240 - Cannot read IP mode file for STMicroelectronics.FP-ATR-SIGFOX1.3.2.0
2025-08-19 12:53:43,829 [WARN] PackLoader:240 - Cannot read IP mode file for ITTIA_DB.I-CUBE-ITTIADB.8.9.0
2025-08-19 12:53:43,833 [WARN] PackLoader:240 - Cannot read IP mode file for STMicroelectronics.X-CUBE-ST67W61.1.0.0
2025-08-19 12:53:43,836 [WARN] PackLoader:240 - Cannot read IP mode file for STMicroelectronics.X-CUBE-AI.10.2.0
2025-08-19 12:53:43,859 [WARN] PackLoader:240 - Cannot read IP mode file for SEGGER.I-CUBE-embOS.1.3.1
2025-08-19 12:53:43,886 [WARN] PackLoader:240 - Cannot read IP mode file for STMicroelectronics.X-CUBE-ALGOBUILD.1.4.0
2025-08-19 12:53:43,915 [WARN] PackLoader:240 - Cannot read IP mode file for STMicroelectronics.X-CUBE-MEMS1.11.3.0
2025-08-19 12:53:44,013 [WARN] PackLoader:240 - Cannot read IP mode file for STMicroelectronics.X-CUBE-PM33A1.1.0.0
2025-08-19 12:53:44,027 [WARN] PackLoader:240 - Cannot read IP mode file for STMicroelectronics.X-CUBE-AZRTOS-F4.1.1.0
2025-08-19 12:53:44,033 [WARN] PackLoader:240 - Cannot read IP mode file for Avnet-IotConnect.X-CUBE-IoTC-DA16k-PMOD.1.0.0
2025-08-19 12:53:44,037 [WARN] PackLoader:240 - Cannot read IP mode file for STMicroelectronics.X-CUBE-ISPU.2.1.0
2025-08-19 12:53:44,043 [WARN] PackLoader:240 - Cannot read IP mode file for STMicroelectronics.X-CUBE-NFC12.1.0.0
2025-08-19 12:53:44,071 [WARN] PackLoader:240 - Cannot read IP mode file for STMicroelectronics.X-CUBE-AZRTOS-L5.2.0.0
2025-08-19 12:53:44,084 [WARN] PackLoader:240 - Cannot read IP mode file for STMicroelectronics.X-CUBE-NFC6.3.1.0
2025-08-19 12:53:44,090 [WARN] PackLoader:240 - Cannot read IP mode file for STMicroelectronics.X-CUBE-FREERTOS.1.3.1
2025-08-19 12:53:44,095 [WARN] PackLoader:240 - Cannot read IP mode file for STMicroelectronics.FP-SNS-STAIOTCFT.1.0.0
2025-08-19 12:53:44,100 [WARN] PackLoader:240 - Cannot read IP mode file for STMicroelectronics.X-CUBE-DPower.1.3.0
2025-08-19 12:53:44,119 [WARN] ConditionMgr:438 - getConditionDescription Invalid condition id : LAN8742 Phy interface Condition cause : null
2025-08-19 12:53:44,120 [WARN] PackLoader:240 - Cannot read IP mode file for STMicroelectronics.X-CUBE-AZRTOS-L4.2.0.0
2025-08-19 12:53:44,120 [WARN] ConditionMgr:1044 - genDependencies : Invalid condition id : LAN8742 Phy interface Condition cause : null
2025-08-19 12:53:44,120 [WARN] ConditionMgr:1044 - genDependencies : Invalid condition id : LAN8742 Phy interface Condition cause : null
2025-08-19 12:53:44,121 [WARN] ConditionMgr:1044 - genDependencies : Invalid condition id : LAN8742 Phy interface Condition cause : null
2025-08-19 12:53:44,126 [WARN] PackLoader:240 - Cannot read IP mode file for STMicroelectronics.X-CUBE-SFXS2LP1.4.0.0
2025-08-19 12:53:44,134 [WARN] PackLoader:240 - Cannot read IP mode file for STMicroelectronics.X-CUBE-BLEMGR.4.1.0
2025-08-19 12:53:44,143 [WARN] ConditionMgr:438 - getConditionDescription Invalid condition id : UX DEVICE CLASS RTOS Condition cause : null
2025-08-19 12:53:44,143 [WARN] ConditionMgr:438 - getConditionDescription Invalid condition id : UX DEVICE CLASS RTOS Condition cause : null
2025-08-19 12:53:44,144 [WARN] PackLoader:240 - Cannot read IP mode file for STMicroelectronics.X-CUBE-AZRTOS-WB.2.0.0
2025-08-19 12:53:44,144 [WARN] ConditionMgr:1044 - genDependencies : Invalid condition id : UX DEVICE CLASS RTOS Condition cause : null
2025-08-19 12:53:44,144 [WARN] ConditionMgr:1044 - genDependencies : Invalid condition id : UX DEVICE CLASS RTOS Condition cause : null
2025-08-19 12:53:44,144 [WARN] ConditionMgr:1044 - genDependencies : Invalid condition id : UX DEVICE CLASS RTOS Condition cause : null
2025-08-19 12:53:44,144 [WARN] ConditionMgr:1044 - genDependencies : Invalid condition id : UX DEVICE CLASS RTOS Condition cause : null
2025-08-19 12:53:44,144 [WARN] ConditionMgr:1044 - genDependencies : Invalid condition id : UX DEVICE CLASS RTOS Condition cause : null
2025-08-19 12:53:44,148 [WARN] PackLoader:240 - Cannot read IP mode file for STMicroelectronics.X-CUBE-GNSS1.7.0.1
2025-08-19 12:53:44,152 [WARN] PackLoader:240 - Cannot read IP mode file for STMicroelectronics.X-CUBE-TOUCHGFX.4.25.0
2025-08-19 12:53:44,154 [WARN] PackLoader:240 - Cannot read IP mode file for STMicroelectronics.FP-SNS-STBOX1.2.0.0
2025-08-19 12:53:44,158 [WARN] ConditionMgr:438 - getConditionDescription Invalid condition id : Cortex-A Device cause : null
2025-08-19 12:53:44,165 [WARN] ConditionMgr:1044 - genDependencies : Invalid condition id : Cortex-A Device cause : null
2025-08-19 12:53:44,165 [WARN] ConditionMgr:1044 - genDependencies : Invalid condition id : Cortex-A Device cause : null
2025-08-19 12:53:44,165 [WARN] ConditionMgr:1044 - genDependencies : Invalid condition id : Cortex-A Device cause : null
2025-08-19 12:53:44,171 [WARN] PackLoader:240 - Cannot read IP mode file for STMicroelectronics.X-CUBE-SUBG2.5.0.0
2025-08-19 12:53:44,181 [WARN] PackLoader:240 - Cannot read IP mode file for STMicroelectronics.X-CUBE-AZRTOS-H7RS.1.1.0
2025-08-19 12:53:44,184 [WARN] PackLoader:240 - Cannot read IP mode file for Cesanta.I-CUBE-Mongoose.7.13.0
2025-08-19 12:53:44,191 [WARN] PackLoader:240 - Cannot read IP mode file for STMicroelectronics.X-CUBE-AZRTOS-G4.2.0.0
2025-08-19 12:53:44,194 [WARN] PackLoader:240 - Cannot read IP mode file for wolfSSL.I-CUBE-wolfSSH.1.4.20
2025-08-19 12:53:44,197 [WARN] PackLoader:240 - Cannot read IP mode file for STMicroelectronics.X-CUBE-NFC7.2.0.0
2025-08-19 12:53:44,203 [WARN] PackLoader:240 - Cannot read IP mode file for STMicroelectronics.X-CUBE-IPS.3.1.0
2025-08-19 12:53:44,207 [WARN] PackLoader:240 - Cannot read IP mode file for STMicroelectronics.X-CUBE-ALS.1.0.2
2025-08-19 12:53:44,210 [WARN] PackLoader:240 - Cannot read IP mode file for portGmbH.I-Cube-SoM-uGOAL.1.1.0
2025-08-19 12:53:44,215 [WARN] PackLoader:240 - Cannot read IP mode file for STMicroelectronics.X-CUBE-TOF1.3.4.3
2025-08-19 12:53:44,225 [INFO] ThirdParty:978 - Integrity check success = true
2025-08-19 12:53:44,225 [INFO] IntegrityCheckThread:100 - exiting critical section [integrity check]
2025-08-19 12:53:44,226 [INFO] IntegrityCheckThread:103 - End integrity checks thread
2025-08-19 12:54:48,608 [INFO] WebApp:194 - Connection lost
2025-08-19 12:54:49,289 [INFO] WebApp:191 - Connection restablished
2025-08-19 18:41:01,635 [ERROR] LogOutputStream:75 - [STDERR_REDIRECT] 
2025-08-19 18:41:01,637 [ERROR] LogOutputStream:75 - [STDERR_REDIRECT] 
2025-08-19 15:49:05,621 [INFO] Activator:176 - 


2025-08-19 15:49:05,622 [INFO] Activator:177 - !SESSION log4j initialized
2025-08-19 15:49:09,766 [INFO] LogOutputStream:77 - [STDOUT_REDIRECT] 
2025-08-19 15:49:10,640 [INFO] ApplicationProperties:184 - Using Application install path: C:\ST\STM32CubeIDE_1.19.0\STM32CubeIDE\plugins\com.st.stm32cube.common.mx_6.15.0.202507011659
2025-08-19 15:49:10,658 [INFO] DbMcusXml:78 - Set database path to: C:\ST\STM32CubeIDE_1.19.0\STM32CubeIDE\plugins\com.st.stm32cube.common.mx_6.15.0.202507011659\\db\/mcu/
2025-08-19 15:49:10,658 [INFO] ApiDb:274 - Set plugin database path to: C:\ST\STM32CubeIDE_1.19.0\STM32CubeIDE\plugins\com.st.stm32cube.common.mx_6.15.0.202507011659\\db\/plugins/boardmanager/
2025-08-19 15:49:10,658 [WARN] ApiDb:259 - Overriding images path with different value:  => C:\ST\STM32CubeIDE_1.19.0\STM32CubeIDE\plugins\com.st.stm32cube.common.mx_6.15.0.202507011659\\db\/plugins/mcufinder/images/
2025-08-19 15:49:10,666 [INFO] ApiDb:250 - Set database path to: C:\Users\User\.stmcufinder\plugins\mcufinder//mcu/
2025-08-19 15:49:10,667 [INFO] DbMcusAds:125 - Set database path to: C:\Users\User\.stmcufinder\plugins\mcufinder//mcu/
2025-08-19 15:49:10,670 [INFO] CrossReferenceDbSqlite:203 - Set database path to: C:\Users\User\.stmcufinder\plugins\mcufinder//mcu/cs/
2025-08-19 15:49:10,765 [INFO] RulesReader:64 - Compatibility file has been processed (317 Rules)
2025-08-19 15:49:10,805 [INFO] DbMcusXml:78 - Set database path to: C:\ST\STM32CubeIDE_1.19.0\STM32CubeIDE\plugins\com.st.stm32cube.common.mx_6.15.0.202507011659\\db\/mcu/
2025-08-19 15:49:10,805 [INFO] ApiDb:274 - Set plugin database path to: C:\ST\STM32CubeIDE_1.19.0\STM32CubeIDE\plugins\com.st.stm32cube.common.mx_6.15.0.202507011659\\db\/plugins/boardmanager/
2025-08-19 15:49:10,805 [INFO] ApiDb:261 - Set plugin images path to: C:\ST\STM32CubeIDE_1.19.0\STM32CubeIDE\plugins\com.st.stm32cube.common.mx_6.15.0.202507011659\\db\/plugins/mcufinder/images/
2025-08-19 15:49:10,805 [WARN] DbFile:41 - Overriding database path with different value: C:\Users\User\.stmcufinder\plugins\mcufinder/ => C:\Users\User\.stmcufinder\plugins\mcufinder
2025-08-19 15:49:10,805 [INFO] ApiDb:250 - Set database path to: C:\Users\User\.stmcufinder\plugins\mcufinder//mcu/
2025-08-19 15:49:10,805 [WARN] DbFile:41 - Overriding database path with different value: C:\Users\User\.stmcufinder\plugins\mcufinder/ => C:\Users\User\.stmcufinder\plugins\mcufinder
2025-08-19 15:49:10,805 [INFO] DbMcusAds:125 - Set database path to: C:\Users\User\.stmcufinder\plugins\mcufinder//mcu/
2025-08-19 15:49:10,805 [WARN] DbFile:41 - Overriding database path with different value: C:\Users\User\.stmcufinder\plugins\mcufinder/ => C:\Users\User\.stmcufinder\plugins\mcufinder
2025-08-19 15:49:10,805 [WARN] DbFile:41 - Overriding database path with different value: C:\Users\User\.stmcufinder\plugins\mcufinder/ => C:\Users\User\.stmcufinder\plugins\mcufinder
2025-08-19 15:49:10,805 [INFO] CrossReferenceDbSqlite:203 - Set database path to: C:\Users\User\.stmcufinder\plugins\mcufinder//mcu/cs/
2025-08-19 15:49:10,860 [INFO] MainPanel:274 - HeapMemory: 285212672
2025-08-19 15:49:10,955 [INFO] DbMcusXml:78 - Set database path to: C:\ST\STM32CubeIDE_1.19.0\STM32CubeIDE\plugins\com.st.stm32cube.common.mx_6.15.0.202507011659\\db\/mcu/
2025-08-19 15:49:10,955 [INFO] ApiDb:274 - Set plugin database path to: C:\ST\STM32CubeIDE_1.19.0\STM32CubeIDE\plugins\com.st.stm32cube.common.mx_6.15.0.202507011659\\db\/plugins/boardmanager/
2025-08-19 15:49:10,955 [INFO] ApiDb:261 - Set plugin images path to: C:\ST\STM32CubeIDE_1.19.0\STM32CubeIDE\plugins\com.st.stm32cube.common.mx_6.15.0.202507011659\\db\/plugins/mcufinder/images/
2025-08-19 15:49:10,955 [WARN] DbFile:41 - Overriding database path with different value: C:\Users\User\.stmcufinder\plugins\mcufinder/ => C:\Users\User\.stmcufinder\plugins\mcufinder
2025-08-19 15:49:10,955 [INFO] ApiDb:250 - Set database path to: C:\Users\User\.stmcufinder\plugins\mcufinder//mcu/
2025-08-19 15:49:10,955 [WARN] DbFile:41 - Overriding database path with different value: C:\Users\User\.stmcufinder\plugins\mcufinder/ => C:\Users\User\.stmcufinder\plugins\mcufinder
2025-08-19 15:49:10,955 [INFO] DbMcusAds:125 - Set database path to: C:\Users\User\.stmcufinder\plugins\mcufinder//mcu/
2025-08-19 15:49:10,955 [WARN] DbFile:41 - Overriding database path with different value: C:\Users\User\.stmcufinder\plugins\mcufinder/ => C:\Users\User\.stmcufinder\plugins\mcufinder
2025-08-19 15:49:10,955 [WARN] DbFile:41 - Overriding database path with different value: C:\Users\User\.stmcufinder\plugins\mcufinder/ => C:\Users\User\.stmcufinder\plugins\mcufinder
2025-08-19 15:49:10,955 [INFO] CrossReferenceDbSqlite:203 - Set database path to: C:\Users\User\.stmcufinder\plugins\mcufinder//mcu/cs/
2025-08-19 15:49:10,969 [INFO] ApplicationProperties:184 - Using Application install path: C:\ST\STM32CubeIDE_1.19.0\STM32CubeIDE\plugins\com.st.stm32cube.common.mx_6.15.0.202507011659
2025-08-19 15:49:10,970 [INFO] PluginManage:196 - Search for loadable plugins [exclusion list=, ]
2025-08-19 15:49:10,971 [INFO] PluginManage:310 - Check plugin analytics
2025-08-19 15:49:11,100 [INFO] AnalyticsPlugin:253 - Accepted Software Licenses: 
2025-08-19 15:49:11,100 [INFO] AnalyticsPlugin:255 - Accepted CMSIS Pack Licenses: 
2025-08-19 15:49:11,100 [INFO] AnalyticsPlugin:257 - Accepted Firmware Licenses: FW.WL.1.3.0,FW.H7.1.12.0
2025-08-19 15:49:11,102 [INFO] PluginManage:359 - Loaded plugin analytics (category:tool,tabindex:-1)
2025-08-19 15:49:11,102 [INFO] PluginManage:310 - Check plugin cadmodel
2025-08-19 15:49:11,107 [INFO] CADModel:105 - Init CAD model plugin
2025-08-19 15:49:11,107 [INFO] PluginManage:359 - Loaded plugin cadmodel (category:power,tabindex:5)
2025-08-19 15:49:11,107 [INFO] PluginManage:310 - Check plugin clock
2025-08-19 15:49:11,115 [INFO] PluginManage:359 - Loaded plugin clock (category:base,tabindex:2)
2025-08-19 15:49:11,115 [INFO] PluginManage:310 - Check plugin ddr
2025-08-19 15:49:11,117 [INFO] PluginManage:359 - Loaded plugin ddr (category:tool,tabindex:6)
2025-08-19 15:49:11,117 [INFO] PluginManage:310 - Check plugin filemanager
2025-08-19 15:49:11,237 [INFO] PluginManage:359 - Loaded plugin filemanager (category:base,tabindex:10)
2025-08-19 15:49:11,237 [INFO] PluginManage:310 - Check plugin ipmanager
2025-08-19 15:49:11,242 [INFO] PluginManage:359 - Loaded plugin ipmanager (category:base,tabindex:5)
2025-08-19 15:49:11,242 [INFO] PluginManage:310 - Check plugin lpbam
2025-08-19 15:49:11,252 [INFO] PluginManage:359 - Loaded plugin lpbam (category:base,tabindex:0)
2025-08-19 15:49:11,252 [INFO] PluginManage:310 - Check plugin memorymap
2025-08-19 15:49:11,276 [INFO] PluginManage:359 - Loaded plugin memorymap (category:base,tabindex:4)
2025-08-19 15:49:11,276 [INFO] PluginManage:310 - Check plugin pinoutandconfiguration
2025-08-19 15:49:11,285 [INFO] PluginManage:359 - Loaded plugin pinoutandconfiguration (category:base,tabindex:1)
2025-08-19 15:49:11,285 [INFO] PluginManage:310 - Check plugin pinoutconfig
2025-08-19 15:49:11,349 [WARN] SupportedApi:132 - Cannot load RTOS API schema: s4s-elt-must-match.1: The content of 'definitions' must match (annotation?, (simpleType | complexType)?, (unique | key | keyref)*)). A problem was found starting at: attribute.
2025-08-19 15:49:11,464 [INFO] PluginManage:359 - Loaded plugin pinoutconfig (category:base,tabindex:0)
2025-08-19 15:49:11,464 [INFO] PluginManage:310 - Check plugin power
2025-08-19 15:49:11,473 [INFO] PluginManage:359 - Loaded plugin power (category:power,tabindex:4)
2025-08-19 15:49:11,473 [INFO] PluginManage:310 - Check plugin projectmanager
2025-08-19 15:49:11,484 [INFO] PluginManage:359 - Loaded plugin projectmanager (category:projectmanager,tabindex:4)
2025-08-19 15:49:11,484 [INFO] PluginManage:310 - Check plugin rif
2025-08-19 15:49:11,493 [INFO] PluginManage:359 - Loaded plugin rif (category:base,tabindex:3)
2025-08-19 15:49:11,493 [INFO] PluginManage:310 - Check plugin thirdparty
2025-08-19 15:49:11,608 [INFO] PluginManage:359 - Loaded plugin thirdparty (category:base,tabindex:-1)
2025-08-19 15:49:11,608 [INFO] PluginManage:310 - Check plugin tools
2025-08-19 15:49:11,608 [WARN] IntegrityCheckThread:84 - waiting for thirdparty lock release [integrity check]
2025-08-19 15:49:11,608 [INFO] IntegrityCheckThread:86 - entering critical section [integrity check]
2025-08-19 15:49:11,609 [INFO] ThirdPartyUpdaterWithRetryManager:70 - Updater plugin not ready yet. [1/15]
2025-08-19 15:49:11,611 [INFO] PluginManage:359 - Loaded plugin tools (category:base,tabindex:7)
2025-08-19 15:49:11,611 [INFO] PluginManage:310 - Check plugin tutovideos
2025-08-19 15:49:11,797 [INFO] PluginManage:359 - Loaded plugin tutovideos (category:base,tabindex:-1)
2025-08-19 15:49:11,797 [INFO] PluginManage:310 - Check plugin updater
2025-08-19 15:49:11,815 [INFO] PluginManage:359 - Loaded plugin updater (category:base,tabindex:12)
2025-08-19 15:49:11,816 [INFO] PluginManage:310 - Check plugin userauth
2025-08-19 15:49:11,819 [INFO] UserAuth:118 - Init User Auth plugin
2025-08-19 15:49:11,820 [INFO] PluginManage:359 - Loaded plugin userauth (category:base,tabindex:14)
2025-08-19 15:49:11,820 [INFO] PluginManage:283 - PluginManage : Loaded plugins [18]
2025-08-19 15:49:11,983 [INFO] PinOutPanel:1589 - setPackage(No Configuration,No Configuration)
2025-08-19 15:49:12,041 [INFO] CADModel:165 - CPN selected for project level
2025-08-19 15:49:12,041 [INFO] CADModel:114 - Register for checkConnection events
2025-08-19 15:49:12,065 [INFO] IPUIPlugin:80 - create IPUIPlugin
2025-08-19 15:49:12,065 [INFO] PluginManager:220 - loadIPPluginJar : add adc
2025-08-19 15:49:12,068 [INFO] IPUIPlugin:80 - create IPUIPlugin
2025-08-19 15:49:12,068 [INFO] PluginManager:220 - loadIPPluginJar : add aes
2025-08-19 15:49:12,071 [INFO] IPUIPlugin:80 - create IPUIPlugin
2025-08-19 15:49:12,071 [INFO] PluginManager:220 - loadIPPluginJar : add can
2025-08-19 15:49:12,072 [INFO] IPUIPlugin:80 - create IPUIPlugin
2025-08-19 15:49:12,073 [INFO] PluginManager:220 - loadIPPluginJar : add comp
2025-08-19 15:49:12,075 [INFO] IPUIPlugin:80 - create IPUIPlugin
2025-08-19 15:49:12,075 [INFO] PluginManager:220 - loadIPPluginJar : add cryp
2025-08-19 15:49:12,079 [INFO] IPUIPlugin:80 - create IPUIPlugin
2025-08-19 15:49:12,079 [INFO] PluginManager:220 - loadIPPluginJar : add ddr_ctrl_phy
2025-08-19 15:49:12,082 [INFO] IPUIPlugin:80 - create IPUIPlugin
2025-08-19 15:49:12,082 [INFO] PluginManager:220 - loadIPPluginJar : add dfsdm
2025-08-19 15:49:12,087 [INFO] IPUIPlugin:80 - create IPUIPlugin
2025-08-19 15:49:12,087 [INFO] PluginManager:220 - loadIPPluginJar : add dma
2025-08-19 15:49:12,089 [INFO] IPUIPlugin:80 - create IPUIPlugin
2025-08-19 15:49:12,090 [INFO] PluginManager:220 - loadIPPluginJar : add dma3
2025-08-19 15:49:12,093 [INFO] IPUIPlugin:80 - create IPUIPlugin
2025-08-19 15:49:12,093 [INFO] PluginManager:220 - loadIPPluginJar : add extmemmanager
2025-08-19 15:49:12,094 [INFO] IPUIPlugin:80 - create IPUIPlugin
2025-08-19 15:49:12,094 [INFO] PluginManager:220 - loadIPPluginJar : add fatfs
2025-08-19 15:49:12,098 [INFO] IPUIPlugin:80 - create IPUIPlugin
2025-08-19 15:49:12,098 [INFO] PluginManager:220 - loadIPPluginJar : add fmc
2025-08-19 15:49:12,104 [INFO] IPUIPlugin:80 - create IPUIPlugin
2025-08-19 15:49:12,104 [INFO] PluginManager:220 - loadIPPluginJar : add freertos
2025-08-19 15:49:12,105 [INFO] IPUIPlugin:80 - create IPUIPlugin
2025-08-19 15:49:12,105 [INFO] PluginManager:220 - loadIPPluginJar : add genericplugin
2025-08-19 15:49:12,107 [INFO] IPUIPlugin:80 - create IPUIPlugin
2025-08-19 15:49:12,107 [INFO] PluginManager:220 - loadIPPluginJar : add gfxmmu
2025-08-19 15:49:12,111 [INFO] IPUIPlugin:80 - create IPUIPlugin
2025-08-19 15:49:12,111 [INFO] PluginManager:220 - loadIPPluginJar : add gic
2025-08-19 15:49:12,115 [INFO] IPUIPlugin:80 - create IPUIPlugin
2025-08-19 15:49:12,115 [INFO] PluginManager:220 - loadIPPluginJar : add gpio
2025-08-19 15:49:12,117 [INFO] IPUIPlugin:80 - create IPUIPlugin
2025-08-19 15:49:12,117 [INFO] PluginManager:220 - loadIPPluginJar : add gtzc
2025-08-19 15:49:12,119 [INFO] IPUIPlugin:80 - create IPUIPlugin
2025-08-19 15:49:12,119 [INFO] PluginManager:220 - loadIPPluginJar : add hash
2025-08-19 15:49:12,121 [INFO] IPUIPlugin:80 - create IPUIPlugin
2025-08-19 15:49:12,121 [INFO] PluginManager:220 - loadIPPluginJar : add i2c
2025-08-19 15:49:12,123 [INFO] IPUIPlugin:80 - create IPUIPlugin
2025-08-19 15:49:12,123 [INFO] PluginManager:220 - loadIPPluginJar : add i2s
2025-08-19 15:49:12,125 [INFO] IPUIPlugin:80 - create IPUIPlugin
2025-08-19 15:49:12,125 [INFO] PluginManager:220 - loadIPPluginJar : add i3c
2025-08-19 15:49:12,127 [INFO] IPUIPlugin:80 - create IPUIPlugin
2025-08-19 15:49:12,127 [INFO] PluginManager:220 - loadIPPluginJar : add ipddr
2025-08-19 15:49:12,132 [INFO] IPUIPlugin:80 - create IPUIPlugin
2025-08-19 15:49:12,132 [INFO] PluginManager:220 - loadIPPluginJar : add linkedlist
2025-08-19 15:49:12,134 [INFO] IPUIPlugin:80 - create IPUIPlugin
2025-08-19 15:49:12,134 [INFO] PluginManager:220 - loadIPPluginJar : add lorawan
2025-08-19 15:49:12,135 [INFO] IPUIPlugin:80 - create IPUIPlugin
2025-08-19 15:49:12,135 [INFO] PluginManager:220 - loadIPPluginJar : add ltdc
2025-08-19 15:49:12,139 [INFO] IPUIPlugin:80 - create IPUIPlugin
2025-08-19 15:49:12,139 [INFO] PluginManager:220 - loadIPPluginJar : add mdma
2025-08-19 15:49:12,142 [INFO] IPUIPlugin:80 - create IPUIPlugin
2025-08-19 15:49:12,142 [INFO] PluginManager:220 - loadIPPluginJar : add nvic
2025-08-19 15:49:12,144 [INFO] IPUIPlugin:80 - create IPUIPlugin
2025-08-19 15:49:12,144 [INFO] PluginManager:220 - loadIPPluginJar : add opamp
2025-08-19 15:49:12,146 [INFO] IPUIPlugin:80 - create IPUIPlugin
2025-08-19 15:49:12,146 [INFO] PluginManager:220 - loadIPPluginJar : add openamp
2025-08-19 15:49:12,148 [INFO] IPUIPlugin:80 - create IPUIPlugin
2025-08-19 15:49:12,148 [INFO] PluginManager:220 - loadIPPluginJar : add pdm2pcm
2025-08-19 15:49:12,153 [INFO] IPUIPlugin:80 - create IPUIPlugin
2025-08-19 15:49:12,154 [INFO] PluginManager:220 - loadIPPluginJar : add plateformsettings
2025-08-19 15:49:12,156 [INFO] IPUIPlugin:80 - create IPUIPlugin
2025-08-19 15:49:12,156 [INFO] PluginManager:220 - loadIPPluginJar : add quadspi
2025-08-19 15:49:12,157 [INFO] IPUIPlugin:80 - create IPUIPlugin
2025-08-19 15:49:12,157 [INFO] PluginManager:220 - loadIPPluginJar : add radio
2025-08-19 15:49:12,160 [INFO] IPUIPlugin:80 - create IPUIPlugin
2025-08-19 15:49:12,160 [INFO] PluginManager:220 - loadIPPluginJar : add resmgrutility
2025-08-19 15:49:12,162 [INFO] IPUIPlugin:80 - create IPUIPlugin
2025-08-19 15:49:12,162 [INFO] PluginManager:220 - loadIPPluginJar : add sai
2025-08-19 15:49:12,164 [INFO] IPUIPlugin:80 - create IPUIPlugin
2025-08-19 15:49:12,165 [INFO] PluginManager:220 - loadIPPluginJar : add spi
2025-08-19 15:49:12,170 [INFO] IPUIPlugin:80 - create IPUIPlugin
2025-08-19 15:49:12,170 [INFO] PluginManager:220 - loadIPPluginJar : add stm32_wpan
2025-08-19 15:49:12,172 [INFO] IPUIPlugin:80 - create IPUIPlugin
2025-08-19 15:49:12,172 [INFO] PluginManager:220 - loadIPPluginJar : add tim
2025-08-19 15:49:12,174 [INFO] IPUIPlugin:80 - create IPUIPlugin
2025-08-19 15:49:12,174 [INFO] PluginManager:220 - loadIPPluginJar : add touchsensing
2025-08-19 15:49:12,176 [INFO] IPUIPlugin:80 - create IPUIPlugin
2025-08-19 15:49:12,176 [INFO] PluginManager:220 - loadIPPluginJar : add tracer_emb
2025-08-19 15:49:12,177 [INFO] IPUIPlugin:80 - create IPUIPlugin
2025-08-19 15:49:12,177 [INFO] PluginManager:220 - loadIPPluginJar : add ts
2025-08-19 15:49:12,179 [INFO] IPUIPlugin:80 - create IPUIPlugin
2025-08-19 15:49:12,179 [INFO] PluginManager:220 - loadIPPluginJar : add tsc
2025-08-19 15:49:12,180 [INFO] IPUIPlugin:80 - create IPUIPlugin
2025-08-19 15:49:12,180 [INFO] PluginManager:220 - loadIPPluginJar : add ucpd
2025-08-19 15:49:12,182 [INFO] IPUIPlugin:80 - create IPUIPlugin
2025-08-19 15:49:12,182 [INFO] PluginManager:220 - loadIPPluginJar : add usart
2025-08-19 15:49:12,185 [INFO] IPUIPlugin:80 - create IPUIPlugin
2025-08-19 15:49:12,185 [INFO] PluginManager:220 - loadIPPluginJar : add usbx
2025-08-19 15:49:12,293 [FATAL] Updater:351 - Updater called before beeing initialized
2025-08-19 15:49:12,341 [INFO] RulesReader:64 - Compatibility file has been processed (317 Rules)
2025-08-19 15:49:12,350 [INFO] RulesReader:64 - Compatibility file has been processed (317 Rules)
2025-08-19 15:49:12,356 [INFO] CADModel:165 - CPN selected for project level
2025-08-19 15:49:12,356 [INFO] CADModel:114 - Register for checkConnection events
2025-08-19 15:49:12,356 [FATAL] Updater:351 - Updater called before beeing initialized
2025-08-19 15:49:12,356 [ERROR] CADModel:125 - Updater not yet initialized, retry later 
2025-08-19 15:49:12,458 [FATAL] Updater:351 - Updater called before beeing initialized
2025-08-19 15:49:12,460 [INFO] CADModel:165 - CPN selected for project level
2025-08-19 15:49:12,460 [INFO] CADModel:114 - Register for checkConnection events
2025-08-19 15:49:12,460 [FATAL] Updater:351 - Updater called before beeing initialized
2025-08-19 15:49:12,460 [ERROR] CADModel:125 - Updater not yet initialized, retry later 
2025-08-19 15:49:12,462 [FATAL] Updater:351 - Updater called before beeing initialized
2025-08-19 15:49:12,525 [FATAL] Updater:351 - Updater called before beeing initialized
2025-08-19 15:49:12,528 [INFO] DbMcusAds:53 - JSON generation date=Tue Jul 08 13:44:23 IST 2025 (1751962463562)
2025-08-19 15:49:12,528 [FATAL] Updater:351 - Updater called before beeing initialized
2025-08-19 15:49:12,554 [WARN] DetailPanel:346 - Failed to get advertising image, set to default
2025-08-19 15:49:12,609 [FATAL] Updater:351 - Updater called before beeing initialized
2025-08-19 15:49:12,610 [FATAL] Updater:351 - Updater called before beeing initialized
2025-08-19 15:49:12,610 [FATAL] Updater:351 - Updater called before beeing initialized
2025-08-19 15:49:12,610 [WARN] DetailPanel:346 - Failed to get advertising image, set to default
2025-08-19 15:49:12,611 [FATAL] Updater:351 - Updater called before beeing initialized
2025-08-19 15:49:12,646 [ERROR] Updater:1198 - MainUpdater not yet initialized. External WinMGr cannot be set.
2025-08-19 15:49:12,647 [INFO] Updater:1134 - Updater Version found : 6.15.0
2025-08-19 15:49:12,664 [INFO] ApplicationProperties:184 - Using Application install path: C:\ST\STM32CubeIDE_1.19.0\STM32CubeIDE\plugins\com.st.stm32cube.common.mx_6.15.0.202507011659
2025-08-19 15:49:14,250 [ERROR] LogOutputStream:75 - [STDERR_REDIRECT] Aug 19, 2025 3:49:14 PM java.util.prefs.WindowsPreferences <init>
2025-08-19 15:49:14,252 [ERROR] LogOutputStream:75 - [STDERR_REDIRECT] WARNING: Could not open/create prefs root node Software\JavaSoft\Prefs at root 0xffffffff80000002. Windows RegCreateKeyEx(...) returned error code 5.
2025-08-19 15:49:14,252 [ERROR] LogOutputStream:75 - [STDERR_REDIRECT] 
2025-08-19 15:49:14,587 [INFO] MainUpdater:2872 - connection check result : 10
2025-08-19 15:49:14,588 [INFO] MainUpdater:289 - Updater Check For Update Now.
2025-08-19 15:49:14,588 [INFO] MicroXplorer:498 - Change Database Version : DB.6.0.150
2025-08-19 15:49:14,609 [INFO] McuFinderGlobals:63 - Set McuFinder mode to 2 (CubeIDE integrated)
2025-08-19 15:49:14,611 [WARN] MainUpdater:1193 - Updater busy. Cannot search thirdparties
2025-08-19 15:49:14,612 [INFO] UserAuth:487 - Internet connection configuration mode: 1
2025-08-19 15:49:14,612 [INFO] ThirdPartyUpdaterWithRetryManager:96 - Updater plugin is busy. [1/15]
2025-08-19 15:49:14,657 [INFO] JxBrowserEngine:152 - Initiate JxBrowser Engine with user profile folder
2025-08-19 15:49:14,775 [INFO] CheckServerUpdateThread:120 - End of CheckServer Thread
2025-08-19 15:49:16,196 [INFO] WebApp:169 - Instantiating new browser for Auth
2025-08-19 15:49:16,799 [INFO] WebApp:463 - Apply proxy settings
2025-08-19 15:49:16,799 [INFO] WebApp:548 - Chromium requires no authentication
2025-08-19 15:49:16,809 [INFO] WebApp:491 - Direct internet connection detected
2025-08-19 15:49:16,838 [INFO] WebApp:900 - Register for checkConnection events
2025-08-19 15:49:16,838 [INFO] WebApp:463 - Apply proxy settings
2025-08-19 15:49:16,838 [INFO] WebApp:548 - Chromium requires no authentication
2025-08-19 15:49:16,839 [INFO] WebApp:491 - Direct internet connection detected
2025-08-19 15:49:16,994 [INFO] WebApp:225 - Starting web application
2025-08-19 15:49:16,995 [INFO] WebApp:593 - Web application path used C:\ST\STM32CubeIDE_1.19.0\STM32CubeIDE\plugins\com.st.stm32cube.common.mx_6.15.0.202507011659\db\plugins\mcufinder\reactClient1\index.html
2025-08-19 15:49:17,056 [INFO] UserAuth:487 - Internet connection configuration mode: 1
2025-08-19 15:49:17,219 [INFO] WebApp:191 - Connection restablished
2025-08-19 15:49:17,789 [WARN] PackLoader:240 - Cannot read IP mode file for STMicroelectronics.FP-SNS-MOTENVWB1.1.4.0
2025-08-19 15:49:17,797 [WARN] PackLoader:240 - Cannot read IP mode file for STMicroelectronics.FP-ATR-ASTRA1.2.0.2
2025-08-19 15:49:17,803 [WARN] PackLoader:240 - Cannot read IP mode file for STMicroelectronics.X-CUBE-SMBUS.2.1.0
2025-08-19 15:49:17,807 [WARN] PackLoader:240 - Cannot read IP mode file for STMicroelectronics.X-CUBE-ST60.1.0.0
2025-08-19 15:49:17,829 [WARN] PackLoader:240 - Cannot read IP mode file for STMicroelectronics.X-CUBE-AZRTOS-F7.1.1.0
2025-08-19 15:49:17,849 [WARN] PackLoader:240 - Cannot read IP mode file for Infineon.AIROC-Wi-Fi-Bluetooth-STM32.1.7.1
2025-08-19 15:49:17,865 [WARN] PackLoader:240 - Cannot read IP mode file for STMicroelectronics.X-CUBE-AZRTOS-H7.3.4.0
2025-08-19 15:49:17,872 [WARN] PackLoader:240 - Cannot read IP mode file for STMicroelectronics.X-CUBE-DISPLAY.3.0.0
2025-08-19 15:49:17,883 [WARN] PackLoader:240 - Cannot read IP mode file for STMicroelectronics.X-CUBE-NFC10.1.0.0
2025-08-19 15:49:17,887 [WARN] PackLoader:240 - Cannot read IP mode file for emotas.I-CUBE-CANOPEN.1.3.0
2025-08-19 15:49:17,891 [WARN] PackLoader:240 - Cannot read IP mode file for STMicroelectronics.FP-SNS-STBOX1.2.1.0
2025-08-19 15:49:17,895 [WARN] PackLoader:240 - Cannot read IP mode file for STMicroelectronics.FP-SNS-SMARTAG2.1.2.0
2025-08-19 15:49:17,898 [WARN] PackLoader:240 - Cannot read IP mode file for STMicroelectronics.FP-SNS-FLIGHT1.5.1.0
2025-08-19 15:49:17,904 [INFO] LogOutputStream:77 - [STDOUT_REDIRECT] 1 : Invalid condition id : UX_CORESTACK_Condition cause : null
2025-08-19 15:49:17,904 [INFO] LogOutputStream:77 - [STDOUT_REDIRECT] 1 : Invalid condition id : UX_CORESTACK_Condition cause : null
2025-08-19 15:49:17,905 [INFO] LogOutputStream:77 - [STDOUT_REDIRECT] 1 : Invalid condition id : UX_CORESTACK_Condition cause : null
2025-08-19 15:49:17,905 [INFO] LogOutputStream:77 - [STDOUT_REDIRECT] 1 : Invalid condition id : UX_CORESTACK_Condition cause : null
2025-08-19 15:49:17,906 [INFO] LogOutputStream:77 - [STDOUT_REDIRECT] 1 : Invalid condition id : UX_CORESTACK_Condition cause : null
2025-08-19 15:49:17,907 [WARN] PackLoader:240 - Cannot read IP mode file for STMicroelectronics.X-CUBE-AZRTOS-WL.2.0.0
2025-08-19 15:49:17,910 [WARN] PackLoader:240 - Cannot read IP mode file for STMicroelectronics.FP-SNS-MOTENV1.5.0.0
2025-08-19 15:49:17,916 [WARN] PackLoader:240 - Cannot read IP mode file for WES.I-CUBE-Cesium.1.3.0
2025-08-19 15:49:17,919 [WARN] PackLoader:240 - Cannot read IP mode file for STMicroelectronics.X-CUBE-BLE2.3.3.0
2025-08-19 15:49:17,923 [WARN] PackLoader:240 - Cannot read IP mode file for STMicroelectronics.X-CUBE-NFC9.1.0.0
2025-08-19 15:49:17,927 [WARN] PackLoader:240 - Cannot read IP mode file for wolfSSL.I-CUBE-wolfSSL.5.8.0
2025-08-19 15:49:17,930 [WARN] PackLoader:240 - Cannot read IP mode file for STMicroelectronics.X-CUBE-BLE1.7.1.0
2025-08-19 15:49:17,932 [WARN] PackLoader:240 - Cannot read IP mode file for wolfSSL.I-CUBE-wolfMQTT.1.19.2
2025-08-19 15:49:17,936 [WARN] PackLoader:240 - Cannot read IP mode file for STMicroelectronics.X-CUBE-EEPRMA1.5.2.0
2025-08-19 15:49:17,945 [WARN] PackLoader:240 - Cannot read IP mode file for STMicroelectronics.X-CUBE-AI.10.1.0
2025-08-19 15:49:17,953 [WARN] PackLoader:240 - Cannot read IP mode file for STMicroelectronics.X-CUBE-AZRTOS-G0.1.1.0
2025-08-19 15:49:17,957 [WARN] PackLoader:240 - Cannot read IP mode file for STMicroelectronics.X-CUBE-SAFEA1.1.2.2
2025-08-19 15:49:17,960 [WARN] PackLoader:240 - Cannot read IP mode file for STMicroelectronics.X-CUBE-NFC4.3.0.0
2025-08-19 15:49:17,966 [WARN] PackLoader:240 - Cannot read IP mode file for EmbeddedOffice.I-CUBE-FS-RTOS.1.0.1
2025-08-19 15:49:17,969 [WARN] PackLoader:240 - Cannot read IP mode file for STMicroelectronics.X-CUBE-WB05N.2.0.0
2025-08-19 15:49:17,972 [WARN] PackLoader:240 - Cannot read IP mode file for wolfSSL.I-CUBE-wolfTPM.3.8.0
2025-08-19 15:49:17,975 [WARN] PackLoader:240 - Cannot read IP mode file for STMicroelectronics.X-CUBE-TCPP.4.2.0
2025-08-19 15:49:17,979 [WARN] PackLoader:240 - Cannot read IP mode file for RealThread.X-CUBE-RT-Thread_Nano.4.1.1
2025-08-19 15:49:17,982 [WARN] PackLoader:240 - Cannot read IP mode file for STMicroelectronics.FP-ATR-SIGFOX1.3.2.0
2025-08-19 15:49:17,985 [WARN] PackLoader:240 - Cannot read IP mode file for ITTIA_DB.I-CUBE-ITTIADB.8.9.0
2025-08-19 15:49:17,989 [WARN] PackLoader:240 - Cannot read IP mode file for STMicroelectronics.X-CUBE-ST67W61.1.0.0
2025-08-19 15:49:17,991 [WARN] PackLoader:240 - Cannot read IP mode file for STMicroelectronics.X-CUBE-AI.10.2.0
2025-08-19 15:49:18,002 [WARN] PackLoader:240 - Cannot read IP mode file for SEGGER.I-CUBE-embOS.1.3.1
2025-08-19 15:49:18,020 [WARN] PackLoader:240 - Cannot read IP mode file for STMicroelectronics.X-CUBE-ALGOBUILD.1.4.0
2025-08-19 15:49:18,041 [WARN] PackLoader:240 - Cannot read IP mode file for STMicroelectronics.X-CUBE-MEMS1.11.3.0
2025-08-19 15:49:18,093 [WARN] PackLoader:240 - Cannot read IP mode file for STMicroelectronics.X-CUBE-PM33A1.1.0.0
2025-08-19 15:49:18,100 [WARN] PackLoader:240 - Cannot read IP mode file for STMicroelectronics.X-CUBE-AZRTOS-F4.1.1.0
2025-08-19 15:49:18,104 [WARN] PackLoader:240 - Cannot read IP mode file for Avnet-IotConnect.X-CUBE-IoTC-DA16k-PMOD.1.0.0
2025-08-19 15:49:18,106 [WARN] PackLoader:240 - Cannot read IP mode file for STMicroelectronics.X-CUBE-ISPU.2.1.0
2025-08-19 15:49:18,109 [WARN] PackLoader:240 - Cannot read IP mode file for STMicroelectronics.X-CUBE-NFC12.1.0.0
2025-08-19 15:49:18,116 [WARN] PackLoader:240 - Cannot read IP mode file for STMicroelectronics.X-CUBE-AZRTOS-L5.2.0.0
2025-08-19 15:49:18,120 [WARN] PackLoader:240 - Cannot read IP mode file for STMicroelectronics.X-CUBE-NFC6.3.1.0
2025-08-19 15:49:18,124 [WARN] PackLoader:240 - Cannot read IP mode file for STMicroelectronics.X-CUBE-FREERTOS.1.3.1
2025-08-19 15:49:18,129 [WARN] PackLoader:240 - Cannot read IP mode file for STMicroelectronics.FP-SNS-STAIOTCFT.1.0.0
2025-08-19 15:49:18,134 [WARN] PackLoader:240 - Cannot read IP mode file for STMicroelectronics.X-CUBE-DPower.1.3.0
2025-08-19 15:49:18,146 [WARN] ConditionMgr:438 - getConditionDescription Invalid condition id : LAN8742 Phy interface Condition cause : null
2025-08-19 15:49:18,146 [WARN] PackLoader:240 - Cannot read IP mode file for STMicroelectronics.X-CUBE-AZRTOS-L4.2.0.0
2025-08-19 15:49:18,147 [WARN] ConditionMgr:1044 - genDependencies : Invalid condition id : LAN8742 Phy interface Condition cause : null
2025-08-19 15:49:18,147 [WARN] ConditionMgr:1044 - genDependencies : Invalid condition id : LAN8742 Phy interface Condition cause : null
2025-08-19 15:49:18,147 [WARN] ConditionMgr:1044 - genDependencies : Invalid condition id : LAN8742 Phy interface Condition cause : null
2025-08-19 15:49:18,153 [WARN] PackLoader:240 - Cannot read IP mode file for STMicroelectronics.X-CUBE-SFXS2LP1.4.0.0
2025-08-19 15:49:18,162 [WARN] PackLoader:240 - Cannot read IP mode file for STMicroelectronics.X-CUBE-BLEMGR.4.1.0
2025-08-19 15:49:18,191 [WARN] ConditionMgr:438 - getConditionDescription Invalid condition id : UX DEVICE CLASS RTOS Condition cause : null
2025-08-19 15:49:18,191 [WARN] ConditionMgr:438 - getConditionDescription Invalid condition id : UX DEVICE CLASS RTOS Condition cause : null
2025-08-19 15:49:18,193 [WARN] PackLoader:240 - Cannot read IP mode file for STMicroelectronics.X-CUBE-AZRTOS-WB.2.0.0
2025-08-19 15:49:18,193 [WARN] ConditionMgr:1044 - genDependencies : Invalid condition id : UX DEVICE CLASS RTOS Condition cause : null
2025-08-19 15:49:18,194 [WARN] ConditionMgr:1044 - genDependencies : Invalid condition id : UX DEVICE CLASS RTOS Condition cause : null
2025-08-19 15:49:18,194 [WARN] ConditionMgr:1044 - genDependencies : Invalid condition id : UX DEVICE CLASS RTOS Condition cause : null
2025-08-19 15:49:18,194 [WARN] ConditionMgr:1044 - genDependencies : Invalid condition id : UX DEVICE CLASS RTOS Condition cause : null
2025-08-19 15:49:18,194 [WARN] ConditionMgr:1044 - genDependencies : Invalid condition id : UX DEVICE CLASS RTOS Condition cause : null
2025-08-19 15:49:18,200 [WARN] PackLoader:240 - Cannot read IP mode file for STMicroelectronics.X-CUBE-GNSS1.7.0.1
2025-08-19 15:49:18,206 [WARN] PackLoader:240 - Cannot read IP mode file for STMicroelectronics.X-CUBE-TOUCHGFX.4.25.0
2025-08-19 15:49:18,210 [WARN] PackLoader:240 - Cannot read IP mode file for STMicroelectronics.FP-SNS-STBOX1.2.0.0
2025-08-19 15:49:18,215 [WARN] ConditionMgr:438 - getConditionDescription Invalid condition id : Cortex-A Device cause : null
2025-08-19 15:49:18,227 [WARN] ConditionMgr:1044 - genDependencies : Invalid condition id : Cortex-A Device cause : null
2025-08-19 15:49:18,227 [WARN] ConditionMgr:1044 - genDependencies : Invalid condition id : Cortex-A Device cause : null
2025-08-19 15:49:18,227 [WARN] ConditionMgr:1044 - genDependencies : Invalid condition id : Cortex-A Device cause : null
2025-08-19 15:49:18,236 [WARN] PackLoader:240 - Cannot read IP mode file for STMicroelectronics.X-CUBE-SUBG2.5.0.0
2025-08-19 15:49:18,252 [WARN] PackLoader:240 - Cannot read IP mode file for STMicroelectronics.X-CUBE-AZRTOS-H7RS.1.1.0
2025-08-19 15:49:18,256 [WARN] PackLoader:240 - Cannot read IP mode file for Cesanta.I-CUBE-Mongoose.7.13.0
2025-08-19 15:49:18,263 [WARN] PackLoader:240 - Cannot read IP mode file for STMicroelectronics.X-CUBE-AZRTOS-G4.2.0.0
2025-08-19 15:49:18,267 [WARN] PackLoader:240 - Cannot read IP mode file for wolfSSL.I-CUBE-wolfSSH.1.4.20
2025-08-19 15:49:18,270 [WARN] PackLoader:240 - Cannot read IP mode file for STMicroelectronics.X-CUBE-NFC7.2.0.0
2025-08-19 15:49:18,276 [WARN] PackLoader:240 - Cannot read IP mode file for STMicroelectronics.X-CUBE-IPS.3.1.0
2025-08-19 15:49:18,281 [WARN] PackLoader:240 - Cannot read IP mode file for STMicroelectronics.X-CUBE-ALS.1.0.2
2025-08-19 15:49:18,284 [WARN] PackLoader:240 - Cannot read IP mode file for portGmbH.I-Cube-SoM-uGOAL.1.1.0
2025-08-19 15:49:18,289 [WARN] PackLoader:240 - Cannot read IP mode file for STMicroelectronics.X-CUBE-TOF1.3.4.3
2025-08-19 15:49:18,294 [INFO] ThirdParty:978 - Integrity check success = true
2025-08-19 15:49:18,294 [INFO] IntegrityCheckThread:100 - exiting critical section [integrity check]
2025-08-19 15:49:18,294 [INFO] IntegrityCheckThread:103 - End integrity checks thread
2025-08-19 15:49:25,149 [INFO] WebApp:194 - Connection lost
2025-08-19 15:49:25,453 [INFO] WebApp:191 - Connection restablished
2025-08-19 16:00:19,692 [INFO] Activator:176 - 


2025-08-19 16:00:19,693 [INFO] Activator:177 - !SESSION log4j initialized
2025-08-19 16:00:23,681 [INFO] LogOutputStream:77 - [STDOUT_REDIRECT] 
2025-08-19 16:00:24,373 [INFO] ApplicationProperties:184 - Using Application install path: C:\ST\STM32CubeIDE_1.19.0\STM32CubeIDE\plugins\com.st.stm32cube.common.mx_6.15.0.202507011659
2025-08-19 16:00:24,389 [INFO] DbMcusXml:78 - Set database path to: C:\ST\STM32CubeIDE_1.19.0\STM32CubeIDE\plugins\com.st.stm32cube.common.mx_6.15.0.202507011659\\db\/mcu/
2025-08-19 16:00:24,389 [INFO] ApiDb:274 - Set plugin database path to: C:\ST\STM32CubeIDE_1.19.0\STM32CubeIDE\plugins\com.st.stm32cube.common.mx_6.15.0.202507011659\\db\/plugins/boardmanager/
2025-08-19 16:00:24,389 [WARN] ApiDb:259 - Overriding images path with different value:  => C:\ST\STM32CubeIDE_1.19.0\STM32CubeIDE\plugins\com.st.stm32cube.common.mx_6.15.0.202507011659\\db\/plugins/mcufinder/images/
2025-08-19 16:00:24,394 [INFO] ApiDb:250 - Set database path to: C:\Users\User\.stmcufinder\plugins\mcufinder//mcu/
2025-08-19 16:00:24,395 [INFO] DbMcusAds:125 - Set database path to: C:\Users\User\.stmcufinder\plugins\mcufinder//mcu/
2025-08-19 16:00:24,400 [INFO] CrossReferenceDbSqlite:203 - Set database path to: C:\Users\User\.stmcufinder\plugins\mcufinder//mcu/cs/
2025-08-19 16:00:24,486 [INFO] RulesReader:64 - Compatibility file has been processed (317 Rules)
2025-08-19 16:00:24,525 [INFO] DbMcusXml:78 - Set database path to: C:\ST\STM32CubeIDE_1.19.0\STM32CubeIDE\plugins\com.st.stm32cube.common.mx_6.15.0.202507011659\\db\/mcu/
2025-08-19 16:00:24,526 [INFO] ApiDb:274 - Set plugin database path to: C:\ST\STM32CubeIDE_1.19.0\STM32CubeIDE\plugins\com.st.stm32cube.common.mx_6.15.0.202507011659\\db\/plugins/boardmanager/
2025-08-19 16:00:24,526 [INFO] ApiDb:261 - Set plugin images path to: C:\ST\STM32CubeIDE_1.19.0\STM32CubeIDE\plugins\com.st.stm32cube.common.mx_6.15.0.202507011659\\db\/plugins/mcufinder/images/
2025-08-19 16:00:24,526 [WARN] DbFile:41 - Overriding database path with different value: C:\Users\User\.stmcufinder\plugins\mcufinder/ => C:\Users\User\.stmcufinder\plugins\mcufinder
2025-08-19 16:00:24,526 [INFO] ApiDb:250 - Set database path to: C:\Users\User\.stmcufinder\plugins\mcufinder//mcu/
2025-08-19 16:00:24,526 [WARN] DbFile:41 - Overriding database path with different value: C:\Users\User\.stmcufinder\plugins\mcufinder/ => C:\Users\User\.stmcufinder\plugins\mcufinder
2025-08-19 16:00:24,526 [INFO] DbMcusAds:125 - Set database path to: C:\Users\User\.stmcufinder\plugins\mcufinder//mcu/
2025-08-19 16:00:24,526 [WARN] DbFile:41 - Overriding database path with different value: C:\Users\User\.stmcufinder\plugins\mcufinder/ => C:\Users\User\.stmcufinder\plugins\mcufinder
2025-08-19 16:00:24,526 [WARN] DbFile:41 - Overriding database path with different value: C:\Users\User\.stmcufinder\plugins\mcufinder/ => C:\Users\User\.stmcufinder\plugins\mcufinder
2025-08-19 16:00:24,526 [INFO] CrossReferenceDbSqlite:203 - Set database path to: C:\Users\User\.stmcufinder\plugins\mcufinder//mcu/cs/
2025-08-19 16:00:24,573 [INFO] MainPanel:274 - HeapMemory: 270532608
2025-08-19 16:00:24,633 [INFO] DbMcusXml:78 - Set database path to: C:\ST\STM32CubeIDE_1.19.0\STM32CubeIDE\plugins\com.st.stm32cube.common.mx_6.15.0.202507011659\\db\/mcu/
2025-08-19 16:00:24,633 [INFO] ApiDb:274 - Set plugin database path to: C:\ST\STM32CubeIDE_1.19.0\STM32CubeIDE\plugins\com.st.stm32cube.common.mx_6.15.0.202507011659\\db\/plugins/boardmanager/
2025-08-19 16:00:24,633 [INFO] ApiDb:261 - Set plugin images path to: C:\ST\STM32CubeIDE_1.19.0\STM32CubeIDE\plugins\com.st.stm32cube.common.mx_6.15.0.202507011659\\db\/plugins/mcufinder/images/
2025-08-19 16:00:24,634 [WARN] DbFile:41 - Overriding database path with different value: C:\Users\User\.stmcufinder\plugins\mcufinder/ => C:\Users\User\.stmcufinder\plugins\mcufinder
2025-08-19 16:00:24,634 [INFO] ApiDb:250 - Set database path to: C:\Users\User\.stmcufinder\plugins\mcufinder//mcu/
2025-08-19 16:00:24,634 [WARN] DbFile:41 - Overriding database path with different value: C:\Users\User\.stmcufinder\plugins\mcufinder/ => C:\Users\User\.stmcufinder\plugins\mcufinder
2025-08-19 16:00:24,634 [INFO] DbMcusAds:125 - Set database path to: C:\Users\User\.stmcufinder\plugins\mcufinder//mcu/
2025-08-19 16:00:24,634 [WARN] DbFile:41 - Overriding database path with different value: C:\Users\User\.stmcufinder\plugins\mcufinder/ => C:\Users\User\.stmcufinder\plugins\mcufinder
2025-08-19 16:00:24,634 [WARN] DbFile:41 - Overriding database path with different value: C:\Users\User\.stmcufinder\plugins\mcufinder/ => C:\Users\User\.stmcufinder\plugins\mcufinder
2025-08-19 16:00:24,634 [INFO] CrossReferenceDbSqlite:203 - Set database path to: C:\Users\User\.stmcufinder\plugins\mcufinder//mcu/cs/
2025-08-19 16:00:24,648 [INFO] ApplicationProperties:184 - Using Application install path: C:\ST\STM32CubeIDE_1.19.0\STM32CubeIDE\plugins\com.st.stm32cube.common.mx_6.15.0.202507011659
2025-08-19 16:00:24,649 [INFO] PluginManage:196 - Search for loadable plugins [exclusion list=, ]
2025-08-19 16:00:24,650 [INFO] PluginManage:310 - Check plugin analytics
2025-08-19 16:00:24,782 [INFO] AnalyticsPlugin:253 - Accepted Software Licenses: 
2025-08-19 16:00:24,783 [INFO] AnalyticsPlugin:255 - Accepted CMSIS Pack Licenses: 
2025-08-19 16:00:24,783 [INFO] AnalyticsPlugin:257 - Accepted Firmware Licenses: FW.WL.1.3.0,FW.H7.1.12.0
2025-08-19 16:00:24,784 [INFO] PluginManage:359 - Loaded plugin analytics (category:tool,tabindex:-1)
2025-08-19 16:00:24,784 [INFO] PluginManage:310 - Check plugin cadmodel
2025-08-19 16:00:24,787 [INFO] CADModel:105 - Init CAD model plugin
2025-08-19 16:00:24,787 [INFO] PluginManage:359 - Loaded plugin cadmodel (category:power,tabindex:5)
2025-08-19 16:00:24,787 [INFO] PluginManage:310 - Check plugin clock
2025-08-19 16:00:24,793 [INFO] PluginManage:359 - Loaded plugin clock (category:base,tabindex:2)
2025-08-19 16:00:24,793 [INFO] PluginManage:310 - Check plugin ddr
2025-08-19 16:00:24,794 [INFO] PluginManage:359 - Loaded plugin ddr (category:tool,tabindex:6)
2025-08-19 16:00:24,795 [INFO] PluginManage:310 - Check plugin filemanager
2025-08-19 16:00:24,901 [INFO] PluginManage:359 - Loaded plugin filemanager (category:base,tabindex:10)
2025-08-19 16:00:24,901 [INFO] PluginManage:310 - Check plugin ipmanager
2025-08-19 16:00:24,907 [INFO] PluginManage:359 - Loaded plugin ipmanager (category:base,tabindex:5)
2025-08-19 16:00:24,907 [INFO] PluginManage:310 - Check plugin lpbam
2025-08-19 16:00:24,913 [INFO] PluginManage:359 - Loaded plugin lpbam (category:base,tabindex:0)
2025-08-19 16:00:24,913 [INFO] PluginManage:310 - Check plugin memorymap
2025-08-19 16:00:24,922 [INFO] PluginManage:359 - Loaded plugin memorymap (category:base,tabindex:4)
2025-08-19 16:00:24,922 [INFO] PluginManage:310 - Check plugin pinoutandconfiguration
2025-08-19 16:00:24,927 [INFO] PluginManage:359 - Loaded plugin pinoutandconfiguration (category:base,tabindex:1)
2025-08-19 16:00:24,927 [INFO] PluginManage:310 - Check plugin pinoutconfig
2025-08-19 16:00:24,989 [WARN] SupportedApi:132 - Cannot load RTOS API schema: s4s-elt-must-match.1: The content of 'definitions' must match (annotation?, (simpleType | complexType)?, (unique | key | keyref)*)). A problem was found starting at: attribute.
2025-08-19 16:00:25,121 [INFO] PluginManage:359 - Loaded plugin pinoutconfig (category:base,tabindex:0)
2025-08-19 16:00:25,121 [INFO] PluginManage:310 - Check plugin power
2025-08-19 16:00:25,144 [INFO] PluginManage:359 - Loaded plugin power (category:power,tabindex:4)
2025-08-19 16:00:25,145 [INFO] PluginManage:310 - Check plugin projectmanager
2025-08-19 16:00:25,165 [INFO] PluginManage:359 - Loaded plugin projectmanager (category:projectmanager,tabindex:4)
2025-08-19 16:00:25,165 [INFO] PluginManage:310 - Check plugin rif
2025-08-19 16:00:25,172 [INFO] PluginManage:359 - Loaded plugin rif (category:base,tabindex:3)
2025-08-19 16:00:25,172 [INFO] PluginManage:310 - Check plugin thirdparty
2025-08-19 16:00:25,248 [WARN] IntegrityCheckThread:84 - waiting for thirdparty lock release [integrity check]
2025-08-19 16:00:25,249 [INFO] IntegrityCheckThread:86 - entering critical section [integrity check]
2025-08-19 16:00:25,249 [INFO] PluginManage:359 - Loaded plugin thirdparty (category:base,tabindex:-1)
2025-08-19 16:00:25,249 [INFO] PluginManage:310 - Check plugin tools
2025-08-19 16:00:25,249 [INFO] ThirdPartyUpdaterWithRetryManager:70 - Updater plugin not ready yet. [1/15]
2025-08-19 16:00:25,250 [INFO] PluginManage:359 - Loaded plugin tools (category:base,tabindex:7)
2025-08-19 16:00:25,250 [INFO] PluginManage:310 - Check plugin tutovideos
2025-08-19 16:00:25,369 [INFO] PluginManage:359 - Loaded plugin tutovideos (category:base,tabindex:-1)
2025-08-19 16:00:25,369 [INFO] PluginManage:310 - Check plugin updater
2025-08-19 16:00:25,384 [INFO] PluginManage:359 - Loaded plugin updater (category:base,tabindex:12)
2025-08-19 16:00:25,384 [INFO] PluginManage:310 - Check plugin userauth
2025-08-19 16:00:25,388 [INFO] UserAuth:118 - Init User Auth plugin
2025-08-19 16:00:25,388 [INFO] PluginManage:359 - Loaded plugin userauth (category:base,tabindex:14)
2025-08-19 16:00:25,389 [INFO] PluginManage:283 - PluginManage : Loaded plugins [18]
2025-08-19 16:00:25,527 [INFO] PinOutPanel:1589 - setPackage(No Configuration,No Configuration)
2025-08-19 16:00:25,577 [INFO] CADModel:165 - CPN selected for project level
2025-08-19 16:00:25,577 [INFO] CADModel:114 - Register for checkConnection events
2025-08-19 16:00:25,587 [INFO] IPUIPlugin:80 - create IPUIPlugin
2025-08-19 16:00:25,587 [INFO] PluginManager:220 - loadIPPluginJar : add adc
2025-08-19 16:00:25,589 [INFO] IPUIPlugin:80 - create IPUIPlugin
2025-08-19 16:00:25,589 [INFO] PluginManager:220 - loadIPPluginJar : add aes
2025-08-19 16:00:25,590 [INFO] IPUIPlugin:80 - create IPUIPlugin
2025-08-19 16:00:25,590 [INFO] PluginManager:220 - loadIPPluginJar : add can
2025-08-19 16:00:25,591 [INFO] IPUIPlugin:80 - create IPUIPlugin
2025-08-19 16:00:25,591 [INFO] PluginManager:220 - loadIPPluginJar : add comp
2025-08-19 16:00:25,592 [INFO] IPUIPlugin:80 - create IPUIPlugin
2025-08-19 16:00:25,592 [INFO] PluginManager:220 - loadIPPluginJar : add cryp
2025-08-19 16:00:25,593 [INFO] IPUIPlugin:80 - create IPUIPlugin
2025-08-19 16:00:25,594 [INFO] PluginManager:220 - loadIPPluginJar : add ddr_ctrl_phy
2025-08-19 16:00:25,595 [INFO] IPUIPlugin:80 - create IPUIPlugin
2025-08-19 16:00:25,595 [INFO] PluginManager:220 - loadIPPluginJar : add dfsdm
2025-08-19 16:00:25,598 [INFO] IPUIPlugin:80 - create IPUIPlugin
2025-08-19 16:00:25,599 [INFO] PluginManager:220 - loadIPPluginJar : add dma
2025-08-19 16:00:25,600 [INFO] IPUIPlugin:80 - create IPUIPlugin
2025-08-19 16:00:25,600 [INFO] PluginManager:220 - loadIPPluginJar : add dma3
2025-08-19 16:00:25,602 [INFO] IPUIPlugin:80 - create IPUIPlugin
2025-08-19 16:00:25,602 [INFO] PluginManager:220 - loadIPPluginJar : add extmemmanager
2025-08-19 16:00:25,603 [INFO] IPUIPlugin:80 - create IPUIPlugin
2025-08-19 16:00:25,603 [INFO] PluginManager:220 - loadIPPluginJar : add fatfs
2025-08-19 16:00:25,605 [INFO] IPUIPlugin:80 - create IPUIPlugin
2025-08-19 16:00:25,605 [INFO] PluginManager:220 - loadIPPluginJar : add fmc
2025-08-19 16:00:25,608 [INFO] IPUIPlugin:80 - create IPUIPlugin
2025-08-19 16:00:25,609 [INFO] PluginManager:220 - loadIPPluginJar : add freertos
2025-08-19 16:00:25,610 [INFO] IPUIPlugin:80 - create IPUIPlugin
2025-08-19 16:00:25,610 [INFO] PluginManager:220 - loadIPPluginJar : add genericplugin
2025-08-19 16:00:25,611 [INFO] IPUIPlugin:80 - create IPUIPlugin
2025-08-19 16:00:25,611 [INFO] PluginManager:220 - loadIPPluginJar : add gfxmmu
2025-08-19 16:00:25,614 [INFO] IPUIPlugin:80 - create IPUIPlugin
2025-08-19 16:00:25,614 [INFO] PluginManager:220 - loadIPPluginJar : add gic
2025-08-19 16:00:25,617 [INFO] IPUIPlugin:80 - create IPUIPlugin
2025-08-19 16:00:25,617 [INFO] PluginManager:220 - loadIPPluginJar : add gpio
2025-08-19 16:00:25,618 [INFO] IPUIPlugin:80 - create IPUIPlugin
2025-08-19 16:00:25,618 [INFO] PluginManager:220 - loadIPPluginJar : add gtzc
2025-08-19 16:00:25,620 [INFO] IPUIPlugin:80 - create IPUIPlugin
2025-08-19 16:00:25,620 [INFO] PluginManager:220 - loadIPPluginJar : add hash
2025-08-19 16:00:25,621 [INFO] IPUIPlugin:80 - create IPUIPlugin
2025-08-19 16:00:25,622 [INFO] PluginManager:220 - loadIPPluginJar : add i2c
2025-08-19 16:00:25,623 [INFO] IPUIPlugin:80 - create IPUIPlugin
2025-08-19 16:00:25,623 [INFO] PluginManager:220 - loadIPPluginJar : add i2s
2025-08-19 16:00:25,625 [INFO] IPUIPlugin:80 - create IPUIPlugin
2025-08-19 16:00:25,625 [INFO] PluginManager:220 - loadIPPluginJar : add i3c
2025-08-19 16:00:25,627 [INFO] IPUIPlugin:80 - create IPUIPlugin
2025-08-19 16:00:25,627 [INFO] PluginManager:220 - loadIPPluginJar : add ipddr
2025-08-19 16:00:25,631 [INFO] IPUIPlugin:80 - create IPUIPlugin
2025-08-19 16:00:25,631 [INFO] PluginManager:220 - loadIPPluginJar : add linkedlist
2025-08-19 16:00:25,633 [INFO] IPUIPlugin:80 - create IPUIPlugin
2025-08-19 16:00:25,633 [INFO] PluginManager:220 - loadIPPluginJar : add lorawan
2025-08-19 16:00:25,634 [INFO] IPUIPlugin:80 - create IPUIPlugin
2025-08-19 16:00:25,634 [INFO] PluginManager:220 - loadIPPluginJar : add ltdc
2025-08-19 16:00:25,637 [INFO] IPUIPlugin:80 - create IPUIPlugin
2025-08-19 16:00:25,637 [INFO] PluginManager:220 - loadIPPluginJar : add mdma
2025-08-19 16:00:25,638 [INFO] IPUIPlugin:80 - create IPUIPlugin
2025-08-19 16:00:25,639 [INFO] PluginManager:220 - loadIPPluginJar : add nvic
2025-08-19 16:00:25,640 [INFO] IPUIPlugin:80 - create IPUIPlugin
2025-08-19 16:00:25,640 [INFO] PluginManager:220 - loadIPPluginJar : add opamp
2025-08-19 16:00:25,642 [INFO] IPUIPlugin:80 - create IPUIPlugin
2025-08-19 16:00:25,642 [INFO] PluginManager:220 - loadIPPluginJar : add openamp
2025-08-19 16:00:25,643 [INFO] IPUIPlugin:80 - create IPUIPlugin
2025-08-19 16:00:25,643 [INFO] PluginManager:220 - loadIPPluginJar : add pdm2pcm
2025-08-19 16:00:25,646 [INFO] IPUIPlugin:80 - create IPUIPlugin
2025-08-19 16:00:25,648 [INFO] PluginManager:220 - loadIPPluginJar : add plateformsettings
2025-08-19 16:00:25,648 [INFO] IPUIPlugin:80 - create IPUIPlugin
2025-08-19 16:00:25,648 [INFO] PluginManager:220 - loadIPPluginJar : add quadspi
2025-08-19 16:00:25,650 [INFO] IPUIPlugin:80 - create IPUIPlugin
2025-08-19 16:00:25,651 [INFO] PluginManager:220 - loadIPPluginJar : add radio
2025-08-19 16:00:25,652 [INFO] IPUIPlugin:80 - create IPUIPlugin
2025-08-19 16:00:25,652 [INFO] PluginManager:220 - loadIPPluginJar : add resmgrutility
2025-08-19 16:00:25,655 [INFO] IPUIPlugin:80 - create IPUIPlugin
2025-08-19 16:00:25,655 [INFO] PluginManager:220 - loadIPPluginJar : add sai
2025-08-19 16:00:25,656 [INFO] IPUIPlugin:80 - create IPUIPlugin
2025-08-19 16:00:25,656 [INFO] PluginManager:220 - loadIPPluginJar : add spi
2025-08-19 16:00:25,660 [INFO] IPUIPlugin:80 - create IPUIPlugin
2025-08-19 16:00:25,661 [INFO] PluginManager:220 - loadIPPluginJar : add stm32_wpan
2025-08-19 16:00:25,661 [INFO] IPUIPlugin:80 - create IPUIPlugin
2025-08-19 16:00:25,661 [INFO] PluginManager:220 - loadIPPluginJar : add tim
2025-08-19 16:00:25,664 [INFO] IPUIPlugin:80 - create IPUIPlugin
2025-08-19 16:00:25,664 [INFO] PluginManager:220 - loadIPPluginJar : add touchsensing
2025-08-19 16:00:25,665 [INFO] IPUIPlugin:80 - create IPUIPlugin
2025-08-19 16:00:25,665 [INFO] PluginManager:220 - loadIPPluginJar : add tracer_emb
2025-08-19 16:00:25,667 [INFO] IPUIPlugin:80 - create IPUIPlugin
2025-08-19 16:00:25,667 [INFO] PluginManager:220 - loadIPPluginJar : add ts
2025-08-19 16:00:25,668 [INFO] IPUIPlugin:80 - create IPUIPlugin
2025-08-19 16:00:25,668 [INFO] PluginManager:220 - loadIPPluginJar : add tsc
2025-08-19 16:00:25,669 [INFO] IPUIPlugin:80 - create IPUIPlugin
2025-08-19 16:00:25,669 [INFO] PluginManager:220 - loadIPPluginJar : add ucpd
2025-08-19 16:00:25,671 [INFO] IPUIPlugin:80 - create IPUIPlugin
2025-08-19 16:00:25,671 [INFO] PluginManager:220 - loadIPPluginJar : add usart
2025-08-19 16:00:25,673 [INFO] IPUIPlugin:80 - create IPUIPlugin
2025-08-19 16:00:25,673 [INFO] PluginManager:220 - loadIPPluginJar : add usbx
2025-08-19 16:00:25,786 [FATAL] Updater:351 - Updater called before beeing initialized
2025-08-19 16:00:25,801 [INFO] RulesReader:64 - Compatibility file has been processed (317 Rules)
2025-08-19 16:00:25,807 [INFO] RulesReader:64 - Compatibility file has been processed (317 Rules)
2025-08-19 16:00:25,813 [INFO] CADModel:165 - CPN selected for project level
2025-08-19 16:00:25,813 [INFO] CADModel:114 - Register for checkConnection events
2025-08-19 16:00:25,813 [FATAL] Updater:351 - Updater called before beeing initialized
2025-08-19 16:00:25,813 [ERROR] CADModel:125 - Updater not yet initialized, retry later 
2025-08-19 16:00:25,904 [FATAL] Updater:351 - Updater called before beeing initialized
2025-08-19 16:00:25,905 [INFO] CADModel:165 - CPN selected for project level
2025-08-19 16:00:25,905 [INFO] CADModel:114 - Register for checkConnection events
2025-08-19 16:00:25,906 [FATAL] Updater:351 - Updater called before beeing initialized
2025-08-19 16:00:25,906 [ERROR] CADModel:125 - Updater not yet initialized, retry later 
2025-08-19 16:00:25,908 [FATAL] Updater:351 - Updater called before beeing initialized
2025-08-19 16:00:25,972 [FATAL] Updater:351 - Updater called before beeing initialized
2025-08-19 16:00:25,975 [INFO] DbMcusAds:53 - JSON generation date=Tue Jul 08 13:44:23 IST 2025 (1751962463562)
2025-08-19 16:00:25,975 [FATAL] Updater:351 - Updater called before beeing initialized
2025-08-19 16:00:25,994 [WARN] DetailPanel:346 - Failed to get advertising image, set to default
2025-08-19 16:00:26,054 [FATAL] Updater:351 - Updater called before beeing initialized
2025-08-19 16:00:26,055 [FATAL] Updater:351 - Updater called before beeing initialized
2025-08-19 16:00:26,055 [FATAL] Updater:351 - Updater called before beeing initialized
2025-08-19 16:00:26,055 [WARN] DetailPanel:346 - Failed to get advertising image, set to default
2025-08-19 16:00:26,056 [FATAL] Updater:351 - Updater called before beeing initialized
2025-08-19 16:00:26,087 [ERROR] Updater:1198 - MainUpdater not yet initialized. External WinMGr cannot be set.
2025-08-19 16:00:26,088 [INFO] Updater:1134 - Updater Version found : 6.15.0
2025-08-19 16:00:26,100 [INFO] ApplicationProperties:184 - Using Application install path: C:\ST\STM32CubeIDE_1.19.0\STM32CubeIDE\plugins\com.st.stm32cube.common.mx_6.15.0.202507011659
2025-08-19 16:00:27,709 [ERROR] LogOutputStream:75 - [STDERR_REDIRECT] Aug 19, 2025 4:00:27 PM java.util.prefs.WindowsPreferences <init>
2025-08-19 16:00:27,711 [ERROR] LogOutputStream:75 - [STDERR_REDIRECT] WARNING: Could not open/create prefs root node Software\JavaSoft\Prefs at root 0xffffffff80000002. Windows RegCreateKeyEx(...) returned error code 5.
2025-08-19 16:00:27,711 [ERROR] LogOutputStream:75 - [STDERR_REDIRECT] 
2025-08-19 16:00:28,087 [INFO] MainUpdater:2872 - connection check result : 10
2025-08-19 16:00:28,088 [INFO] MainUpdater:289 - Updater Check For Update Now.
2025-08-19 16:00:28,088 [INFO] MicroXplorer:498 - Change Database Version : DB.6.0.150
2025-08-19 16:00:28,096 [INFO] McuFinderGlobals:63 - Set McuFinder mode to 2 (CubeIDE integrated)
2025-08-19 16:00:28,097 [INFO] UserAuth:487 - Internet connection configuration mode: 1
2025-08-19 16:00:28,122 [INFO] JxBrowserEngine:152 - Initiate JxBrowser Engine with user profile folder
2025-08-19 16:00:28,252 [WARN] MainUpdater:1193 - Updater busy. Cannot search thirdparties
2025-08-19 16:00:28,252 [INFO] ThirdPartyUpdaterWithRetryManager:96 - Updater plugin is busy. [1/15]
2025-08-19 16:00:28,254 [INFO] CheckServerUpdateThread:120 - End of CheckServer Thread
2025-08-19 16:00:28,554 [INFO] WebApp:169 - Instantiating new browser for Auth
2025-08-19 16:00:28,996 [INFO] WebApp:463 - Apply proxy settings
2025-08-19 16:00:28,997 [INFO] WebApp:548 - Chromium requires no authentication
2025-08-19 16:00:29,003 [INFO] WebApp:491 - Direct internet connection detected
2025-08-19 16:00:29,022 [INFO] WebApp:900 - Register for checkConnection events
2025-08-19 16:00:29,023 [INFO] WebApp:463 - Apply proxy settings
2025-08-19 16:00:29,023 [INFO] WebApp:548 - Chromium requires no authentication
2025-08-19 16:00:29,023 [INFO] WebApp:491 - Direct internet connection detected
2025-08-19 16:00:29,133 [INFO] WebApp:225 - Starting web application
2025-08-19 16:00:29,134 [INFO] WebApp:593 - Web application path used C:\ST\STM32CubeIDE_1.19.0\STM32CubeIDE\plugins\com.st.stm32cube.common.mx_6.15.0.202507011659\db\plugins\mcufinder\reactClient1\index.html
2025-08-19 16:00:29,186 [INFO] UserAuth:487 - Internet connection configuration mode: 1
2025-08-19 16:00:29,583 [INFO] WebApp:191 - Connection restablished
2025-08-19 16:00:31,347 [WARN] PackLoader:240 - Cannot read IP mode file for STMicroelectronics.FP-SNS-MOTENVWB1.1.4.0
2025-08-19 16:00:31,354 [WARN] PackLoader:240 - Cannot read IP mode file for STMicroelectronics.FP-ATR-ASTRA1.2.0.2
2025-08-19 16:00:31,360 [WARN] PackLoader:240 - Cannot read IP mode file for STMicroelectronics.X-CUBE-SMBUS.2.1.0
2025-08-19 16:00:31,363 [WARN] PackLoader:240 - Cannot read IP mode file for STMicroelectronics.X-CUBE-ST60.1.0.0
2025-08-19 16:00:31,391 [WARN] PackLoader:240 - Cannot read IP mode file for STMicroelectronics.X-CUBE-AZRTOS-F7.1.1.0
2025-08-19 16:00:31,418 [WARN] PackLoader:240 - Cannot read IP mode file for Infineon.AIROC-Wi-Fi-Bluetooth-STM32.1.7.1
2025-08-19 16:00:31,477 [WARN] PackLoader:240 - Cannot read IP mode file for STMicroelectronics.X-CUBE-AZRTOS-H7.3.4.0
2025-08-19 16:00:31,501 [WARN] PackLoader:240 - Cannot read IP mode file for STMicroelectronics.X-CUBE-DISPLAY.3.0.0
2025-08-19 16:00:31,514 [WARN] PackLoader:240 - Cannot read IP mode file for STMicroelectronics.X-CUBE-NFC10.1.0.0
2025-08-19 16:00:31,519 [WARN] PackLoader:240 - Cannot read IP mode file for emotas.I-CUBE-CANOPEN.1.3.0
2025-08-19 16:00:31,525 [WARN] PackLoader:240 - Cannot read IP mode file for STMicroelectronics.FP-SNS-STBOX1.2.1.0
2025-08-19 16:00:31,529 [WARN] PackLoader:240 - Cannot read IP mode file for STMicroelectronics.FP-SNS-SMARTAG2.1.2.0
2025-08-19 16:00:31,533 [WARN] PackLoader:240 - Cannot read IP mode file for STMicroelectronics.FP-SNS-FLIGHT1.5.1.0
2025-08-19 16:00:31,539 [INFO] LogOutputStream:77 - [STDOUT_REDIRECT] 1 : Invalid condition id : UX_CORESTACK_Condition cause : null
2025-08-19 16:00:31,539 [INFO] LogOutputStream:77 - [STDOUT_REDIRECT] 1 : Invalid condition id : UX_CORESTACK_Condition cause : null
2025-08-19 16:00:31,540 [INFO] LogOutputStream:77 - [STDOUT_REDIRECT] 1 : Invalid condition id : UX_CORESTACK_Condition cause : null
2025-08-19 16:00:31,541 [INFO] LogOutputStream:77 - [STDOUT_REDIRECT] 1 : Invalid condition id : UX_CORESTACK_Condition cause : null
2025-08-19 16:00:31,542 [INFO] LogOutputStream:77 - [STDOUT_REDIRECT] 1 : Invalid condition id : UX_CORESTACK_Condition cause : null
2025-08-19 16:00:31,544 [WARN] PackLoader:240 - Cannot read IP mode file for STMicroelectronics.X-CUBE-AZRTOS-WL.2.0.0
2025-08-19 16:00:31,548 [WARN] PackLoader:240 - Cannot read IP mode file for STMicroelectronics.FP-SNS-MOTENV1.5.0.0
2025-08-19 16:00:31,555 [WARN] PackLoader:240 - Cannot read IP mode file for WES.I-CUBE-Cesium.1.3.0
2025-08-19 16:00:31,559 [WARN] PackLoader:240 - Cannot read IP mode file for STMicroelectronics.X-CUBE-BLE2.3.3.0
2025-08-19 16:00:31,565 [WARN] PackLoader:240 - Cannot read IP mode file for STMicroelectronics.X-CUBE-NFC9.1.0.0
2025-08-19 16:00:31,574 [WARN] PackLoader:240 - Cannot read IP mode file for wolfSSL.I-CUBE-wolfSSL.5.8.0
2025-08-19 16:00:31,578 [WARN] PackLoader:240 - Cannot read IP mode file for STMicroelectronics.X-CUBE-BLE1.7.1.0
2025-08-19 16:00:31,581 [WARN] PackLoader:240 - Cannot read IP mode file for wolfSSL.I-CUBE-wolfMQTT.1.19.2
2025-08-19 16:00:31,584 [WARN] PackLoader:240 - Cannot read IP mode file for STMicroelectronics.X-CUBE-EEPRMA1.5.2.0
2025-08-19 16:00:31,588 [WARN] PackLoader:240 - Cannot read IP mode file for STMicroelectronics.X-CUBE-AI.10.1.0
2025-08-19 16:00:31,594 [WARN] PackLoader:240 - Cannot read IP mode file for STMicroelectronics.X-CUBE-AZRTOS-G0.1.1.0
2025-08-19 16:00:31,598 [WARN] PackLoader:240 - Cannot read IP mode file for STMicroelectronics.X-CUBE-SAFEA1.1.2.2
2025-08-19 16:00:31,602 [WARN] PackLoader:240 - Cannot read IP mode file for STMicroelectronics.X-CUBE-NFC4.3.0.0
2025-08-19 16:00:31,605 [WARN] PackLoader:240 - Cannot read IP mode file for EmbeddedOffice.I-CUBE-FS-RTOS.1.0.1
2025-08-19 16:00:31,609 [WARN] PackLoader:240 - Cannot read IP mode file for STMicroelectronics.X-CUBE-WB05N.2.0.0
2025-08-19 16:00:31,613 [WARN] PackLoader:240 - Cannot read IP mode file for wolfSSL.I-CUBE-wolfTPM.3.8.0
2025-08-19 16:00:31,616 [WARN] PackLoader:240 - Cannot read IP mode file for STMicroelectronics.X-CUBE-TCPP.4.2.0
2025-08-19 16:00:31,619 [WARN] PackLoader:240 - Cannot read IP mode file for RealThread.X-CUBE-RT-Thread_Nano.4.1.1
2025-08-19 16:00:31,622 [WARN] PackLoader:240 - Cannot read IP mode file for STMicroelectronics.FP-ATR-SIGFOX1.3.2.0
2025-08-19 16:00:31,625 [WARN] PackLoader:240 - Cannot read IP mode file for ITTIA_DB.I-CUBE-ITTIADB.8.9.0
2025-08-19 16:00:31,652 [WARN] PackLoader:240 - Cannot read IP mode file for STMicroelectronics.X-CUBE-ST67W61.1.0.0
2025-08-19 16:00:31,654 [WARN] PackLoader:240 - Cannot read IP mode file for STMicroelectronics.X-CUBE-AI.10.2.0
2025-08-19 16:00:31,669 [WARN] PackLoader:240 - Cannot read IP mode file for SEGGER.I-CUBE-embOS.1.3.1
2025-08-19 16:00:31,693 [WARN] PackLoader:240 - Cannot read IP mode file for STMicroelectronics.X-CUBE-ALGOBUILD.1.4.0
2025-08-19 16:00:31,712 [WARN] PackLoader:240 - Cannot read IP mode file for STMicroelectronics.X-CUBE-MEMS1.11.3.0
2025-08-19 16:00:31,769 [WARN] PackLoader:240 - Cannot read IP mode file for STMicroelectronics.X-CUBE-PM33A1.1.0.0
2025-08-19 16:00:31,776 [WARN] PackLoader:240 - Cannot read IP mode file for STMicroelectronics.X-CUBE-AZRTOS-F4.1.1.0
2025-08-19 16:00:31,779 [WARN] PackLoader:240 - Cannot read IP mode file for Avnet-IotConnect.X-CUBE-IoTC-DA16k-PMOD.1.0.0
2025-08-19 16:00:31,782 [WARN] PackLoader:240 - Cannot read IP mode file for STMicroelectronics.X-CUBE-ISPU.2.1.0
2025-08-19 16:00:31,785 [WARN] PackLoader:240 - Cannot read IP mode file for STMicroelectronics.X-CUBE-NFC12.1.0.0
2025-08-19 16:00:31,792 [WARN] PackLoader:240 - Cannot read IP mode file for STMicroelectronics.X-CUBE-AZRTOS-L5.2.0.0
2025-08-19 16:00:31,797 [WARN] PackLoader:240 - Cannot read IP mode file for STMicroelectronics.X-CUBE-NFC6.3.1.0
2025-08-19 16:00:31,800 [WARN] PackLoader:240 - Cannot read IP mode file for STMicroelectronics.X-CUBE-FREERTOS.1.3.1
2025-08-19 16:00:31,803 [WARN] PackLoader:240 - Cannot read IP mode file for STMicroelectronics.FP-SNS-STAIOTCFT.1.0.0
2025-08-19 16:00:31,806 [WARN] PackLoader:240 - Cannot read IP mode file for STMicroelectronics.X-CUBE-DPower.1.3.0
2025-08-19 16:00:31,813 [WARN] ConditionMgr:438 - getConditionDescription Invalid condition id : LAN8742 Phy interface Condition cause : null
2025-08-19 16:00:31,813 [WARN] PackLoader:240 - Cannot read IP mode file for STMicroelectronics.X-CUBE-AZRTOS-L4.2.0.0
2025-08-19 16:00:31,814 [WARN] ConditionMgr:1044 - genDependencies : Invalid condition id : LAN8742 Phy interface Condition cause : null
2025-08-19 16:00:31,814 [WARN] ConditionMgr:1044 - genDependencies : Invalid condition id : LAN8742 Phy interface Condition cause : null
2025-08-19 16:00:31,814 [WARN] ConditionMgr:1044 - genDependencies : Invalid condition id : LAN8742 Phy interface Condition cause : null
2025-08-19 16:00:31,818 [WARN] PackLoader:240 - Cannot read IP mode file for STMicroelectronics.X-CUBE-SFXS2LP1.4.0.0
2025-08-19 16:00:31,822 [WARN] PackLoader:240 - Cannot read IP mode file for STMicroelectronics.X-CUBE-BLEMGR.4.1.0
2025-08-19 16:00:31,828 [WARN] ConditionMgr:438 - getConditionDescription Invalid condition id : UX DEVICE CLASS RTOS Condition cause : null
2025-08-19 16:00:31,828 [WARN] ConditionMgr:438 - getConditionDescription Invalid condition id : UX DEVICE CLASS RTOS Condition cause : null
2025-08-19 16:00:31,829 [WARN] PackLoader:240 - Cannot read IP mode file for STMicroelectronics.X-CUBE-AZRTOS-WB.2.0.0
2025-08-19 16:00:31,830 [WARN] ConditionMgr:1044 - genDependencies : Invalid condition id : UX DEVICE CLASS RTOS Condition cause : null
2025-08-19 16:00:31,830 [WARN] ConditionMgr:1044 - genDependencies : Invalid condition id : UX DEVICE CLASS RTOS Condition cause : null
2025-08-19 16:00:31,830 [WARN] ConditionMgr:1044 - genDependencies : Invalid condition id : UX DEVICE CLASS RTOS Condition cause : null
2025-08-19 16:00:31,830 [WARN] ConditionMgr:1044 - genDependencies : Invalid condition id : UX DEVICE CLASS RTOS Condition cause : null
2025-08-19 16:00:31,830 [WARN] ConditionMgr:1044 - genDependencies : Invalid condition id : UX DEVICE CLASS RTOS Condition cause : null
2025-08-19 16:00:31,833 [WARN] PackLoader:240 - Cannot read IP mode file for STMicroelectronics.X-CUBE-GNSS1.7.0.1
2025-08-19 16:00:31,836 [WARN] PackLoader:240 - Cannot read IP mode file for STMicroelectronics.X-CUBE-TOUCHGFX.4.25.0
2025-08-19 16:00:31,841 [WARN] PackLoader:240 - Cannot read IP mode file for STMicroelectronics.FP-SNS-STBOX1.2.0.0
2025-08-19 16:00:31,847 [WARN] ConditionMgr:438 - getConditionDescription Invalid condition id : Cortex-A Device cause : null
2025-08-19 16:00:31,858 [WARN] ConditionMgr:1044 - genDependencies : Invalid condition id : Cortex-A Device cause : null
2025-08-19 16:00:31,858 [WARN] ConditionMgr:1044 - genDependencies : Invalid condition id : Cortex-A Device cause : null
2025-08-19 16:00:31,858 [WARN] ConditionMgr:1044 - genDependencies : Invalid condition id : Cortex-A Device cause : null
2025-08-19 16:00:31,863 [WARN] PackLoader:240 - Cannot read IP mode file for STMicroelectronics.X-CUBE-SUBG2.5.0.0
2025-08-19 16:00:31,873 [WARN] PackLoader:240 - Cannot read IP mode file for STMicroelectronics.X-CUBE-AZRTOS-H7RS.1.1.0
2025-08-19 16:00:31,876 [WARN] PackLoader:240 - Cannot read IP mode file for Cesanta.I-CUBE-Mongoose.7.13.0
2025-08-19 16:00:31,883 [WARN] PackLoader:240 - Cannot read IP mode file for STMicroelectronics.X-CUBE-AZRTOS-G4.2.0.0
2025-08-19 16:00:31,887 [WARN] PackLoader:240 - Cannot read IP mode file for wolfSSL.I-CUBE-wolfSSH.1.4.20
2025-08-19 16:00:31,889 [WARN] PackLoader:240 - Cannot read IP mode file for STMicroelectronics.X-CUBE-NFC7.2.0.0
2025-08-19 16:00:31,903 [WARN] PackLoader:240 - Cannot read IP mode file for STMicroelectronics.X-CUBE-IPS.3.1.0
2025-08-19 16:00:31,914 [WARN] PackLoader:240 - Cannot read IP mode file for STMicroelectronics.X-CUBE-ALS.1.0.2
2025-08-19 16:00:31,918 [WARN] PackLoader:240 - Cannot read IP mode file for portGmbH.I-Cube-SoM-uGOAL.1.1.0
2025-08-19 16:00:31,930 [WARN] PackLoader:240 - Cannot read IP mode file for STMicroelectronics.X-CUBE-TOF1.3.4.3
2025-08-19 16:00:31,937 [INFO] ThirdParty:978 - Integrity check success = true
2025-08-19 16:00:31,937 [INFO] IntegrityCheckThread:100 - exiting critical section [integrity check]
2025-08-19 16:00:31,937 [INFO] IntegrityCheckThread:103 - End integrity checks thread
2025-08-19 22:33:03,199 [ERROR] LogOutputStream:75 - [STDERR_REDIRECT] 
2025-08-19 22:33:03,205 [ERROR] LogOutputStream:75 - [STDERR_REDIRECT] 
