2025-11-14 19:52:57,994 [INFO] Activator:176 - 


2025-11-14 19:52:57,996 [INFO] Activator:177 - !SESSION log4j initialized
2025-11-14 19:53:01,605 [INFO] LogOutputStream:77 - [STDOUT_REDIRECT] 
2025-11-14 19:53:02,354 [INFO] ApplicationProperties:184 - Using Application install path: C:\ST\STM32CubeIDE_1.19.0\STM32CubeIDE\plugins\com.st.stm32cube.common.mx_6.15.0.202507011659
2025-11-14 19:53:02,366 [INFO] DbMcusXml:78 - Set database path to: C:\ST\STM32CubeIDE_1.19.0\STM32CubeIDE\plugins\com.st.stm32cube.common.mx_6.15.0.202507011659\\db\/mcu/
2025-11-14 19:53:02,366 [INFO] ApiDb:274 - Set plugin database path to: C:\ST\STM32CubeIDE_1.19.0\STM32CubeIDE\plugins\com.st.stm32cube.common.mx_6.15.0.202507011659\\db\/plugins/boardmanager/
2025-11-14 19:53:02,367 [WARN] ApiDb:259 - Overriding images path with different value:  => C:\ST\STM32CubeIDE_1.19.0\STM32CubeIDE\plugins\com.st.stm32cube.common.mx_6.15.0.202507011659\\db\/plugins/mcufinder/images/
2025-11-14 19:53:02,370 [INFO] ApiDb:250 - Set database path to: C:\Users\User\.stmcufinder\plugins\mcufinder//mcu/
2025-11-14 19:53:02,371 [INFO] DbMcusAds:125 - Set database path to: C:\Users\User\.stmcufinder\plugins\mcufinder//mcu/
2025-11-14 19:53:02,372 [INFO] CrossReferenceDbSqlite:203 - Set database path to: C:\Users\User\.stmcufinder\plugins\mcufinder//mcu/cs/
2025-11-14 19:53:02,461 [INFO] RulesReader:64 - Compatibility file has been processed (317 Rules)
2025-11-14 19:53:02,518 [INFO] DbMcusXml:78 - Set database path to: C:\ST\STM32CubeIDE_1.19.0\STM32CubeIDE\plugins\com.st.stm32cube.common.mx_6.15.0.202507011659\\db\/mcu/
2025-11-14 19:53:02,518 [INFO] ApiDb:274 - Set plugin database path to: C:\ST\STM32CubeIDE_1.19.0\STM32CubeIDE\plugins\com.st.stm32cube.common.mx_6.15.0.202507011659\\db\/plugins/boardmanager/
2025-11-14 19:53:02,518 [INFO] ApiDb:261 - Set plugin images path to: C:\ST\STM32CubeIDE_1.19.0\STM32CubeIDE\plugins\com.st.stm32cube.common.mx_6.15.0.202507011659\\db\/plugins/mcufinder/images/
2025-11-14 19:53:02,519 [WARN] DbFile:41 - Overriding database path with different value: C:\Users\User\.stmcufinder\plugins\mcufinder/ => C:\Users\User\.stmcufinder\plugins\mcufinder
2025-11-14 19:53:02,519 [INFO] ApiDb:250 - Set database path to: C:\Users\User\.stmcufinder\plugins\mcufinder//mcu/
2025-11-14 19:53:02,519 [WARN] DbFile:41 - Overriding database path with different value: C:\Users\User\.stmcufinder\plugins\mcufinder/ => C:\Users\User\.stmcufinder\plugins\mcufinder
2025-11-14 19:53:02,519 [INFO] DbMcusAds:125 - Set database path to: C:\Users\User\.stmcufinder\plugins\mcufinder//mcu/
2025-11-14 19:53:02,519 [WARN] DbFile:41 - Overriding database path with different value: C:\Users\User\.stmcufinder\plugins\mcufinder/ => C:\Users\User\.stmcufinder\plugins\mcufinder
2025-11-14 19:53:02,519 [WARN] DbFile:41 - Overriding database path with different value: C:\Users\User\.stmcufinder\plugins\mcufinder/ => C:\Users\User\.stmcufinder\plugins\mcufinder
2025-11-14 19:53:02,519 [INFO] CrossReferenceDbSqlite:203 - Set database path to: C:\Users\User\.stmcufinder\plugins\mcufinder//mcu/cs/
2025-11-14 19:53:02,583 [INFO] MainPanel:274 - HeapMemory: 268435456
2025-11-14 19:53:02,640 [INFO] DbMcusXml:78 - Set database path to: C:\ST\STM32CubeIDE_1.19.0\STM32CubeIDE\plugins\com.st.stm32cube.common.mx_6.15.0.202507011659\\db\/mcu/
2025-11-14 19:53:02,640 [INFO] ApiDb:274 - Set plugin database path to: C:\ST\STM32CubeIDE_1.19.0\STM32CubeIDE\plugins\com.st.stm32cube.common.mx_6.15.0.202507011659\\db\/plugins/boardmanager/
2025-11-14 19:53:02,640 [INFO] ApiDb:261 - Set plugin images path to: C:\ST\STM32CubeIDE_1.19.0\STM32CubeIDE\plugins\com.st.stm32cube.common.mx_6.15.0.202507011659\\db\/plugins/mcufinder/images/
2025-11-14 19:53:02,641 [WARN] DbFile:41 - Overriding database path with different value: C:\Users\User\.stmcufinder\plugins\mcufinder/ => C:\Users\User\.stmcufinder\plugins\mcufinder
2025-11-14 19:53:02,641 [INFO] ApiDb:250 - Set database path to: C:\Users\User\.stmcufinder\plugins\mcufinder//mcu/
2025-11-14 19:53:02,641 [WARN] DbFile:41 - Overriding database path with different value: C:\Users\User\.stmcufinder\plugins\mcufinder/ => C:\Users\User\.stmcufinder\plugins\mcufinder
2025-11-14 19:53:02,641 [INFO] DbMcusAds:125 - Set database path to: C:\Users\User\.stmcufinder\plugins\mcufinder//mcu/
2025-11-14 19:53:02,641 [WARN] DbFile:41 - Overriding database path with different value: C:\Users\User\.stmcufinder\plugins\mcufinder/ => C:\Users\User\.stmcufinder\plugins\mcufinder
2025-11-14 19:53:02,641 [WARN] DbFile:41 - Overriding database path with different value: C:\Users\User\.stmcufinder\plugins\mcufinder/ => C:\Users\User\.stmcufinder\plugins\mcufinder
2025-11-14 19:53:02,641 [INFO] CrossReferenceDbSqlite:203 - Set database path to: C:\Users\User\.stmcufinder\plugins\mcufinder//mcu/cs/
2025-11-14 19:53:02,653 [INFO] ApplicationProperties:184 - Using Application install path: C:\ST\STM32CubeIDE_1.19.0\STM32CubeIDE\plugins\com.st.stm32cube.common.mx_6.15.0.202507011659
2025-11-14 19:53:02,654 [INFO] PluginManage:196 - Search for loadable plugins [exclusion list=, ]
2025-11-14 19:53:02,654 [INFO] PluginManage:310 - Check plugin analytics
2025-11-14 19:53:02,797 [INFO] AnalyticsPlugin:253 - Accepted Software Licenses: 
2025-11-14 19:53:02,797 [INFO] AnalyticsPlugin:255 - Accepted CMSIS Pack Licenses: 
2025-11-14 19:53:02,797 [INFO] AnalyticsPlugin:257 - Accepted Firmware Licenses: FW.WL.1.3.0,FW.H7.1.12.0,FW.F4.1.28.0
2025-11-14 19:53:02,799 [INFO] PluginManage:359 - Loaded plugin analytics (category:tool,tabindex:-1)
2025-11-14 19:53:02,800 [INFO] PluginManage:310 - Check plugin cadmodel
2025-11-14 19:53:02,803 [INFO] CADModel:105 - Init CAD model plugin
2025-11-14 19:53:02,803 [INFO] PluginManage:359 - Loaded plugin cadmodel (category:power,tabindex:5)
2025-11-14 19:53:02,803 [INFO] PluginManage:310 - Check plugin clock
2025-11-14 19:53:02,810 [INFO] PluginManage:359 - Loaded plugin clock (category:base,tabindex:2)
2025-11-14 19:53:02,810 [INFO] PluginManage:310 - Check plugin ddr
2025-11-14 19:53:02,812 [INFO] PluginManage:359 - Loaded plugin ddr (category:tool,tabindex:6)
2025-11-14 19:53:02,812 [INFO] PluginManage:310 - Check plugin filemanager
2025-11-14 19:53:02,914 [INFO] PluginManage:359 - Loaded plugin filemanager (category:base,tabindex:10)
2025-11-14 19:53:02,914 [INFO] PluginManage:310 - Check plugin ipmanager
2025-11-14 19:53:02,919 [INFO] PluginManage:359 - Loaded plugin ipmanager (category:base,tabindex:5)
2025-11-14 19:53:02,919 [INFO] PluginManage:310 - Check plugin lpbam
2025-11-14 19:53:02,925 [INFO] PluginManage:359 - Loaded plugin lpbam (category:base,tabindex:0)
2025-11-14 19:53:02,925 [INFO] PluginManage:310 - Check plugin memorymap
2025-11-14 19:53:02,934 [INFO] PluginManage:359 - Loaded plugin memorymap (category:base,tabindex:4)
2025-11-14 19:53:02,934 [INFO] PluginManage:310 - Check plugin pinoutandconfiguration
2025-11-14 19:53:02,939 [INFO] PluginManage:359 - Loaded plugin pinoutandconfiguration (category:base,tabindex:1)
2025-11-14 19:53:02,939 [INFO] PluginManage:310 - Check plugin pinoutconfig
2025-11-14 19:53:03,001 [WARN] SupportedApi:132 - Cannot load RTOS API schema: s4s-elt-must-match.1: The content of 'definitions' must match (annotation?, (simpleType | complexType)?, (unique | key | keyref)*)). A problem was found starting at: attribute.
2025-11-14 19:53:03,113 [INFO] PluginManage:359 - Loaded plugin pinoutconfig (category:base,tabindex:0)
2025-11-14 19:53:03,113 [INFO] PluginManage:310 - Check plugin power
2025-11-14 19:53:03,119 [INFO] PluginManage:359 - Loaded plugin power (category:power,tabindex:4)
2025-11-14 19:53:03,119 [INFO] PluginManage:310 - Check plugin projectmanager
2025-11-14 19:53:03,131 [INFO] PluginManage:359 - Loaded plugin projectmanager (category:projectmanager,tabindex:4)
2025-11-14 19:53:03,131 [INFO] PluginManage:310 - Check plugin rif
2025-11-14 19:53:03,138 [INFO] PluginManage:359 - Loaded plugin rif (category:base,tabindex:3)
2025-11-14 19:53:03,138 [INFO] PluginManage:310 - Check plugin thirdparty
2025-11-14 19:53:03,239 [INFO] PluginManage:359 - Loaded plugin thirdparty (category:base,tabindex:-1)
2025-11-14 19:53:03,239 [INFO] PluginManage:310 - Check plugin tools
2025-11-14 19:53:03,239 [WARN] IntegrityCheckThread:84 - waiting for thirdparty lock release [integrity check]
2025-11-14 19:53:03,239 [INFO] IntegrityCheckThread:86 - entering critical section [integrity check]
2025-11-14 19:53:03,240 [INFO] ThirdPartyUpdaterWithRetryManager:70 - Updater plugin not ready yet. [1/15]
2025-11-14 19:53:03,242 [INFO] PluginManage:359 - Loaded plugin tools (category:base,tabindex:7)
2025-11-14 19:53:03,242 [INFO] PluginManage:310 - Check plugin tutovideos
2025-11-14 19:53:03,434 [INFO] PluginManage:359 - Loaded plugin tutovideos (category:base,tabindex:-1)
2025-11-14 19:53:03,434 [INFO] PluginManage:310 - Check plugin updater
2025-11-14 19:53:03,452 [INFO] PluginManage:359 - Loaded plugin updater (category:base,tabindex:12)
2025-11-14 19:53:03,453 [INFO] PluginManage:310 - Check plugin userauth
2025-11-14 19:53:03,456 [INFO] UserAuth:118 - Init User Auth plugin
2025-11-14 19:53:03,457 [INFO] PluginManage:359 - Loaded plugin userauth (category:base,tabindex:14)
2025-11-14 19:53:03,457 [INFO] PluginManage:283 - PluginManage : Loaded plugins [18]
2025-11-14 19:53:03,592 [INFO] PinOutPanel:1589 - setPackage(No Configuration,No Configuration)
2025-11-14 19:53:03,649 [INFO] CADModel:165 - CPN selected for project level
2025-11-14 19:53:03,649 [INFO] CADModel:114 - Register for checkConnection events
2025-11-14 19:53:03,660 [INFO] IPUIPlugin:80 - create IPUIPlugin
2025-11-14 19:53:03,660 [INFO] PluginManager:220 - loadIPPluginJar : add adc
2025-11-14 19:53:03,662 [INFO] IPUIPlugin:80 - create IPUIPlugin
2025-11-14 19:53:03,662 [INFO] PluginManager:220 - loadIPPluginJar : add aes
2025-11-14 19:53:03,664 [INFO] IPUIPlugin:80 - create IPUIPlugin
2025-11-14 19:53:03,664 [INFO] PluginManager:220 - loadIPPluginJar : add can
2025-11-14 19:53:03,665 [INFO] IPUIPlugin:80 - create IPUIPlugin
2025-11-14 19:53:03,665 [INFO] PluginManager:220 - loadIPPluginJar : add comp
2025-11-14 19:53:03,667 [INFO] IPUIPlugin:80 - create IPUIPlugin
2025-11-14 19:53:03,667 [INFO] PluginManager:220 - loadIPPluginJar : add cryp
2025-11-14 19:53:03,668 [INFO] IPUIPlugin:80 - create IPUIPlugin
2025-11-14 19:53:03,668 [INFO] PluginManager:220 - loadIPPluginJar : add ddr_ctrl_phy
2025-11-14 19:53:03,670 [INFO] IPUIPlugin:80 - create IPUIPlugin
2025-11-14 19:53:03,670 [INFO] PluginManager:220 - loadIPPluginJar : add dfsdm
2025-11-14 19:53:03,674 [INFO] IPUIPlugin:80 - create IPUIPlugin
2025-11-14 19:53:03,674 [INFO] PluginManager:220 - loadIPPluginJar : add dma
2025-11-14 19:53:03,676 [INFO] IPUIPlugin:80 - create IPUIPlugin
2025-11-14 19:53:03,676 [INFO] PluginManager:220 - loadIPPluginJar : add dma3
2025-11-14 19:53:03,678 [INFO] IPUIPlugin:80 - create IPUIPlugin
2025-11-14 19:53:03,678 [INFO] PluginManager:220 - loadIPPluginJar : add extmemmanager
2025-11-14 19:53:03,679 [INFO] IPUIPlugin:80 - create IPUIPlugin
2025-11-14 19:53:03,679 [INFO] PluginManager:220 - loadIPPluginJar : add fatfs
2025-11-14 19:53:03,682 [INFO] IPUIPlugin:80 - create IPUIPlugin
2025-11-14 19:53:03,682 [INFO] PluginManager:220 - loadIPPluginJar : add fmc
2025-11-14 19:53:03,686 [INFO] IPUIPlugin:80 - create IPUIPlugin
2025-11-14 19:53:03,686 [INFO] PluginManager:220 - loadIPPluginJar : add freertos
2025-11-14 19:53:03,687 [INFO] IPUIPlugin:80 - create IPUIPlugin
2025-11-14 19:53:03,687 [INFO] PluginManager:220 - loadIPPluginJar : add genericplugin
2025-11-14 19:53:03,688 [INFO] IPUIPlugin:80 - create IPUIPlugin
2025-11-14 19:53:03,689 [INFO] PluginManager:220 - loadIPPluginJar : add gfxmmu
2025-11-14 19:53:03,692 [INFO] IPUIPlugin:80 - create IPUIPlugin
2025-11-14 19:53:03,692 [INFO] PluginManager:220 - loadIPPluginJar : add gic
2025-11-14 19:53:03,696 [INFO] IPUIPlugin:80 - create IPUIPlugin
2025-11-14 19:53:03,696 [INFO] PluginManager:220 - loadIPPluginJar : add gpio
2025-11-14 19:53:03,701 [INFO] IPUIPlugin:80 - create IPUIPlugin
2025-11-14 19:53:03,701 [INFO] PluginManager:220 - loadIPPluginJar : add gtzc
2025-11-14 19:53:03,702 [INFO] IPUIPlugin:80 - create IPUIPlugin
2025-11-14 19:53:03,703 [INFO] PluginManager:220 - loadIPPluginJar : add hash
2025-11-14 19:53:03,704 [INFO] IPUIPlugin:80 - create IPUIPlugin
2025-11-14 19:53:03,704 [INFO] PluginManager:220 - loadIPPluginJar : add i2c
2025-11-14 19:53:03,707 [INFO] IPUIPlugin:80 - create IPUIPlugin
2025-11-14 19:53:03,707 [INFO] PluginManager:220 - loadIPPluginJar : add i2s
2025-11-14 19:53:03,711 [INFO] IPUIPlugin:80 - create IPUIPlugin
2025-11-14 19:53:03,711 [INFO] PluginManager:220 - loadIPPluginJar : add i3c
2025-11-14 19:53:03,715 [INFO] IPUIPlugin:80 - create IPUIPlugin
2025-11-14 19:53:03,715 [INFO] PluginManager:220 - loadIPPluginJar : add ipddr
2025-11-14 19:53:03,721 [INFO] IPUIPlugin:80 - create IPUIPlugin
2025-11-14 19:53:03,721 [INFO] PluginManager:220 - loadIPPluginJar : add linkedlist
2025-11-14 19:53:03,724 [INFO] IPUIPlugin:80 - create IPUIPlugin
2025-11-14 19:53:03,724 [INFO] PluginManager:220 - loadIPPluginJar : add lorawan
2025-11-14 19:53:03,726 [INFO] IPUIPlugin:80 - create IPUIPlugin
2025-11-14 19:53:03,726 [INFO] PluginManager:220 - loadIPPluginJar : add ltdc
2025-11-14 19:53:03,731 [INFO] IPUIPlugin:80 - create IPUIPlugin
2025-11-14 19:53:03,731 [INFO] PluginManager:220 - loadIPPluginJar : add mdma
2025-11-14 19:53:03,734 [INFO] IPUIPlugin:80 - create IPUIPlugin
2025-11-14 19:53:03,734 [INFO] PluginManager:220 - loadIPPluginJar : add nvic
2025-11-14 19:53:03,737 [INFO] IPUIPlugin:80 - create IPUIPlugin
2025-11-14 19:53:03,737 [INFO] PluginManager:220 - loadIPPluginJar : add opamp
2025-11-14 19:53:03,739 [INFO] IPUIPlugin:80 - create IPUIPlugin
2025-11-14 19:53:03,740 [INFO] PluginManager:220 - loadIPPluginJar : add openamp
2025-11-14 19:53:03,742 [INFO] IPUIPlugin:80 - create IPUIPlugin
2025-11-14 19:53:03,742 [INFO] PluginManager:220 - loadIPPluginJar : add pdm2pcm
2025-11-14 19:53:03,749 [INFO] IPUIPlugin:80 - create IPUIPlugin
2025-11-14 19:53:03,752 [INFO] PluginManager:220 - loadIPPluginJar : add plateformsettings
2025-11-14 19:53:03,753 [INFO] IPUIPlugin:80 - create IPUIPlugin
2025-11-14 19:53:03,753 [INFO] PluginManager:220 - loadIPPluginJar : add quadspi
2025-11-14 19:53:03,755 [INFO] IPUIPlugin:80 - create IPUIPlugin
2025-11-14 19:53:03,756 [INFO] PluginManager:220 - loadIPPluginJar : add radio
2025-11-14 19:53:03,758 [INFO] IPUIPlugin:80 - create IPUIPlugin
2025-11-14 19:53:03,758 [INFO] PluginManager:220 - loadIPPluginJar : add resmgrutility
2025-11-14 19:53:03,762 [INFO] IPUIPlugin:80 - create IPUIPlugin
2025-11-14 19:53:03,762 [INFO] PluginManager:220 - loadIPPluginJar : add sai
2025-11-14 19:53:03,764 [INFO] IPUIPlugin:80 - create IPUIPlugin
2025-11-14 19:53:03,764 [INFO] PluginManager:220 - loadIPPluginJar : add spi
2025-11-14 19:53:03,770 [INFO] IPUIPlugin:80 - create IPUIPlugin
2025-11-14 19:53:03,770 [INFO] PluginManager:220 - loadIPPluginJar : add stm32_wpan
2025-11-14 19:53:03,771 [INFO] IPUIPlugin:80 - create IPUIPlugin
2025-11-14 19:53:03,771 [INFO] PluginManager:220 - loadIPPluginJar : add tim
2025-11-14 19:53:03,774 [INFO] IPUIPlugin:80 - create IPUIPlugin
2025-11-14 19:53:03,774 [INFO] PluginManager:220 - loadIPPluginJar : add touchsensing
2025-11-14 19:53:03,776 [INFO] IPUIPlugin:80 - create IPUIPlugin
2025-11-14 19:53:03,776 [INFO] PluginManager:220 - loadIPPluginJar : add tracer_emb
2025-11-14 19:53:03,778 [INFO] IPUIPlugin:80 - create IPUIPlugin
2025-11-14 19:53:03,778 [INFO] PluginManager:220 - loadIPPluginJar : add ts
2025-11-14 19:53:03,780 [INFO] IPUIPlugin:80 - create IPUIPlugin
2025-11-14 19:53:03,780 [INFO] PluginManager:220 - loadIPPluginJar : add tsc
2025-11-14 19:53:03,782 [INFO] IPUIPlugin:80 - create IPUIPlugin
2025-11-14 19:53:03,782 [INFO] PluginManager:220 - loadIPPluginJar : add ucpd
2025-11-14 19:53:03,785 [INFO] IPUIPlugin:80 - create IPUIPlugin
2025-11-14 19:53:03,785 [INFO] PluginManager:220 - loadIPPluginJar : add usart
2025-11-14 19:53:03,788 [INFO] IPUIPlugin:80 - create IPUIPlugin
2025-11-14 19:53:03,788 [INFO] PluginManager:220 - loadIPPluginJar : add usbx
2025-11-14 19:53:03,914 [FATAL] Updater:351 - Updater called before beeing initialized
2025-11-14 19:53:03,932 [INFO] RulesReader:64 - Compatibility file has been processed (317 Rules)
2025-11-14 19:53:03,946 [INFO] RulesReader:64 - Compatibility file has been processed (317 Rules)
2025-11-14 19:53:03,957 [INFO] CADModel:165 - CPN selected for project level
2025-11-14 19:53:03,957 [INFO] CADModel:114 - Register for checkConnection events
2025-11-14 19:53:03,957 [FATAL] Updater:351 - Updater called before beeing initialized
2025-11-14 19:53:03,957 [ERROR] CADModel:125 - Updater not yet initialized, retry later 
2025-11-14 19:53:04,061 [FATAL] Updater:351 - Updater called before beeing initialized
2025-11-14 19:53:04,062 [INFO] CADModel:165 - CPN selected for project level
2025-11-14 19:53:04,062 [INFO] CADModel:114 - Register for checkConnection events
2025-11-14 19:53:04,062 [FATAL] Updater:351 - Updater called before beeing initialized
2025-11-14 19:53:04,062 [ERROR] CADModel:125 - Updater not yet initialized, retry later 
2025-11-14 19:53:04,065 [FATAL] Updater:351 - Updater called before beeing initialized
2025-11-14 19:53:04,128 [FATAL] Updater:351 - Updater called before beeing initialized
2025-11-14 19:53:04,130 [INFO] DbMcusAds:53 - JSON generation date=Thu Oct 02 15:06:05 IST 2025 (1759397765645)
2025-11-14 19:53:04,130 [FATAL] Updater:351 - Updater called before beeing initialized
2025-11-14 19:53:04,152 [WARN] DetailPanel:346 - Failed to get advertising image, set to default
2025-11-14 19:53:04,206 [FATAL] Updater:351 - Updater called before beeing initialized
2025-11-14 19:53:04,207 [FATAL] Updater:351 - Updater called before beeing initialized
2025-11-14 19:53:04,207 [FATAL] Updater:351 - Updater called before beeing initialized
2025-11-14 19:53:04,207 [WARN] DetailPanel:346 - Failed to get advertising image, set to default
2025-11-14 19:53:04,208 [FATAL] Updater:351 - Updater called before beeing initialized
2025-11-14 19:53:04,236 [ERROR] Updater:1198 - MainUpdater not yet initialized. External WinMGr cannot be set.
2025-11-14 19:53:04,236 [INFO] Updater:1134 - Updater Version found : 6.15.0
2025-11-14 19:53:04,251 [INFO] ApplicationProperties:184 - Using Application install path: C:\ST\STM32CubeIDE_1.19.0\STM32CubeIDE\plugins\com.st.stm32cube.common.mx_6.15.0.202507011659
2025-11-14 19:53:04,664 [ERROR] ConfigurationRetriever:142 - IOException on connection: Read timed out
2025-11-14 19:53:05,834 [ERROR] LogOutputStream:75 - [STDERR_REDIRECT] Nov 14, 2025 7:53:05 PM java.util.prefs.WindowsPreferences <init>
2025-11-14 19:53:05,836 [ERROR] LogOutputStream:75 - [STDERR_REDIRECT] WARNING: Could not open/create prefs root node Software\JavaSoft\Prefs at root 0xffffffff80000002. Windows RegCreateKeyEx(...) returned error code 5.
2025-11-14 19:53:05,836 [ERROR] LogOutputStream:75 - [STDERR_REDIRECT] 
2025-11-14 19:53:06,140 [INFO] MainUpdater:2872 - connection check result : 10
2025-11-14 19:53:06,141 [INFO] MainUpdater:289 - Updater Check For Update Now.
2025-11-14 19:53:06,141 [INFO] MicroXplorer:498 - Change Database Version : DB.6.0.150
2025-11-14 19:53:06,156 [INFO] McuFinderGlobals:63 - Set McuFinder mode to 2 (CubeIDE integrated)
2025-11-14 19:53:06,157 [INFO] UserAuth:487 - Internet connection configuration mode: 1
2025-11-14 19:53:06,186 [INFO] JxBrowserEngine:152 - Initiate JxBrowser Engine with user profile folder
2025-11-14 19:53:06,241 [WARN] MainUpdater:1193 - Updater busy. Cannot search thirdparties
2025-11-14 19:53:06,241 [INFO] ThirdPartyUpdaterWithRetryManager:96 - Updater plugin is busy. [1/15]
2025-11-14 19:53:06,318 [INFO] CheckServerUpdateThread:120 - End of CheckServer Thread
2025-11-14 19:53:06,603 [INFO] WebApp:169 - Instantiating new browser for Auth
2025-11-14 19:53:07,049 [INFO] WebApp:463 - Apply proxy settings
2025-11-14 19:53:07,050 [INFO] WebApp:548 - Chromium requires no authentication
2025-11-14 19:53:07,057 [INFO] WebApp:491 - Direct internet connection detected
2025-11-14 19:53:07,082 [INFO] WebApp:900 - Register for checkConnection events
2025-11-14 19:53:07,082 [INFO] WebApp:463 - Apply proxy settings
2025-11-14 19:53:07,082 [INFO] WebApp:548 - Chromium requires no authentication
2025-11-14 19:53:07,083 [INFO] WebApp:491 - Direct internet connection detected
2025-11-14 19:53:07,193 [INFO] WebApp:225 - Starting web application
2025-11-14 19:53:07,193 [INFO] WebApp:593 - Web application path used C:\ST\STM32CubeIDE_1.19.0\STM32CubeIDE\plugins\com.st.stm32cube.common.mx_6.15.0.202507011659\db\plugins\mcufinder\reactClient1\index.html
2025-11-14 19:53:07,251 [INFO] UserAuth:487 - Internet connection configuration mode: 1
2025-11-14 19:53:07,423 [INFO] WebApp:191 - Connection restablished
2025-11-14 19:53:09,420 [WARN] PackLoader:240 - Cannot read IP mode file for STMicroelectronics.FP-SNS-MOTENVWB1.1.4.0
2025-11-14 19:53:09,426 [WARN] PackLoader:240 - Cannot read IP mode file for STMicroelectronics.FP-ATR-ASTRA1.2.0.2
2025-11-14 19:53:09,434 [WARN] PackLoader:240 - Cannot read IP mode file for STMicroelectronics.X-CUBE-SMBUS.2.1.0
2025-11-14 19:53:09,437 [WARN] PackLoader:240 - Cannot read IP mode file for STMicroelectronics.X-CUBE-ST60.1.0.0
2025-11-14 19:53:09,456 [WARN] PackLoader:240 - Cannot read IP mode file for STMicroelectronics.X-CUBE-AZRTOS-F7.1.1.0
2025-11-14 19:53:09,462 [WARN] PackLoader:240 - Cannot read IP mode file for STMicroelectronics.FP-SNS-MOTENV1.5.1.0
2025-11-14 19:53:09,479 [WARN] PackLoader:240 - Cannot read IP mode file for Infineon.AIROC-Wi-Fi-Bluetooth-STM32.1.7.1
2025-11-14 19:53:09,497 [WARN] PackLoader:240 - Cannot read IP mode file for STMicroelectronics.X-CUBE-AZRTOS-H7.3.4.0
2025-11-14 19:53:09,503 [WARN] PackLoader:240 - Cannot read IP mode file for STMicroelectronics.X-CUBE-DISPLAY.3.0.0
2025-11-14 19:53:09,510 [WARN] PackLoader:240 - Cannot read IP mode file for STMicroelectronics.X-CUBE-NFC10.1.0.0
2025-11-14 19:53:09,514 [WARN] PackLoader:240 - Cannot read IP mode file for STMicroelectronics.X-CUBE-ST60.1.1.0
2025-11-14 19:53:09,517 [WARN] PackLoader:240 - Cannot read IP mode file for emotas.I-CUBE-CANOPEN.1.3.0
2025-11-14 19:53:09,520 [WARN] PackLoader:240 - Cannot read IP mode file for STMicroelectronics.X-CUBE-GNSS1.7.1.0
2025-11-14 19:53:09,525 [WARN] PackLoader:240 - Cannot read IP mode file for STMicroelectronics.FP-SNS-STBOX1.2.1.0
2025-11-14 19:53:09,528 [WARN] PackLoader:240 - Cannot read IP mode file for STMicroelectronics.FP-SNS-SMARTAG2.1.2.0
2025-11-14 19:53:09,530 [WARN] PackLoader:240 - Cannot read IP mode file for STMicroelectronics.FP-SNS-FLIGHT1.5.1.0
2025-11-14 19:53:09,535 [INFO] LogOutputStream:77 - [STDOUT_REDIRECT] 1 : Invalid condition id : UX_CORESTACK_Condition cause : null
2025-11-14 19:53:09,536 [INFO] LogOutputStream:77 - [STDOUT_REDIRECT] 1 : Invalid condition id : UX_CORESTACK_Condition cause : null
2025-11-14 19:53:09,537 [INFO] LogOutputStream:77 - [STDOUT_REDIRECT] 1 : Invalid condition id : UX_CORESTACK_Condition cause : null
2025-11-14 19:53:09,538 [INFO] LogOutputStream:77 - [STDOUT_REDIRECT] 1 : Invalid condition id : UX_CORESTACK_Condition cause : null
2025-11-14 19:53:09,540 [INFO] LogOutputStream:77 - [STDOUT_REDIRECT] 1 : Invalid condition id : UX_CORESTACK_Condition cause : null
2025-11-14 19:53:09,541 [WARN] PackLoader:240 - Cannot read IP mode file for STMicroelectronics.X-CUBE-AZRTOS-WL.2.0.0
2025-11-14 19:53:09,544 [WARN] PackLoader:240 - Cannot read IP mode file for STMicroelectronics.FP-SNS-MOTENV1.5.0.0
2025-11-14 19:53:09,551 [WARN] PackLoader:240 - Cannot read IP mode file for WES.I-CUBE-Cesium.1.3.0
2025-11-14 19:53:09,558 [WARN] PackLoader:240 - Cannot read IP mode file for STMicroelectronics.X-CUBE-BLE2.3.3.0
2025-11-14 19:53:09,571 [WARN] PackLoader:240 - Cannot read IP mode file for STMicroelectronics.X-CUBE-NFC9.1.0.0
2025-11-14 19:53:09,575 [WARN] PackLoader:240 - Cannot read IP mode file for wolfSSL.I-CUBE-wolfSSL.5.8.0
2025-11-14 19:53:09,578 [WARN] PackLoader:240 - Cannot read IP mode file for STMicroelectronics.X-CUBE-BLE1.7.1.0
2025-11-14 19:53:09,580 [WARN] PackLoader:240 - Cannot read IP mode file for wolfSSL.I-CUBE-wolfMQTT.1.19.2
2025-11-14 19:53:09,583 [WARN] PackLoader:240 - Cannot read IP mode file for STMicroelectronics.X-CUBE-EEPRMA1.5.2.0
2025-11-14 19:53:09,588 [WARN] PackLoader:240 - Cannot read IP mode file for STMicroelectronics.X-CUBE-ST67W61.1.1.0
2025-11-14 19:53:09,591 [WARN] PackLoader:240 - Cannot read IP mode file for STMicroelectronics.X-CUBE-AI.10.1.0
2025-11-14 19:53:09,598 [WARN] PackLoader:240 - Cannot read IP mode file for STMicroelectronics.X-CUBE-AZRTOS-G0.1.1.0
2025-11-14 19:53:09,603 [WARN] PackLoader:240 - Cannot read IP mode file for STMicroelectronics.X-CUBE-SAFEA1.1.2.2
2025-11-14 19:53:09,606 [WARN] PackLoader:240 - Cannot read IP mode file for STMicroelectronics.X-CUBE-NFC4.3.0.0
2025-11-14 19:53:09,611 [WARN] PackLoader:240 - Cannot read IP mode file for EmbeddedOffice.I-CUBE-FS-RTOS.1.0.1
2025-11-14 19:53:09,614 [WARN] PackLoader:240 - Cannot read IP mode file for STMicroelectronics.X-CUBE-WB05N.2.0.0
2025-11-14 19:53:09,617 [WARN] PackLoader:240 - Cannot read IP mode file for wolfSSL.I-CUBE-wolfTPM.3.8.0
2025-11-14 19:53:09,619 [WARN] PackLoader:240 - Cannot read IP mode file for STMicroelectronics.X-CUBE-TCPP.4.2.0
2025-11-14 19:53:09,623 [WARN] PackLoader:240 - Cannot read IP mode file for RealThread.X-CUBE-RT-Thread_Nano.4.1.1
2025-11-14 19:53:09,625 [WARN] PackLoader:240 - Cannot read IP mode file for STMicroelectronics.FP-ATR-SIGFOX1.3.2.0
2025-11-14 19:53:09,629 [WARN] PackLoader:240 - Cannot read IP mode file for ITTIA_DB.I-CUBE-ITTIADB.8.9.0
2025-11-14 19:53:09,632 [WARN] PackLoader:240 - Cannot read IP mode file for STMicroelectronics.X-CUBE-ST67W61.1.0.0
2025-11-14 19:53:09,635 [WARN] PackLoader:240 - Cannot read IP mode file for STMicroelectronics.X-CUBE-AI.10.2.0
2025-11-14 19:53:09,650 [WARN] PackLoader:240 - Cannot read IP mode file for SEGGER.I-CUBE-embOS.1.3.1
2025-11-14 19:53:09,668 [WARN] PackLoader:240 - Cannot read IP mode file for STMicroelectronics.X-CUBE-ALGOBUILD.1.4.0
2025-11-14 19:53:09,693 [WARN] PackLoader:240 - Cannot read IP mode file for STMicroelectronics.X-CUBE-MEMS1.11.3.0
2025-11-14 19:53:09,750 [WARN] PackLoader:240 - Cannot read IP mode file for STMicroelectronics.X-CUBE-PM33A1.1.0.0
2025-11-14 19:53:09,757 [WARN] PackLoader:240 - Cannot read IP mode file for STMicroelectronics.X-CUBE-AZRTOS-F4.1.1.0
2025-11-14 19:53:09,761 [WARN] PackLoader:240 - Cannot read IP mode file for Avnet-IotConnect.X-CUBE-IoTC-DA16k-PMOD.1.0.0
2025-11-14 19:53:09,763 [WARN] PackLoader:240 - Cannot read IP mode file for STMicroelectronics.X-CUBE-ISPU.2.1.0
2025-11-14 19:53:09,770 [WARN] PackLoader:240 - Cannot read IP mode file for STMicroelectronics.X-CUBE-IPS.3.2.0
2025-11-14 19:53:09,783 [WARN] PackLoader:240 - Cannot read IP mode file for STMicroelectronics.X-CUBE-NFC12.1.0.0
2025-11-14 19:53:09,798 [WARN] PackLoader:240 - Cannot read IP mode file for STMicroelectronics.X-CUBE-AZRTOS-L5.2.0.0
2025-11-14 19:53:09,804 [WARN] PackLoader:240 - Cannot read IP mode file for STMicroelectronics.X-CUBE-NFC6.3.1.0
2025-11-14 19:53:09,812 [WARN] PackLoader:240 - Cannot read IP mode file for STMicroelectronics.X-CUBE-FREERTOS.1.3.1
2025-11-14 19:53:09,817 [WARN] PackLoader:240 - Cannot read IP mode file for STMicroelectronics.X-CUBE-TOUCHGFX.4.26.0
2025-11-14 19:53:09,821 [WARN] PackLoader:240 - Cannot read IP mode file for STMicroelectronics.FP-SNS-STAIOTCFT.1.0.0
2025-11-14 19:53:09,835 [WARN] PackLoader:240 - Cannot read IP mode file for STMicroelectronics.X-CUBE-DPower.1.3.0
2025-11-14 19:53:09,847 [WARN] ConditionMgr:438 - getConditionDescription Invalid condition id : LAN8742 Phy interface Condition cause : null
2025-11-14 19:53:09,848 [WARN] PackLoader:240 - Cannot read IP mode file for STMicroelectronics.X-CUBE-AZRTOS-L4.2.0.0
2025-11-14 19:53:09,849 [WARN] ConditionMgr:1044 - genDependencies : Invalid condition id : LAN8742 Phy interface Condition cause : null
2025-11-14 19:53:09,849 [WARN] ConditionMgr:1044 - genDependencies : Invalid condition id : LAN8742 Phy interface Condition cause : null
2025-11-14 19:53:09,849 [WARN] ConditionMgr:1044 - genDependencies : Invalid condition id : LAN8742 Phy interface Condition cause : null
2025-11-14 19:53:09,854 [WARN] PackLoader:240 - Cannot read IP mode file for STMicroelectronics.X-CUBE-SFXS2LP1.4.0.0
2025-11-14 19:53:09,864 [WARN] PackLoader:240 - Cannot read IP mode file for STMicroelectronics.X-CUBE-BLEMGR.4.1.0
2025-11-14 19:53:09,876 [WARN] ConditionMgr:438 - getConditionDescription Invalid condition id : UX DEVICE CLASS RTOS Condition cause : null
2025-11-14 19:53:09,876 [WARN] ConditionMgr:438 - getConditionDescription Invalid condition id : UX DEVICE CLASS RTOS Condition cause : null
2025-11-14 19:53:09,877 [WARN] PackLoader:240 - Cannot read IP mode file for STMicroelectronics.X-CUBE-AZRTOS-WB.2.0.0
2025-11-14 19:53:09,878 [WARN] ConditionMgr:1044 - genDependencies : Invalid condition id : UX DEVICE CLASS RTOS Condition cause : null
2025-11-14 19:53:09,878 [WARN] ConditionMgr:1044 - genDependencies : Invalid condition id : UX DEVICE CLASS RTOS Condition cause : null
2025-11-14 19:53:09,878 [WARN] ConditionMgr:1044 - genDependencies : Invalid condition id : UX DEVICE CLASS RTOS Condition cause : null
2025-11-14 19:53:09,878 [WARN] ConditionMgr:1044 - genDependencies : Invalid condition id : UX DEVICE CLASS RTOS Condition cause : null
2025-11-14 19:53:09,878 [WARN] ConditionMgr:1044 - genDependencies : Invalid condition id : UX DEVICE CLASS RTOS Condition cause : null
2025-11-14 19:53:09,881 [WARN] PackLoader:240 - Cannot read IP mode file for STMicroelectronics.X-CUBE-GNSS1.7.0.1
2025-11-14 19:53:09,883 [WARN] PackLoader:240 - Cannot read IP mode file for STMicroelectronics.X-CUBE-TOUCHGFX.4.25.0
2025-11-14 19:53:09,886 [WARN] PackLoader:240 - Cannot read IP mode file for STMicroelectronics.FP-SNS-STBOX1.2.0.0
2025-11-14 19:53:09,889 [WARN] ConditionMgr:438 - getConditionDescription Invalid condition id : Cortex-A Device cause : null
2025-11-14 19:53:09,894 [WARN] ConditionMgr:1044 - genDependencies : Invalid condition id : Cortex-A Device cause : null
2025-11-14 19:53:09,894 [WARN] ConditionMgr:1044 - genDependencies : Invalid condition id : Cortex-A Device cause : null
2025-11-14 19:53:09,894 [WARN] ConditionMgr:1044 - genDependencies : Invalid condition id : Cortex-A Device cause : null
2025-11-14 19:53:09,899 [WARN] PackLoader:240 - Cannot read IP mode file for STMicroelectronics.X-CUBE-SUBG2.5.0.0
2025-11-14 19:53:09,911 [WARN] PackLoader:240 - Cannot read IP mode file for STMicroelectronics.X-CUBE-AZRTOS-H7RS.1.1.0
2025-11-14 19:53:09,916 [WARN] PackLoader:240 - Cannot read IP mode file for Cesanta.I-CUBE-Mongoose.7.13.0
2025-11-14 19:53:09,922 [WARN] PackLoader:240 - Cannot read IP mode file for STMicroelectronics.X-CUBE-AZRTOS-G4.2.0.0
2025-11-14 19:53:09,925 [WARN] PackLoader:240 - Cannot read IP mode file for wolfSSL.I-CUBE-wolfSSH.1.4.20
2025-11-14 19:53:09,927 [WARN] PackLoader:240 - Cannot read IP mode file for STMicroelectronics.X-CUBE-NFC7.2.0.0
2025-11-14 19:53:09,932 [WARN] PackLoader:240 - Cannot read IP mode file for STMicroelectronics.X-CUBE-IPS.3.1.0
2025-11-14 19:53:09,938 [WARN] PackLoader:240 - Cannot read IP mode file for STMicroelectronics.X-CUBE-ALS.1.0.2
2025-11-14 19:53:09,942 [WARN] PackLoader:240 - Cannot read IP mode file for STMicroelectronics.X-CUBE-STSE01.1.0.0
2025-11-14 19:53:09,945 [WARN] PackLoader:240 - Cannot read IP mode file for portGmbH.I-Cube-SoM-uGOAL.1.1.0
2025-11-14 19:53:09,950 [WARN] PackLoader:240 - Cannot read IP mode file for STMicroelectronics.X-CUBE-TOF1.3.4.3
2025-11-14 19:53:09,960 [INFO] ThirdParty:978 - Integrity check success = true
2025-11-14 19:53:09,960 [INFO] IntegrityCheckThread:100 - exiting critical section [integrity check]
2025-11-14 19:53:09,960 [INFO] IntegrityCheckThread:103 - End integrity checks thread
2025-11-14 19:53:20,588 [ERROR] ConfigurationRetriever:142 - IOException on connection: Read timed out
2025-11-14 20:00:10,541 [ERROR] LogOutputStream:75 - [STDERR_REDIRECT] 
2025-11-14 20:00:10,544 [ERROR] LogOutputStream:75 - [STDERR_REDIRECT] 
