2026-01-22 11:21:52,443 [INFO] Activator:176 - 


2026-01-22 11:21:52,446 [INFO] Activator:177 - !SESSION log4j initialized
2026-01-22 11:21:56,470 [INFO] LogOutputStream:77 - [STDOUT_REDIRECT] 
2026-01-22 11:21:57,353 [INFO] ApplicationProperties:184 - Using Application install path: C:\ST\STM32CubeIDE_1.19.0\STM32CubeIDE\plugins\com.st.stm32cube.common.mx_6.15.0.202507011659
2026-01-22 11:21:57,390 [INFO] DbMcusXml:78 - Set database path to: C:\ST\STM32CubeIDE_1.19.0\STM32CubeIDE\plugins\com.st.stm32cube.common.mx_6.15.0.202507011659\\db\/mcu/
2026-01-22 11:21:57,390 [INFO] ApiDb:274 - Set plugin database path to: C:\ST\STM32CubeIDE_1.19.0\STM32CubeIDE\plugins\com.st.stm32cube.common.mx_6.15.0.202507011659\\db\/plugins/boardmanager/
2026-01-22 11:21:57,390 [WARN] ApiDb:259 - Overriding images path with different value:  => C:\ST\STM32CubeIDE_1.19.0\STM32CubeIDE\plugins\com.st.stm32cube.common.mx_6.15.0.202507011659\\db\/plugins/mcufinder/images/
2026-01-22 11:21:57,401 [INFO] ApiDb:250 - Set database path to: C:\Users\User\.stmcufinder\plugins\mcufinder//mcu/
2026-01-22 11:21:57,412 [INFO] DbMcusAds:125 - Set database path to: C:\Users\User\.stmcufinder\plugins\mcufinder//mcu/
2026-01-22 11:21:57,415 [INFO] CrossReferenceDbSqlite:203 - Set database path to: C:\Users\User\.stmcufinder\plugins\mcufinder//mcu/cs/
2026-01-22 11:21:57,507 [INFO] RulesReader:64 - Compatibility file has been processed (317 Rules)
2026-01-22 11:21:57,553 [INFO] DbMcusXml:78 - Set database path to: C:\ST\STM32CubeIDE_1.19.0\STM32CubeIDE\plugins\com.st.stm32cube.common.mx_6.15.0.202507011659\\db\/mcu/
2026-01-22 11:21:57,553 [INFO] ApiDb:274 - Set plugin database path to: C:\ST\STM32CubeIDE_1.19.0\STM32CubeIDE\plugins\com.st.stm32cube.common.mx_6.15.0.202507011659\\db\/plugins/boardmanager/
2026-01-22 11:21:57,553 [INFO] ApiDb:261 - Set plugin images path to: C:\ST\STM32CubeIDE_1.19.0\STM32CubeIDE\plugins\com.st.stm32cube.common.mx_6.15.0.202507011659\\db\/plugins/mcufinder/images/
2026-01-22 11:21:57,553 [WARN] DbFile:41 - Overriding database path with different value: C:\Users\User\.stmcufinder\plugins\mcufinder/ => C:\Users\User\.stmcufinder\plugins\mcufinder
2026-01-22 11:21:57,553 [INFO] ApiDb:250 - Set database path to: C:\Users\User\.stmcufinder\plugins\mcufinder//mcu/
2026-01-22 11:21:57,553 [WARN] DbFile:41 - Overriding database path with different value: C:\Users\User\.stmcufinder\plugins\mcufinder/ => C:\Users\User\.stmcufinder\plugins\mcufinder
2026-01-22 11:21:57,554 [INFO] DbMcusAds:125 - Set database path to: C:\Users\User\.stmcufinder\plugins\mcufinder//mcu/
2026-01-22 11:21:57,554 [WARN] DbFile:41 - Overriding database path with different value: C:\Users\User\.stmcufinder\plugins\mcufinder/ => C:\Users\User\.stmcufinder\plugins\mcufinder
2026-01-22 11:21:57,554 [WARN] DbFile:41 - Overriding database path with different value: C:\Users\User\.stmcufinder\plugins\mcufinder/ => C:\Users\User\.stmcufinder\plugins\mcufinder
2026-01-22 11:21:57,554 [INFO] CrossReferenceDbSqlite:203 - Set database path to: C:\Users\User\.stmcufinder\plugins\mcufinder//mcu/cs/
2026-01-22 11:21:57,613 [INFO] MainPanel:274 - HeapMemory: 272629760
2026-01-22 11:21:57,726 [INFO] DbMcusXml:78 - Set database path to: C:\ST\STM32CubeIDE_1.19.0\STM32CubeIDE\plugins\com.st.stm32cube.common.mx_6.15.0.202507011659\\db\/mcu/
2026-01-22 11:21:57,726 [INFO] ApiDb:274 - Set plugin database path to: C:\ST\STM32CubeIDE_1.19.0\STM32CubeIDE\plugins\com.st.stm32cube.common.mx_6.15.0.202507011659\\db\/plugins/boardmanager/
2026-01-22 11:21:57,726 [INFO] ApiDb:261 - Set plugin images path to: C:\ST\STM32CubeIDE_1.19.0\STM32CubeIDE\plugins\com.st.stm32cube.common.mx_6.15.0.202507011659\\db\/plugins/mcufinder/images/
2026-01-22 11:21:57,726 [WARN] DbFile:41 - Overriding database path with different value: C:\Users\User\.stmcufinder\plugins\mcufinder/ => C:\Users\User\.stmcufinder\plugins\mcufinder
2026-01-22 11:21:57,726 [INFO] ApiDb:250 - Set database path to: C:\Users\User\.stmcufinder\plugins\mcufinder//mcu/
2026-01-22 11:21:57,726 [WARN] DbFile:41 - Overriding database path with different value: C:\Users\User\.stmcufinder\plugins\mcufinder/ => C:\Users\User\.stmcufinder\plugins\mcufinder
2026-01-22 11:21:57,726 [INFO] DbMcusAds:125 - Set database path to: C:\Users\User\.stmcufinder\plugins\mcufinder//mcu/
2026-01-22 11:21:57,726 [WARN] DbFile:41 - Overriding database path with different value: C:\Users\User\.stmcufinder\plugins\mcufinder/ => C:\Users\User\.stmcufinder\plugins\mcufinder
2026-01-22 11:21:57,726 [WARN] DbFile:41 - Overriding database path with different value: C:\Users\User\.stmcufinder\plugins\mcufinder/ => C:\Users\User\.stmcufinder\plugins\mcufinder
2026-01-22 11:21:57,726 [INFO] CrossReferenceDbSqlite:203 - Set database path to: C:\Users\User\.stmcufinder\plugins\mcufinder//mcu/cs/
2026-01-22 11:21:57,742 [INFO] ApplicationProperties:184 - Using Application install path: C:\ST\STM32CubeIDE_1.19.0\STM32CubeIDE\plugins\com.st.stm32cube.common.mx_6.15.0.202507011659
2026-01-22 11:21:57,743 [INFO] PluginManage:196 - Search for loadable plugins [exclusion list=, ]
2026-01-22 11:21:57,744 [INFO] PluginManage:310 - Check plugin analytics
2026-01-22 11:21:57,885 [INFO] AnalyticsPlugin:253 - Accepted Software Licenses: 
2026-01-22 11:21:57,885 [INFO] AnalyticsPlugin:255 - Accepted CMSIS Pack Licenses: 
2026-01-22 11:21:57,886 [INFO] AnalyticsPlugin:257 - Accepted Firmware Licenses: FW.WL.1.3.0,FW.H7.1.12.0,FW.F4.1.28.0,FW.WBA.1.7.0,FW.L4.1.18.0
2026-01-22 11:21:57,887 [INFO] PluginManage:359 - Loaded plugin analytics (category:tool,tabindex:-1)
2026-01-22 11:21:57,887 [INFO] PluginManage:310 - Check plugin cadmodel
2026-01-22 11:21:57,893 [INFO] CADModel:105 - Init CAD model plugin
2026-01-22 11:21:57,894 [INFO] PluginManage:359 - Loaded plugin cadmodel (category:power,tabindex:5)
2026-01-22 11:21:57,894 [INFO] PluginManage:310 - Check plugin clock
2026-01-22 11:21:57,905 [INFO] PluginManage:359 - Loaded plugin clock (category:base,tabindex:2)
2026-01-22 11:21:57,905 [INFO] PluginManage:310 - Check plugin ddr
2026-01-22 11:21:57,908 [INFO] PluginManage:359 - Loaded plugin ddr (category:tool,tabindex:6)
2026-01-22 11:21:57,908 [INFO] PluginManage:310 - Check plugin filemanager
2026-01-22 11:21:58,040 [INFO] PluginManage:359 - Loaded plugin filemanager (category:base,tabindex:10)
2026-01-22 11:21:58,040 [INFO] PluginManage:310 - Check plugin ipmanager
2026-01-22 11:21:58,046 [INFO] PluginManage:359 - Loaded plugin ipmanager (category:base,tabindex:5)
2026-01-22 11:21:58,046 [INFO] PluginManage:310 - Check plugin lpbam
2026-01-22 11:21:58,054 [INFO] PluginManage:359 - Loaded plugin lpbam (category:base,tabindex:0)
2026-01-22 11:21:58,054 [INFO] PluginManage:310 - Check plugin memorymap
2026-01-22 11:21:58,068 [INFO] PluginManage:359 - Loaded plugin memorymap (category:base,tabindex:4)
2026-01-22 11:21:58,068 [INFO] PluginManage:310 - Check plugin pinoutandconfiguration
2026-01-22 11:21:58,077 [INFO] PluginManage:359 - Loaded plugin pinoutandconfiguration (category:base,tabindex:1)
2026-01-22 11:21:58,077 [INFO] PluginManage:310 - Check plugin pinoutconfig
2026-01-22 11:21:58,150 [WARN] SupportedApi:132 - Cannot load RTOS API schema: s4s-elt-must-match.1: The content of 'definitions' must match (annotation?, (simpleType | complexType)?, (unique | key | keyref)*)). A problem was found starting at: attribute.
2026-01-22 11:21:58,263 [INFO] PluginManage:359 - Loaded plugin pinoutconfig (category:base,tabindex:0)
2026-01-22 11:21:58,264 [INFO] PluginManage:310 - Check plugin power
2026-01-22 11:21:58,273 [INFO] PluginManage:359 - Loaded plugin power (category:power,tabindex:4)
2026-01-22 11:21:58,273 [INFO] PluginManage:310 - Check plugin projectmanager
2026-01-22 11:21:58,285 [INFO] PluginManage:359 - Loaded plugin projectmanager (category:projectmanager,tabindex:4)
2026-01-22 11:21:58,285 [INFO] PluginManage:310 - Check plugin rif
2026-01-22 11:21:58,298 [INFO] PluginManage:359 - Loaded plugin rif (category:base,tabindex:3)
2026-01-22 11:21:58,298 [INFO] PluginManage:310 - Check plugin thirdparty
2026-01-22 11:21:58,416 [INFO] PluginManage:359 - Loaded plugin thirdparty (category:base,tabindex:-1)
2026-01-22 11:21:58,416 [INFO] PluginManage:310 - Check plugin tools
2026-01-22 11:21:58,416 [WARN] IntegrityCheckThread:84 - waiting for thirdparty lock release [integrity check]
2026-01-22 11:21:58,416 [INFO] IntegrityCheckThread:86 - entering critical section [integrity check]
2026-01-22 11:21:58,416 [INFO] ThirdPartyUpdaterWithRetryManager:70 - Updater plugin not ready yet. [1/15]
2026-01-22 11:21:58,419 [INFO] PluginManage:359 - Loaded plugin tools (category:base,tabindex:7)
2026-01-22 11:21:58,419 [INFO] PluginManage:310 - Check plugin tutovideos
2026-01-22 11:21:58,621 [INFO] PluginManage:359 - Loaded plugin tutovideos (category:base,tabindex:-1)
2026-01-22 11:21:58,621 [INFO] PluginManage:310 - Check plugin updater
2026-01-22 11:21:58,636 [INFO] PluginManage:359 - Loaded plugin updater (category:base,tabindex:12)
2026-01-22 11:21:58,637 [INFO] PluginManage:310 - Check plugin userauth
2026-01-22 11:21:58,640 [INFO] UserAuth:118 - Init User Auth plugin
2026-01-22 11:21:58,641 [INFO] PluginManage:359 - Loaded plugin userauth (category:base,tabindex:14)
2026-01-22 11:21:58,642 [INFO] PluginManage:283 - PluginManage : Loaded plugins [18]
2026-01-22 11:21:58,821 [INFO] PinOutPanel:1589 - setPackage(No Configuration,No Configuration)
2026-01-22 11:21:58,885 [INFO] CADModel:165 - CPN selected for project level
2026-01-22 11:21:58,885 [INFO] CADModel:114 - Register for checkConnection events
2026-01-22 11:21:58,901 [INFO] IPUIPlugin:80 - create IPUIPlugin
2026-01-22 11:21:58,901 [INFO] PluginManager:220 - loadIPPluginJar : add adc
2026-01-22 11:21:58,903 [INFO] IPUIPlugin:80 - create IPUIPlugin
2026-01-22 11:21:58,904 [INFO] PluginManager:220 - loadIPPluginJar : add aes
2026-01-22 11:21:58,906 [INFO] IPUIPlugin:80 - create IPUIPlugin
2026-01-22 11:21:58,906 [INFO] PluginManager:220 - loadIPPluginJar : add can
2026-01-22 11:21:58,908 [INFO] IPUIPlugin:80 - create IPUIPlugin
2026-01-22 11:21:58,908 [INFO] PluginManager:220 - loadIPPluginJar : add comp
2026-01-22 11:21:58,910 [INFO] IPUIPlugin:80 - create IPUIPlugin
2026-01-22 11:21:58,910 [INFO] PluginManager:220 - loadIPPluginJar : add cryp
2026-01-22 11:21:58,913 [INFO] IPUIPlugin:80 - create IPUIPlugin
2026-01-22 11:21:58,913 [INFO] PluginManager:220 - loadIPPluginJar : add ddr_ctrl_phy
2026-01-22 11:21:58,915 [INFO] IPUIPlugin:80 - create IPUIPlugin
2026-01-22 11:21:58,915 [INFO] PluginManager:220 - loadIPPluginJar : add dfsdm
2026-01-22 11:21:58,920 [INFO] IPUIPlugin:80 - create IPUIPlugin
2026-01-22 11:21:58,920 [INFO] PluginManager:220 - loadIPPluginJar : add dma
2026-01-22 11:21:58,924 [INFO] IPUIPlugin:80 - create IPUIPlugin
2026-01-22 11:21:58,924 [INFO] PluginManager:220 - loadIPPluginJar : add dma3
2026-01-22 11:21:58,926 [INFO] IPUIPlugin:80 - create IPUIPlugin
2026-01-22 11:21:58,926 [INFO] PluginManager:220 - loadIPPluginJar : add extmemmanager
2026-01-22 11:21:58,928 [INFO] IPUIPlugin:80 - create IPUIPlugin
2026-01-22 11:21:58,928 [INFO] PluginManager:220 - loadIPPluginJar : add fatfs
2026-01-22 11:21:58,932 [INFO] IPUIPlugin:80 - create IPUIPlugin
2026-01-22 11:21:58,932 [INFO] PluginManager:220 - loadIPPluginJar : add fmc
2026-01-22 11:21:58,938 [INFO] IPUIPlugin:80 - create IPUIPlugin
2026-01-22 11:21:58,938 [INFO] PluginManager:220 - loadIPPluginJar : add freertos
2026-01-22 11:21:58,939 [INFO] IPUIPlugin:80 - create IPUIPlugin
2026-01-22 11:21:58,939 [INFO] PluginManager:220 - loadIPPluginJar : add genericplugin
2026-01-22 11:21:58,941 [INFO] IPUIPlugin:80 - create IPUIPlugin
2026-01-22 11:21:58,941 [INFO] PluginManager:220 - loadIPPluginJar : add gfxmmu
2026-01-22 11:21:58,945 [INFO] IPUIPlugin:80 - create IPUIPlugin
2026-01-22 11:21:58,945 [INFO] PluginManager:220 - loadIPPluginJar : add gic
2026-01-22 11:21:58,949 [INFO] IPUIPlugin:80 - create IPUIPlugin
2026-01-22 11:21:58,950 [INFO] PluginManager:220 - loadIPPluginJar : add gpio
2026-01-22 11:21:58,953 [INFO] IPUIPlugin:80 - create IPUIPlugin
2026-01-22 11:21:58,953 [INFO] PluginManager:220 - loadIPPluginJar : add gtzc
2026-01-22 11:21:58,954 [INFO] IPUIPlugin:80 - create IPUIPlugin
2026-01-22 11:21:58,954 [INFO] PluginManager:220 - loadIPPluginJar : add hash
2026-01-22 11:21:58,957 [INFO] IPUIPlugin:80 - create IPUIPlugin
2026-01-22 11:21:58,957 [INFO] PluginManager:220 - loadIPPluginJar : add i2c
2026-01-22 11:21:58,959 [INFO] IPUIPlugin:80 - create IPUIPlugin
2026-01-22 11:21:58,959 [INFO] PluginManager:220 - loadIPPluginJar : add i2s
2026-01-22 11:21:58,961 [INFO] IPUIPlugin:80 - create IPUIPlugin
2026-01-22 11:21:58,961 [INFO] PluginManager:220 - loadIPPluginJar : add i3c
2026-01-22 11:21:58,964 [INFO] IPUIPlugin:80 - create IPUIPlugin
2026-01-22 11:21:58,964 [INFO] PluginManager:220 - loadIPPluginJar : add ipddr
2026-01-22 11:21:58,970 [INFO] IPUIPlugin:80 - create IPUIPlugin
2026-01-22 11:21:58,970 [INFO] PluginManager:220 - loadIPPluginJar : add linkedlist
2026-01-22 11:21:58,972 [INFO] IPUIPlugin:80 - create IPUIPlugin
2026-01-22 11:21:58,972 [INFO] PluginManager:220 - loadIPPluginJar : add lorawan
2026-01-22 11:21:58,974 [INFO] IPUIPlugin:80 - create IPUIPlugin
2026-01-22 11:21:58,974 [INFO] PluginManager:220 - loadIPPluginJar : add ltdc
2026-01-22 11:21:58,979 [INFO] IPUIPlugin:80 - create IPUIPlugin
2026-01-22 11:21:58,979 [INFO] PluginManager:220 - loadIPPluginJar : add mdma
2026-01-22 11:21:58,982 [INFO] IPUIPlugin:80 - create IPUIPlugin
2026-01-22 11:21:58,982 [INFO] PluginManager:220 - loadIPPluginJar : add nvic
2026-01-22 11:21:58,984 [INFO] IPUIPlugin:80 - create IPUIPlugin
2026-01-22 11:21:58,984 [INFO] PluginManager:220 - loadIPPluginJar : add opamp
2026-01-22 11:21:58,987 [INFO] IPUIPlugin:80 - create IPUIPlugin
2026-01-22 11:21:58,987 [INFO] PluginManager:220 - loadIPPluginJar : add openamp
2026-01-22 11:21:58,990 [INFO] IPUIPlugin:80 - create IPUIPlugin
2026-01-22 11:21:58,990 [INFO] PluginManager:220 - loadIPPluginJar : add pdm2pcm
2026-01-22 11:21:58,995 [INFO] IPUIPlugin:80 - create IPUIPlugin
2026-01-22 11:21:58,997 [INFO] PluginManager:220 - loadIPPluginJar : add plateformsettings
2026-01-22 11:21:58,998 [INFO] IPUIPlugin:80 - create IPUIPlugin
2026-01-22 11:21:58,999 [INFO] PluginManager:220 - loadIPPluginJar : add quadspi
2026-01-22 11:21:59,001 [INFO] IPUIPlugin:80 - create IPUIPlugin
2026-01-22 11:21:59,002 [INFO] PluginManager:220 - loadIPPluginJar : add radio
2026-01-22 11:21:59,006 [INFO] IPUIPlugin:80 - create IPUIPlugin
2026-01-22 11:21:59,007 [INFO] PluginManager:220 - loadIPPluginJar : add resmgrutility
2026-01-22 11:21:59,009 [INFO] IPUIPlugin:80 - create IPUIPlugin
2026-01-22 11:21:59,009 [INFO] PluginManager:220 - loadIPPluginJar : add sai
2026-01-22 11:21:59,011 [INFO] IPUIPlugin:80 - create IPUIPlugin
2026-01-22 11:21:59,011 [INFO] PluginManager:220 - loadIPPluginJar : add spi
2026-01-22 11:21:59,016 [INFO] IPUIPlugin:80 - create IPUIPlugin
2026-01-22 11:21:59,016 [INFO] PluginManager:220 - loadIPPluginJar : add stm32_wpan
2026-01-22 11:21:59,018 [INFO] IPUIPlugin:80 - create IPUIPlugin
2026-01-22 11:21:59,018 [INFO] PluginManager:220 - loadIPPluginJar : add tim
2026-01-22 11:21:59,020 [INFO] IPUIPlugin:80 - create IPUIPlugin
2026-01-22 11:21:59,021 [INFO] PluginManager:220 - loadIPPluginJar : add touchsensing
2026-01-22 11:21:59,022 [INFO] IPUIPlugin:80 - create IPUIPlugin
2026-01-22 11:21:59,023 [INFO] PluginManager:220 - loadIPPluginJar : add tracer_emb
2026-01-22 11:21:59,024 [INFO] IPUIPlugin:80 - create IPUIPlugin
2026-01-22 11:21:59,024 [INFO] PluginManager:220 - loadIPPluginJar : add ts
2026-01-22 11:21:59,026 [INFO] IPUIPlugin:80 - create IPUIPlugin
2026-01-22 11:21:59,026 [INFO] PluginManager:220 - loadIPPluginJar : add tsc
2026-01-22 11:21:59,027 [INFO] IPUIPlugin:80 - create IPUIPlugin
2026-01-22 11:21:59,027 [INFO] PluginManager:220 - loadIPPluginJar : add ucpd
2026-01-22 11:21:59,029 [INFO] IPUIPlugin:80 - create IPUIPlugin
2026-01-22 11:21:59,029 [INFO] PluginManager:220 - loadIPPluginJar : add usart
2026-01-22 11:21:59,033 [INFO] IPUIPlugin:80 - create IPUIPlugin
2026-01-22 11:21:59,033 [INFO] PluginManager:220 - loadIPPluginJar : add usbx
2026-01-22 11:21:59,142 [FATAL] Updater:351 - Updater called before beeing initialized
2026-01-22 11:21:59,160 [INFO] RulesReader:64 - Compatibility file has been processed (317 Rules)
2026-01-22 11:21:59,166 [INFO] RulesReader:64 - Compatibility file has been processed (317 Rules)
2026-01-22 11:21:59,173 [INFO] CADModel:165 - CPN selected for project level
2026-01-22 11:21:59,173 [INFO] CADModel:114 - Register for checkConnection events
2026-01-22 11:21:59,173 [FATAL] Updater:351 - Updater called before beeing initialized
2026-01-22 11:21:59,173 [ERROR] CADModel:125 - Updater not yet initialized, retry later 
2026-01-22 11:21:59,281 [FATAL] Updater:351 - Updater called before beeing initialized
2026-01-22 11:21:59,283 [INFO] CADModel:165 - CPN selected for project level
2026-01-22 11:21:59,283 [INFO] CADModel:114 - Register for checkConnection events
2026-01-22 11:21:59,284 [FATAL] Updater:351 - Updater called before beeing initialized
2026-01-22 11:21:59,284 [ERROR] CADModel:125 - Updater not yet initialized, retry later 
2026-01-22 11:21:59,286 [FATAL] Updater:351 - Updater called before beeing initialized
2026-01-22 11:21:59,351 [FATAL] Updater:351 - Updater called before beeing initialized
2026-01-22 11:21:59,354 [INFO] DbMcusAds:53 - JSON generation date=Thu Jan 08 21:26:32 IST 2026 (1767887792457)
2026-01-22 11:21:59,354 [FATAL] Updater:351 - Updater called before beeing initialized
2026-01-22 11:21:59,384 [WARN] DetailPanel:346 - Failed to get advertising image, set to default
2026-01-22 11:21:59,437 [FATAL] Updater:351 - Updater called before beeing initialized
2026-01-22 11:21:59,439 [FATAL] Updater:351 - Updater called before beeing initialized
2026-01-22 11:21:59,439 [FATAL] Updater:351 - Updater called before beeing initialized
2026-01-22 11:21:59,439 [WARN] DetailPanel:346 - Failed to get advertising image, set to default
2026-01-22 11:21:59,439 [FATAL] Updater:351 - Updater called before beeing initialized
2026-01-22 11:21:59,473 [ERROR] Updater:1198 - MainUpdater not yet initialized. External WinMGr cannot be set.
2026-01-22 11:21:59,474 [INFO] Updater:1134 - Updater Version found : 6.15.0
2026-01-22 11:21:59,493 [INFO] ApplicationProperties:184 - Using Application install path: C:\ST\STM32CubeIDE_1.19.0\STM32CubeIDE\plugins\com.st.stm32cube.common.mx_6.15.0.202507011659
2026-01-22 11:22:01,082 [ERROR] LogOutputStream:75 - [STDERR_REDIRECT] Jan 22, 2026 11:22:01 AM java.util.prefs.WindowsPreferences <init>
2026-01-22 11:22:01,087 [ERROR] LogOutputStream:75 - [STDERR_REDIRECT] WARNING: Could not open/create prefs root node Software\JavaSoft\Prefs at root 0xffffffff80000002. Windows RegCreateKeyEx(...) returned error code 5.
2026-01-22 11:22:01,088 [ERROR] LogOutputStream:75 - [STDERR_REDIRECT] 
2026-01-22 11:22:01,418 [INFO] ThirdPartyUpdaterWithRetryManager:70 - Updater plugin not ready yet. [2/15]
2026-01-22 11:22:01,423 [INFO] MainUpdater:2872 - connection check result : 10
2026-01-22 11:22:01,424 [INFO] MainUpdater:289 - Updater Check For Update Now.
2026-01-22 11:22:01,424 [INFO] MicroXplorer:498 - Change Database Version : DB.6.0.150
2026-01-22 11:22:01,433 [INFO] McuFinderGlobals:63 - Set McuFinder mode to 2 (CubeIDE integrated)
2026-01-22 11:22:01,436 [INFO] UserAuth:487 - Internet connection configuration mode: 1
2026-01-22 11:22:01,476 [INFO] JxBrowserEngine:152 - Initiate JxBrowser Engine with user profile folder
2026-01-22 11:22:01,601 [INFO] CheckServerUpdateThread:120 - End of CheckServer Thread
2026-01-22 11:22:03,362 [INFO] WebApp:169 - Instantiating new browser for Auth
2026-01-22 11:22:04,127 [INFO] WebApp:463 - Apply proxy settings
2026-01-22 11:22:04,127 [INFO] WebApp:548 - Chromium requires no authentication
2026-01-22 11:22:04,137 [INFO] WebApp:491 - Direct internet connection detected
2026-01-22 11:22:04,161 [INFO] WebApp:900 - Register for checkConnection events
2026-01-22 11:22:04,161 [INFO] WebApp:463 - Apply proxy settings
2026-01-22 11:22:04,161 [INFO] WebApp:548 - Chromium requires no authentication
2026-01-22 11:22:04,161 [INFO] WebApp:491 - Direct internet connection detected
2026-01-22 11:22:04,319 [INFO] WebApp:225 - Starting web application
2026-01-22 11:22:04,319 [INFO] WebApp:593 - Web application path used C:\ST\STM32CubeIDE_1.19.0\STM32CubeIDE\plugins\com.st.stm32cube.common.mx_6.15.0.202507011659\db\plugins\mcufinder\reactClient1\index.html
2026-01-22 11:22:04,393 [INFO] UserAuth:487 - Internet connection configuration mode: 1
2026-01-22 11:22:04,528 [INFO] WebApp:191 - Connection restablished
2026-01-22 11:22:04,660 [WARN] PackLoader:240 - Cannot read IP mode file for STMicroelectronics.FP-SNS-MOTENVWB1.1.4.0
2026-01-22 11:22:04,670 [WARN] PackLoader:240 - Cannot read IP mode file for STMicroelectronics.FP-ATR-ASTRA1.2.0.2
2026-01-22 11:22:04,680 [WARN] PackLoader:240 - Cannot read IP mode file for STMicroelectronics.X-CUBE-SMBUS.2.1.0
2026-01-22 11:22:04,686 [WARN] PackLoader:240 - Cannot read IP mode file for STMicroelectronics.X-CUBE-ST60.1.0.0
2026-01-22 11:22:04,717 [WARN] PackLoader:240 - Cannot read IP mode file for STMicroelectronics.X-CUBE-AZRTOS-F7.1.1.0
2026-01-22 11:22:04,726 [WARN] PackLoader:240 - Cannot read IP mode file for STMicroelectronics.FP-SNS-MOTENV1.5.1.0
2026-01-22 11:22:04,750 [WARN] PackLoader:240 - Cannot read IP mode file for Infineon.AIROC-Wi-Fi-Bluetooth-STM32.1.7.1
2026-01-22 11:22:04,785 [WARN] PackLoader:240 - Cannot read IP mode file for STMicroelectronics.X-CUBE-AZRTOS-H7.3.4.0
2026-01-22 11:22:04,798 [WARN] PackLoader:240 - Cannot read IP mode file for STMicroelectronics.X-CUBE-DISPLAY.3.0.0
2026-01-22 11:22:04,812 [WARN] PackLoader:240 - Cannot read IP mode file for STMicroelectronics.X-CUBE-NFC10.1.0.0
2026-01-22 11:22:04,819 [WARN] PackLoader:240 - Cannot read IP mode file for STMicroelectronics.X-CUBE-ST60.1.1.0
2026-01-22 11:22:04,845 [WARN] PackLoader:240 - Cannot read IP mode file for emotas.I-CUBE-CANOPEN.1.3.0
2026-01-22 11:22:04,852 [WARN] PackLoader:240 - Cannot read IP mode file for STMicroelectronics.X-CUBE-GNSS1.7.1.0
2026-01-22 11:22:04,861 [WARN] PackLoader:240 - Cannot read IP mode file for STMicroelectronics.FP-SNS-STBOX1.2.1.0
2026-01-22 11:22:04,870 [WARN] PackLoader:240 - Cannot read IP mode file for STMicroelectronics.FP-SNS-SMARTAG2.1.2.0
2026-01-22 11:22:04,877 [WARN] PackLoader:240 - Cannot read IP mode file for STMicroelectronics.FP-SNS-FLIGHT1.5.1.0
2026-01-22 11:22:04,890 [INFO] LogOutputStream:77 - [STDOUT_REDIRECT] 1 : Invalid condition id : UX_CORESTACK_Condition cause : null
2026-01-22 11:22:04,890 [INFO] LogOutputStream:77 - [STDOUT_REDIRECT] 1 : Invalid condition id : UX_CORESTACK_Condition cause : null
2026-01-22 11:22:04,892 [INFO] LogOutputStream:77 - [STDOUT_REDIRECT] 1 : Invalid condition id : UX_CORESTACK_Condition cause : null
2026-01-22 11:22:04,893 [INFO] LogOutputStream:77 - [STDOUT_REDIRECT] 1 : Invalid condition id : UX_CORESTACK_Condition cause : null
2026-01-22 11:22:04,895 [INFO] LogOutputStream:77 - [STDOUT_REDIRECT] 1 : Invalid condition id : UX_CORESTACK_Condition cause : null
2026-01-22 11:22:04,899 [WARN] PackLoader:240 - Cannot read IP mode file for STMicroelectronics.X-CUBE-AZRTOS-WL.2.0.0
2026-01-22 11:22:04,907 [WARN] PackLoader:240 - Cannot read IP mode file for STMicroelectronics.FP-SNS-MOTENV1.5.0.0
2026-01-22 11:22:04,930 [WARN] PackLoader:240 - Cannot read IP mode file for STMicroelectronics.X-CUBE-AZRTOS-H7RS.1.2.0
2026-01-22 11:22:04,940 [WARN] PackLoader:240 - Cannot read IP mode file for WES.I-CUBE-Cesium.1.3.0
2026-01-22 11:22:04,944 [WARN] PackLoader:240 - Cannot read IP mode file for STMicroelectronics.X-CUBE-BLE2.3.3.0
2026-01-22 11:22:04,963 [WARN] PackLoader:240 - Cannot read IP mode file for STMicroelectronics.X-CUBE-NFC9.1.0.0
2026-01-22 11:22:04,970 [WARN] PackLoader:240 - Cannot read IP mode file for wolfSSL.I-CUBE-wolfSSL.5.8.0
2026-01-22 11:22:04,975 [WARN] PackLoader:240 - Cannot read IP mode file for STMicroelectronics.X-CUBE-BLE1.7.1.0
2026-01-22 11:22:04,978 [WARN] PackLoader:240 - Cannot read IP mode file for wolfSSL.I-CUBE-wolfMQTT.1.19.2
2026-01-22 11:22:04,983 [WARN] PackLoader:240 - Cannot read IP mode file for STMicroelectronics.X-CUBE-FREERTOS.1.4.0
2026-01-22 11:22:04,988 [WARN] PackLoader:240 - Cannot read IP mode file for STMicroelectronics.X-CUBE-EEPRMA1.5.2.0
2026-01-22 11:22:04,993 [WARN] PackLoader:240 - Cannot read IP mode file for STMicroelectronics.X-CUBE-ST67W61.1.1.0
2026-01-22 11:22:04,997 [WARN] PackLoader:240 - Cannot read IP mode file for STMicroelectronics.X-CUBE-AI.10.1.0
2026-01-22 11:22:05,024 [WARN] PackLoader:240 - Cannot read IP mode file for STMicroelectronics.X-CUBE-MEMS1.12.0.0
2026-01-22 11:22:05,089 [WARN] PackLoader:240 - Cannot read IP mode file for STMicroelectronics.X-CUBE-AZRTOS-G0.1.1.0
2026-01-22 11:22:05,094 [WARN] PackLoader:240 - Cannot read IP mode file for STMicroelectronics.X-CUBE-SAFEA1.1.2.2
2026-01-22 11:22:05,099 [WARN] PackLoader:240 - Cannot read IP mode file for STMicroelectronics.X-CUBE-NFC4.3.0.0
2026-01-22 11:22:05,106 [WARN] PackLoader:240 - Cannot read IP mode file for EmbeddedOffice.I-CUBE-FS-RTOS.1.0.1
2026-01-22 11:22:05,110 [WARN] PackLoader:240 - Cannot read IP mode file for STMicroelectronics.X-CUBE-WB05N.2.0.0
2026-01-22 11:22:05,114 [WARN] PackLoader:240 - Cannot read IP mode file for wolfSSL.I-CUBE-wolfTPM.3.8.0
2026-01-22 11:22:05,118 [WARN] PackLoader:240 - Cannot read IP mode file for STMicroelectronics.X-CUBE-TCPP.4.2.0
2026-01-22 11:22:05,123 [WARN] PackLoader:240 - Cannot read IP mode file for RealThread.X-CUBE-RT-Thread_Nano.4.1.1
2026-01-22 11:22:05,126 [WARN] PackLoader:240 - Cannot read IP mode file for STMicroelectronics.FP-ATR-SIGFOX1.3.2.0
2026-01-22 11:22:05,131 [WARN] PackLoader:240 - Cannot read IP mode file for ITTIA_DB.I-CUBE-ITTIADB.8.9.0
2026-01-22 11:22:05,135 [WARN] PackLoader:240 - Cannot read IP mode file for STMicroelectronics.X-CUBE-NFC6.3.2.0
2026-01-22 11:22:05,140 [WARN] PackLoader:240 - Cannot read IP mode file for STMicroelectronics.X-CUBE-ST67W61.1.0.0
2026-01-22 11:22:05,143 [WARN] PackLoader:240 - Cannot read IP mode file for STMicroelectronics.X-CUBE-AI.10.2.0
2026-01-22 11:22:05,156 [WARN] PackLoader:240 - Cannot read IP mode file for SEGGER.I-CUBE-embOS.1.3.1
2026-01-22 11:22:05,183 [WARN] PackLoader:240 - Cannot read IP mode file for STMicroelectronics.X-CUBE-ALGOBUILD.1.4.0
2026-01-22 11:22:05,206 [WARN] PackLoader:240 - Cannot read IP mode file for STMicroelectronics.X-CUBE-MEMS1.11.3.0
2026-01-22 11:22:05,252 [WARN] PackLoader:240 - Cannot read IP mode file for STMicroelectronics.X-CUBE-PM33A1.1.0.0
2026-01-22 11:22:05,260 [WARN] PackLoader:240 - Cannot read IP mode file for STMicroelectronics.X-CUBE-AZRTOS-F4.1.1.0
2026-01-22 11:22:05,263 [WARN] PackLoader:240 - Cannot read IP mode file for Avnet-IotConnect.X-CUBE-IoTC-DA16k-PMOD.1.0.0
2026-01-22 11:22:05,266 [WARN] PackLoader:240 - Cannot read IP mode file for STMicroelectronics.X-CUBE-ISPU.2.1.0
2026-01-22 11:22:05,279 [WARN] PackLoader:240 - Cannot read IP mode file for STMicroelectronics.X-CUBE-IPS.3.2.0
2026-01-22 11:22:05,288 [WARN] PackLoader:240 - Cannot read IP mode file for STMicroelectronics.X-CUBE-NFC12.1.0.0
2026-01-22 11:22:05,298 [WARN] PackLoader:240 - Cannot read IP mode file for STMicroelectronics.X-CUBE-AZRTOS-L5.2.0.0
2026-01-22 11:22:05,304 [WARN] PackLoader:240 - Cannot read IP mode file for STMicroelectronics.X-CUBE-NFC6.3.1.0
2026-01-22 11:22:05,310 [WARN] PackLoader:240 - Cannot read IP mode file for STMicroelectronics.X-CUBE-FREERTOS.1.3.1
2026-01-22 11:22:05,315 [WARN] PackLoader:240 - Cannot read IP mode file for STMicroelectronics.X-CUBE-TOUCHGFX.4.26.0
2026-01-22 11:22:05,329 [WARN] PackLoader:240 - Cannot read IP mode file for STMicroelectronics.FP-SNS-STAIOTCFT.1.0.0
2026-01-22 11:22:05,335 [WARN] PackLoader:240 - Cannot read IP mode file for STMicroelectronics.X-CUBE-DPower.1.3.0
2026-01-22 11:22:05,344 [WARN] ConditionMgr:438 - getConditionDescription Invalid condition id : LAN8742 Phy interface Condition cause : null
2026-01-22 11:22:05,345 [WARN] PackLoader:240 - Cannot read IP mode file for STMicroelectronics.X-CUBE-AZRTOS-L4.2.0.0
2026-01-22 11:22:05,345 [WARN] ConditionMgr:1044 - genDependencies : Invalid condition id : LAN8742 Phy interface Condition cause : null
2026-01-22 11:22:05,345 [WARN] ConditionMgr:1044 - genDependencies : Invalid condition id : LAN8742 Phy interface Condition cause : null
2026-01-22 11:22:05,346 [WARN] ConditionMgr:1044 - genDependencies : Invalid condition id : LAN8742 Phy interface Condition cause : null
2026-01-22 11:22:05,352 [WARN] PackLoader:240 - Cannot read IP mode file for STMicroelectronics.X-CUBE-SFXS2LP1.4.0.0
2026-01-22 11:22:05,357 [WARN] PackLoader:240 - Cannot read IP mode file for STMicroelectronics.X-CUBE-ST67W61.1.2.0
2026-01-22 11:22:05,364 [WARN] PackLoader:240 - Cannot read IP mode file for STMicroelectronics.X-CUBE-BLEMGR.4.1.0
2026-01-22 11:22:05,373 [WARN] ConditionMgr:438 - getConditionDescription Invalid condition id : UX DEVICE CLASS RTOS Condition cause : null
2026-01-22 11:22:05,373 [WARN] ConditionMgr:438 - getConditionDescription Invalid condition id : UX DEVICE CLASS RTOS Condition cause : null
2026-01-22 11:22:05,374 [WARN] PackLoader:240 - Cannot read IP mode file for STMicroelectronics.X-CUBE-AZRTOS-WB.2.0.0
2026-01-22 11:22:05,374 [WARN] ConditionMgr:1044 - genDependencies : Invalid condition id : UX DEVICE CLASS RTOS Condition cause : null
2026-01-22 11:22:05,374 [WARN] ConditionMgr:1044 - genDependencies : Invalid condition id : UX DEVICE CLASS RTOS Condition cause : null
2026-01-22 11:22:05,375 [WARN] ConditionMgr:1044 - genDependencies : Invalid condition id : UX DEVICE CLASS RTOS Condition cause : null
2026-01-22 11:22:05,375 [WARN] ConditionMgr:1044 - genDependencies : Invalid condition id : UX DEVICE CLASS RTOS Condition cause : null
2026-01-22 11:22:05,375 [WARN] ConditionMgr:1044 - genDependencies : Invalid condition id : UX DEVICE CLASS RTOS Condition cause : null
2026-01-22 11:22:05,379 [WARN] PackLoader:240 - Cannot read IP mode file for STMicroelectronics.X-CUBE-GNSS1.7.0.1
2026-01-22 11:22:05,381 [WARN] PackLoader:240 - Cannot read IP mode file for STMicroelectronics.X-CUBE-TOUCHGFX.4.25.0
2026-01-22 11:22:05,384 [WARN] PackLoader:240 - Cannot read IP mode file for STMicroelectronics.FP-SNS-STBOX1.2.0.0
2026-01-22 11:22:05,388 [WARN] ConditionMgr:438 - getConditionDescription Invalid condition id : Cortex-A Device cause : null
2026-01-22 11:22:05,393 [WARN] ConditionMgr:1044 - genDependencies : Invalid condition id : Cortex-A Device cause : null
2026-01-22 11:22:05,394 [WARN] ConditionMgr:1044 - genDependencies : Invalid condition id : Cortex-A Device cause : null
2026-01-22 11:22:05,394 [WARN] ConditionMgr:1044 - genDependencies : Invalid condition id : Cortex-A Device cause : null
2026-01-22 11:22:05,398 [WARN] PackLoader:240 - Cannot read IP mode file for STMicroelectronics.X-CUBE-STSE01.2.0.0
2026-01-22 11:22:05,404 [WARN] PackLoader:240 - Cannot read IP mode file for STMicroelectronics.X-CUBE-SUBG2.5.0.0
2026-01-22 11:22:05,414 [WARN] PackLoader:240 - Cannot read IP mode file for STMicroelectronics.X-CUBE-AZRTOS-H7RS.1.1.0
2026-01-22 11:22:05,417 [WARN] PackLoader:240 - Cannot read IP mode file for Cesanta.I-CUBE-Mongoose.7.13.0
2026-01-22 11:22:05,424 [WARN] PackLoader:240 - Cannot read IP mode file for STMicroelectronics.X-CUBE-AZRTOS-G4.2.0.0
2026-01-22 11:22:05,427 [WARN] PackLoader:240 - Cannot read IP mode file for wolfSSL.I-CUBE-wolfSSH.1.4.20
2026-01-22 11:22:05,432 [WARN] PackLoader:240 - Cannot read IP mode file for STMicroelectronics.X-CUBE-NFC7.2.0.0
2026-01-22 11:22:05,438 [WARN] PackLoader:240 - Cannot read IP mode file for STMicroelectronics.X-CUBE-IPS.3.1.0
2026-01-22 11:22:05,444 [WARN] PackLoader:240 - Cannot read IP mode file for STMicroelectronics.X-CUBE-ALS.1.0.2
2026-01-22 11:22:05,448 [WARN] PackLoader:240 - Cannot read IP mode file for STMicroelectronics.X-CUBE-STSE01.1.0.0
2026-01-22 11:22:05,452 [WARN] PackLoader:240 - Cannot read IP mode file for portGmbH.I-Cube-SoM-uGOAL.1.1.0
2026-01-22 11:22:05,461 [WARN] PackLoader:240 - Cannot read IP mode file for STMicroelectronics.X-CUBE-TOF1.3.4.3
2026-01-22 11:22:05,465 [INFO] ThirdParty:978 - Integrity check success = true
2026-01-22 11:22:05,465 [INFO] IntegrityCheckThread:100 - exiting critical section [integrity check]
2026-01-22 11:22:05,465 [INFO] IntegrityCheckThread:103 - End integrity checks thread
2026-01-22 11:23:17,110 [ERROR] LogOutputStream:75 - [STDERR_REDIRECT] 
