2025-11-11 08:52:47,391 [INFO] Activator:176 - 


2025-11-11 08:52:47,394 [INFO] Activator:177 - !SESSION log4j initialized
2025-11-11 08:52:51,532 [INFO] LogOutputStream:77 - [STDOUT_REDIRECT] 
2025-11-11 08:52:52,146 [INFO] ApplicationProperties:184 - Using Application install path: C:\ST\STM32CubeIDE_1.19.0\STM32CubeIDE\plugins\com.st.stm32cube.common.mx_6.15.0.202507011659
2025-11-11 08:52:52,165 [INFO] DbMcusXml:78 - Set database path to: C:\ST\STM32CubeIDE_1.19.0\STM32CubeIDE\plugins\com.st.stm32cube.common.mx_6.15.0.202507011659\\db\/mcu/
2025-11-11 08:52:52,166 [INFO] ApiDb:274 - Set plugin database path to: C:\ST\STM32CubeIDE_1.19.0\STM32CubeIDE\plugins\com.st.stm32cube.common.mx_6.15.0.202507011659\\db\/plugins/boardmanager/
2025-11-11 08:52:52,166 [WARN] ApiDb:259 - Overriding images path with different value:  => C:\ST\STM32CubeIDE_1.19.0\STM32CubeIDE\plugins\com.st.stm32cube.common.mx_6.15.0.202507011659\\db\/plugins/mcufinder/images/
2025-11-11 08:52:52,174 [INFO] ApiDb:250 - Set database path to: C:\Users\User\.stmcufinder\plugins\mcufinder//mcu/
2025-11-11 08:52:52,176 [INFO] DbMcusAds:125 - Set database path to: C:\Users\User\.stmcufinder\plugins\mcufinder//mcu/
2025-11-11 08:52:52,178 [INFO] CrossReferenceDbSqlite:203 - Set database path to: C:\Users\User\.stmcufinder\plugins\mcufinder//mcu/cs/
2025-11-11 08:52:52,279 [INFO] RulesReader:64 - Compatibility file has been processed (317 Rules)
2025-11-11 08:52:52,325 [INFO] DbMcusXml:78 - Set database path to: C:\ST\STM32CubeIDE_1.19.0\STM32CubeIDE\plugins\com.st.stm32cube.common.mx_6.15.0.202507011659\\db\/mcu/
2025-11-11 08:52:52,326 [INFO] ApiDb:274 - Set plugin database path to: C:\ST\STM32CubeIDE_1.19.0\STM32CubeIDE\plugins\com.st.stm32cube.common.mx_6.15.0.202507011659\\db\/plugins/boardmanager/
2025-11-11 08:52:52,326 [INFO] ApiDb:261 - Set plugin images path to: C:\ST\STM32CubeIDE_1.19.0\STM32CubeIDE\plugins\com.st.stm32cube.common.mx_6.15.0.202507011659\\db\/plugins/mcufinder/images/
2025-11-11 08:52:52,326 [WARN] DbFile:41 - Overriding database path with different value: C:\Users\User\.stmcufinder\plugins\mcufinder/ => C:\Users\User\.stmcufinder\plugins\mcufinder
2025-11-11 08:52:52,326 [INFO] ApiDb:250 - Set database path to: C:\Users\User\.stmcufinder\plugins\mcufinder//mcu/
2025-11-11 08:52:52,326 [WARN] DbFile:41 - Overriding database path with different value: C:\Users\User\.stmcufinder\plugins\mcufinder/ => C:\Users\User\.stmcufinder\plugins\mcufinder
2025-11-11 08:52:52,326 [INFO] DbMcusAds:125 - Set database path to: C:\Users\User\.stmcufinder\plugins\mcufinder//mcu/
2025-11-11 08:52:52,326 [WARN] DbFile:41 - Overriding database path with different value: C:\Users\User\.stmcufinder\plugins\mcufinder/ => C:\Users\User\.stmcufinder\plugins\mcufinder
2025-11-11 08:52:52,326 [WARN] DbFile:41 - Overriding database path with different value: C:\Users\User\.stmcufinder\plugins\mcufinder/ => C:\Users\User\.stmcufinder\plugins\mcufinder
2025-11-11 08:52:52,326 [INFO] CrossReferenceDbSqlite:203 - Set database path to: C:\Users\User\.stmcufinder\plugins\mcufinder//mcu/cs/
2025-11-11 08:52:52,410 [INFO] MainPanel:274 - HeapMemory: 268435456
2025-11-11 08:52:52,540 [INFO] DbMcusXml:78 - Set database path to: C:\ST\STM32CubeIDE_1.19.0\STM32CubeIDE\plugins\com.st.stm32cube.common.mx_6.15.0.202507011659\\db\/mcu/
2025-11-11 08:52:52,541 [INFO] ApiDb:274 - Set plugin database path to: C:\ST\STM32CubeIDE_1.19.0\STM32CubeIDE\plugins\com.st.stm32cube.common.mx_6.15.0.202507011659\\db\/plugins/boardmanager/
2025-11-11 08:52:52,541 [INFO] ApiDb:261 - Set plugin images path to: C:\ST\STM32CubeIDE_1.19.0\STM32CubeIDE\plugins\com.st.stm32cube.common.mx_6.15.0.202507011659\\db\/plugins/mcufinder/images/
2025-11-11 08:52:52,541 [WARN] DbFile:41 - Overriding database path with different value: C:\Users\User\.stmcufinder\plugins\mcufinder/ => C:\Users\User\.stmcufinder\plugins\mcufinder
2025-11-11 08:52:52,541 [INFO] ApiDb:250 - Set database path to: C:\Users\User\.stmcufinder\plugins\mcufinder//mcu/
2025-11-11 08:52:52,541 [WARN] DbFile:41 - Overriding database path with different value: C:\Users\User\.stmcufinder\plugins\mcufinder/ => C:\Users\User\.stmcufinder\plugins\mcufinder
2025-11-11 08:52:52,541 [INFO] DbMcusAds:125 - Set database path to: C:\Users\User\.stmcufinder\plugins\mcufinder//mcu/
2025-11-11 08:52:52,541 [WARN] DbFile:41 - Overriding database path with different value: C:\Users\User\.stmcufinder\plugins\mcufinder/ => C:\Users\User\.stmcufinder\plugins\mcufinder
2025-11-11 08:52:52,541 [WARN] DbFile:41 - Overriding database path with different value: C:\Users\User\.stmcufinder\plugins\mcufinder/ => C:\Users\User\.stmcufinder\plugins\mcufinder
2025-11-11 08:52:52,541 [INFO] CrossReferenceDbSqlite:203 - Set database path to: C:\Users\User\.stmcufinder\plugins\mcufinder//mcu/cs/
2025-11-11 08:52:52,562 [INFO] ApplicationProperties:184 - Using Application install path: C:\ST\STM32CubeIDE_1.19.0\STM32CubeIDE\plugins\com.st.stm32cube.common.mx_6.15.0.202507011659
2025-11-11 08:52:52,563 [INFO] PluginManage:196 - Search for loadable plugins [exclusion list=, ]
2025-11-11 08:52:52,565 [INFO] PluginManage:310 - Check plugin analytics
2025-11-11 08:52:52,770 [INFO] AnalyticsPlugin:253 - Accepted Software Licenses: 
2025-11-11 08:52:52,770 [INFO] AnalyticsPlugin:255 - Accepted CMSIS Pack Licenses: 
2025-11-11 08:52:52,770 [INFO] AnalyticsPlugin:257 - Accepted Firmware Licenses: FW.WL.1.3.0,FW.H7.1.12.0,FW.F4.1.28.0
2025-11-11 08:52:52,773 [INFO] PluginManage:359 - Loaded plugin analytics (category:tool,tabindex:-1)
2025-11-11 08:52:52,773 [INFO] PluginManage:310 - Check plugin cadmodel
2025-11-11 08:52:52,780 [INFO] CADModel:105 - Init CAD model plugin
2025-11-11 08:52:52,780 [INFO] PluginManage:359 - Loaded plugin cadmodel (category:power,tabindex:5)
2025-11-11 08:52:52,780 [INFO] PluginManage:310 - Check plugin clock
2025-11-11 08:52:52,791 [INFO] PluginManage:359 - Loaded plugin clock (category:base,tabindex:2)
2025-11-11 08:52:52,791 [INFO] PluginManage:310 - Check plugin ddr
2025-11-11 08:52:52,795 [INFO] PluginManage:359 - Loaded plugin ddr (category:tool,tabindex:6)
2025-11-11 08:52:52,795 [INFO] PluginManage:310 - Check plugin filemanager
2025-11-11 08:52:52,955 [INFO] PluginManage:359 - Loaded plugin filemanager (category:base,tabindex:10)
2025-11-11 08:52:52,955 [INFO] PluginManage:310 - Check plugin ipmanager
2025-11-11 08:52:52,961 [INFO] PluginManage:359 - Loaded plugin ipmanager (category:base,tabindex:5)
2025-11-11 08:52:52,961 [INFO] PluginManage:310 - Check plugin lpbam
2025-11-11 08:52:52,978 [INFO] PluginManage:359 - Loaded plugin lpbam (category:base,tabindex:0)
2025-11-11 08:52:52,978 [INFO] PluginManage:310 - Check plugin memorymap
2025-11-11 08:52:53,003 [INFO] PluginManage:359 - Loaded plugin memorymap (category:base,tabindex:4)
2025-11-11 08:52:53,003 [INFO] PluginManage:310 - Check plugin pinoutandconfiguration
2025-11-11 08:52:53,022 [INFO] PluginManage:359 - Loaded plugin pinoutandconfiguration (category:base,tabindex:1)
2025-11-11 08:52:53,022 [INFO] PluginManage:310 - Check plugin pinoutconfig
2025-11-11 08:52:53,106 [WARN] SupportedApi:132 - Cannot load RTOS API schema: s4s-elt-must-match.1: The content of 'definitions' must match (annotation?, (simpleType | complexType)?, (unique | key | keyref)*)). A problem was found starting at: attribute.
2025-11-11 08:52:53,244 [INFO] PluginManage:359 - Loaded plugin pinoutconfig (category:base,tabindex:0)
2025-11-11 08:52:53,245 [INFO] PluginManage:310 - Check plugin power
2025-11-11 08:52:53,255 [INFO] PluginManage:359 - Loaded plugin power (category:power,tabindex:4)
2025-11-11 08:52:53,255 [INFO] PluginManage:310 - Check plugin projectmanager
2025-11-11 08:52:53,268 [INFO] PluginManage:359 - Loaded plugin projectmanager (category:projectmanager,tabindex:4)
2025-11-11 08:52:53,268 [INFO] PluginManage:310 - Check plugin rif
2025-11-11 08:52:53,279 [INFO] PluginManage:359 - Loaded plugin rif (category:base,tabindex:3)
2025-11-11 08:52:53,280 [INFO] PluginManage:310 - Check plugin thirdparty
2025-11-11 08:52:53,416 [INFO] PluginManage:359 - Loaded plugin thirdparty (category:base,tabindex:-1)
2025-11-11 08:52:53,416 [INFO] PluginManage:310 - Check plugin tools
2025-11-11 08:52:53,416 [WARN] IntegrityCheckThread:84 - waiting for thirdparty lock release [integrity check]
2025-11-11 08:52:53,417 [INFO] IntegrityCheckThread:86 - entering critical section [integrity check]
2025-11-11 08:52:53,417 [INFO] ThirdPartyUpdaterWithRetryManager:70 - Updater plugin not ready yet. [1/15]
2025-11-11 08:52:53,420 [INFO] PluginManage:359 - Loaded plugin tools (category:base,tabindex:7)
2025-11-11 08:52:53,421 [INFO] PluginManage:310 - Check plugin tutovideos
2025-11-11 08:52:53,632 [INFO] PluginManage:359 - Loaded plugin tutovideos (category:base,tabindex:-1)
2025-11-11 08:52:53,632 [INFO] PluginManage:310 - Check plugin updater
2025-11-11 08:52:53,653 [INFO] PluginManage:359 - Loaded plugin updater (category:base,tabindex:12)
2025-11-11 08:52:53,654 [INFO] PluginManage:310 - Check plugin userauth
2025-11-11 08:52:53,658 [INFO] UserAuth:118 - Init User Auth plugin
2025-11-11 08:52:53,658 [INFO] PluginManage:359 - Loaded plugin userauth (category:base,tabindex:14)
2025-11-11 08:52:53,659 [INFO] PluginManage:283 - PluginManage : Loaded plugins [18]
2025-11-11 08:52:53,869 [INFO] PinOutPanel:1589 - setPackage(No Configuration,No Configuration)
2025-11-11 08:52:53,945 [INFO] CADModel:165 - CPN selected for project level
2025-11-11 08:52:53,945 [INFO] CADModel:114 - Register for checkConnection events
2025-11-11 08:52:53,965 [INFO] IPUIPlugin:80 - create IPUIPlugin
2025-11-11 08:52:53,965 [INFO] PluginManager:220 - loadIPPluginJar : add adc
2025-11-11 08:52:53,967 [INFO] IPUIPlugin:80 - create IPUIPlugin
2025-11-11 08:52:53,967 [INFO] PluginManager:220 - loadIPPluginJar : add aes
2025-11-11 08:52:53,969 [INFO] IPUIPlugin:80 - create IPUIPlugin
2025-11-11 08:52:53,970 [INFO] PluginManager:220 - loadIPPluginJar : add can
2025-11-11 08:52:53,971 [INFO] IPUIPlugin:80 - create IPUIPlugin
2025-11-11 08:52:53,971 [INFO] PluginManager:220 - loadIPPluginJar : add comp
2025-11-11 08:52:53,973 [INFO] IPUIPlugin:80 - create IPUIPlugin
2025-11-11 08:52:53,973 [INFO] PluginManager:220 - loadIPPluginJar : add cryp
2025-11-11 08:52:53,976 [INFO] IPUIPlugin:80 - create IPUIPlugin
2025-11-11 08:52:53,976 [INFO] PluginManager:220 - loadIPPluginJar : add ddr_ctrl_phy
2025-11-11 08:52:53,978 [INFO] IPUIPlugin:80 - create IPUIPlugin
2025-11-11 08:52:53,979 [INFO] PluginManager:220 - loadIPPluginJar : add dfsdm
2025-11-11 08:52:53,983 [INFO] IPUIPlugin:80 - create IPUIPlugin
2025-11-11 08:52:53,983 [INFO] PluginManager:220 - loadIPPluginJar : add dma
2025-11-11 08:52:53,986 [INFO] IPUIPlugin:80 - create IPUIPlugin
2025-11-11 08:52:53,986 [INFO] PluginManager:220 - loadIPPluginJar : add dma3
2025-11-11 08:52:53,988 [INFO] IPUIPlugin:80 - create IPUIPlugin
2025-11-11 08:52:53,989 [INFO] PluginManager:220 - loadIPPluginJar : add extmemmanager
2025-11-11 08:52:53,990 [INFO] IPUIPlugin:80 - create IPUIPlugin
2025-11-11 08:52:53,990 [INFO] PluginManager:220 - loadIPPluginJar : add fatfs
2025-11-11 08:52:53,994 [INFO] IPUIPlugin:80 - create IPUIPlugin
2025-11-11 08:52:53,994 [INFO] PluginManager:220 - loadIPPluginJar : add fmc
2025-11-11 08:52:54,000 [INFO] IPUIPlugin:80 - create IPUIPlugin
2025-11-11 08:52:54,000 [INFO] PluginManager:220 - loadIPPluginJar : add freertos
2025-11-11 08:52:54,002 [INFO] IPUIPlugin:80 - create IPUIPlugin
2025-11-11 08:52:54,002 [INFO] PluginManager:220 - loadIPPluginJar : add genericplugin
2025-11-11 08:52:54,004 [INFO] IPUIPlugin:80 - create IPUIPlugin
2025-11-11 08:52:54,004 [INFO] PluginManager:220 - loadIPPluginJar : add gfxmmu
2025-11-11 08:52:54,009 [INFO] IPUIPlugin:80 - create IPUIPlugin
2025-11-11 08:52:54,009 [INFO] PluginManager:220 - loadIPPluginJar : add gic
2025-11-11 08:52:54,014 [INFO] IPUIPlugin:80 - create IPUIPlugin
2025-11-11 08:52:54,014 [INFO] PluginManager:220 - loadIPPluginJar : add gpio
2025-11-11 08:52:54,017 [INFO] IPUIPlugin:80 - create IPUIPlugin
2025-11-11 08:52:54,017 [INFO] PluginManager:220 - loadIPPluginJar : add gtzc
2025-11-11 08:52:54,020 [INFO] IPUIPlugin:80 - create IPUIPlugin
2025-11-11 08:52:54,020 [INFO] PluginManager:220 - loadIPPluginJar : add hash
2025-11-11 08:52:54,023 [INFO] IPUIPlugin:80 - create IPUIPlugin
2025-11-11 08:52:54,024 [INFO] PluginManager:220 - loadIPPluginJar : add i2c
2025-11-11 08:52:54,026 [INFO] IPUIPlugin:80 - create IPUIPlugin
2025-11-11 08:52:54,026 [INFO] PluginManager:220 - loadIPPluginJar : add i2s
2025-11-11 08:52:54,029 [INFO] IPUIPlugin:80 - create IPUIPlugin
2025-11-11 08:52:54,029 [INFO] PluginManager:220 - loadIPPluginJar : add i3c
2025-11-11 08:52:54,033 [INFO] IPUIPlugin:80 - create IPUIPlugin
2025-11-11 08:52:54,033 [INFO] PluginManager:220 - loadIPPluginJar : add ipddr
2025-11-11 08:52:54,042 [INFO] IPUIPlugin:80 - create IPUIPlugin
2025-11-11 08:52:54,042 [INFO] PluginManager:220 - loadIPPluginJar : add linkedlist
2025-11-11 08:52:54,046 [INFO] IPUIPlugin:80 - create IPUIPlugin
2025-11-11 08:52:54,046 [INFO] PluginManager:220 - loadIPPluginJar : add lorawan
2025-11-11 08:52:54,048 [INFO] IPUIPlugin:80 - create IPUIPlugin
2025-11-11 08:52:54,048 [INFO] PluginManager:220 - loadIPPluginJar : add ltdc
2025-11-11 08:52:54,054 [INFO] IPUIPlugin:80 - create IPUIPlugin
2025-11-11 08:52:54,054 [INFO] PluginManager:220 - loadIPPluginJar : add mdma
2025-11-11 08:52:54,059 [INFO] IPUIPlugin:80 - create IPUIPlugin
2025-11-11 08:52:54,059 [INFO] PluginManager:220 - loadIPPluginJar : add nvic
2025-11-11 08:52:54,062 [INFO] IPUIPlugin:80 - create IPUIPlugin
2025-11-11 08:52:54,062 [INFO] PluginManager:220 - loadIPPluginJar : add opamp
2025-11-11 08:52:54,065 [INFO] IPUIPlugin:80 - create IPUIPlugin
2025-11-11 08:52:54,065 [INFO] PluginManager:220 - loadIPPluginJar : add openamp
2025-11-11 08:52:54,069 [INFO] IPUIPlugin:80 - create IPUIPlugin
2025-11-11 08:52:54,069 [INFO] PluginManager:220 - loadIPPluginJar : add pdm2pcm
2025-11-11 08:52:54,076 [INFO] IPUIPlugin:80 - create IPUIPlugin
2025-11-11 08:52:54,079 [INFO] PluginManager:220 - loadIPPluginJar : add plateformsettings
2025-11-11 08:52:54,080 [INFO] IPUIPlugin:80 - create IPUIPlugin
2025-11-11 08:52:54,080 [INFO] PluginManager:220 - loadIPPluginJar : add quadspi
2025-11-11 08:52:54,083 [INFO] IPUIPlugin:80 - create IPUIPlugin
2025-11-11 08:52:54,084 [INFO] PluginManager:220 - loadIPPluginJar : add radio
2025-11-11 08:52:54,088 [INFO] IPUIPlugin:80 - create IPUIPlugin
2025-11-11 08:52:54,089 [INFO] PluginManager:220 - loadIPPluginJar : add resmgrutility
2025-11-11 08:52:54,092 [INFO] IPUIPlugin:80 - create IPUIPlugin
2025-11-11 08:52:54,092 [INFO] PluginManager:220 - loadIPPluginJar : add sai
2025-11-11 08:52:54,095 [INFO] IPUIPlugin:80 - create IPUIPlugin
2025-11-11 08:52:54,096 [INFO] PluginManager:220 - loadIPPluginJar : add spi
2025-11-11 08:52:54,101 [INFO] IPUIPlugin:80 - create IPUIPlugin
2025-11-11 08:52:54,101 [INFO] PluginManager:220 - loadIPPluginJar : add stm32_wpan
2025-11-11 08:52:54,104 [INFO] IPUIPlugin:80 - create IPUIPlugin
2025-11-11 08:52:54,104 [INFO] PluginManager:220 - loadIPPluginJar : add tim
2025-11-11 08:52:54,106 [INFO] IPUIPlugin:80 - create IPUIPlugin
2025-11-11 08:52:54,107 [INFO] PluginManager:220 - loadIPPluginJar : add touchsensing
2025-11-11 08:52:54,109 [INFO] IPUIPlugin:80 - create IPUIPlugin
2025-11-11 08:52:54,109 [INFO] PluginManager:220 - loadIPPluginJar : add tracer_emb
2025-11-11 08:52:54,112 [INFO] IPUIPlugin:80 - create IPUIPlugin
2025-11-11 08:52:54,112 [INFO] PluginManager:220 - loadIPPluginJar : add ts
2025-11-11 08:52:54,114 [INFO] IPUIPlugin:80 - create IPUIPlugin
2025-11-11 08:52:54,114 [INFO] PluginManager:220 - loadIPPluginJar : add tsc
2025-11-11 08:52:54,115 [INFO] IPUIPlugin:80 - create IPUIPlugin
2025-11-11 08:52:54,116 [INFO] PluginManager:220 - loadIPPluginJar : add ucpd
2025-11-11 08:52:54,118 [INFO] IPUIPlugin:80 - create IPUIPlugin
2025-11-11 08:52:54,118 [INFO] PluginManager:220 - loadIPPluginJar : add usart
2025-11-11 08:52:54,121 [INFO] IPUIPlugin:80 - create IPUIPlugin
2025-11-11 08:52:54,121 [INFO] PluginManager:220 - loadIPPluginJar : add usbx
2025-11-11 08:52:54,234 [FATAL] Updater:351 - Updater called before beeing initialized
2025-11-11 08:52:54,284 [INFO] RulesReader:64 - Compatibility file has been processed (317 Rules)
2025-11-11 08:52:54,292 [INFO] RulesReader:64 - Compatibility file has been processed (317 Rules)
2025-11-11 08:52:54,297 [INFO] CADModel:165 - CPN selected for project level
2025-11-11 08:52:54,297 [INFO] CADModel:114 - Register for checkConnection events
2025-11-11 08:52:54,298 [FATAL] Updater:351 - Updater called before beeing initialized
2025-11-11 08:52:54,298 [ERROR] CADModel:125 - Updater not yet initialized, retry later 
2025-11-11 08:52:54,414 [FATAL] Updater:351 - Updater called before beeing initialized
2025-11-11 08:52:54,416 [INFO] CADModel:165 - CPN selected for project level
2025-11-11 08:52:54,416 [INFO] CADModel:114 - Register for checkConnection events
2025-11-11 08:52:54,416 [FATAL] Updater:351 - Updater called before beeing initialized
2025-11-11 08:52:54,416 [ERROR] CADModel:125 - Updater not yet initialized, retry later 
2025-11-11 08:52:54,419 [FATAL] Updater:351 - Updater called before beeing initialized
2025-11-11 08:52:54,500 [FATAL] Updater:351 - Updater called before beeing initialized
2025-11-11 08:52:54,503 [INFO] DbMcusAds:53 - JSON generation date=Thu Oct 02 15:06:05 IST 2025 (1759397765645)
2025-11-11 08:52:54,503 [FATAL] Updater:351 - Updater called before beeing initialized
2025-11-11 08:52:54,533 [WARN] DetailPanel:346 - Failed to get advertising image, set to default
2025-11-11 08:52:54,589 [FATAL] Updater:351 - Updater called before beeing initialized
2025-11-11 08:52:54,591 [FATAL] Updater:351 - Updater called before beeing initialized
2025-11-11 08:52:54,591 [FATAL] Updater:351 - Updater called before beeing initialized
2025-11-11 08:52:54,591 [WARN] DetailPanel:346 - Failed to get advertising image, set to default
2025-11-11 08:52:54,591 [FATAL] Updater:351 - Updater called before beeing initialized
2025-11-11 08:52:54,627 [ERROR] Updater:1198 - MainUpdater not yet initialized. External WinMGr cannot be set.
2025-11-11 08:52:54,629 [INFO] Updater:1134 - Updater Version found : 6.15.0
2025-11-11 08:52:54,646 [INFO] ApplicationProperties:184 - Using Application install path: C:\ST\STM32CubeIDE_1.19.0\STM32CubeIDE\plugins\com.st.stm32cube.common.mx_6.15.0.202507011659
2025-11-11 08:52:56,233 [ERROR] LogOutputStream:75 - [STDERR_REDIRECT] Nov 11, 2025 8:52:56 AM java.util.prefs.WindowsPreferences <init>
2025-11-11 08:52:56,235 [ERROR] LogOutputStream:75 - [STDERR_REDIRECT] WARNING: Could not open/create prefs root node Software\JavaSoft\Prefs at root 0xffffffff80000002. Windows RegCreateKeyEx(...) returned error code 5.
2025-11-11 08:52:56,235 [ERROR] LogOutputStream:75 - [STDERR_REDIRECT] 
2025-11-11 08:52:56,418 [INFO] ThirdPartyUpdaterWithRetryManager:70 - Updater plugin not ready yet. [2/15]
2025-11-11 08:52:56,656 [INFO] MainUpdater:2872 - connection check result : 10
2025-11-11 08:52:56,657 [INFO] MainUpdater:289 - Updater Check For Update Now.
2025-11-11 08:52:56,657 [INFO] MicroXplorer:498 - Change Database Version : DB.6.0.150
2025-11-11 08:52:56,664 [INFO] McuFinderGlobals:63 - Set McuFinder mode to 2 (CubeIDE integrated)
2025-11-11 08:52:56,665 [INFO] UserAuth:487 - Internet connection configuration mode: 1
2025-11-11 08:52:56,702 [INFO] JxBrowserEngine:152 - Initiate JxBrowser Engine with user profile folder
2025-11-11 08:52:56,808 [INFO] CheckServerUpdateThread:120 - End of CheckServer Thread
2025-11-11 08:52:58,309 [INFO] WebApp:169 - Instantiating new browser for Auth
2025-11-11 08:52:59,019 [INFO] WebApp:463 - Apply proxy settings
2025-11-11 08:52:59,020 [INFO] WebApp:548 - Chromium requires no authentication
2025-11-11 08:52:59,032 [INFO] WebApp:491 - Direct internet connection detected
2025-11-11 08:52:59,060 [INFO] WebApp:900 - Register for checkConnection events
2025-11-11 08:52:59,060 [INFO] WebApp:463 - Apply proxy settings
2025-11-11 08:52:59,060 [INFO] WebApp:548 - Chromium requires no authentication
2025-11-11 08:52:59,060 [INFO] WebApp:491 - Direct internet connection detected
2025-11-11 08:52:59,236 [INFO] WebApp:225 - Starting web application
2025-11-11 08:52:59,236 [INFO] WebApp:593 - Web application path used C:\ST\STM32CubeIDE_1.19.0\STM32CubeIDE\plugins\com.st.stm32cube.common.mx_6.15.0.202507011659\db\plugins\mcufinder\reactClient1\index.html
2025-11-11 08:52:59,360 [INFO] UserAuth:487 - Internet connection configuration mode: 1
2025-11-11 08:52:59,384 [INFO] WebApp:191 - Connection restablished
2025-11-11 08:52:59,684 [WARN] PackLoader:240 - Cannot read IP mode file for STMicroelectronics.FP-SNS-MOTENVWB1.1.4.0
2025-11-11 08:52:59,693 [WARN] PackLoader:240 - Cannot read IP mode file for STMicroelectronics.FP-ATR-ASTRA1.2.0.2
2025-11-11 08:52:59,703 [WARN] PackLoader:240 - Cannot read IP mode file for STMicroelectronics.X-CUBE-SMBUS.2.1.0
2025-11-11 08:52:59,708 [WARN] PackLoader:240 - Cannot read IP mode file for STMicroelectronics.X-CUBE-ST60.1.0.0
2025-11-11 08:52:59,733 [WARN] PackLoader:240 - Cannot read IP mode file for STMicroelectronics.X-CUBE-AZRTOS-F7.1.1.0
2025-11-11 08:52:59,743 [WARN] PackLoader:240 - Cannot read IP mode file for STMicroelectronics.FP-SNS-MOTENV1.5.1.0
2025-11-11 08:52:59,764 [WARN] PackLoader:240 - Cannot read IP mode file for Infineon.AIROC-Wi-Fi-Bluetooth-STM32.1.7.1
2025-11-11 08:52:59,787 [WARN] PackLoader:240 - Cannot read IP mode file for STMicroelectronics.X-CUBE-AZRTOS-H7.3.4.0
2025-11-11 08:52:59,794 [WARN] PackLoader:240 - Cannot read IP mode file for STMicroelectronics.X-CUBE-DISPLAY.3.0.0
2025-11-11 08:52:59,804 [WARN] PackLoader:240 - Cannot read IP mode file for STMicroelectronics.X-CUBE-NFC10.1.0.0
2025-11-11 08:52:59,808 [WARN] PackLoader:240 - Cannot read IP mode file for STMicroelectronics.X-CUBE-ST60.1.1.0
2025-11-11 08:52:59,813 [WARN] PackLoader:240 - Cannot read IP mode file for emotas.I-CUBE-CANOPEN.1.3.0
2025-11-11 08:52:59,818 [WARN] PackLoader:240 - Cannot read IP mode file for STMicroelectronics.X-CUBE-GNSS1.7.1.0
2025-11-11 08:52:59,823 [WARN] PackLoader:240 - Cannot read IP mode file for STMicroelectronics.FP-SNS-STBOX1.2.1.0
2025-11-11 08:52:59,828 [WARN] PackLoader:240 - Cannot read IP mode file for STMicroelectronics.FP-SNS-SMARTAG2.1.2.0
2025-11-11 08:52:59,831 [WARN] PackLoader:240 - Cannot read IP mode file for STMicroelectronics.FP-SNS-FLIGHT1.5.1.0
2025-11-11 08:52:59,838 [INFO] LogOutputStream:77 - [STDOUT_REDIRECT] 1 : Invalid condition id : UX_CORESTACK_Condition cause : null
2025-11-11 08:52:59,839 [INFO] LogOutputStream:77 - [STDOUT_REDIRECT] 1 : Invalid condition id : UX_CORESTACK_Condition cause : null
2025-11-11 08:52:59,839 [INFO] LogOutputStream:77 - [STDOUT_REDIRECT] 1 : Invalid condition id : UX_CORESTACK_Condition cause : null
2025-11-11 08:52:59,840 [INFO] LogOutputStream:77 - [STDOUT_REDIRECT] 1 : Invalid condition id : UX_CORESTACK_Condition cause : null
2025-11-11 08:52:59,841 [INFO] LogOutputStream:77 - [STDOUT_REDIRECT] 1 : Invalid condition id : UX_CORESTACK_Condition cause : null
2025-11-11 08:52:59,844 [WARN] PackLoader:240 - Cannot read IP mode file for STMicroelectronics.X-CUBE-AZRTOS-WL.2.0.0
2025-11-11 08:52:59,849 [WARN] PackLoader:240 - Cannot read IP mode file for STMicroelectronics.FP-SNS-MOTENV1.5.0.0
2025-11-11 08:52:59,855 [WARN] PackLoader:240 - Cannot read IP mode file for WES.I-CUBE-Cesium.1.3.0
2025-11-11 08:52:59,862 [WARN] PackLoader:240 - Cannot read IP mode file for STMicroelectronics.X-CUBE-BLE2.3.3.0
2025-11-11 08:52:59,883 [WARN] PackLoader:240 - Cannot read IP mode file for STMicroelectronics.X-CUBE-NFC9.1.0.0
2025-11-11 08:52:59,888 [WARN] PackLoader:240 - Cannot read IP mode file for wolfSSL.I-CUBE-wolfSSL.5.8.0
2025-11-11 08:52:59,891 [WARN] PackLoader:240 - Cannot read IP mode file for STMicroelectronics.X-CUBE-BLE1.7.1.0
2025-11-11 08:52:59,894 [WARN] PackLoader:240 - Cannot read IP mode file for wolfSSL.I-CUBE-wolfMQTT.1.19.2
2025-11-11 08:52:59,898 [WARN] PackLoader:240 - Cannot read IP mode file for STMicroelectronics.X-CUBE-EEPRMA1.5.2.0
2025-11-11 08:52:59,928 [WARN] PackLoader:240 - Cannot read IP mode file for STMicroelectronics.X-CUBE-ST67W61.1.1.0
2025-11-11 08:52:59,931 [WARN] PackLoader:240 - Cannot read IP mode file for STMicroelectronics.X-CUBE-AI.10.1.0
2025-11-11 08:52:59,941 [WARN] PackLoader:240 - Cannot read IP mode file for STMicroelectronics.X-CUBE-AZRTOS-G0.1.1.0
2025-11-11 08:52:59,946 [WARN] PackLoader:240 - Cannot read IP mode file for STMicroelectronics.X-CUBE-SAFEA1.1.2.2
2025-11-11 08:52:59,951 [WARN] PackLoader:240 - Cannot read IP mode file for STMicroelectronics.X-CUBE-NFC4.3.0.0
2025-11-11 08:52:59,960 [WARN] PackLoader:240 - Cannot read IP mode file for EmbeddedOffice.I-CUBE-FS-RTOS.1.0.1
2025-11-11 08:52:59,965 [WARN] PackLoader:240 - Cannot read IP mode file for STMicroelectronics.X-CUBE-WB05N.2.0.0
2025-11-11 08:52:59,970 [WARN] PackLoader:240 - Cannot read IP mode file for wolfSSL.I-CUBE-wolfTPM.3.8.0
2025-11-11 08:52:59,975 [WARN] PackLoader:240 - Cannot read IP mode file for STMicroelectronics.X-CUBE-TCPP.4.2.0
2025-11-11 08:52:59,980 [WARN] PackLoader:240 - Cannot read IP mode file for RealThread.X-CUBE-RT-Thread_Nano.4.1.1
2025-11-11 08:52:59,982 [WARN] PackLoader:240 - Cannot read IP mode file for STMicroelectronics.FP-ATR-SIGFOX1.3.2.0
2025-11-11 08:52:59,986 [WARN] PackLoader:240 - Cannot read IP mode file for ITTIA_DB.I-CUBE-ITTIADB.8.9.0
2025-11-11 08:52:59,990 [WARN] PackLoader:240 - Cannot read IP mode file for STMicroelectronics.X-CUBE-ST67W61.1.0.0
2025-11-11 08:52:59,993 [WARN] PackLoader:240 - Cannot read IP mode file for STMicroelectronics.X-CUBE-AI.10.2.0
2025-11-11 08:53:00,006 [WARN] PackLoader:240 - Cannot read IP mode file for SEGGER.I-CUBE-embOS.1.3.1
2025-11-11 08:53:00,028 [WARN] PackLoader:240 - Cannot read IP mode file for STMicroelectronics.X-CUBE-ALGOBUILD.1.4.0
2025-11-11 08:53:00,054 [WARN] PackLoader:240 - Cannot read IP mode file for STMicroelectronics.X-CUBE-MEMS1.11.3.0
2025-11-11 08:53:00,103 [WARN] PackLoader:240 - Cannot read IP mode file for STMicroelectronics.X-CUBE-PM33A1.1.0.0
2025-11-11 08:53:00,113 [WARN] PackLoader:240 - Cannot read IP mode file for STMicroelectronics.X-CUBE-AZRTOS-F4.1.1.0
2025-11-11 08:53:00,118 [WARN] PackLoader:240 - Cannot read IP mode file for Avnet-IotConnect.X-CUBE-IoTC-DA16k-PMOD.1.0.0
2025-11-11 08:53:00,121 [WARN] PackLoader:240 - Cannot read IP mode file for STMicroelectronics.X-CUBE-ISPU.2.1.0
2025-11-11 08:53:00,133 [WARN] PackLoader:240 - Cannot read IP mode file for STMicroelectronics.X-CUBE-IPS.3.2.0
2025-11-11 08:53:00,147 [WARN] PackLoader:240 - Cannot read IP mode file for STMicroelectronics.X-CUBE-NFC12.1.0.0
2025-11-11 08:53:00,160 [WARN] PackLoader:240 - Cannot read IP mode file for STMicroelectronics.X-CUBE-AZRTOS-L5.2.0.0
2025-11-11 08:53:00,167 [WARN] PackLoader:240 - Cannot read IP mode file for STMicroelectronics.X-CUBE-NFC6.3.1.0
2025-11-11 08:53:00,173 [WARN] PackLoader:240 - Cannot read IP mode file for STMicroelectronics.X-CUBE-FREERTOS.1.3.1
2025-11-11 08:53:00,189 [WARN] PackLoader:240 - Cannot read IP mode file for STMicroelectronics.X-CUBE-TOUCHGFX.4.26.0
2025-11-11 08:53:00,196 [WARN] PackLoader:240 - Cannot read IP mode file for STMicroelectronics.FP-SNS-STAIOTCFT.1.0.0
2025-11-11 08:53:00,201 [WARN] PackLoader:240 - Cannot read IP mode file for STMicroelectronics.X-CUBE-DPower.1.3.0
2025-11-11 08:53:00,222 [WARN] ConditionMgr:438 - getConditionDescription Invalid condition id : LAN8742 Phy interface Condition cause : null
2025-11-11 08:53:00,223 [WARN] PackLoader:240 - Cannot read IP mode file for STMicroelectronics.X-CUBE-AZRTOS-L4.2.0.0
2025-11-11 08:53:00,223 [WARN] ConditionMgr:1044 - genDependencies : Invalid condition id : LAN8742 Phy interface Condition cause : null
2025-11-11 08:53:00,224 [WARN] ConditionMgr:1044 - genDependencies : Invalid condition id : LAN8742 Phy interface Condition cause : null
2025-11-11 08:53:00,224 [WARN] ConditionMgr:1044 - genDependencies : Invalid condition id : LAN8742 Phy interface Condition cause : null
2025-11-11 08:53:00,229 [WARN] PackLoader:240 - Cannot read IP mode file for STMicroelectronics.X-CUBE-SFXS2LP1.4.0.0
2025-11-11 08:53:00,236 [WARN] PackLoader:240 - Cannot read IP mode file for STMicroelectronics.X-CUBE-BLEMGR.4.1.0
2025-11-11 08:53:00,244 [WARN] ConditionMgr:438 - getConditionDescription Invalid condition id : UX DEVICE CLASS RTOS Condition cause : null
2025-11-11 08:53:00,245 [WARN] ConditionMgr:438 - getConditionDescription Invalid condition id : UX DEVICE CLASS RTOS Condition cause : null
2025-11-11 08:53:00,246 [WARN] PackLoader:240 - Cannot read IP mode file for STMicroelectronics.X-CUBE-AZRTOS-WB.2.0.0
2025-11-11 08:53:00,246 [WARN] ConditionMgr:1044 - genDependencies : Invalid condition id : UX DEVICE CLASS RTOS Condition cause : null
2025-11-11 08:53:00,246 [WARN] ConditionMgr:1044 - genDependencies : Invalid condition id : UX DEVICE CLASS RTOS Condition cause : null
2025-11-11 08:53:00,246 [WARN] ConditionMgr:1044 - genDependencies : Invalid condition id : UX DEVICE CLASS RTOS Condition cause : null
2025-11-11 08:53:00,246 [WARN] ConditionMgr:1044 - genDependencies : Invalid condition id : UX DEVICE CLASS RTOS Condition cause : null
2025-11-11 08:53:00,247 [WARN] ConditionMgr:1044 - genDependencies : Invalid condition id : UX DEVICE CLASS RTOS Condition cause : null
2025-11-11 08:53:00,250 [WARN] PackLoader:240 - Cannot read IP mode file for STMicroelectronics.X-CUBE-GNSS1.7.0.1
2025-11-11 08:53:00,253 [WARN] PackLoader:240 - Cannot read IP mode file for STMicroelectronics.X-CUBE-TOUCHGFX.4.25.0
2025-11-11 08:53:00,257 [WARN] PackLoader:240 - Cannot read IP mode file for STMicroelectronics.FP-SNS-STBOX1.2.0.0
2025-11-11 08:53:00,262 [WARN] ConditionMgr:438 - getConditionDescription Invalid condition id : Cortex-A Device cause : null
2025-11-11 08:53:00,266 [WARN] ConditionMgr:1044 - genDependencies : Invalid condition id : Cortex-A Device cause : null
2025-11-11 08:53:00,267 [WARN] ConditionMgr:1044 - genDependencies : Invalid condition id : Cortex-A Device cause : null
2025-11-11 08:53:00,267 [WARN] ConditionMgr:1044 - genDependencies : Invalid condition id : Cortex-A Device cause : null
2025-11-11 08:53:00,275 [WARN] PackLoader:240 - Cannot read IP mode file for STMicroelectronics.X-CUBE-SUBG2.5.0.0
2025-11-11 08:53:00,285 [WARN] PackLoader:240 - Cannot read IP mode file for STMicroelectronics.X-CUBE-AZRTOS-H7RS.1.1.0
2025-11-11 08:53:00,288 [WARN] PackLoader:240 - Cannot read IP mode file for Cesanta.I-CUBE-Mongoose.7.13.0
2025-11-11 08:53:00,295 [WARN] PackLoader:240 - Cannot read IP mode file for STMicroelectronics.X-CUBE-AZRTOS-G4.2.0.0
2025-11-11 08:53:00,299 [WARN] PackLoader:240 - Cannot read IP mode file for wolfSSL.I-CUBE-wolfSSH.1.4.20
2025-11-11 08:53:00,303 [WARN] PackLoader:240 - Cannot read IP mode file for STMicroelectronics.X-CUBE-NFC7.2.0.0
2025-11-11 08:53:00,309 [WARN] PackLoader:240 - Cannot read IP mode file for STMicroelectronics.X-CUBE-IPS.3.1.0
2025-11-11 08:53:00,313 [WARN] PackLoader:240 - Cannot read IP mode file for STMicroelectronics.X-CUBE-ALS.1.0.2
2025-11-11 08:53:00,320 [WARN] PackLoader:240 - Cannot read IP mode file for STMicroelectronics.X-CUBE-STSE01.1.0.0
2025-11-11 08:53:00,324 [WARN] PackLoader:240 - Cannot read IP mode file for portGmbH.I-Cube-SoM-uGOAL.1.1.0
2025-11-11 08:53:00,330 [WARN] PackLoader:240 - Cannot read IP mode file for STMicroelectronics.X-CUBE-TOF1.3.4.3
2025-11-11 08:53:00,334 [INFO] ThirdParty:978 - Integrity check success = true
2025-11-11 08:53:00,335 [INFO] IntegrityCheckThread:100 - exiting critical section [integrity check]
2025-11-11 08:53:00,335 [INFO] IntegrityCheckThread:103 - End integrity checks thread
2025-11-11 10:21:40,777 [INFO] WebApp:194 - Connection lost
2025-11-11 10:21:41,679 [INFO] WebApp:191 - Connection restablished
2025-11-11 10:21:43,990 [INFO] WebApp:194 - Connection lost
2025-11-11 10:21:44,719 [INFO] WebApp:191 - Connection restablished
2025-11-11 10:21:46,733 [INFO] WebApp:194 - Connection lost
2025-11-11 10:21:47,241 [INFO] WebApp:191 - Connection restablished
2025-11-11 10:21:47,843 [INFO] WebApp:194 - Connection lost
2025-11-11 10:21:48,601 [INFO] WebApp:191 - Connection restablished
2025-11-11 10:22:01,701 [INFO] WebApp:194 - Connection lost
2025-11-11 10:22:02,155 [INFO] WebApp:191 - Connection restablished
2025-11-11 10:22:15,539 [INFO] WebApp:194 - Connection lost
2025-11-11 10:22:32,907 [INFO] WebApp:191 - Connection restablished
2025-11-11 10:24:16,233 [INFO] WebApp:194 - Connection lost
2025-11-11 10:24:16,675 [INFO] WebApp:191 - Connection restablished
2025-11-11 10:55:16,424 [INFO] WebApp:194 - Connection lost
2025-11-11 10:55:16,919 [INFO] WebApp:191 - Connection restablished
2025-11-11 10:55:20,437 [INFO] WebApp:194 - Connection lost
2025-11-11 10:55:20,811 [INFO] WebApp:191 - Connection restablished
2025-11-11 10:55:23,167 [INFO] WebApp:194 - Connection lost
2025-11-11 10:55:23,482 [INFO] WebApp:191 - Connection restablished
2025-11-11 12:18:21,818 [INFO] WebApp:194 - Connection lost
2025-11-11 12:18:31,968 [INFO] WebApp:191 - Connection restablished
2025-11-11 12:56:27,043 [INFO] WebApp:194 - Connection lost
2025-11-11 12:56:27,426 [INFO] WebApp:191 - Connection restablished
2025-11-11 12:57:55,047 [INFO] WebApp:194 - Connection lost
2025-11-11 12:57:55,465 [INFO] WebApp:191 - Connection restablished
2025-11-11 15:49:31,223 [ERROR] LogOutputStream:75 - [STDERR_REDIRECT] 
2025-11-11 15:49:31,229 [ERROR] LogOutputStream:75 - [STDERR_REDIRECT] 
