2025-07-29 09:28:23,629 [INFO] Activator:176 - 


2025-07-29 09:28:23,632 [INFO] Activator:177 - !SESSION log4j initialized
2025-07-29 09:28:27,354 [INFO] LogOutputStream:77 - [STDOUT_REDIRECT] 
2025-07-29 09:28:28,170 [INFO] ApplicationProperties:184 - Using Application install path: C:\ST\STM32CubeIDE_1.19.0\STM32CubeIDE\plugins\com.st.stm32cube.common.mx_6.15.0.202507011659
2025-07-29 09:28:28,183 [INFO] DbMcusXml:78 - Set database path to: C:\ST\STM32CubeIDE_1.19.0\STM32CubeIDE\plugins\com.st.stm32cube.common.mx_6.15.0.202507011659\\db\/mcu/
2025-07-29 09:28:28,184 [INFO] ApiDb:274 - Set plugin database path to: C:\ST\STM32CubeIDE_1.19.0\STM32CubeIDE\plugins\com.st.stm32cube.common.mx_6.15.0.202507011659\\db\/plugins/boardmanager/
2025-07-29 09:28:28,184 [WARN] ApiDb:259 - Overriding images path with different value:  => C:\ST\STM32CubeIDE_1.19.0\STM32CubeIDE\plugins\com.st.stm32cube.common.mx_6.15.0.202507011659\\db\/plugins/mcufinder/images/
2025-07-29 09:28:28,188 [INFO] ApiDb:250 - Set database path to: C:\Users\User\.stmcufinder\plugins\mcufinder//mcu/
2025-07-29 09:28:28,189 [INFO] DbMcusAds:125 - Set database path to: C:\Users\User\.stmcufinder\plugins\mcufinder//mcu/
2025-07-29 09:28:28,190 [INFO] CrossReferenceDbSqlite:203 - Set database path to: C:\Users\User\.stmcufinder\plugins\mcufinder//mcu/cs/
2025-07-29 09:28:28,308 [INFO] RulesReader:64 - Compatibility file has been processed (317 Rules)
2025-07-29 09:28:28,370 [INFO] DbMcusXml:78 - Set database path to: C:\ST\STM32CubeIDE_1.19.0\STM32CubeIDE\plugins\com.st.stm32cube.common.mx_6.15.0.202507011659\\db\/mcu/
2025-07-29 09:28:28,370 [INFO] ApiDb:274 - Set plugin database path to: C:\ST\STM32CubeIDE_1.19.0\STM32CubeIDE\plugins\com.st.stm32cube.common.mx_6.15.0.202507011659\\db\/plugins/boardmanager/
2025-07-29 09:28:28,370 [INFO] ApiDb:261 - Set plugin images path to: C:\ST\STM32CubeIDE_1.19.0\STM32CubeIDE\plugins\com.st.stm32cube.common.mx_6.15.0.202507011659\\db\/plugins/mcufinder/images/
2025-07-29 09:28:28,370 [WARN] DbFile:41 - Overriding database path with different value: C:\Users\User\.stmcufinder\plugins\mcufinder/ => C:\Users\User\.stmcufinder\plugins\mcufinder
2025-07-29 09:28:28,370 [INFO] ApiDb:250 - Set database path to: C:\Users\User\.stmcufinder\plugins\mcufinder//mcu/
2025-07-29 09:28:28,370 [WARN] DbFile:41 - Overriding database path with different value: C:\Users\User\.stmcufinder\plugins\mcufinder/ => C:\Users\User\.stmcufinder\plugins\mcufinder
2025-07-29 09:28:28,370 [INFO] DbMcusAds:125 - Set database path to: C:\Users\User\.stmcufinder\plugins\mcufinder//mcu/
2025-07-29 09:28:28,370 [WARN] DbFile:41 - Overriding database path with different value: C:\Users\User\.stmcufinder\plugins\mcufinder/ => C:\Users\User\.stmcufinder\plugins\mcufinder
2025-07-29 09:28:28,370 [WARN] DbFile:41 - Overriding database path with different value: C:\Users\User\.stmcufinder\plugins\mcufinder/ => C:\Users\User\.stmcufinder\plugins\mcufinder
2025-07-29 09:28:28,370 [INFO] CrossReferenceDbSqlite:203 - Set database path to: C:\Users\User\.stmcufinder\plugins\mcufinder//mcu/cs/
2025-07-29 09:28:28,421 [INFO] MainPanel:274 - HeapMemory: 270532608
2025-07-29 09:28:28,493 [INFO] DbMcusXml:78 - Set database path to: C:\ST\STM32CubeIDE_1.19.0\STM32CubeIDE\plugins\com.st.stm32cube.common.mx_6.15.0.202507011659\\db\/mcu/
2025-07-29 09:28:28,494 [INFO] ApiDb:274 - Set plugin database path to: C:\ST\STM32CubeIDE_1.19.0\STM32CubeIDE\plugins\com.st.stm32cube.common.mx_6.15.0.202507011659\\db\/plugins/boardmanager/
2025-07-29 09:28:28,494 [INFO] ApiDb:261 - Set plugin images path to: C:\ST\STM32CubeIDE_1.19.0\STM32CubeIDE\plugins\com.st.stm32cube.common.mx_6.15.0.202507011659\\db\/plugins/mcufinder/images/
2025-07-29 09:28:28,494 [WARN] DbFile:41 - Overriding database path with different value: C:\Users\User\.stmcufinder\plugins\mcufinder/ => C:\Users\User\.stmcufinder\plugins\mcufinder
2025-07-29 09:28:28,494 [INFO] ApiDb:250 - Set database path to: C:\Users\User\.stmcufinder\plugins\mcufinder//mcu/
2025-07-29 09:28:28,494 [WARN] DbFile:41 - Overriding database path with different value: C:\Users\User\.stmcufinder\plugins\mcufinder/ => C:\Users\User\.stmcufinder\plugins\mcufinder
2025-07-29 09:28:28,494 [INFO] DbMcusAds:125 - Set database path to: C:\Users\User\.stmcufinder\plugins\mcufinder//mcu/
2025-07-29 09:28:28,494 [WARN] DbFile:41 - Overriding database path with different value: C:\Users\User\.stmcufinder\plugins\mcufinder/ => C:\Users\User\.stmcufinder\plugins\mcufinder
2025-07-29 09:28:28,494 [WARN] DbFile:41 - Overriding database path with different value: C:\Users\User\.stmcufinder\plugins\mcufinder/ => C:\Users\User\.stmcufinder\plugins\mcufinder
2025-07-29 09:28:28,494 [INFO] CrossReferenceDbSqlite:203 - Set database path to: C:\Users\User\.stmcufinder\plugins\mcufinder//mcu/cs/
2025-07-29 09:28:28,508 [INFO] ApplicationProperties:184 - Using Application install path: C:\ST\STM32CubeIDE_1.19.0\STM32CubeIDE\plugins\com.st.stm32cube.common.mx_6.15.0.202507011659
2025-07-29 09:28:28,509 [INFO] PluginManage:196 - Search for loadable plugins [exclusion list=, ]
2025-07-29 09:28:28,510 [INFO] PluginManage:310 - Check plugin analytics
2025-07-29 09:28:28,643 [INFO] AnalyticsPlugin:253 - Accepted Software Licenses: 
2025-07-29 09:28:28,643 [INFO] AnalyticsPlugin:255 - Accepted CMSIS Pack Licenses: 
2025-07-29 09:28:28,643 [INFO] AnalyticsPlugin:257 - Accepted Firmware Licenses: FW.WL.1.3.0
2025-07-29 09:28:28,645 [INFO] PluginManage:359 - Loaded plugin analytics (category:tool,tabindex:-1)
2025-07-29 09:28:28,646 [INFO] PluginManage:310 - Check plugin cadmodel
2025-07-29 09:28:28,649 [INFO] CADModel:105 - Init CAD model plugin
2025-07-29 09:28:28,650 [INFO] PluginManage:359 - Loaded plugin cadmodel (category:power,tabindex:5)
2025-07-29 09:28:28,650 [INFO] PluginManage:310 - Check plugin clock
2025-07-29 09:28:28,657 [INFO] PluginManage:359 - Loaded plugin clock (category:base,tabindex:2)
2025-07-29 09:28:28,657 [INFO] PluginManage:310 - Check plugin ddr
2025-07-29 09:28:28,659 [INFO] PluginManage:359 - Loaded plugin ddr (category:tool,tabindex:6)
2025-07-29 09:28:28,659 [INFO] PluginManage:310 - Check plugin filemanager
2025-07-29 09:28:28,768 [INFO] PluginManage:359 - Loaded plugin filemanager (category:base,tabindex:10)
2025-07-29 09:28:28,768 [INFO] PluginManage:310 - Check plugin ipmanager
2025-07-29 09:28:28,773 [INFO] PluginManage:359 - Loaded plugin ipmanager (category:base,tabindex:5)
2025-07-29 09:28:28,773 [INFO] PluginManage:310 - Check plugin lpbam
2025-07-29 09:28:28,779 [INFO] PluginManage:359 - Loaded plugin lpbam (category:base,tabindex:0)
2025-07-29 09:28:28,779 [INFO] PluginManage:310 - Check plugin memorymap
2025-07-29 09:28:28,789 [INFO] PluginManage:359 - Loaded plugin memorymap (category:base,tabindex:4)
2025-07-29 09:28:28,789 [INFO] PluginManage:310 - Check plugin pinoutandconfiguration
2025-07-29 09:28:28,795 [INFO] PluginManage:359 - Loaded plugin pinoutandconfiguration (category:base,tabindex:1)
2025-07-29 09:28:28,795 [INFO] PluginManage:310 - Check plugin pinoutconfig
2025-07-29 09:28:28,870 [WARN] SupportedApi:132 - Cannot load RTOS API schema: s4s-elt-must-match.1: The content of 'definitions' must match (annotation?, (simpleType | complexType)?, (unique | key | keyref)*)). A problem was found starting at: attribute.
2025-07-29 09:28:28,982 [INFO] PluginManage:359 - Loaded plugin pinoutconfig (category:base,tabindex:0)
2025-07-29 09:28:28,982 [INFO] PluginManage:310 - Check plugin power
2025-07-29 09:28:28,986 [INFO] PluginManage:359 - Loaded plugin power (category:power,tabindex:4)
2025-07-29 09:28:28,986 [INFO] PluginManage:310 - Check plugin projectmanager
2025-07-29 09:28:28,998 [INFO] PluginManage:359 - Loaded plugin projectmanager (category:projectmanager,tabindex:4)
2025-07-29 09:28:28,998 [INFO] PluginManage:310 - Check plugin rif
2025-07-29 09:28:29,004 [INFO] PluginManage:359 - Loaded plugin rif (category:base,tabindex:3)
2025-07-29 09:28:29,004 [INFO] PluginManage:310 - Check plugin thirdparty
2025-07-29 09:28:29,134 [WARN] IntegrityCheckThread:84 - waiting for thirdparty lock release [integrity check]
2025-07-29 09:28:29,135 [INFO] PluginManage:359 - Loaded plugin thirdparty (category:base,tabindex:-1)
2025-07-29 09:28:29,135 [INFO] IntegrityCheckThread:86 - entering critical section [integrity check]
2025-07-29 09:28:29,135 [INFO] PluginManage:310 - Check plugin tools
2025-07-29 09:28:29,135 [INFO] ThirdPartyUpdaterWithRetryManager:70 - Updater plugin not ready yet. [1/15]
2025-07-29 09:28:29,138 [INFO] PluginManage:359 - Loaded plugin tools (category:base,tabindex:7)
2025-07-29 09:28:29,139 [INFO] PluginManage:310 - Check plugin tutovideos
2025-07-29 09:28:29,316 [INFO] PluginManage:359 - Loaded plugin tutovideos (category:base,tabindex:-1)
2025-07-29 09:28:29,316 [INFO] PluginManage:310 - Check plugin updater
2025-07-29 09:28:29,332 [INFO] PluginManage:359 - Loaded plugin updater (category:base,tabindex:12)
2025-07-29 09:28:29,332 [INFO] PluginManage:310 - Check plugin userauth
2025-07-29 09:28:29,336 [INFO] UserAuth:118 - Init User Auth plugin
2025-07-29 09:28:29,336 [INFO] PluginManage:359 - Loaded plugin userauth (category:base,tabindex:14)
2025-07-29 09:28:29,336 [INFO] PluginManage:283 - PluginManage : Loaded plugins [18]
2025-07-29 09:28:29,488 [INFO] PinOutPanel:1589 - setPackage(No Configuration,No Configuration)
2025-07-29 09:28:29,546 [INFO] CADModel:165 - CPN selected for project level
2025-07-29 09:28:29,546 [INFO] CADModel:114 - Register for checkConnection events
2025-07-29 09:28:29,561 [INFO] IPUIPlugin:80 - create IPUIPlugin
2025-07-29 09:28:29,561 [INFO] PluginManager:220 - loadIPPluginJar : add adc
2025-07-29 09:28:29,564 [INFO] IPUIPlugin:80 - create IPUIPlugin
2025-07-29 09:28:29,564 [INFO] PluginManager:220 - loadIPPluginJar : add aes
2025-07-29 09:28:29,566 [INFO] IPUIPlugin:80 - create IPUIPlugin
2025-07-29 09:28:29,567 [INFO] PluginManager:220 - loadIPPluginJar : add can
2025-07-29 09:28:29,568 [INFO] IPUIPlugin:80 - create IPUIPlugin
2025-07-29 09:28:29,568 [INFO] PluginManager:220 - loadIPPluginJar : add comp
2025-07-29 09:28:29,570 [INFO] IPUIPlugin:80 - create IPUIPlugin
2025-07-29 09:28:29,570 [INFO] PluginManager:220 - loadIPPluginJar : add cryp
2025-07-29 09:28:29,572 [INFO] IPUIPlugin:80 - create IPUIPlugin
2025-07-29 09:28:29,572 [INFO] PluginManager:220 - loadIPPluginJar : add ddr_ctrl_phy
2025-07-29 09:28:29,574 [INFO] IPUIPlugin:80 - create IPUIPlugin
2025-07-29 09:28:29,574 [INFO] PluginManager:220 - loadIPPluginJar : add dfsdm
2025-07-29 09:28:29,579 [INFO] IPUIPlugin:80 - create IPUIPlugin
2025-07-29 09:28:29,579 [INFO] PluginManager:220 - loadIPPluginJar : add dma
2025-07-29 09:28:29,581 [INFO] IPUIPlugin:80 - create IPUIPlugin
2025-07-29 09:28:29,581 [INFO] PluginManager:220 - loadIPPluginJar : add dma3
2025-07-29 09:28:29,582 [INFO] IPUIPlugin:80 - create IPUIPlugin
2025-07-29 09:28:29,582 [INFO] PluginManager:220 - loadIPPluginJar : add extmemmanager
2025-07-29 09:28:29,583 [INFO] IPUIPlugin:80 - create IPUIPlugin
2025-07-29 09:28:29,583 [INFO] PluginManager:220 - loadIPPluginJar : add fatfs
2025-07-29 09:28:29,586 [INFO] IPUIPlugin:80 - create IPUIPlugin
2025-07-29 09:28:29,587 [INFO] PluginManager:220 - loadIPPluginJar : add fmc
2025-07-29 09:28:29,590 [INFO] IPUIPlugin:80 - create IPUIPlugin
2025-07-29 09:28:29,591 [INFO] PluginManager:220 - loadIPPluginJar : add freertos
2025-07-29 09:28:29,592 [INFO] IPUIPlugin:80 - create IPUIPlugin
2025-07-29 09:28:29,592 [INFO] PluginManager:220 - loadIPPluginJar : add genericplugin
2025-07-29 09:28:29,593 [INFO] IPUIPlugin:80 - create IPUIPlugin
2025-07-29 09:28:29,594 [INFO] PluginManager:220 - loadIPPluginJar : add gfxmmu
2025-07-29 09:28:29,597 [INFO] IPUIPlugin:80 - create IPUIPlugin
2025-07-29 09:28:29,597 [INFO] PluginManager:220 - loadIPPluginJar : add gic
2025-07-29 09:28:29,600 [INFO] IPUIPlugin:80 - create IPUIPlugin
2025-07-29 09:28:29,600 [INFO] PluginManager:220 - loadIPPluginJar : add gpio
2025-07-29 09:28:29,602 [INFO] IPUIPlugin:80 - create IPUIPlugin
2025-07-29 09:28:29,602 [INFO] PluginManager:220 - loadIPPluginJar : add gtzc
2025-07-29 09:28:29,603 [INFO] IPUIPlugin:80 - create IPUIPlugin
2025-07-29 09:28:29,603 [INFO] PluginManager:220 - loadIPPluginJar : add hash
2025-07-29 09:28:29,605 [INFO] IPUIPlugin:80 - create IPUIPlugin
2025-07-29 09:28:29,605 [INFO] PluginManager:220 - loadIPPluginJar : add i2c
2025-07-29 09:28:29,607 [INFO] IPUIPlugin:80 - create IPUIPlugin
2025-07-29 09:28:29,607 [INFO] PluginManager:220 - loadIPPluginJar : add i2s
2025-07-29 09:28:29,609 [INFO] IPUIPlugin:80 - create IPUIPlugin
2025-07-29 09:28:29,609 [INFO] PluginManager:220 - loadIPPluginJar : add i3c
2025-07-29 09:28:29,611 [INFO] IPUIPlugin:80 - create IPUIPlugin
2025-07-29 09:28:29,611 [INFO] PluginManager:220 - loadIPPluginJar : add ipddr
2025-07-29 09:28:29,617 [INFO] IPUIPlugin:80 - create IPUIPlugin
2025-07-29 09:28:29,617 [INFO] PluginManager:220 - loadIPPluginJar : add linkedlist
2025-07-29 09:28:29,620 [INFO] IPUIPlugin:80 - create IPUIPlugin
2025-07-29 09:28:29,620 [INFO] PluginManager:220 - loadIPPluginJar : add lorawan
2025-07-29 09:28:29,621 [INFO] IPUIPlugin:80 - create IPUIPlugin
2025-07-29 09:28:29,621 [INFO] PluginManager:220 - loadIPPluginJar : add ltdc
2025-07-29 09:28:29,624 [INFO] IPUIPlugin:80 - create IPUIPlugin
2025-07-29 09:28:29,625 [INFO] PluginManager:220 - loadIPPluginJar : add mdma
2025-07-29 09:28:29,627 [INFO] IPUIPlugin:80 - create IPUIPlugin
2025-07-29 09:28:29,627 [INFO] PluginManager:220 - loadIPPluginJar : add nvic
2025-07-29 09:28:29,629 [INFO] IPUIPlugin:80 - create IPUIPlugin
2025-07-29 09:28:29,629 [INFO] PluginManager:220 - loadIPPluginJar : add opamp
2025-07-29 09:28:29,631 [INFO] IPUIPlugin:80 - create IPUIPlugin
2025-07-29 09:28:29,631 [INFO] PluginManager:220 - loadIPPluginJar : add openamp
2025-07-29 09:28:29,633 [INFO] IPUIPlugin:80 - create IPUIPlugin
2025-07-29 09:28:29,633 [INFO] PluginManager:220 - loadIPPluginJar : add pdm2pcm
2025-07-29 09:28:29,637 [INFO] IPUIPlugin:80 - create IPUIPlugin
2025-07-29 09:28:29,639 [INFO] PluginManager:220 - loadIPPluginJar : add plateformsettings
2025-07-29 09:28:29,640 [INFO] IPUIPlugin:80 - create IPUIPlugin
2025-07-29 09:28:29,640 [INFO] PluginManager:220 - loadIPPluginJar : add quadspi
2025-07-29 09:28:29,641 [INFO] IPUIPlugin:80 - create IPUIPlugin
2025-07-29 09:28:29,642 [INFO] PluginManager:220 - loadIPPluginJar : add radio
2025-07-29 09:28:29,643 [INFO] IPUIPlugin:80 - create IPUIPlugin
2025-07-29 09:28:29,643 [INFO] PluginManager:220 - loadIPPluginJar : add resmgrutility
2025-07-29 09:28:29,645 [INFO] IPUIPlugin:80 - create IPUIPlugin
2025-07-29 09:28:29,645 [INFO] PluginManager:220 - loadIPPluginJar : add sai
2025-07-29 09:28:29,647 [INFO] IPUIPlugin:80 - create IPUIPlugin
2025-07-29 09:28:29,647 [INFO] PluginManager:220 - loadIPPluginJar : add spi
2025-07-29 09:28:29,651 [INFO] IPUIPlugin:80 - create IPUIPlugin
2025-07-29 09:28:29,651 [INFO] PluginManager:220 - loadIPPluginJar : add stm32_wpan
2025-07-29 09:28:29,652 [INFO] IPUIPlugin:80 - create IPUIPlugin
2025-07-29 09:28:29,652 [INFO] PluginManager:220 - loadIPPluginJar : add tim
2025-07-29 09:28:29,654 [INFO] IPUIPlugin:80 - create IPUIPlugin
2025-07-29 09:28:29,655 [INFO] PluginManager:220 - loadIPPluginJar : add touchsensing
2025-07-29 09:28:29,656 [INFO] IPUIPlugin:80 - create IPUIPlugin
2025-07-29 09:28:29,656 [INFO] PluginManager:220 - loadIPPluginJar : add tracer_emb
2025-07-29 09:28:29,657 [INFO] IPUIPlugin:80 - create IPUIPlugin
2025-07-29 09:28:29,657 [INFO] PluginManager:220 - loadIPPluginJar : add ts
2025-07-29 09:28:29,658 [INFO] IPUIPlugin:80 - create IPUIPlugin
2025-07-29 09:28:29,658 [INFO] PluginManager:220 - loadIPPluginJar : add tsc
2025-07-29 09:28:29,660 [INFO] IPUIPlugin:80 - create IPUIPlugin
2025-07-29 09:28:29,660 [INFO] PluginManager:220 - loadIPPluginJar : add ucpd
2025-07-29 09:28:29,661 [INFO] IPUIPlugin:80 - create IPUIPlugin
2025-07-29 09:28:29,661 [INFO] PluginManager:220 - loadIPPluginJar : add usart
2025-07-29 09:28:29,664 [INFO] IPUIPlugin:80 - create IPUIPlugin
2025-07-29 09:28:29,664 [INFO] PluginManager:220 - loadIPPluginJar : add usbx
2025-07-29 09:28:29,771 [FATAL] Updater:351 - Updater called before beeing initialized
2025-07-29 09:28:29,818 [INFO] RulesReader:64 - Compatibility file has been processed (317 Rules)
2025-07-29 09:28:29,838 [INFO] RulesReader:64 - Compatibility file has been processed (317 Rules)
2025-07-29 09:28:29,852 [INFO] CADModel:165 - CPN selected for project level
2025-07-29 09:28:29,852 [INFO] CADModel:114 - Register for checkConnection events
2025-07-29 09:28:29,853 [FATAL] Updater:351 - Updater called before beeing initialized
2025-07-29 09:28:29,853 [ERROR] CADModel:125 - Updater not yet initialized, retry later 
2025-07-29 09:28:29,957 [FATAL] Updater:351 - Updater called before beeing initialized
2025-07-29 09:28:29,959 [INFO] CADModel:165 - CPN selected for project level
2025-07-29 09:28:29,959 [INFO] CADModel:114 - Register for checkConnection events
2025-07-29 09:28:29,959 [FATAL] Updater:351 - Updater called before beeing initialized
2025-07-29 09:28:29,959 [ERROR] CADModel:125 - Updater not yet initialized, retry later 
2025-07-29 09:28:29,962 [FATAL] Updater:351 - Updater called before beeing initialized
2025-07-29 09:28:30,026 [FATAL] Updater:351 - Updater called before beeing initialized
2025-07-29 09:28:30,029 [INFO] DbMcusAds:53 - JSON generation date=Tue Jul 08 13:44:23 IST 2025 (1751962463562)
2025-07-29 09:28:30,029 [FATAL] Updater:351 - Updater called before beeing initialized
2025-07-29 09:28:30,050 [WARN] DetailPanel:346 - Failed to get advertising image, set to default
2025-07-29 09:28:30,104 [FATAL] Updater:351 - Updater called before beeing initialized
2025-07-29 09:28:30,105 [FATAL] Updater:351 - Updater called before beeing initialized
2025-07-29 09:28:30,105 [FATAL] Updater:351 - Updater called before beeing initialized
2025-07-29 09:28:30,105 [WARN] DetailPanel:346 - Failed to get advertising image, set to default
2025-07-29 09:28:30,106 [FATAL] Updater:351 - Updater called before beeing initialized
2025-07-29 09:28:30,134 [ERROR] Updater:1198 - MainUpdater not yet initialized. External WinMGr cannot be set.
2025-07-29 09:28:30,135 [INFO] Updater:1134 - Updater Version found : 6.15.0
2025-07-29 09:28:30,150 [INFO] ApplicationProperties:184 - Using Application install path: C:\ST\STM32CubeIDE_1.19.0\STM32CubeIDE\plugins\com.st.stm32cube.common.mx_6.15.0.202507011659
2025-07-29 09:28:31,728 [ERROR] LogOutputStream:75 - [STDERR_REDIRECT] Jul 29, 2025 9:28:31 AM java.util.prefs.WindowsPreferences <init>
2025-07-29 09:28:31,731 [ERROR] LogOutputStream:75 - [STDERR_REDIRECT] WARNING: Could not open/create prefs root node Software\JavaSoft\Prefs at root 0xffffffff80000002. Windows RegCreateKeyEx(...) returned error code 5.
2025-07-29 09:28:31,732 [ERROR] LogOutputStream:75 - [STDERR_REDIRECT] 
2025-07-29 09:28:32,070 [INFO] MainUpdater:2872 - connection check result : 10
2025-07-29 09:28:32,070 [INFO] MainUpdater:289 - Updater Check For Update Now.
2025-07-29 09:28:32,070 [INFO] MicroXplorer:498 - Change Database Version : DB.6.0.150
2025-07-29 09:28:32,076 [INFO] McuFinderGlobals:63 - Set McuFinder mode to 2 (CubeIDE integrated)
2025-07-29 09:28:32,077 [INFO] UserAuth:487 - Internet connection configuration mode: 1
2025-07-29 09:28:32,095 [INFO] JxBrowserEngine:152 - Initiate JxBrowser Engine with user profile folder
2025-07-29 09:28:32,136 [WARN] MainUpdater:1193 - Updater busy. Cannot search thirdparties
2025-07-29 09:28:32,136 [INFO] ThirdPartyUpdaterWithRetryManager:96 - Updater plugin is busy. [1/15]
2025-07-29 09:28:32,215 [INFO] CheckServerUpdateThread:120 - End of CheckServer Thread
2025-07-29 09:28:32,515 [INFO] WebApp:169 - Instantiating new browser for Auth
2025-07-29 09:28:33,025 [INFO] WebApp:463 - Apply proxy settings
2025-07-29 09:28:33,026 [INFO] WebApp:548 - Chromium requires no authentication
2025-07-29 09:28:33,032 [INFO] WebApp:491 - Direct internet connection detected
2025-07-29 09:28:33,050 [INFO] WebApp:900 - Register for checkConnection events
2025-07-29 09:28:33,050 [INFO] WebApp:463 - Apply proxy settings
2025-07-29 09:28:33,050 [INFO] WebApp:548 - Chromium requires no authentication
2025-07-29 09:28:33,051 [INFO] WebApp:491 - Direct internet connection detected
2025-07-29 09:28:33,173 [INFO] WebApp:225 - Starting web application
2025-07-29 09:28:33,173 [INFO] WebApp:593 - Web application path used C:\ST\STM32CubeIDE_1.19.0\STM32CubeIDE\plugins\com.st.stm32cube.common.mx_6.15.0.202507011659\db\plugins\mcufinder\reactClient1\index.html
2025-07-29 09:28:33,225 [INFO] UserAuth:487 - Internet connection configuration mode: 1
2025-07-29 09:28:33,753 [INFO] WebApp:191 - Connection restablished
2025-07-29 09:28:35,251 [WARN] PackLoader:240 - Cannot read IP mode file for STMicroelectronics.FP-SNS-MOTENVWB1.1.4.0
2025-07-29 09:28:35,256 [WARN] PackLoader:240 - Cannot read IP mode file for STMicroelectronics.FP-ATR-ASTRA1.2.0.2
2025-07-29 09:28:35,264 [WARN] PackLoader:240 - Cannot read IP mode file for STMicroelectronics.X-CUBE-SMBUS.2.1.0
2025-07-29 09:28:35,268 [WARN] PackLoader:240 - Cannot read IP mode file for STMicroelectronics.X-CUBE-ST60.1.0.0
2025-07-29 09:28:35,289 [WARN] PackLoader:240 - Cannot read IP mode file for STMicroelectronics.X-CUBE-AZRTOS-F7.1.1.0
2025-07-29 09:28:35,315 [WARN] PackLoader:240 - Cannot read IP mode file for Infineon.AIROC-Wi-Fi-Bluetooth-STM32.1.7.1
2025-07-29 09:28:35,341 [WARN] PackLoader:240 - Cannot read IP mode file for STMicroelectronics.X-CUBE-AZRTOS-H7.3.4.0
2025-07-29 09:28:35,369 [WARN] PackLoader:240 - Cannot read IP mode file for STMicroelectronics.X-CUBE-DISPLAY.3.0.0
2025-07-29 09:28:35,393 [WARN] PackLoader:240 - Cannot read IP mode file for STMicroelectronics.X-CUBE-NFC10.1.0.0
2025-07-29 09:28:35,402 [WARN] PackLoader:240 - Cannot read IP mode file for emotas.I-CUBE-CANOPEN.1.3.0
2025-07-29 09:28:35,408 [WARN] PackLoader:240 - Cannot read IP mode file for STMicroelectronics.FP-SNS-SMARTAG2.1.2.0
2025-07-29 09:28:35,414 [WARN] PackLoader:240 - Cannot read IP mode file for STMicroelectronics.FP-SNS-FLIGHT1.5.1.0
2025-07-29 09:28:35,425 [INFO] LogOutputStream:77 - [STDOUT_REDIRECT] 1 : Invalid condition id : UX_CORESTACK_Condition cause : null
2025-07-29 09:28:35,425 [INFO] LogOutputStream:77 - [STDOUT_REDIRECT] 1 : Invalid condition id : UX_CORESTACK_Condition cause : null
2025-07-29 09:28:35,426 [INFO] LogOutputStream:77 - [STDOUT_REDIRECT] 1 : Invalid condition id : UX_CORESTACK_Condition cause : null
2025-07-29 09:28:35,427 [INFO] LogOutputStream:77 - [STDOUT_REDIRECT] 1 : Invalid condition id : UX_CORESTACK_Condition cause : null
2025-07-29 09:28:35,427 [INFO] LogOutputStream:77 - [STDOUT_REDIRECT] 1 : Invalid condition id : UX_CORESTACK_Condition cause : null
2025-07-29 09:28:35,439 [WARN] PackLoader:240 - Cannot read IP mode file for STMicroelectronics.X-CUBE-AZRTOS-WL.2.0.0
2025-07-29 09:28:35,445 [WARN] PackLoader:240 - Cannot read IP mode file for STMicroelectronics.FP-SNS-MOTENV1.5.0.0
2025-07-29 09:28:35,455 [WARN] PackLoader:240 - Cannot read IP mode file for WES.I-CUBE-Cesium.1.3.0
2025-07-29 09:28:35,461 [WARN] PackLoader:240 - Cannot read IP mode file for STMicroelectronics.X-CUBE-BLE2.3.3.0
2025-07-29 09:28:35,469 [WARN] PackLoader:240 - Cannot read IP mode file for STMicroelectronics.X-CUBE-NFC9.1.0.0
2025-07-29 09:28:35,475 [WARN] PackLoader:240 - Cannot read IP mode file for wolfSSL.I-CUBE-wolfSSL.5.8.0
2025-07-29 09:28:35,481 [WARN] PackLoader:240 - Cannot read IP mode file for STMicroelectronics.X-CUBE-BLE1.7.1.0
2025-07-29 09:28:35,484 [WARN] PackLoader:240 - Cannot read IP mode file for wolfSSL.I-CUBE-wolfMQTT.1.19.2
2025-07-29 09:28:35,488 [WARN] PackLoader:240 - Cannot read IP mode file for STMicroelectronics.X-CUBE-EEPRMA1.5.2.0
2025-07-29 09:28:35,493 [WARN] PackLoader:240 - Cannot read IP mode file for STMicroelectronics.X-CUBE-AI.10.1.0
2025-07-29 09:28:35,514 [WARN] PackLoader:240 - Cannot read IP mode file for STMicroelectronics.X-CUBE-AZRTOS-G0.1.1.0
2025-07-29 09:28:35,524 [WARN] PackLoader:240 - Cannot read IP mode file for STMicroelectronics.X-CUBE-SAFEA1.1.2.2
2025-07-29 09:28:35,530 [WARN] PackLoader:240 - Cannot read IP mode file for STMicroelectronics.X-CUBE-NFC4.3.0.0
2025-07-29 09:28:35,551 [WARN] PackLoader:240 - Cannot read IP mode file for EmbeddedOffice.I-CUBE-FS-RTOS.1.0.1
2025-07-29 09:28:35,555 [WARN] PackLoader:240 - Cannot read IP mode file for STMicroelectronics.X-CUBE-WB05N.2.0.0
2025-07-29 09:28:35,558 [WARN] PackLoader:240 - Cannot read IP mode file for wolfSSL.I-CUBE-wolfTPM.3.8.0
2025-07-29 09:28:35,561 [WARN] PackLoader:240 - Cannot read IP mode file for STMicroelectronics.X-CUBE-TCPP.4.2.0
2025-07-29 09:28:35,565 [WARN] PackLoader:240 - Cannot read IP mode file for RealThread.X-CUBE-RT-Thread_Nano.4.1.1
2025-07-29 09:28:35,567 [WARN] PackLoader:240 - Cannot read IP mode file for STMicroelectronics.FP-ATR-SIGFOX1.3.2.0
2025-07-29 09:28:35,571 [WARN] PackLoader:240 - Cannot read IP mode file for ITTIA_DB.I-CUBE-ITTIADB.8.9.0
2025-07-29 09:28:35,576 [WARN] PackLoader:240 - Cannot read IP mode file for STMicroelectronics.X-CUBE-ST67W61.1.0.0
2025-07-29 09:28:35,588 [WARN] PackLoader:240 - Cannot read IP mode file for SEGGER.I-CUBE-embOS.1.3.1
2025-07-29 09:28:35,623 [WARN] PackLoader:240 - Cannot read IP mode file for STMicroelectronics.X-CUBE-ALGOBUILD.1.4.0
2025-07-29 09:28:35,654 [WARN] PackLoader:240 - Cannot read IP mode file for STMicroelectronics.X-CUBE-MEMS1.11.3.0
2025-07-29 09:28:35,705 [WARN] PackLoader:240 - Cannot read IP mode file for STMicroelectronics.X-CUBE-PM33A1.1.0.0
2025-07-29 09:28:35,711 [WARN] PackLoader:240 - Cannot read IP mode file for STMicroelectronics.X-CUBE-AZRTOS-F4.1.1.0
2025-07-29 09:28:35,714 [WARN] PackLoader:240 - Cannot read IP mode file for STMicroelectronics.X-CUBE-ISPU.2.1.0
2025-07-29 09:28:35,717 [WARN] PackLoader:240 - Cannot read IP mode file for STMicroelectronics.X-CUBE-NFC12.1.0.0
2025-07-29 09:28:35,723 [WARN] PackLoader:240 - Cannot read IP mode file for STMicroelectronics.X-CUBE-AZRTOS-L5.2.0.0
2025-07-29 09:28:35,727 [WARN] PackLoader:240 - Cannot read IP mode file for STMicroelectronics.X-CUBE-NFC6.3.1.0
2025-07-29 09:28:35,731 [WARN] PackLoader:240 - Cannot read IP mode file for STMicroelectronics.X-CUBE-FREERTOS.1.3.1
2025-07-29 09:28:35,733 [WARN] PackLoader:240 - Cannot read IP mode file for STMicroelectronics.FP-SNS-STAIOTCFT.1.0.0
2025-07-29 09:28:35,737 [WARN] PackLoader:240 - Cannot read IP mode file for STMicroelectronics.X-CUBE-DPower.1.3.0
2025-07-29 09:28:35,745 [WARN] ConditionMgr:438 - getConditionDescription Invalid condition id : LAN8742 Phy interface Condition cause : null
2025-07-29 09:28:35,746 [WARN] PackLoader:240 - Cannot read IP mode file for STMicroelectronics.X-CUBE-AZRTOS-L4.2.0.0
2025-07-29 09:28:35,746 [WARN] ConditionMgr:1044 - genDependencies : Invalid condition id : LAN8742 Phy interface Condition cause : null
2025-07-29 09:28:35,746 [WARN] ConditionMgr:1044 - genDependencies : Invalid condition id : LAN8742 Phy interface Condition cause : null
2025-07-29 09:28:35,747 [WARN] ConditionMgr:1044 - genDependencies : Invalid condition id : LAN8742 Phy interface Condition cause : null
2025-07-29 09:28:35,751 [WARN] PackLoader:240 - Cannot read IP mode file for STMicroelectronics.X-CUBE-SFXS2LP1.4.0.0
2025-07-29 09:28:35,756 [WARN] PackLoader:240 - Cannot read IP mode file for STMicroelectronics.X-CUBE-BLEMGR.4.1.0
2025-07-29 09:28:35,761 [WARN] ConditionMgr:438 - getConditionDescription Invalid condition id : UX DEVICE CLASS RTOS Condition cause : null
2025-07-29 09:28:35,762 [WARN] ConditionMgr:438 - getConditionDescription Invalid condition id : UX DEVICE CLASS RTOS Condition cause : null
2025-07-29 09:28:35,762 [WARN] PackLoader:240 - Cannot read IP mode file for STMicroelectronics.X-CUBE-AZRTOS-WB.2.0.0
2025-07-29 09:28:35,763 [WARN] ConditionMgr:1044 - genDependencies : Invalid condition id : UX DEVICE CLASS RTOS Condition cause : null
2025-07-29 09:28:35,763 [WARN] ConditionMgr:1044 - genDependencies : Invalid condition id : UX DEVICE CLASS RTOS Condition cause : null
2025-07-29 09:28:35,763 [WARN] ConditionMgr:1044 - genDependencies : Invalid condition id : UX DEVICE CLASS RTOS Condition cause : null
2025-07-29 09:28:35,763 [WARN] ConditionMgr:1044 - genDependencies : Invalid condition id : UX DEVICE CLASS RTOS Condition cause : null
2025-07-29 09:28:35,763 [WARN] ConditionMgr:1044 - genDependencies : Invalid condition id : UX DEVICE CLASS RTOS Condition cause : null
2025-07-29 09:28:35,767 [WARN] PackLoader:240 - Cannot read IP mode file for STMicroelectronics.X-CUBE-GNSS1.7.0.1
2025-07-29 09:28:35,770 [WARN] PackLoader:240 - Cannot read IP mode file for STMicroelectronics.X-CUBE-TOUCHGFX.4.25.0
2025-07-29 09:28:35,773 [WARN] PackLoader:240 - Cannot read IP mode file for STMicroelectronics.FP-SNS-STBOX1.2.0.0
2025-07-29 09:28:35,775 [WARN] ConditionMgr:438 - getConditionDescription Invalid condition id : Cortex-A Device cause : null
2025-07-29 09:28:35,783 [WARN] ConditionMgr:1044 - genDependencies : Invalid condition id : Cortex-A Device cause : null
2025-07-29 09:28:35,783 [WARN] ConditionMgr:1044 - genDependencies : Invalid condition id : Cortex-A Device cause : null
2025-07-29 09:28:35,783 [WARN] ConditionMgr:1044 - genDependencies : Invalid condition id : Cortex-A Device cause : null
2025-07-29 09:28:35,787 [WARN] PackLoader:240 - Cannot read IP mode file for STMicroelectronics.X-CUBE-SUBG2.5.0.0
2025-07-29 09:28:35,796 [WARN] PackLoader:240 - Cannot read IP mode file for STMicroelectronics.X-CUBE-AZRTOS-H7RS.1.1.0
2025-07-29 09:28:35,799 [WARN] PackLoader:240 - Cannot read IP mode file for Cesanta.I-CUBE-Mongoose.7.13.0
2025-07-29 09:28:35,804 [WARN] PackLoader:240 - Cannot read IP mode file for STMicroelectronics.X-CUBE-AZRTOS-G4.2.0.0
2025-07-29 09:28:35,808 [WARN] PackLoader:240 - Cannot read IP mode file for wolfSSL.I-CUBE-wolfSSH.1.4.20
2025-07-29 09:28:35,811 [WARN] PackLoader:240 - Cannot read IP mode file for STMicroelectronics.X-CUBE-NFC7.2.0.0
2025-07-29 09:28:35,821 [WARN] PackLoader:240 - Cannot read IP mode file for STMicroelectronics.X-CUBE-IPS.3.1.0
2025-07-29 09:28:35,828 [WARN] PackLoader:240 - Cannot read IP mode file for STMicroelectronics.X-CUBE-ALS.1.0.2
2025-07-29 09:28:35,831 [WARN] PackLoader:240 - Cannot read IP mode file for portGmbH.I-Cube-SoM-uGOAL.1.1.0
2025-07-29 09:28:35,838 [WARN] PackLoader:240 - Cannot read IP mode file for STMicroelectronics.X-CUBE-TOF1.3.4.3
2025-07-29 09:28:35,843 [INFO] ThirdParty:978 - Integrity check success = true
2025-07-29 09:28:35,843 [INFO] IntegrityCheckThread:100 - exiting critical section [integrity check]
2025-07-29 09:28:35,843 [INFO] IntegrityCheckThread:103 - End integrity checks thread
2025-07-29 10:24:50,882 [INFO] WebApp:194 - Connection lost
2025-07-29 10:24:51,211 [INFO] WebApp:191 - Connection restablished
2025-07-29 10:24:52,618 [INFO] WebApp:194 - Connection lost
2025-07-29 10:24:52,865 [INFO] WebApp:191 - Connection restablished
2025-07-29 10:24:55,802 [INFO] WebApp:194 - Connection lost
2025-07-29 10:24:55,989 [INFO] WebApp:191 - Connection restablished
2025-07-29 10:29:58,176 [ERROR] LogOutputStream:75 - [STDERR_REDIRECT] 
2025-07-29 10:33:58,398 [INFO] Activator:176 - 


2025-07-29 10:33:58,399 [INFO] Activator:177 - !SESSION log4j initialized
2025-07-29 10:34:02,516 [INFO] LogOutputStream:77 - [STDOUT_REDIRECT] 
2025-07-29 10:34:03,442 [INFO] ApplicationProperties:184 - Using Application install path: C:\ST\STM32CubeIDE_1.19.0\STM32CubeIDE\plugins\com.st.stm32cube.common.mx_6.15.0.202507011659
2025-07-29 10:34:03,463 [INFO] DbMcusXml:78 - Set database path to: C:\ST\STM32CubeIDE_1.19.0\STM32CubeIDE\plugins\com.st.stm32cube.common.mx_6.15.0.202507011659\\db\/mcu/
2025-07-29 10:34:03,463 [INFO] ApiDb:274 - Set plugin database path to: C:\ST\STM32CubeIDE_1.19.0\STM32CubeIDE\plugins\com.st.stm32cube.common.mx_6.15.0.202507011659\\db\/plugins/boardmanager/
2025-07-29 10:34:03,463 [WARN] ApiDb:259 - Overriding images path with different value:  => C:\ST\STM32CubeIDE_1.19.0\STM32CubeIDE\plugins\com.st.stm32cube.common.mx_6.15.0.202507011659\\db\/plugins/mcufinder/images/
2025-07-29 10:34:03,472 [INFO] ApiDb:250 - Set database path to: C:\Users\User\.stmcufinder\plugins\mcufinder//mcu/
2025-07-29 10:34:03,473 [INFO] DbMcusAds:125 - Set database path to: C:\Users\User\.stmcufinder\plugins\mcufinder//mcu/
2025-07-29 10:34:03,476 [INFO] CrossReferenceDbSqlite:203 - Set database path to: C:\Users\User\.stmcufinder\plugins\mcufinder//mcu/cs/
2025-07-29 10:34:03,559 [INFO] RulesReader:64 - Compatibility file has been processed (317 Rules)
2025-07-29 10:34:03,601 [INFO] DbMcusXml:78 - Set database path to: C:\ST\STM32CubeIDE_1.19.0\STM32CubeIDE\plugins\com.st.stm32cube.common.mx_6.15.0.202507011659\\db\/mcu/
2025-07-29 10:34:03,601 [INFO] ApiDb:274 - Set plugin database path to: C:\ST\STM32CubeIDE_1.19.0\STM32CubeIDE\plugins\com.st.stm32cube.common.mx_6.15.0.202507011659\\db\/plugins/boardmanager/
2025-07-29 10:34:03,601 [INFO] ApiDb:261 - Set plugin images path to: C:\ST\STM32CubeIDE_1.19.0\STM32CubeIDE\plugins\com.st.stm32cube.common.mx_6.15.0.202507011659\\db\/plugins/mcufinder/images/
2025-07-29 10:34:03,601 [WARN] DbFile:41 - Overriding database path with different value: C:\Users\User\.stmcufinder\plugins\mcufinder/ => C:\Users\User\.stmcufinder\plugins\mcufinder
2025-07-29 10:34:03,601 [INFO] ApiDb:250 - Set database path to: C:\Users\User\.stmcufinder\plugins\mcufinder//mcu/
2025-07-29 10:34:03,601 [WARN] DbFile:41 - Overriding database path with different value: C:\Users\User\.stmcufinder\plugins\mcufinder/ => C:\Users\User\.stmcufinder\plugins\mcufinder
2025-07-29 10:34:03,601 [INFO] DbMcusAds:125 - Set database path to: C:\Users\User\.stmcufinder\plugins\mcufinder//mcu/
2025-07-29 10:34:03,601 [WARN] DbFile:41 - Overriding database path with different value: C:\Users\User\.stmcufinder\plugins\mcufinder/ => C:\Users\User\.stmcufinder\plugins\mcufinder
2025-07-29 10:34:03,601 [WARN] DbFile:41 - Overriding database path with different value: C:\Users\User\.stmcufinder\plugins\mcufinder/ => C:\Users\User\.stmcufinder\plugins\mcufinder
2025-07-29 10:34:03,601 [INFO] CrossReferenceDbSqlite:203 - Set database path to: C:\Users\User\.stmcufinder\plugins\mcufinder//mcu/cs/
2025-07-29 10:34:03,657 [INFO] MainPanel:274 - HeapMemory: 279969792
2025-07-29 10:34:03,744 [INFO] DbMcusXml:78 - Set database path to: C:\ST\STM32CubeIDE_1.19.0\STM32CubeIDE\plugins\com.st.stm32cube.common.mx_6.15.0.202507011659\\db\/mcu/
2025-07-29 10:34:03,745 [INFO] ApiDb:274 - Set plugin database path to: C:\ST\STM32CubeIDE_1.19.0\STM32CubeIDE\plugins\com.st.stm32cube.common.mx_6.15.0.202507011659\\db\/plugins/boardmanager/
2025-07-29 10:34:03,745 [INFO] ApiDb:261 - Set plugin images path to: C:\ST\STM32CubeIDE_1.19.0\STM32CubeIDE\plugins\com.st.stm32cube.common.mx_6.15.0.202507011659\\db\/plugins/mcufinder/images/
2025-07-29 10:34:03,745 [WARN] DbFile:41 - Overriding database path with different value: C:\Users\User\.stmcufinder\plugins\mcufinder/ => C:\Users\User\.stmcufinder\plugins\mcufinder
2025-07-29 10:34:03,745 [INFO] ApiDb:250 - Set database path to: C:\Users\User\.stmcufinder\plugins\mcufinder//mcu/
2025-07-29 10:34:03,745 [WARN] DbFile:41 - Overriding database path with different value: C:\Users\User\.stmcufinder\plugins\mcufinder/ => C:\Users\User\.stmcufinder\plugins\mcufinder
2025-07-29 10:34:03,745 [INFO] DbMcusAds:125 - Set database path to: C:\Users\User\.stmcufinder\plugins\mcufinder//mcu/
2025-07-29 10:34:03,745 [WARN] DbFile:41 - Overriding database path with different value: C:\Users\User\.stmcufinder\plugins\mcufinder/ => C:\Users\User\.stmcufinder\plugins\mcufinder
2025-07-29 10:34:03,745 [WARN] DbFile:41 - Overriding database path with different value: C:\Users\User\.stmcufinder\plugins\mcufinder/ => C:\Users\User\.stmcufinder\plugins\mcufinder
2025-07-29 10:34:03,745 [INFO] CrossReferenceDbSqlite:203 - Set database path to: C:\Users\User\.stmcufinder\plugins\mcufinder//mcu/cs/
2025-07-29 10:34:03,757 [INFO] ApplicationProperties:184 - Using Application install path: C:\ST\STM32CubeIDE_1.19.0\STM32CubeIDE\plugins\com.st.stm32cube.common.mx_6.15.0.202507011659
2025-07-29 10:34:03,758 [INFO] PluginManage:196 - Search for loadable plugins [exclusion list=, ]
2025-07-29 10:34:03,759 [INFO] PluginManage:310 - Check plugin analytics
2025-07-29 10:34:03,880 [INFO] AnalyticsPlugin:253 - Accepted Software Licenses: 
2025-07-29 10:34:03,880 [INFO] AnalyticsPlugin:255 - Accepted CMSIS Pack Licenses: 
2025-07-29 10:34:03,880 [INFO] AnalyticsPlugin:257 - Accepted Firmware Licenses: FW.WL.1.3.0
2025-07-29 10:34:03,881 [INFO] PluginManage:359 - Loaded plugin analytics (category:tool,tabindex:-1)
2025-07-29 10:34:03,882 [INFO] PluginManage:310 - Check plugin cadmodel
2025-07-29 10:34:03,887 [INFO] CADModel:105 - Init CAD model plugin
2025-07-29 10:34:03,887 [INFO] PluginManage:359 - Loaded plugin cadmodel (category:power,tabindex:5)
2025-07-29 10:34:03,887 [INFO] PluginManage:310 - Check plugin clock
2025-07-29 10:34:03,895 [INFO] PluginManage:359 - Loaded plugin clock (category:base,tabindex:2)
2025-07-29 10:34:03,895 [INFO] PluginManage:310 - Check plugin ddr
2025-07-29 10:34:03,897 [INFO] PluginManage:359 - Loaded plugin ddr (category:tool,tabindex:6)
2025-07-29 10:34:03,897 [INFO] PluginManage:310 - Check plugin filemanager
2025-07-29 10:34:04,012 [INFO] PluginManage:359 - Loaded plugin filemanager (category:base,tabindex:10)
2025-07-29 10:34:04,012 [INFO] PluginManage:310 - Check plugin ipmanager
2025-07-29 10:34:04,016 [INFO] PluginManage:359 - Loaded plugin ipmanager (category:base,tabindex:5)
2025-07-29 10:34:04,017 [INFO] PluginManage:310 - Check plugin lpbam
2025-07-29 10:34:04,023 [INFO] PluginManage:359 - Loaded plugin lpbam (category:base,tabindex:0)
2025-07-29 10:34:04,023 [INFO] PluginManage:310 - Check plugin memorymap
2025-07-29 10:34:04,035 [INFO] PluginManage:359 - Loaded plugin memorymap (category:base,tabindex:4)
2025-07-29 10:34:04,035 [INFO] PluginManage:310 - Check plugin pinoutandconfiguration
2025-07-29 10:34:04,042 [INFO] PluginManage:359 - Loaded plugin pinoutandconfiguration (category:base,tabindex:1)
2025-07-29 10:34:04,042 [INFO] PluginManage:310 - Check plugin pinoutconfig
2025-07-29 10:34:04,099 [WARN] SupportedApi:132 - Cannot load RTOS API schema: s4s-elt-must-match.1: The content of 'definitions' must match (annotation?, (simpleType | complexType)?, (unique | key | keyref)*)). A problem was found starting at: attribute.
2025-07-29 10:34:04,214 [INFO] PluginManage:359 - Loaded plugin pinoutconfig (category:base,tabindex:0)
2025-07-29 10:34:04,214 [INFO] PluginManage:310 - Check plugin power
2025-07-29 10:34:04,224 [INFO] PluginManage:359 - Loaded plugin power (category:power,tabindex:4)
2025-07-29 10:34:04,224 [INFO] PluginManage:310 - Check plugin projectmanager
2025-07-29 10:34:04,235 [INFO] PluginManage:359 - Loaded plugin projectmanager (category:projectmanager,tabindex:4)
2025-07-29 10:34:04,235 [INFO] PluginManage:310 - Check plugin rif
2025-07-29 10:34:04,243 [INFO] PluginManage:359 - Loaded plugin rif (category:base,tabindex:3)
2025-07-29 10:34:04,243 [INFO] PluginManage:310 - Check plugin thirdparty
2025-07-29 10:34:04,342 [INFO] PluginManage:359 - Loaded plugin thirdparty (category:base,tabindex:-1)
2025-07-29 10:34:04,342 [WARN] IntegrityCheckThread:84 - waiting for thirdparty lock release [integrity check]
2025-07-29 10:34:04,343 [INFO] PluginManage:310 - Check plugin tools
2025-07-29 10:34:04,343 [INFO] IntegrityCheckThread:86 - entering critical section [integrity check]
2025-07-29 10:34:04,343 [INFO] ThirdPartyUpdaterWithRetryManager:70 - Updater plugin not ready yet. [1/15]
2025-07-29 10:34:04,345 [INFO] PluginManage:359 - Loaded plugin tools (category:base,tabindex:7)
2025-07-29 10:34:04,345 [INFO] PluginManage:310 - Check plugin tutovideos
2025-07-29 10:34:04,520 [INFO] PluginManage:359 - Loaded plugin tutovideos (category:base,tabindex:-1)
2025-07-29 10:34:04,520 [INFO] PluginManage:310 - Check plugin updater
2025-07-29 10:34:04,539 [INFO] PluginManage:359 - Loaded plugin updater (category:base,tabindex:12)
2025-07-29 10:34:04,539 [INFO] PluginManage:310 - Check plugin userauth
2025-07-29 10:34:04,543 [INFO] UserAuth:118 - Init User Auth plugin
2025-07-29 10:34:04,543 [INFO] PluginManage:359 - Loaded plugin userauth (category:base,tabindex:14)
2025-07-29 10:34:04,543 [INFO] PluginManage:283 - PluginManage : Loaded plugins [18]
2025-07-29 10:34:04,708 [INFO] PinOutPanel:1589 - setPackage(No Configuration,No Configuration)
2025-07-29 10:34:04,765 [INFO] CADModel:165 - CPN selected for project level
2025-07-29 10:34:04,765 [INFO] CADModel:114 - Register for checkConnection events
2025-07-29 10:34:04,780 [INFO] IPUIPlugin:80 - create IPUIPlugin
2025-07-29 10:34:04,780 [INFO] PluginManager:220 - loadIPPluginJar : add adc
2025-07-29 10:34:04,782 [INFO] IPUIPlugin:80 - create IPUIPlugin
2025-07-29 10:34:04,782 [INFO] PluginManager:220 - loadIPPluginJar : add aes
2025-07-29 10:34:04,784 [INFO] IPUIPlugin:80 - create IPUIPlugin
2025-07-29 10:34:04,784 [INFO] PluginManager:220 - loadIPPluginJar : add can
2025-07-29 10:34:04,785 [INFO] IPUIPlugin:80 - create IPUIPlugin
2025-07-29 10:34:04,785 [INFO] PluginManager:220 - loadIPPluginJar : add comp
2025-07-29 10:34:04,787 [INFO] IPUIPlugin:80 - create IPUIPlugin
2025-07-29 10:34:04,787 [INFO] PluginManager:220 - loadIPPluginJar : add cryp
2025-07-29 10:34:04,790 [INFO] IPUIPlugin:80 - create IPUIPlugin
2025-07-29 10:34:04,791 [INFO] PluginManager:220 - loadIPPluginJar : add ddr_ctrl_phy
2025-07-29 10:34:04,792 [INFO] IPUIPlugin:80 - create IPUIPlugin
2025-07-29 10:34:04,793 [INFO] PluginManager:220 - loadIPPluginJar : add dfsdm
2025-07-29 10:34:04,797 [INFO] IPUIPlugin:80 - create IPUIPlugin
2025-07-29 10:34:04,797 [INFO] PluginManager:220 - loadIPPluginJar : add dma
2025-07-29 10:34:04,799 [INFO] IPUIPlugin:80 - create IPUIPlugin
2025-07-29 10:34:04,799 [INFO] PluginManager:220 - loadIPPluginJar : add dma3
2025-07-29 10:34:04,801 [INFO] IPUIPlugin:80 - create IPUIPlugin
2025-07-29 10:34:04,801 [INFO] PluginManager:220 - loadIPPluginJar : add extmemmanager
2025-07-29 10:34:04,802 [INFO] IPUIPlugin:80 - create IPUIPlugin
2025-07-29 10:34:04,802 [INFO] PluginManager:220 - loadIPPluginJar : add fatfs
2025-07-29 10:34:04,805 [INFO] IPUIPlugin:80 - create IPUIPlugin
2025-07-29 10:34:04,805 [INFO] PluginManager:220 - loadIPPluginJar : add fmc
2025-07-29 10:34:04,810 [INFO] IPUIPlugin:80 - create IPUIPlugin
2025-07-29 10:34:04,811 [INFO] PluginManager:220 - loadIPPluginJar : add freertos
2025-07-29 10:34:04,812 [INFO] IPUIPlugin:80 - create IPUIPlugin
2025-07-29 10:34:04,812 [INFO] PluginManager:220 - loadIPPluginJar : add genericplugin
2025-07-29 10:34:04,813 [INFO] IPUIPlugin:80 - create IPUIPlugin
2025-07-29 10:34:04,813 [INFO] PluginManager:220 - loadIPPluginJar : add gfxmmu
2025-07-29 10:34:04,816 [INFO] IPUIPlugin:80 - create IPUIPlugin
2025-07-29 10:34:04,816 [INFO] PluginManager:220 - loadIPPluginJar : add gic
2025-07-29 10:34:04,820 [INFO] IPUIPlugin:80 - create IPUIPlugin
2025-07-29 10:34:04,820 [INFO] PluginManager:220 - loadIPPluginJar : add gpio
2025-07-29 10:34:04,822 [INFO] IPUIPlugin:80 - create IPUIPlugin
2025-07-29 10:34:04,822 [INFO] PluginManager:220 - loadIPPluginJar : add gtzc
2025-07-29 10:34:04,824 [INFO] IPUIPlugin:80 - create IPUIPlugin
2025-07-29 10:34:04,824 [INFO] PluginManager:220 - loadIPPluginJar : add hash
2025-07-29 10:34:04,826 [INFO] IPUIPlugin:80 - create IPUIPlugin
2025-07-29 10:34:04,826 [INFO] PluginManager:220 - loadIPPluginJar : add i2c
2025-07-29 10:34:04,828 [INFO] IPUIPlugin:80 - create IPUIPlugin
2025-07-29 10:34:04,828 [INFO] PluginManager:220 - loadIPPluginJar : add i2s
2025-07-29 10:34:04,830 [INFO] IPUIPlugin:80 - create IPUIPlugin
2025-07-29 10:34:04,830 [INFO] PluginManager:220 - loadIPPluginJar : add i3c
2025-07-29 10:34:04,832 [INFO] IPUIPlugin:80 - create IPUIPlugin
2025-07-29 10:34:04,832 [INFO] PluginManager:220 - loadIPPluginJar : add ipddr
2025-07-29 10:34:04,837 [INFO] IPUIPlugin:80 - create IPUIPlugin
2025-07-29 10:34:04,837 [INFO] PluginManager:220 - loadIPPluginJar : add linkedlist
2025-07-29 10:34:04,839 [INFO] IPUIPlugin:80 - create IPUIPlugin
2025-07-29 10:34:04,839 [INFO] PluginManager:220 - loadIPPluginJar : add lorawan
2025-07-29 10:34:04,840 [INFO] IPUIPlugin:80 - create IPUIPlugin
2025-07-29 10:34:04,840 [INFO] PluginManager:220 - loadIPPluginJar : add ltdc
2025-07-29 10:34:04,844 [INFO] IPUIPlugin:80 - create IPUIPlugin
2025-07-29 10:34:04,844 [INFO] PluginManager:220 - loadIPPluginJar : add mdma
2025-07-29 10:34:04,847 [INFO] IPUIPlugin:80 - create IPUIPlugin
2025-07-29 10:34:04,847 [INFO] PluginManager:220 - loadIPPluginJar : add nvic
2025-07-29 10:34:04,849 [INFO] IPUIPlugin:80 - create IPUIPlugin
2025-07-29 10:34:04,849 [INFO] PluginManager:220 - loadIPPluginJar : add opamp
2025-07-29 10:34:04,851 [INFO] IPUIPlugin:80 - create IPUIPlugin
2025-07-29 10:34:04,851 [INFO] PluginManager:220 - loadIPPluginJar : add openamp
2025-07-29 10:34:04,853 [INFO] IPUIPlugin:80 - create IPUIPlugin
2025-07-29 10:34:04,853 [INFO] PluginManager:220 - loadIPPluginJar : add pdm2pcm
2025-07-29 10:34:04,857 [INFO] IPUIPlugin:80 - create IPUIPlugin
2025-07-29 10:34:04,858 [INFO] PluginManager:220 - loadIPPluginJar : add plateformsettings
2025-07-29 10:34:04,859 [INFO] IPUIPlugin:80 - create IPUIPlugin
2025-07-29 10:34:04,859 [INFO] PluginManager:220 - loadIPPluginJar : add quadspi
2025-07-29 10:34:04,861 [INFO] IPUIPlugin:80 - create IPUIPlugin
2025-07-29 10:34:04,861 [INFO] PluginManager:220 - loadIPPluginJar : add radio
2025-07-29 10:34:04,864 [INFO] IPUIPlugin:80 - create IPUIPlugin
2025-07-29 10:34:04,864 [INFO] PluginManager:220 - loadIPPluginJar : add resmgrutility
2025-07-29 10:34:04,866 [INFO] IPUIPlugin:80 - create IPUIPlugin
2025-07-29 10:34:04,866 [INFO] PluginManager:220 - loadIPPluginJar : add sai
2025-07-29 10:34:04,868 [INFO] IPUIPlugin:80 - create IPUIPlugin
2025-07-29 10:34:04,868 [INFO] PluginManager:220 - loadIPPluginJar : add spi
2025-07-29 10:34:04,872 [INFO] IPUIPlugin:80 - create IPUIPlugin
2025-07-29 10:34:04,872 [INFO] PluginManager:220 - loadIPPluginJar : add stm32_wpan
2025-07-29 10:34:04,874 [INFO] IPUIPlugin:80 - create IPUIPlugin
2025-07-29 10:34:04,874 [INFO] PluginManager:220 - loadIPPluginJar : add tim
2025-07-29 10:34:04,876 [INFO] IPUIPlugin:80 - create IPUIPlugin
2025-07-29 10:34:04,876 [INFO] PluginManager:220 - loadIPPluginJar : add touchsensing
2025-07-29 10:34:04,878 [INFO] IPUIPlugin:80 - create IPUIPlugin
2025-07-29 10:34:04,878 [INFO] PluginManager:220 - loadIPPluginJar : add tracer_emb
2025-07-29 10:34:04,879 [INFO] IPUIPlugin:80 - create IPUIPlugin
2025-07-29 10:34:04,879 [INFO] PluginManager:220 - loadIPPluginJar : add ts
2025-07-29 10:34:04,881 [INFO] IPUIPlugin:80 - create IPUIPlugin
2025-07-29 10:34:04,881 [INFO] PluginManager:220 - loadIPPluginJar : add tsc
2025-07-29 10:34:04,882 [INFO] IPUIPlugin:80 - create IPUIPlugin
2025-07-29 10:34:04,882 [INFO] PluginManager:220 - loadIPPluginJar : add ucpd
2025-07-29 10:34:04,884 [INFO] IPUIPlugin:80 - create IPUIPlugin
2025-07-29 10:34:04,884 [INFO] PluginManager:220 - loadIPPluginJar : add usart
2025-07-29 10:34:04,886 [INFO] IPUIPlugin:80 - create IPUIPlugin
2025-07-29 10:34:04,886 [INFO] PluginManager:220 - loadIPPluginJar : add usbx
2025-07-29 10:34:05,015 [FATAL] Updater:351 - Updater called before beeing initialized
2025-07-29 10:34:05,034 [INFO] RulesReader:64 - Compatibility file has been processed (317 Rules)
2025-07-29 10:34:05,040 [INFO] RulesReader:64 - Compatibility file has been processed (317 Rules)
2025-07-29 10:34:05,047 [INFO] CADModel:165 - CPN selected for project level
2025-07-29 10:34:05,047 [INFO] CADModel:114 - Register for checkConnection events
2025-07-29 10:34:05,047 [FATAL] Updater:351 - Updater called before beeing initialized
2025-07-29 10:34:05,047 [ERROR] CADModel:125 - Updater not yet initialized, retry later 
2025-07-29 10:34:05,151 [FATAL] Updater:351 - Updater called before beeing initialized
2025-07-29 10:34:05,153 [INFO] CADModel:165 - CPN selected for project level
2025-07-29 10:34:05,153 [INFO] CADModel:114 - Register for checkConnection events
2025-07-29 10:34:05,153 [FATAL] Updater:351 - Updater called before beeing initialized
2025-07-29 10:34:05,153 [ERROR] CADModel:125 - Updater not yet initialized, retry later 
2025-07-29 10:34:05,156 [FATAL] Updater:351 - Updater called before beeing initialized
2025-07-29 10:34:05,225 [FATAL] Updater:351 - Updater called before beeing initialized
2025-07-29 10:34:05,227 [INFO] DbMcusAds:53 - JSON generation date=Tue Jul 08 13:44:23 IST 2025 (1751962463562)
2025-07-29 10:34:05,227 [FATAL] Updater:351 - Updater called before beeing initialized
2025-07-29 10:34:05,256 [WARN] DetailPanel:346 - Failed to get advertising image, set to default
2025-07-29 10:34:05,309 [FATAL] Updater:351 - Updater called before beeing initialized
2025-07-29 10:34:05,310 [FATAL] Updater:351 - Updater called before beeing initialized
2025-07-29 10:34:05,310 [FATAL] Updater:351 - Updater called before beeing initialized
2025-07-29 10:34:05,310 [WARN] DetailPanel:346 - Failed to get advertising image, set to default
2025-07-29 10:34:05,311 [FATAL] Updater:351 - Updater called before beeing initialized
2025-07-29 10:34:05,341 [ERROR] Updater:1198 - MainUpdater not yet initialized. External WinMGr cannot be set.
2025-07-29 10:34:05,342 [INFO] Updater:1134 - Updater Version found : 6.15.0
2025-07-29 10:34:05,356 [INFO] ApplicationProperties:184 - Using Application install path: C:\ST\STM32CubeIDE_1.19.0\STM32CubeIDE\plugins\com.st.stm32cube.common.mx_6.15.0.202507011659
2025-07-29 10:34:06,936 [ERROR] LogOutputStream:75 - [STDERR_REDIRECT] Jul 29, 2025 10:34:06 AM java.util.prefs.WindowsPreferences <init>
2025-07-29 10:34:06,939 [ERROR] LogOutputStream:75 - [STDERR_REDIRECT] WARNING: Could not open/create prefs root node Software\JavaSoft\Prefs at root 0xffffffff80000002. Windows RegCreateKeyEx(...) returned error code 5.
2025-07-29 10:34:06,939 [ERROR] LogOutputStream:75 - [STDERR_REDIRECT] 
2025-07-29 10:34:07,216 [INFO] MainUpdater:2872 - connection check result : 10
2025-07-29 10:34:07,217 [INFO] MainUpdater:289 - Updater Check For Update Now.
2025-07-29 10:34:07,217 [INFO] MicroXplorer:498 - Change Database Version : DB.6.0.150
2025-07-29 10:34:07,224 [INFO] McuFinderGlobals:63 - Set McuFinder mode to 2 (CubeIDE integrated)
2025-07-29 10:34:07,225 [INFO] UserAuth:487 - Internet connection configuration mode: 1
2025-07-29 10:34:07,256 [INFO] JxBrowserEngine:152 - Initiate JxBrowser Engine with user profile folder
2025-07-29 10:34:07,344 [WARN] MainUpdater:1193 - Updater busy. Cannot search thirdparties
2025-07-29 10:34:07,344 [INFO] ThirdPartyUpdaterWithRetryManager:96 - Updater plugin is busy. [1/15]
2025-07-29 10:34:07,380 [INFO] CheckServerUpdateThread:120 - End of CheckServer Thread
2025-07-29 10:34:08,574 [INFO] WebApp:169 - Instantiating new browser for Auth
2025-07-29 10:34:09,157 [INFO] WebApp:463 - Apply proxy settings
2025-07-29 10:34:09,157 [INFO] WebApp:548 - Chromium requires no authentication
2025-07-29 10:34:09,167 [INFO] WebApp:491 - Direct internet connection detected
2025-07-29 10:34:09,190 [INFO] WebApp:900 - Register for checkConnection events
2025-07-29 10:34:09,190 [INFO] WebApp:463 - Apply proxy settings
2025-07-29 10:34:09,190 [INFO] WebApp:548 - Chromium requires no authentication
2025-07-29 10:34:09,191 [INFO] WebApp:491 - Direct internet connection detected
2025-07-29 10:34:09,347 [INFO] WebApp:225 - Starting web application
2025-07-29 10:34:09,347 [INFO] WebApp:593 - Web application path used C:\ST\STM32CubeIDE_1.19.0\STM32CubeIDE\plugins\com.st.stm32cube.common.mx_6.15.0.202507011659\db\plugins\mcufinder\reactClient1\index.html
2025-07-29 10:34:09,408 [INFO] UserAuth:487 - Internet connection configuration mode: 1
2025-07-29 10:34:09,528 [INFO] WebApp:191 - Connection restablished
2025-07-29 10:34:10,531 [WARN] PackLoader:240 - Cannot read IP mode file for STMicroelectronics.FP-SNS-MOTENVWB1.1.4.0
2025-07-29 10:34:10,539 [WARN] PackLoader:240 - Cannot read IP mode file for STMicroelectronics.FP-ATR-ASTRA1.2.0.2
2025-07-29 10:34:10,548 [WARN] PackLoader:240 - Cannot read IP mode file for STMicroelectronics.X-CUBE-SMBUS.2.1.0
2025-07-29 10:34:10,553 [WARN] PackLoader:240 - Cannot read IP mode file for STMicroelectronics.X-CUBE-ST60.1.0.0
2025-07-29 10:34:10,574 [WARN] PackLoader:240 - Cannot read IP mode file for STMicroelectronics.X-CUBE-AZRTOS-F7.1.1.0
2025-07-29 10:34:10,596 [WARN] PackLoader:240 - Cannot read IP mode file for Infineon.AIROC-Wi-Fi-Bluetooth-STM32.1.7.1
2025-07-29 10:34:10,615 [WARN] PackLoader:240 - Cannot read IP mode file for STMicroelectronics.X-CUBE-AZRTOS-H7.3.4.0
2025-07-29 10:34:10,622 [WARN] PackLoader:240 - Cannot read IP mode file for STMicroelectronics.X-CUBE-DISPLAY.3.0.0
2025-07-29 10:34:10,632 [WARN] PackLoader:240 - Cannot read IP mode file for STMicroelectronics.X-CUBE-NFC10.1.0.0
2025-07-29 10:34:10,638 [WARN] PackLoader:240 - Cannot read IP mode file for emotas.I-CUBE-CANOPEN.1.3.0
2025-07-29 10:34:10,641 [WARN] PackLoader:240 - Cannot read IP mode file for STMicroelectronics.FP-SNS-SMARTAG2.1.2.0
2025-07-29 10:34:10,644 [WARN] PackLoader:240 - Cannot read IP mode file for STMicroelectronics.FP-SNS-FLIGHT1.5.1.0
2025-07-29 10:34:10,650 [INFO] LogOutputStream:77 - [STDOUT_REDIRECT] 1 : Invalid condition id : UX_CORESTACK_Condition cause : null
2025-07-29 10:34:10,650 [INFO] LogOutputStream:77 - [STDOUT_REDIRECT] 1 : Invalid condition id : UX_CORESTACK_Condition cause : null
2025-07-29 10:34:10,651 [INFO] LogOutputStream:77 - [STDOUT_REDIRECT] 1 : Invalid condition id : UX_CORESTACK_Condition cause : null
2025-07-29 10:34:10,651 [INFO] LogOutputStream:77 - [STDOUT_REDIRECT] 1 : Invalid condition id : UX_CORESTACK_Condition cause : null
2025-07-29 10:34:10,652 [INFO] LogOutputStream:77 - [STDOUT_REDIRECT] 1 : Invalid condition id : UX_CORESTACK_Condition cause : null
2025-07-29 10:34:10,653 [WARN] PackLoader:240 - Cannot read IP mode file for STMicroelectronics.X-CUBE-AZRTOS-WL.2.0.0
2025-07-29 10:34:10,657 [WARN] PackLoader:240 - Cannot read IP mode file for STMicroelectronics.FP-SNS-MOTENV1.5.0.0
2025-07-29 10:34:10,663 [WARN] PackLoader:240 - Cannot read IP mode file for WES.I-CUBE-Cesium.1.3.0
2025-07-29 10:34:10,666 [WARN] PackLoader:240 - Cannot read IP mode file for STMicroelectronics.X-CUBE-BLE2.3.3.0
2025-07-29 10:34:10,671 [WARN] PackLoader:240 - Cannot read IP mode file for STMicroelectronics.X-CUBE-NFC9.1.0.0
2025-07-29 10:34:10,677 [WARN] PackLoader:240 - Cannot read IP mode file for wolfSSL.I-CUBE-wolfSSL.5.8.0
2025-07-29 10:34:10,681 [WARN] PackLoader:240 - Cannot read IP mode file for STMicroelectronics.X-CUBE-BLE1.7.1.0
2025-07-29 10:34:10,685 [WARN] PackLoader:240 - Cannot read IP mode file for wolfSSL.I-CUBE-wolfMQTT.1.19.2
2025-07-29 10:34:10,689 [WARN] PackLoader:240 - Cannot read IP mode file for STMicroelectronics.X-CUBE-EEPRMA1.5.2.0
2025-07-29 10:34:10,697 [WARN] PackLoader:240 - Cannot read IP mode file for STMicroelectronics.X-CUBE-AI.10.1.0
2025-07-29 10:34:10,706 [WARN] PackLoader:240 - Cannot read IP mode file for STMicroelectronics.X-CUBE-AZRTOS-G0.1.1.0
2025-07-29 10:34:10,712 [WARN] PackLoader:240 - Cannot read IP mode file for STMicroelectronics.X-CUBE-SAFEA1.1.2.2
2025-07-29 10:34:10,716 [WARN] PackLoader:240 - Cannot read IP mode file for STMicroelectronics.X-CUBE-NFC4.3.0.0
2025-07-29 10:34:10,721 [WARN] PackLoader:240 - Cannot read IP mode file for EmbeddedOffice.I-CUBE-FS-RTOS.1.0.1
2025-07-29 10:34:10,725 [WARN] PackLoader:240 - Cannot read IP mode file for STMicroelectronics.X-CUBE-WB05N.2.0.0
2025-07-29 10:34:10,728 [WARN] PackLoader:240 - Cannot read IP mode file for wolfSSL.I-CUBE-wolfTPM.3.8.0
2025-07-29 10:34:10,732 [WARN] PackLoader:240 - Cannot read IP mode file for STMicroelectronics.X-CUBE-TCPP.4.2.0
2025-07-29 10:34:10,735 [WARN] PackLoader:240 - Cannot read IP mode file for RealThread.X-CUBE-RT-Thread_Nano.4.1.1
2025-07-29 10:34:10,738 [WARN] PackLoader:240 - Cannot read IP mode file for STMicroelectronics.FP-ATR-SIGFOX1.3.2.0
2025-07-29 10:34:10,741 [WARN] PackLoader:240 - Cannot read IP mode file for ITTIA_DB.I-CUBE-ITTIADB.8.9.0
2025-07-29 10:34:10,745 [WARN] PackLoader:240 - Cannot read IP mode file for STMicroelectronics.X-CUBE-ST67W61.1.0.0
2025-07-29 10:34:10,758 [WARN] PackLoader:240 - Cannot read IP mode file for SEGGER.I-CUBE-embOS.1.3.1
2025-07-29 10:34:10,776 [WARN] PackLoader:240 - Cannot read IP mode file for STMicroelectronics.X-CUBE-ALGOBUILD.1.4.0
2025-07-29 10:34:10,803 [WARN] PackLoader:240 - Cannot read IP mode file for STMicroelectronics.X-CUBE-MEMS1.11.3.0
2025-07-29 10:34:10,859 [WARN] PackLoader:240 - Cannot read IP mode file for STMicroelectronics.X-CUBE-PM33A1.1.0.0
2025-07-29 10:34:10,867 [WARN] PackLoader:240 - Cannot read IP mode file for STMicroelectronics.X-CUBE-AZRTOS-F4.1.1.0
2025-07-29 10:34:10,871 [WARN] PackLoader:240 - Cannot read IP mode file for STMicroelectronics.X-CUBE-ISPU.2.1.0
2025-07-29 10:34:10,876 [WARN] PackLoader:240 - Cannot read IP mode file for STMicroelectronics.X-CUBE-NFC12.1.0.0
2025-07-29 10:34:10,885 [WARN] PackLoader:240 - Cannot read IP mode file for STMicroelectronics.X-CUBE-AZRTOS-L5.2.0.0
2025-07-29 10:34:10,892 [WARN] PackLoader:240 - Cannot read IP mode file for STMicroelectronics.X-CUBE-NFC6.3.1.0
2025-07-29 10:34:10,900 [WARN] PackLoader:240 - Cannot read IP mode file for STMicroelectronics.X-CUBE-FREERTOS.1.3.1
2025-07-29 10:34:10,905 [WARN] PackLoader:240 - Cannot read IP mode file for STMicroelectronics.FP-SNS-STAIOTCFT.1.0.0
2025-07-29 10:34:10,911 [WARN] PackLoader:240 - Cannot read IP mode file for STMicroelectronics.X-CUBE-DPower.1.3.0
2025-07-29 10:34:10,926 [WARN] ConditionMgr:438 - getConditionDescription Invalid condition id : LAN8742 Phy interface Condition cause : null
2025-07-29 10:34:10,927 [WARN] PackLoader:240 - Cannot read IP mode file for STMicroelectronics.X-CUBE-AZRTOS-L4.2.0.0
2025-07-29 10:34:10,928 [WARN] ConditionMgr:1044 - genDependencies : Invalid condition id : LAN8742 Phy interface Condition cause : null
2025-07-29 10:34:10,928 [WARN] ConditionMgr:1044 - genDependencies : Invalid condition id : LAN8742 Phy interface Condition cause : null
2025-07-29 10:34:10,928 [WARN] ConditionMgr:1044 - genDependencies : Invalid condition id : LAN8742 Phy interface Condition cause : null
2025-07-29 10:34:10,934 [WARN] PackLoader:240 - Cannot read IP mode file for STMicroelectronics.X-CUBE-SFXS2LP1.4.0.0
2025-07-29 10:34:10,942 [WARN] PackLoader:240 - Cannot read IP mode file for STMicroelectronics.X-CUBE-BLEMGR.4.1.0
2025-07-29 10:34:10,974 [WARN] ConditionMgr:438 - getConditionDescription Invalid condition id : UX DEVICE CLASS RTOS Condition cause : null
2025-07-29 10:34:10,974 [WARN] ConditionMgr:438 - getConditionDescription Invalid condition id : UX DEVICE CLASS RTOS Condition cause : null
2025-07-29 10:34:10,977 [WARN] PackLoader:240 - Cannot read IP mode file for STMicroelectronics.X-CUBE-AZRTOS-WB.2.0.0
2025-07-29 10:34:10,977 [WARN] ConditionMgr:1044 - genDependencies : Invalid condition id : UX DEVICE CLASS RTOS Condition cause : null
2025-07-29 10:34:10,978 [WARN] ConditionMgr:1044 - genDependencies : Invalid condition id : UX DEVICE CLASS RTOS Condition cause : null
2025-07-29 10:34:10,978 [WARN] ConditionMgr:1044 - genDependencies : Invalid condition id : UX DEVICE CLASS RTOS Condition cause : null
2025-07-29 10:34:10,979 [WARN] ConditionMgr:1044 - genDependencies : Invalid condition id : UX DEVICE CLASS RTOS Condition cause : null
2025-07-29 10:34:10,979 [WARN] ConditionMgr:1044 - genDependencies : Invalid condition id : UX DEVICE CLASS RTOS Condition cause : null
2025-07-29 10:34:10,985 [WARN] PackLoader:240 - Cannot read IP mode file for STMicroelectronics.X-CUBE-GNSS1.7.0.1
2025-07-29 10:34:10,990 [WARN] PackLoader:240 - Cannot read IP mode file for STMicroelectronics.X-CUBE-TOUCHGFX.4.25.0
2025-07-29 10:34:10,996 [WARN] PackLoader:240 - Cannot read IP mode file for STMicroelectronics.FP-SNS-STBOX1.2.0.0
2025-07-29 10:34:11,003 [WARN] ConditionMgr:438 - getConditionDescription Invalid condition id : Cortex-A Device cause : null
2025-07-29 10:34:11,012 [WARN] ConditionMgr:1044 - genDependencies : Invalid condition id : Cortex-A Device cause : null
2025-07-29 10:34:11,013 [WARN] ConditionMgr:1044 - genDependencies : Invalid condition id : Cortex-A Device cause : null
2025-07-29 10:34:11,013 [WARN] ConditionMgr:1044 - genDependencies : Invalid condition id : Cortex-A Device cause : null
2025-07-29 10:34:11,020 [WARN] PackLoader:240 - Cannot read IP mode file for STMicroelectronics.X-CUBE-SUBG2.5.0.0
2025-07-29 10:34:11,035 [WARN] PackLoader:240 - Cannot read IP mode file for STMicroelectronics.X-CUBE-AZRTOS-H7RS.1.1.0
2025-07-29 10:34:11,040 [WARN] PackLoader:240 - Cannot read IP mode file for Cesanta.I-CUBE-Mongoose.7.13.0
2025-07-29 10:34:11,050 [WARN] PackLoader:240 - Cannot read IP mode file for STMicroelectronics.X-CUBE-AZRTOS-G4.2.0.0
2025-07-29 10:34:11,055 [WARN] PackLoader:240 - Cannot read IP mode file for wolfSSL.I-CUBE-wolfSSH.1.4.20
2025-07-29 10:34:11,057 [WARN] PackLoader:240 - Cannot read IP mode file for STMicroelectronics.X-CUBE-NFC7.2.0.0
2025-07-29 10:34:11,063 [WARN] PackLoader:240 - Cannot read IP mode file for STMicroelectronics.X-CUBE-IPS.3.1.0
2025-07-29 10:34:11,069 [WARN] PackLoader:240 - Cannot read IP mode file for STMicroelectronics.X-CUBE-ALS.1.0.2
2025-07-29 10:34:11,073 [WARN] PackLoader:240 - Cannot read IP mode file for portGmbH.I-Cube-SoM-uGOAL.1.1.0
2025-07-29 10:34:11,081 [WARN] PackLoader:240 - Cannot read IP mode file for STMicroelectronics.X-CUBE-TOF1.3.4.3
2025-07-29 10:34:11,090 [INFO] ThirdParty:978 - Integrity check success = true
2025-07-29 10:34:11,090 [INFO] IntegrityCheckThread:100 - exiting critical section [integrity check]
2025-07-29 10:34:11,090 [INFO] IntegrityCheckThread:103 - End integrity checks thread
2025-07-29 10:40:22,475 [INFO] WebApp:194 - Connection lost
2025-07-29 10:40:22,758 [INFO] WebApp:191 - Connection restablished
2025-07-29 10:40:24,137 [INFO] WebApp:194 - Connection lost
2025-07-29 10:40:24,321 [INFO] WebApp:191 - Connection restablished
2025-07-29 10:40:27,368 [INFO] WebApp:194 - Connection lost
2025-07-29 10:40:27,568 [INFO] WebApp:191 - Connection restablished
2025-07-29 10:49:32,000 [ERROR] LogOutputStream:75 - [STDERR_REDIRECT] 
2025-07-29 14:31:06,756 [INFO] Activator:176 - 


2025-07-29 14:31:06,758 [INFO] Activator:177 - !SESSION log4j initialized
2025-07-29 14:31:10,523 [INFO] LogOutputStream:77 - [STDOUT_REDIRECT] 
2025-07-29 14:31:11,410 [INFO] ApplicationProperties:184 - Using Application install path: C:\ST\STM32CubeIDE_1.19.0\STM32CubeIDE\plugins\com.st.stm32cube.common.mx_6.15.0.202507011659
2025-07-29 14:31:11,424 [INFO] DbMcusXml:78 - Set database path to: C:\ST\STM32CubeIDE_1.19.0\STM32CubeIDE\plugins\com.st.stm32cube.common.mx_6.15.0.202507011659\\db\/mcu/
2025-07-29 14:31:11,424 [INFO] ApiDb:274 - Set plugin database path to: C:\ST\STM32CubeIDE_1.19.0\STM32CubeIDE\plugins\com.st.stm32cube.common.mx_6.15.0.202507011659\\db\/plugins/boardmanager/
2025-07-29 14:31:11,424 [WARN] ApiDb:259 - Overriding images path with different value:  => C:\ST\STM32CubeIDE_1.19.0\STM32CubeIDE\plugins\com.st.stm32cube.common.mx_6.15.0.202507011659\\db\/plugins/mcufinder/images/
2025-07-29 14:31:11,428 [INFO] ApiDb:250 - Set database path to: C:\Users\User\.stmcufinder\plugins\mcufinder//mcu/
2025-07-29 14:31:11,429 [INFO] DbMcusAds:125 - Set database path to: C:\Users\User\.stmcufinder\plugins\mcufinder//mcu/
2025-07-29 14:31:11,431 [INFO] CrossReferenceDbSqlite:203 - Set database path to: C:\Users\User\.stmcufinder\plugins\mcufinder//mcu/cs/
2025-07-29 14:31:11,520 [INFO] RulesReader:64 - Compatibility file has been processed (317 Rules)
2025-07-29 14:31:11,561 [INFO] DbMcusXml:78 - Set database path to: C:\ST\STM32CubeIDE_1.19.0\STM32CubeIDE\plugins\com.st.stm32cube.common.mx_6.15.0.202507011659\\db\/mcu/
2025-07-29 14:31:11,561 [INFO] ApiDb:274 - Set plugin database path to: C:\ST\STM32CubeIDE_1.19.0\STM32CubeIDE\plugins\com.st.stm32cube.common.mx_6.15.0.202507011659\\db\/plugins/boardmanager/
2025-07-29 14:31:11,561 [INFO] ApiDb:261 - Set plugin images path to: C:\ST\STM32CubeIDE_1.19.0\STM32CubeIDE\plugins\com.st.stm32cube.common.mx_6.15.0.202507011659\\db\/plugins/mcufinder/images/
2025-07-29 14:31:11,561 [WARN] DbFile:41 - Overriding database path with different value: C:\Users\User\.stmcufinder\plugins\mcufinder/ => C:\Users\User\.stmcufinder\plugins\mcufinder
2025-07-29 14:31:11,561 [INFO] ApiDb:250 - Set database path to: C:\Users\User\.stmcufinder\plugins\mcufinder//mcu/
2025-07-29 14:31:11,561 [WARN] DbFile:41 - Overriding database path with different value: C:\Users\User\.stmcufinder\plugins\mcufinder/ => C:\Users\User\.stmcufinder\plugins\mcufinder
2025-07-29 14:31:11,561 [INFO] DbMcusAds:125 - Set database path to: C:\Users\User\.stmcufinder\plugins\mcufinder//mcu/
2025-07-29 14:31:11,561 [WARN] DbFile:41 - Overriding database path with different value: C:\Users\User\.stmcufinder\plugins\mcufinder/ => C:\Users\User\.stmcufinder\plugins\mcufinder
2025-07-29 14:31:11,561 [WARN] DbFile:41 - Overriding database path with different value: C:\Users\User\.stmcufinder\plugins\mcufinder/ => C:\Users\User\.stmcufinder\plugins\mcufinder
2025-07-29 14:31:11,562 [INFO] CrossReferenceDbSqlite:203 - Set database path to: C:\Users\User\.stmcufinder\plugins\mcufinder//mcu/cs/
2025-07-29 14:31:11,612 [INFO] MainPanel:274 - HeapMemory: 276824064
2025-07-29 14:31:11,677 [INFO] DbMcusXml:78 - Set database path to: C:\ST\STM32CubeIDE_1.19.0\STM32CubeIDE\plugins\com.st.stm32cube.common.mx_6.15.0.202507011659\\db\/mcu/
2025-07-29 14:31:11,677 [INFO] ApiDb:274 - Set plugin database path to: C:\ST\STM32CubeIDE_1.19.0\STM32CubeIDE\plugins\com.st.stm32cube.common.mx_6.15.0.202507011659\\db\/plugins/boardmanager/
2025-07-29 14:31:11,677 [INFO] ApiDb:261 - Set plugin images path to: C:\ST\STM32CubeIDE_1.19.0\STM32CubeIDE\plugins\com.st.stm32cube.common.mx_6.15.0.202507011659\\db\/plugins/mcufinder/images/
2025-07-29 14:31:11,678 [WARN] DbFile:41 - Overriding database path with different value: C:\Users\User\.stmcufinder\plugins\mcufinder/ => C:\Users\User\.stmcufinder\plugins\mcufinder
2025-07-29 14:31:11,678 [INFO] ApiDb:250 - Set database path to: C:\Users\User\.stmcufinder\plugins\mcufinder//mcu/
2025-07-29 14:31:11,678 [WARN] DbFile:41 - Overriding database path with different value: C:\Users\User\.stmcufinder\plugins\mcufinder/ => C:\Users\User\.stmcufinder\plugins\mcufinder
2025-07-29 14:31:11,678 [INFO] DbMcusAds:125 - Set database path to: C:\Users\User\.stmcufinder\plugins\mcufinder//mcu/
2025-07-29 14:31:11,678 [WARN] DbFile:41 - Overriding database path with different value: C:\Users\User\.stmcufinder\plugins\mcufinder/ => C:\Users\User\.stmcufinder\plugins\mcufinder
2025-07-29 14:31:11,678 [WARN] DbFile:41 - Overriding database path with different value: C:\Users\User\.stmcufinder\plugins\mcufinder/ => C:\Users\User\.stmcufinder\plugins\mcufinder
2025-07-29 14:31:11,678 [INFO] CrossReferenceDbSqlite:203 - Set database path to: C:\Users\User\.stmcufinder\plugins\mcufinder//mcu/cs/
2025-07-29 14:31:11,690 [INFO] ApplicationProperties:184 - Using Application install path: C:\ST\STM32CubeIDE_1.19.0\STM32CubeIDE\plugins\com.st.stm32cube.common.mx_6.15.0.202507011659
2025-07-29 14:31:11,691 [INFO] PluginManage:196 - Search for loadable plugins [exclusion list=, ]
2025-07-29 14:31:11,692 [INFO] PluginManage:310 - Check plugin analytics
2025-07-29 14:31:11,818 [INFO] AnalyticsPlugin:253 - Accepted Software Licenses: 
2025-07-29 14:31:11,818 [INFO] AnalyticsPlugin:255 - Accepted CMSIS Pack Licenses: 
2025-07-29 14:31:11,818 [INFO] AnalyticsPlugin:257 - Accepted Firmware Licenses: FW.WL.1.3.0
2025-07-29 14:31:11,820 [INFO] PluginManage:359 - Loaded plugin analytics (category:tool,tabindex:-1)
2025-07-29 14:31:11,820 [INFO] PluginManage:310 - Check plugin cadmodel
2025-07-29 14:31:11,823 [INFO] CADModel:105 - Init CAD model plugin
2025-07-29 14:31:11,824 [INFO] PluginManage:359 - Loaded plugin cadmodel (category:power,tabindex:5)
2025-07-29 14:31:11,824 [INFO] PluginManage:310 - Check plugin clock
2025-07-29 14:31:11,829 [INFO] PluginManage:359 - Loaded plugin clock (category:base,tabindex:2)
2025-07-29 14:31:11,829 [INFO] PluginManage:310 - Check plugin ddr
2025-07-29 14:31:11,831 [INFO] PluginManage:359 - Loaded plugin ddr (category:tool,tabindex:6)
2025-07-29 14:31:11,831 [INFO] PluginManage:310 - Check plugin filemanager
2025-07-29 14:31:11,948 [INFO] PluginManage:359 - Loaded plugin filemanager (category:base,tabindex:10)
2025-07-29 14:31:11,948 [INFO] PluginManage:310 - Check plugin ipmanager
2025-07-29 14:31:11,954 [INFO] PluginManage:359 - Loaded plugin ipmanager (category:base,tabindex:5)
2025-07-29 14:31:11,954 [INFO] PluginManage:310 - Check plugin lpbam
2025-07-29 14:31:11,961 [INFO] PluginManage:359 - Loaded plugin lpbam (category:base,tabindex:0)
2025-07-29 14:31:11,961 [INFO] PluginManage:310 - Check plugin memorymap
2025-07-29 14:31:11,971 [INFO] PluginManage:359 - Loaded plugin memorymap (category:base,tabindex:4)
2025-07-29 14:31:11,972 [INFO] PluginManage:310 - Check plugin pinoutandconfiguration
2025-07-29 14:31:11,977 [INFO] PluginManage:359 - Loaded plugin pinoutandconfiguration (category:base,tabindex:1)
2025-07-29 14:31:11,977 [INFO] PluginManage:310 - Check plugin pinoutconfig
2025-07-29 14:31:12,051 [WARN] SupportedApi:132 - Cannot load RTOS API schema: s4s-elt-must-match.1: The content of 'definitions' must match (annotation?, (simpleType | complexType)?, (unique | key | keyref)*)). A problem was found starting at: attribute.
2025-07-29 14:31:12,173 [INFO] PluginManage:359 - Loaded plugin pinoutconfig (category:base,tabindex:0)
2025-07-29 14:31:12,173 [INFO] PluginManage:310 - Check plugin power
2025-07-29 14:31:12,178 [INFO] PluginManage:359 - Loaded plugin power (category:power,tabindex:4)
2025-07-29 14:31:12,178 [INFO] PluginManage:310 - Check plugin projectmanager
2025-07-29 14:31:12,189 [INFO] PluginManage:359 - Loaded plugin projectmanager (category:projectmanager,tabindex:4)
2025-07-29 14:31:12,189 [INFO] PluginManage:310 - Check plugin rif
2025-07-29 14:31:12,195 [INFO] PluginManage:359 - Loaded plugin rif (category:base,tabindex:3)
2025-07-29 14:31:12,195 [INFO] PluginManage:310 - Check plugin thirdparty
2025-07-29 14:31:12,305 [INFO] PluginManage:359 - Loaded plugin thirdparty (category:base,tabindex:-1)
2025-07-29 14:31:12,305 [INFO] PluginManage:310 - Check plugin tools
2025-07-29 14:31:12,305 [WARN] IntegrityCheckThread:84 - waiting for thirdparty lock release [integrity check]
2025-07-29 14:31:12,305 [INFO] IntegrityCheckThread:86 - entering critical section [integrity check]
2025-07-29 14:31:12,305 [INFO] ThirdPartyUpdaterWithRetryManager:70 - Updater plugin not ready yet. [1/15]
2025-07-29 14:31:12,307 [INFO] PluginManage:359 - Loaded plugin tools (category:base,tabindex:7)
2025-07-29 14:31:12,307 [INFO] PluginManage:310 - Check plugin tutovideos
2025-07-29 14:31:12,467 [INFO] PluginManage:359 - Loaded plugin tutovideos (category:base,tabindex:-1)
2025-07-29 14:31:12,467 [INFO] PluginManage:310 - Check plugin updater
2025-07-29 14:31:12,485 [INFO] PluginManage:359 - Loaded plugin updater (category:base,tabindex:12)
2025-07-29 14:31:12,485 [INFO] PluginManage:310 - Check plugin userauth
2025-07-29 14:31:12,488 [INFO] UserAuth:118 - Init User Auth plugin
2025-07-29 14:31:12,489 [INFO] PluginManage:359 - Loaded plugin userauth (category:base,tabindex:14)
2025-07-29 14:31:12,490 [INFO] PluginManage:283 - PluginManage : Loaded plugins [18]
2025-07-29 14:31:12,633 [INFO] PinOutPanel:1589 - setPackage(No Configuration,No Configuration)
2025-07-29 14:31:12,707 [INFO] CADModel:165 - CPN selected for project level
2025-07-29 14:31:12,707 [INFO] CADModel:114 - Register for checkConnection events
2025-07-29 14:31:12,723 [INFO] IPUIPlugin:80 - create IPUIPlugin
2025-07-29 14:31:12,723 [INFO] PluginManager:220 - loadIPPluginJar : add adc
2025-07-29 14:31:12,725 [INFO] IPUIPlugin:80 - create IPUIPlugin
2025-07-29 14:31:12,725 [INFO] PluginManager:220 - loadIPPluginJar : add aes
2025-07-29 14:31:12,727 [INFO] IPUIPlugin:80 - create IPUIPlugin
2025-07-29 14:31:12,727 [INFO] PluginManager:220 - loadIPPluginJar : add can
2025-07-29 14:31:12,728 [INFO] IPUIPlugin:80 - create IPUIPlugin
2025-07-29 14:31:12,728 [INFO] PluginManager:220 - loadIPPluginJar : add comp
2025-07-29 14:31:12,730 [INFO] IPUIPlugin:80 - create IPUIPlugin
2025-07-29 14:31:12,730 [INFO] PluginManager:220 - loadIPPluginJar : add cryp
2025-07-29 14:31:12,732 [INFO] IPUIPlugin:80 - create IPUIPlugin
2025-07-29 14:31:12,732 [INFO] PluginManager:220 - loadIPPluginJar : add ddr_ctrl_phy
2025-07-29 14:31:12,734 [INFO] IPUIPlugin:80 - create IPUIPlugin
2025-07-29 14:31:12,734 [INFO] PluginManager:220 - loadIPPluginJar : add dfsdm
2025-07-29 14:31:12,739 [INFO] IPUIPlugin:80 - create IPUIPlugin
2025-07-29 14:31:12,739 [INFO] PluginManager:220 - loadIPPluginJar : add dma
2025-07-29 14:31:12,741 [INFO] IPUIPlugin:80 - create IPUIPlugin
2025-07-29 14:31:12,741 [INFO] PluginManager:220 - loadIPPluginJar : add dma3
2025-07-29 14:31:12,743 [INFO] IPUIPlugin:80 - create IPUIPlugin
2025-07-29 14:31:12,743 [INFO] PluginManager:220 - loadIPPluginJar : add extmemmanager
2025-07-29 14:31:12,744 [INFO] IPUIPlugin:80 - create IPUIPlugin
2025-07-29 14:31:12,744 [INFO] PluginManager:220 - loadIPPluginJar : add fatfs
2025-07-29 14:31:12,748 [INFO] IPUIPlugin:80 - create IPUIPlugin
2025-07-29 14:31:12,748 [INFO] PluginManager:220 - loadIPPluginJar : add fmc
2025-07-29 14:31:12,754 [INFO] IPUIPlugin:80 - create IPUIPlugin
2025-07-29 14:31:12,754 [INFO] PluginManager:220 - loadIPPluginJar : add freertos
2025-07-29 14:31:12,755 [INFO] IPUIPlugin:80 - create IPUIPlugin
2025-07-29 14:31:12,755 [INFO] PluginManager:220 - loadIPPluginJar : add genericplugin
2025-07-29 14:31:12,757 [INFO] IPUIPlugin:80 - create IPUIPlugin
2025-07-29 14:31:12,757 [INFO] PluginManager:220 - loadIPPluginJar : add gfxmmu
2025-07-29 14:31:12,761 [INFO] IPUIPlugin:80 - create IPUIPlugin
2025-07-29 14:31:12,762 [INFO] PluginManager:220 - loadIPPluginJar : add gic
2025-07-29 14:31:12,764 [INFO] IPUIPlugin:80 - create IPUIPlugin
2025-07-29 14:31:12,764 [INFO] PluginManager:220 - loadIPPluginJar : add gpio
2025-07-29 14:31:12,766 [INFO] IPUIPlugin:80 - create IPUIPlugin
2025-07-29 14:31:12,766 [INFO] PluginManager:220 - loadIPPluginJar : add gtzc
2025-07-29 14:31:12,768 [INFO] IPUIPlugin:80 - create IPUIPlugin
2025-07-29 14:31:12,769 [INFO] PluginManager:220 - loadIPPluginJar : add hash
2025-07-29 14:31:12,770 [INFO] IPUIPlugin:80 - create IPUIPlugin
2025-07-29 14:31:12,770 [INFO] PluginManager:220 - loadIPPluginJar : add i2c
2025-07-29 14:31:12,772 [INFO] IPUIPlugin:80 - create IPUIPlugin
2025-07-29 14:31:12,772 [INFO] PluginManager:220 - loadIPPluginJar : add i2s
2025-07-29 14:31:12,774 [INFO] IPUIPlugin:80 - create IPUIPlugin
2025-07-29 14:31:12,774 [INFO] PluginManager:220 - loadIPPluginJar : add i3c
2025-07-29 14:31:12,777 [INFO] IPUIPlugin:80 - create IPUIPlugin
2025-07-29 14:31:12,777 [INFO] PluginManager:220 - loadIPPluginJar : add ipddr
2025-07-29 14:31:12,782 [INFO] IPUIPlugin:80 - create IPUIPlugin
2025-07-29 14:31:12,782 [INFO] PluginManager:220 - loadIPPluginJar : add linkedlist
2025-07-29 14:31:12,784 [INFO] IPUIPlugin:80 - create IPUIPlugin
2025-07-29 14:31:12,784 [INFO] PluginManager:220 - loadIPPluginJar : add lorawan
2025-07-29 14:31:12,785 [INFO] IPUIPlugin:80 - create IPUIPlugin
2025-07-29 14:31:12,785 [INFO] PluginManager:220 - loadIPPluginJar : add ltdc
2025-07-29 14:31:12,789 [INFO] IPUIPlugin:80 - create IPUIPlugin
2025-07-29 14:31:12,789 [INFO] PluginManager:220 - loadIPPluginJar : add mdma
2025-07-29 14:31:12,791 [INFO] IPUIPlugin:80 - create IPUIPlugin
2025-07-29 14:31:12,791 [INFO] PluginManager:220 - loadIPPluginJar : add nvic
2025-07-29 14:31:12,793 [INFO] IPUIPlugin:80 - create IPUIPlugin
2025-07-29 14:31:12,793 [INFO] PluginManager:220 - loadIPPluginJar : add opamp
2025-07-29 14:31:12,795 [INFO] IPUIPlugin:80 - create IPUIPlugin
2025-07-29 14:31:12,795 [INFO] PluginManager:220 - loadIPPluginJar : add openamp
2025-07-29 14:31:12,797 [INFO] IPUIPlugin:80 - create IPUIPlugin
2025-07-29 14:31:12,797 [INFO] PluginManager:220 - loadIPPluginJar : add pdm2pcm
2025-07-29 14:31:12,801 [INFO] IPUIPlugin:80 - create IPUIPlugin
2025-07-29 14:31:12,803 [INFO] PluginManager:220 - loadIPPluginJar : add plateformsettings
2025-07-29 14:31:12,804 [INFO] IPUIPlugin:80 - create IPUIPlugin
2025-07-29 14:31:12,805 [INFO] PluginManager:220 - loadIPPluginJar : add quadspi
2025-07-29 14:31:12,806 [INFO] IPUIPlugin:80 - create IPUIPlugin
2025-07-29 14:31:12,806 [INFO] PluginManager:220 - loadIPPluginJar : add radio
2025-07-29 14:31:12,808 [INFO] IPUIPlugin:80 - create IPUIPlugin
2025-07-29 14:31:12,808 [INFO] PluginManager:220 - loadIPPluginJar : add resmgrutility
2025-07-29 14:31:12,810 [INFO] IPUIPlugin:80 - create IPUIPlugin
2025-07-29 14:31:12,810 [INFO] PluginManager:220 - loadIPPluginJar : add sai
2025-07-29 14:31:12,811 [INFO] IPUIPlugin:80 - create IPUIPlugin
2025-07-29 14:31:12,811 [INFO] PluginManager:220 - loadIPPluginJar : add spi
2025-07-29 14:31:12,816 [INFO] IPUIPlugin:80 - create IPUIPlugin
2025-07-29 14:31:12,816 [INFO] PluginManager:220 - loadIPPluginJar : add stm32_wpan
2025-07-29 14:31:12,817 [INFO] IPUIPlugin:80 - create IPUIPlugin
2025-07-29 14:31:12,817 [INFO] PluginManager:220 - loadIPPluginJar : add tim
2025-07-29 14:31:12,819 [INFO] IPUIPlugin:80 - create IPUIPlugin
2025-07-29 14:31:12,819 [INFO] PluginManager:220 - loadIPPluginJar : add touchsensing
2025-07-29 14:31:12,821 [INFO] IPUIPlugin:80 - create IPUIPlugin
2025-07-29 14:31:12,821 [INFO] PluginManager:220 - loadIPPluginJar : add tracer_emb
2025-07-29 14:31:12,822 [INFO] IPUIPlugin:80 - create IPUIPlugin
2025-07-29 14:31:12,822 [INFO] PluginManager:220 - loadIPPluginJar : add ts
2025-07-29 14:31:12,824 [INFO] IPUIPlugin:80 - create IPUIPlugin
2025-07-29 14:31:12,824 [INFO] PluginManager:220 - loadIPPluginJar : add tsc
2025-07-29 14:31:12,825 [INFO] IPUIPlugin:80 - create IPUIPlugin
2025-07-29 14:31:12,825 [INFO] PluginManager:220 - loadIPPluginJar : add ucpd
2025-07-29 14:31:12,827 [INFO] IPUIPlugin:80 - create IPUIPlugin
2025-07-29 14:31:12,827 [INFO] PluginManager:220 - loadIPPluginJar : add usart
2025-07-29 14:31:12,829 [INFO] IPUIPlugin:80 - create IPUIPlugin
2025-07-29 14:31:12,829 [INFO] PluginManager:220 - loadIPPluginJar : add usbx
2025-07-29 14:31:12,939 [FATAL] Updater:351 - Updater called before beeing initialized
2025-07-29 14:31:12,957 [INFO] RulesReader:64 - Compatibility file has been processed (317 Rules)
2025-07-29 14:31:12,963 [INFO] RulesReader:64 - Compatibility file has been processed (317 Rules)
2025-07-29 14:31:12,970 [INFO] CADModel:165 - CPN selected for project level
2025-07-29 14:31:12,970 [INFO] CADModel:114 - Register for checkConnection events
2025-07-29 14:31:12,970 [FATAL] Updater:351 - Updater called before beeing initialized
2025-07-29 14:31:12,971 [ERROR] CADModel:125 - Updater not yet initialized, retry later 
2025-07-29 14:31:13,059 [FATAL] Updater:351 - Updater called before beeing initialized
2025-07-29 14:31:13,061 [INFO] CADModel:165 - CPN selected for project level
2025-07-29 14:31:13,061 [INFO] CADModel:114 - Register for checkConnection events
2025-07-29 14:31:13,061 [FATAL] Updater:351 - Updater called before beeing initialized
2025-07-29 14:31:13,061 [ERROR] CADModel:125 - Updater not yet initialized, retry later 
2025-07-29 14:31:13,063 [FATAL] Updater:351 - Updater called before beeing initialized
2025-07-29 14:31:13,127 [FATAL] Updater:351 - Updater called before beeing initialized
2025-07-29 14:31:13,130 [INFO] DbMcusAds:53 - JSON generation date=Tue Jul 08 13:44:23 IST 2025 (1751962463562)
2025-07-29 14:31:13,131 [FATAL] Updater:351 - Updater called before beeing initialized
2025-07-29 14:31:13,152 [WARN] DetailPanel:346 - Failed to get advertising image, set to default
2025-07-29 14:31:13,207 [FATAL] Updater:351 - Updater called before beeing initialized
2025-07-29 14:31:13,209 [FATAL] Updater:351 - Updater called before beeing initialized
2025-07-29 14:31:13,209 [FATAL] Updater:351 - Updater called before beeing initialized
2025-07-29 14:31:13,209 [WARN] DetailPanel:346 - Failed to get advertising image, set to default
2025-07-29 14:31:13,209 [FATAL] Updater:351 - Updater called before beeing initialized
2025-07-29 14:31:13,240 [ERROR] Updater:1198 - MainUpdater not yet initialized. External WinMGr cannot be set.
2025-07-29 14:31:13,241 [INFO] Updater:1134 - Updater Version found : 6.15.0
2025-07-29 14:31:13,257 [INFO] ApplicationProperties:184 - Using Application install path: C:\ST\STM32CubeIDE_1.19.0\STM32CubeIDE\plugins\com.st.stm32cube.common.mx_6.15.0.202507011659
2025-07-29 14:31:14,830 [ERROR] LogOutputStream:75 - [STDERR_REDIRECT] Jul 29, 2025 2:31:14 PM java.util.prefs.WindowsPreferences <init>
2025-07-29 14:31:14,831 [ERROR] LogOutputStream:75 - [STDERR_REDIRECT] WARNING: Could not open/create prefs root node Software\JavaSoft\Prefs at root 0xffffffff80000002. Windows RegCreateKeyEx(...) returned error code 5.
2025-07-29 14:31:14,831 [ERROR] LogOutputStream:75 - [STDERR_REDIRECT] 
2025-07-29 14:31:15,082 [INFO] MainUpdater:2872 - connection check result : 10
2025-07-29 14:31:15,083 [INFO] MainUpdater:289 - Updater Check For Update Now.
2025-07-29 14:31:15,083 [INFO] MicroXplorer:498 - Change Database Version : DB.6.0.150
2025-07-29 14:31:15,090 [INFO] McuFinderGlobals:63 - Set McuFinder mode to 2 (CubeIDE integrated)
2025-07-29 14:31:15,092 [INFO] UserAuth:487 - Internet connection configuration mode: 1
2025-07-29 14:31:15,114 [INFO] JxBrowserEngine:152 - Initiate JxBrowser Engine with user profile folder
2025-07-29 14:31:15,240 [INFO] CheckServerUpdateThread:120 - End of CheckServer Thread
2025-07-29 14:31:15,472 [WARN] PackLoader:240 - Cannot read IP mode file for STMicroelectronics.FP-SNS-MOTENVWB1.1.4.0
2025-07-29 14:31:15,481 [WARN] PackLoader:240 - Cannot read IP mode file for STMicroelectronics.FP-ATR-ASTRA1.2.0.2
2025-07-29 14:31:15,489 [WARN] PackLoader:240 - Cannot read IP mode file for STMicroelectronics.X-CUBE-SMBUS.2.1.0
2025-07-29 14:31:15,494 [WARN] PackLoader:240 - Cannot read IP mode file for STMicroelectronics.X-CUBE-ST60.1.0.0
2025-07-29 14:31:15,521 [WARN] PackLoader:240 - Cannot read IP mode file for STMicroelectronics.X-CUBE-AZRTOS-F7.1.1.0
2025-07-29 14:31:15,547 [WARN] PackLoader:240 - Cannot read IP mode file for Infineon.AIROC-Wi-Fi-Bluetooth-STM32.1.7.1
2025-07-29 14:31:15,564 [WARN] PackLoader:240 - Cannot read IP mode file for STMicroelectronics.X-CUBE-AZRTOS-H7.3.4.0
2025-07-29 14:31:15,570 [WARN] PackLoader:240 - Cannot read IP mode file for STMicroelectronics.X-CUBE-DISPLAY.3.0.0
2025-07-29 14:31:15,578 [WARN] PackLoader:240 - Cannot read IP mode file for STMicroelectronics.X-CUBE-NFC10.1.0.0
2025-07-29 14:31:15,584 [WARN] PackLoader:240 - Cannot read IP mode file for emotas.I-CUBE-CANOPEN.1.3.0
2025-07-29 14:31:15,588 [WARN] PackLoader:240 - Cannot read IP mode file for STMicroelectronics.FP-SNS-SMARTAG2.1.2.0
2025-07-29 14:31:15,590 [WARN] PackLoader:240 - Cannot read IP mode file for STMicroelectronics.FP-SNS-FLIGHT1.5.1.0
2025-07-29 14:31:15,595 [INFO] LogOutputStream:77 - [STDOUT_REDIRECT] 1 : Invalid condition id : UX_CORESTACK_Condition cause : null
2025-07-29 14:31:15,596 [INFO] LogOutputStream:77 - [STDOUT_REDIRECT] 1 : Invalid condition id : UX_CORESTACK_Condition cause : null
2025-07-29 14:31:15,596 [INFO] LogOutputStream:77 - [STDOUT_REDIRECT] 1 : Invalid condition id : UX_CORESTACK_Condition cause : null
2025-07-29 14:31:15,597 [INFO] LogOutputStream:77 - [STDOUT_REDIRECT] 1 : Invalid condition id : UX_CORESTACK_Condition cause : null
2025-07-29 14:31:15,598 [INFO] LogOutputStream:77 - [STDOUT_REDIRECT] 1 : Invalid condition id : UX_CORESTACK_Condition cause : null
2025-07-29 14:31:15,600 [WARN] PackLoader:240 - Cannot read IP mode file for STMicroelectronics.X-CUBE-AZRTOS-WL.2.0.0
2025-07-29 14:31:15,604 [WARN] PackLoader:240 - Cannot read IP mode file for STMicroelectronics.FP-SNS-MOTENV1.5.0.0
2025-07-29 14:31:15,610 [WARN] PackLoader:240 - Cannot read IP mode file for WES.I-CUBE-Cesium.1.3.0
2025-07-29 14:31:15,614 [WARN] PackLoader:240 - Cannot read IP mode file for STMicroelectronics.X-CUBE-BLE2.3.3.0
2025-07-29 14:31:15,617 [WARN] PackLoader:240 - Cannot read IP mode file for STMicroelectronics.X-CUBE-NFC9.1.0.0
2025-07-29 14:31:15,620 [WARN] PackLoader:240 - Cannot read IP mode file for wolfSSL.I-CUBE-wolfSSL.5.8.0
2025-07-29 14:31:15,623 [WARN] PackLoader:240 - Cannot read IP mode file for STMicroelectronics.X-CUBE-BLE1.7.1.0
2025-07-29 14:31:15,625 [WARN] PackLoader:240 - Cannot read IP mode file for wolfSSL.I-CUBE-wolfMQTT.1.19.2
2025-07-29 14:31:15,629 [WARN] PackLoader:240 - Cannot read IP mode file for STMicroelectronics.X-CUBE-EEPRMA1.5.2.0
2025-07-29 14:31:15,633 [WARN] PackLoader:240 - Cannot read IP mode file for STMicroelectronics.X-CUBE-AI.10.1.0
2025-07-29 14:31:15,644 [WARN] PackLoader:240 - Cannot read IP mode file for STMicroelectronics.X-CUBE-AZRTOS-G0.1.1.0
2025-07-29 14:31:15,645 [INFO] WebApp:169 - Instantiating new browser for Auth
2025-07-29 14:31:15,650 [WARN] PackLoader:240 - Cannot read IP mode file for STMicroelectronics.X-CUBE-SAFEA1.1.2.2
2025-07-29 14:31:15,652 [WARN] PackLoader:240 - Cannot read IP mode file for STMicroelectronics.X-CUBE-NFC4.3.0.0
2025-07-29 14:31:15,665 [WARN] PackLoader:240 - Cannot read IP mode file for EmbeddedOffice.I-CUBE-FS-RTOS.1.0.1
2025-07-29 14:31:15,670 [WARN] PackLoader:240 - Cannot read IP mode file for STMicroelectronics.X-CUBE-WB05N.2.0.0
2025-07-29 14:31:15,673 [WARN] PackLoader:240 - Cannot read IP mode file for wolfSSL.I-CUBE-wolfTPM.3.8.0
2025-07-29 14:31:15,678 [WARN] PackLoader:240 - Cannot read IP mode file for STMicroelectronics.X-CUBE-TCPP.4.2.0
2025-07-29 14:31:15,682 [WARN] PackLoader:240 - Cannot read IP mode file for RealThread.X-CUBE-RT-Thread_Nano.4.1.1
2025-07-29 14:31:15,686 [WARN] PackLoader:240 - Cannot read IP mode file for STMicroelectronics.FP-ATR-SIGFOX1.3.2.0
2025-07-29 14:31:15,690 [WARN] PackLoader:240 - Cannot read IP mode file for ITTIA_DB.I-CUBE-ITTIADB.8.9.0
2025-07-29 14:31:15,696 [WARN] PackLoader:240 - Cannot read IP mode file for STMicroelectronics.X-CUBE-ST67W61.1.0.0
2025-07-29 14:31:15,738 [WARN] PackLoader:240 - Cannot read IP mode file for SEGGER.I-CUBE-embOS.1.3.1
2025-07-29 14:31:15,788 [WARN] PackLoader:240 - Cannot read IP mode file for STMicroelectronics.X-CUBE-ALGOBUILD.1.4.0
2025-07-29 14:31:15,831 [WARN] PackLoader:240 - Cannot read IP mode file for STMicroelectronics.X-CUBE-MEMS1.11.3.0
2025-07-29 14:31:15,924 [WARN] PackLoader:240 - Cannot read IP mode file for STMicroelectronics.X-CUBE-PM33A1.1.0.0
2025-07-29 14:31:15,931 [WARN] PackLoader:240 - Cannot read IP mode file for STMicroelectronics.X-CUBE-AZRTOS-F4.1.1.0
2025-07-29 14:31:15,936 [WARN] PackLoader:240 - Cannot read IP mode file for STMicroelectronics.X-CUBE-ISPU.2.1.0
2025-07-29 14:31:15,940 [WARN] PackLoader:240 - Cannot read IP mode file for STMicroelectronics.X-CUBE-NFC12.1.0.0
2025-07-29 14:31:15,949 [WARN] PackLoader:240 - Cannot read IP mode file for STMicroelectronics.X-CUBE-AZRTOS-L5.2.0.0
2025-07-29 14:31:15,954 [WARN] PackLoader:240 - Cannot read IP mode file for STMicroelectronics.X-CUBE-NFC6.3.1.0
2025-07-29 14:31:15,959 [WARN] PackLoader:240 - Cannot read IP mode file for STMicroelectronics.X-CUBE-FREERTOS.1.3.1
2025-07-29 14:31:15,963 [WARN] PackLoader:240 - Cannot read IP mode file for STMicroelectronics.FP-SNS-STAIOTCFT.1.0.0
2025-07-29 14:31:15,971 [WARN] PackLoader:240 - Cannot read IP mode file for STMicroelectronics.X-CUBE-DPower.1.3.0
2025-07-29 14:31:15,979 [WARN] ConditionMgr:438 - getConditionDescription Invalid condition id : LAN8742 Phy interface Condition cause : null
2025-07-29 14:31:15,979 [WARN] PackLoader:240 - Cannot read IP mode file for STMicroelectronics.X-CUBE-AZRTOS-L4.2.0.0
2025-07-29 14:31:15,980 [WARN] ConditionMgr:1044 - genDependencies : Invalid condition id : LAN8742 Phy interface Condition cause : null
2025-07-29 14:31:15,980 [WARN] ConditionMgr:1044 - genDependencies : Invalid condition id : LAN8742 Phy interface Condition cause : null
2025-07-29 14:31:15,980 [WARN] ConditionMgr:1044 - genDependencies : Invalid condition id : LAN8742 Phy interface Condition cause : null
2025-07-29 14:31:15,984 [WARN] PackLoader:240 - Cannot read IP mode file for STMicroelectronics.X-CUBE-SFXS2LP1.4.0.0
2025-07-29 14:31:15,990 [WARN] PackLoader:240 - Cannot read IP mode file for STMicroelectronics.X-CUBE-BLEMGR.4.1.0
2025-07-29 14:31:15,998 [WARN] ConditionMgr:438 - getConditionDescription Invalid condition id : UX DEVICE CLASS RTOS Condition cause : null
2025-07-29 14:31:15,998 [WARN] ConditionMgr:438 - getConditionDescription Invalid condition id : UX DEVICE CLASS RTOS Condition cause : null
2025-07-29 14:31:15,999 [WARN] PackLoader:240 - Cannot read IP mode file for STMicroelectronics.X-CUBE-AZRTOS-WB.2.0.0
2025-07-29 14:31:15,999 [WARN] ConditionMgr:1044 - genDependencies : Invalid condition id : UX DEVICE CLASS RTOS Condition cause : null
2025-07-29 14:31:15,999 [WARN] ConditionMgr:1044 - genDependencies : Invalid condition id : UX DEVICE CLASS RTOS Condition cause : null
2025-07-29 14:31:16,000 [WARN] ConditionMgr:1044 - genDependencies : Invalid condition id : UX DEVICE CLASS RTOS Condition cause : null
2025-07-29 14:31:16,000 [WARN] ConditionMgr:1044 - genDependencies : Invalid condition id : UX DEVICE CLASS RTOS Condition cause : null
2025-07-29 14:31:16,000 [WARN] ConditionMgr:1044 - genDependencies : Invalid condition id : UX DEVICE CLASS RTOS Condition cause : null
2025-07-29 14:31:16,003 [WARN] PackLoader:240 - Cannot read IP mode file for STMicroelectronics.X-CUBE-GNSS1.7.0.1
2025-07-29 14:31:16,006 [WARN] PackLoader:240 - Cannot read IP mode file for STMicroelectronics.X-CUBE-TOUCHGFX.4.25.0
2025-07-29 14:31:16,009 [WARN] PackLoader:240 - Cannot read IP mode file for STMicroelectronics.FP-SNS-STBOX1.2.0.0
2025-07-29 14:31:16,013 [WARN] ConditionMgr:438 - getConditionDescription Invalid condition id : Cortex-A Device cause : null
2025-07-29 14:31:16,022 [WARN] ConditionMgr:1044 - genDependencies : Invalid condition id : Cortex-A Device cause : null
2025-07-29 14:31:16,022 [WARN] ConditionMgr:1044 - genDependencies : Invalid condition id : Cortex-A Device cause : null
2025-07-29 14:31:16,022 [WARN] ConditionMgr:1044 - genDependencies : Invalid condition id : Cortex-A Device cause : null
2025-07-29 14:31:16,028 [WARN] PackLoader:240 - Cannot read IP mode file for STMicroelectronics.X-CUBE-SUBG2.5.0.0
2025-07-29 14:31:16,044 [WARN] PackLoader:240 - Cannot read IP mode file for STMicroelectronics.X-CUBE-AZRTOS-H7RS.1.1.0
2025-07-29 14:31:16,048 [WARN] PackLoader:240 - Cannot read IP mode file for Cesanta.I-CUBE-Mongoose.7.13.0
2025-07-29 14:31:16,056 [WARN] PackLoader:240 - Cannot read IP mode file for STMicroelectronics.X-CUBE-AZRTOS-G4.2.0.0
2025-07-29 14:31:16,060 [WARN] PackLoader:240 - Cannot read IP mode file for wolfSSL.I-CUBE-wolfSSH.1.4.20
2025-07-29 14:31:16,063 [WARN] PackLoader:240 - Cannot read IP mode file for STMicroelectronics.X-CUBE-NFC7.2.0.0
2025-07-29 14:31:16,072 [WARN] PackLoader:240 - Cannot read IP mode file for STMicroelectronics.X-CUBE-IPS.3.1.0
2025-07-29 14:31:16,080 [WARN] PackLoader:240 - Cannot read IP mode file for STMicroelectronics.X-CUBE-ALS.1.0.2
2025-07-29 14:31:16,085 [WARN] PackLoader:240 - Cannot read IP mode file for portGmbH.I-Cube-SoM-uGOAL.1.1.0
2025-07-29 14:31:16,091 [WARN] PackLoader:240 - Cannot read IP mode file for STMicroelectronics.X-CUBE-TOF1.3.4.3
2025-07-29 14:31:16,096 [INFO] ThirdParty:978 - Integrity check success = true
2025-07-29 14:31:16,096 [INFO] IntegrityCheckThread:100 - exiting critical section [integrity check]
2025-07-29 14:31:16,096 [INFO] IntegrityCheckThread:103 - End integrity checks thread
2025-07-29 14:31:16,326 [INFO] WebApp:463 - Apply proxy settings
2025-07-29 14:31:16,326 [INFO] WebApp:548 - Chromium requires no authentication
2025-07-29 14:31:16,332 [INFO] WebApp:491 - Direct internet connection detected
2025-07-29 14:31:16,345 [INFO] WebApp:900 - Register for checkConnection events
2025-07-29 14:31:16,345 [INFO] WebApp:463 - Apply proxy settings
2025-07-29 14:31:16,345 [INFO] WebApp:548 - Chromium requires no authentication
2025-07-29 14:31:16,346 [INFO] WebApp:491 - Direct internet connection detected
2025-07-29 14:31:16,446 [INFO] WebApp:225 - Starting web application
2025-07-29 14:31:16,447 [INFO] WebApp:593 - Web application path used C:\ST\STM32CubeIDE_1.19.0\STM32CubeIDE\plugins\com.st.stm32cube.common.mx_6.15.0.202507011659\db\plugins\mcufinder\reactClient1\index.html
2025-07-29 14:31:16,505 [INFO] UserAuth:487 - Internet connection configuration mode: 1
2025-07-29 14:31:17,014 [INFO] WebApp:191 - Connection restablished
2025-07-29 20:15:27,010 [INFO] WebApp:194 - Connection lost
2025-07-29 20:15:27,430 [INFO] WebApp:191 - Connection restablished
2025-07-29 20:15:32,120 [INFO] WebApp:194 - Connection lost
2025-07-29 20:15:32,335 [INFO] WebApp:191 - Connection restablished
2025-07-29 20:56:23,260 [INFO] WebApp:194 - Connection lost
2025-07-29 20:56:23,562 [INFO] WebApp:191 - Connection restablished
2025-07-29 20:56:23,758 [INFO] WebApp:194 - Connection lost
2025-07-29 20:56:24,266 [INFO] WebApp:191 - Connection restablished
2025-07-29 20:56:53,037 [INFO] WebApp:194 - Connection lost
2025-07-29 20:56:53,211 [INFO] WebApp:191 - Connection restablished
2025-07-29 20:57:01,060 [ERROR] LogOutputStream:75 - [STDERR_REDIRECT] 
